# Logfile created on 2026-04-11 04:32:20 +0200 by logger.rb/v1.4.3
2026-04-11 04:32:20 +0200: Memory Usage (429508K) : Starting running SG13G2 Klayout LVS runset on /home/designer/shared/frac-n-pll-vco-unic_cass/layout/LC_VCO.gds
2026-04-11 04:32:20 +0200: Memory Usage (429508K) : Ruby Version for klayout: 3.0.2
2026-04-11 04:32:20 +0200: Memory Usage (430532K) : Loading database to memory is complete.
2026-04-11 04:32:20 +0200: Memory Usage (430532K) : SG13G2 Klayout LVS runset output at: /home/designer/shared/frac-n-pll-vco-unic_cass/lvs_run_LC_VCO_2026_04_11_04_32_07/LC_VCO.lvsdb
2026-04-11 04:32:20 +0200: Memory Usage (430532K) : Evaluate switches.
2026-04-11 04:32:20 +0200: Memory Usage (430532K) : Extracted netlist with net names: true
2026-04-11 04:32:20 +0200: Memory Usage (430532K) : Extracted netlist with comments in details: false
2026-04-11 04:32:20 +0200: Memory Usage (430532K) : Selected NET_ONLY option: false
2026-04-11 04:32:20 +0200: Memory Usage (430532K) : Selected LAYOUT_NETLIST option: (none)
2026-04-11 04:32:20 +0200: Memory Usage (430532K) : Selected IGNORE_TOP_PORTS_MISMATCH option: 
2026-04-11 04:32:20 +0200: Memory Usage (430532K) : Selected IMPLICIT_NETS option: (none)
2026-04-11 04:32:20 +0200: Memory Usage (430532K) : Selected TOP_LVL_PINS option: false
2026-04-11 04:32:20 +0200: Memory Usage (430532K) : Selected COMBINE DEVICES option: false
2026-04-11 04:32:20 +0200: Memory Usage (430532K) : Selected PURGE option: false
2026-04-11 04:32:20 +0200: Memory Usage (430532K) : Selected PURGE_NETS option: false
2026-04-11 04:32:20 +0200: Memory Usage (430532K) : Selected SIMPLIFY option: true
2026-04-11 04:32:20 +0200: Memory Usage (430532K) : Selected SERIES_RES option: true
2026-04-11 04:32:20 +0200: Memory Usage (430532K) : Selected PARALLEL_RES option: true
2026-04-11 04:32:20 +0200: Memory Usage (430532K) : flat  mode is enabled.
2026-04-11 04:32:20 +0200: Memory Usage (431684K) : Netlist file: /home/designer/shared/frac-n-pll-vco-unic_cass/schematic/lc-vco/simulations/LC_VCO.spice
2026-04-11 04:32:20 +0200: Memory Usage (431684K) : LVS extracted netlist at: /home/designer/shared/frac-n-pll-vco-unic_cass/lvs_run_LC_VCO_2026_04_11_04_32_07/LC_VCO_extracted.cir
2026-04-11 04:32:20 +0200: Memory Usage (431684K) : Applying SRAM integration support.
2026-04-11 04:32:20 +0200: Memory Usage (431684K) : Starting SG13G2 LVS runset
2026-04-11 04:32:20 +0200: Memory Usage (431684K) : Read in polygons from layers.
2026-04-11 04:32:20 +0200: Memory Usage (432452K) : activ_drw has 26 polygons
2026-04-11 04:32:20 +0200: Memory Usage (432452K) : activ_filler has 0 polygons
2026-04-11 04:32:20 +0200: Memory Usage (432452K) : activ has 26 polygons
2026-04-11 04:32:20 +0200: Memory Usage (432452K) : activ_pin has 0 polygons
2026-04-11 04:32:20 +0200: Memory Usage (432452K) : activ_mask has 0 polygons
2026-04-11 04:32:20 +0200: Memory Usage (432452K) : activ_nofill has 1 polygons
2026-04-11 04:32:20 +0200: Memory Usage (432452K) : activ_OPC has 0 polygons
2026-04-11 04:32:20 +0200: Memory Usage (432708K) : activ_iOPC has 0 polygons
2026-04-11 04:32:20 +0200: Memory Usage (432836K) : activ_noqrc has 1 polygons
2026-04-11 04:32:20 +0200: Memory Usage (432836K) : biwind_drw has 0 polygons
2026-04-11 04:32:20 +0200: Memory Usage (432836K) : biwind_OPC has 0 polygons
2026-04-11 04:32:20 +0200: Memory Usage (432836K) : gatpoly_drw has 14 polygons
2026-04-11 04:32:20 +0200: Memory Usage (432964K) : gatpoly_filler has 0 polygons
2026-04-11 04:32:20 +0200: Memory Usage (433092K) : gatpoly has 14 polygons
2026-04-11 04:32:20 +0200: Memory Usage (433220K) : gatpoly_pin has 6 polygons
2026-04-11 04:32:20 +0200: Memory Usage (433348K) : gatpoly_nofill has 0 polygons
2026-04-11 04:32:20 +0200: Memory Usage (433476K) : gatpoly_OPC has 0 polygons
2026-04-11 04:32:20 +0200: Memory Usage (433604K) : gatpoly_iOPC has 0 polygons
2026-04-11 04:32:20 +0200: Memory Usage (433732K) : gatpoly_noqrc has 0 polygons
2026-04-11 04:32:20 +0200: Memory Usage (434628K) : cont_drw has 3865 polygons
2026-04-11 04:32:20 +0200: Memory Usage (434628K) : cont_OPC has 0 polygons
2026-04-11 04:32:20 +0200: Memory Usage (434628K) : nsd_drw has 0 polygons
2026-04-11 04:32:20 +0200: Memory Usage (434628K) : nsd_block has 0 polygons
2026-04-11 04:32:20 +0200: Memory Usage (434884K) : metal1_drw has 45 polygons
2026-04-11 04:32:20 +0200: Memory Usage (434884K) : metal1_filler has 0 polygons
2026-04-11 04:32:20 +0200: Memory Usage (434884K) : metal1_slit has 0 polygons
2026-04-11 04:32:20 +0200: Memory Usage (435012K) : metal1 has 45 polygons
2026-04-11 04:32:20 +0200: Memory Usage (435140K) : metal1_pin has 25 polygons
2026-04-11 04:32:20 +0200: Memory Usage (435268K) : metal1_mask has 0 polygons
2026-04-11 04:32:20 +0200: Memory Usage (435396K) : metal1_nofill has 1 polygons
2026-04-11 04:32:20 +0200: Memory Usage (435524K) : metal1_text has 4 polygons
2026-04-11 04:32:20 +0200: Memory Usage (435652K) : metal1_OPC has 0 polygons
2026-04-11 04:32:20 +0200: Memory Usage (435780K) : metal1_noqrc has 1 polygons
2026-04-11 04:32:20 +0200: Memory Usage (435908K) : metal1_res has 0 polygons
2026-04-11 04:32:20 +0200: Memory Usage (436036K) : metal1_iprobe has 0 polygons
2026-04-11 04:32:20 +0200: Memory Usage (436164K) : metal1_diffprb has 0 polygons
2026-04-11 04:32:20 +0200: Memory Usage (436164K) : passiv_drw has 0 polygons
2026-04-11 04:32:20 +0200: Memory Usage (436292K) : passiv_pin has 0 polygons
2026-04-11 04:32:20 +0200: Memory Usage (436420K) : passiv_sbump has 0 polygons
2026-04-11 04:32:20 +0200: Memory Usage (436548K) : passiv_pillar has 0 polygons
2026-04-11 04:32:20 +0200: Memory Usage (436676K) : passiv_pdl has 0 polygons
2026-04-11 04:32:20 +0200: Memory Usage (436804K) : metal2_drw has 13 polygons
2026-04-11 04:32:20 +0200: Memory Usage (437060K) : metal2_filler has 0 polygons
2026-04-11 04:32:20 +0200: Memory Usage (437188K) : metal2_slit has 0 polygons
2026-04-11 04:32:20 +0200: Memory Usage (437316K) : metal2 has 13 polygons
2026-04-11 04:32:20 +0200: Memory Usage (437316K) : metal2_pin has 5 polygons
2026-04-11 04:32:20 +0200: Memory Usage (437572K) : metal2_mask has 0 polygons
2026-04-11 04:32:20 +0200: Memory Usage (437700K) : metal2_nofill has 1 polygons
2026-04-11 04:32:20 +0200: Memory Usage (437700K) : metal2_text has 5 polygons
2026-04-11 04:32:20 +0200: Memory Usage (437828K) : metal2_OPC has 0 polygons
2026-04-11 04:32:20 +0200: Memory Usage (437828K) : metal2_noqrc has 1 polygons
2026-04-11 04:32:20 +0200: Memory Usage (437956K) : metal2_res has 0 polygons
2026-04-11 04:32:20 +0200: Memory Usage (438084K) : metal2_iprobe has 0 polygons
2026-04-11 04:32:20 +0200: Memory Usage (438212K) : metal2_diffprb has 0 polygons
2026-04-11 04:32:20 +0200: Memory Usage (438468K) : baspoly_drw has 0 polygons
2026-04-11 04:32:20 +0200: Memory Usage (438596K) : baspoly_pin has 0 polygons
2026-04-11 04:32:20 +0200: Memory Usage (438724K) : psd_drw has 15 polygons
2026-04-11 04:32:20 +0200: Memory Usage (438852K) : nldb_drw has 0 polygons
2026-04-11 04:32:20 +0200: Memory Usage (438980K) : digibnd_drw has 0 polygons
2026-04-11 04:32:20 +0200: Memory Usage (439108K) : via1_drw has 46 polygons
2026-04-11 04:32:20 +0200: Memory Usage (439236K) : backmetal1_drw has 0 polygons
2026-04-11 04:32:20 +0200: Memory Usage (439364K) : backmetal1_pin has 0 polygons
2026-04-11 04:32:20 +0200: Memory Usage (439492K) : backmetal1_mask has 0 polygons
2026-04-11 04:32:20 +0200: Memory Usage (439492K) : backmetal1_filler has 0 polygons
2026-04-11 04:32:20 +0200: Memory Usage (439620K) : backmetal1_nofill has 0 polygons
2026-04-11 04:32:20 +0200: Memory Usage (439748K) : backmetal1_slit has 0 polygons
2026-04-11 04:32:20 +0200: Memory Usage (439876K) : backmetal1_text has 0 polygons
2026-04-11 04:32:20 +0200: Memory Usage (440004K) : backmetal1_OPC has 0 polygons
2026-04-11 04:32:20 +0200: Memory Usage (440132K) : backmetal1_noqrc has 0 polygons
2026-04-11 04:32:20 +0200: Memory Usage (440260K) : backmetal1_res has 0 polygons
2026-04-11 04:32:20 +0200: Memory Usage (440388K) : backmetal1_iprobe has 0 polygons
2026-04-11 04:32:20 +0200: Memory Usage (440516K) : backmetal1_diffprb has 0 polygons
2026-04-11 04:32:20 +0200: Memory Usage (440644K) : backpassiv_drw has 0 polygons
2026-04-11 04:32:20 +0200: Memory Usage (440772K) : res_drw has 0 polygons
2026-04-11 04:32:20 +0200: Memory Usage (440900K) : sram_drw has 0 polygons
2026-04-11 04:32:20 +0200: Memory Usage (441028K) : trans_drw has 0 polygons
2026-04-11 04:32:20 +0200: Memory Usage (441156K) : ind_drw has 2 polygons
2026-04-11 04:32:20 +0200: Memory Usage (441284K) : ind_pin has 2 polygons
2026-04-11 04:32:20 +0200: Memory Usage (441412K) : ind_text has 0 polygons
2026-04-11 04:32:20 +0200: Memory Usage (441412K) : salblock_drw has 0 polygons
2026-04-11 04:32:20 +0200: Memory Usage (441540K) : via2_drw has 134 polygons
2026-04-11 04:32:20 +0200: Memory Usage (441668K) : metal3_drw has 4 polygons
2026-04-11 04:32:20 +0200: Memory Usage (441796K) : metal3_filler has 0 polygons
2026-04-11 04:32:20 +0200: Memory Usage (441924K) : metal3_slit has 0 polygons
2026-04-11 04:32:20 +0200: Memory Usage (442052K) : metal3 has 4 polygons
2026-04-11 04:32:20 +0200: Memory Usage (442180K) : metal3_pin has 0 polygons
2026-04-11 04:32:20 +0200: Memory Usage (442308K) : metal3_mask has 0 polygons
2026-04-11 04:32:20 +0200: Memory Usage (442436K) : metal3_nofill has 1 polygons
2026-04-11 04:32:20 +0200: Memory Usage (442564K) : metal3_text has 0 polygons
2026-04-11 04:32:20 +0200: Memory Usage (442692K) : metal3_OPC has 0 polygons
2026-04-11 04:32:20 +0200: Memory Usage (442820K) : metal3_noqrc has 1 polygons
2026-04-11 04:32:20 +0200: Memory Usage (442948K) : metal3_res has 0 polygons
2026-04-11 04:32:20 +0200: Memory Usage (443076K) : metal3_iprobe has 0 polygons
2026-04-11 04:32:20 +0200: Memory Usage (443204K) : metal3_diffprb has 0 polygons
2026-04-11 04:32:20 +0200: Memory Usage (443332K) : nwell_drw has 7 polygons
2026-04-11 04:32:20 +0200: Memory Usage (443332K) : nwell_pin has 0 polygons
2026-04-11 04:32:20 +0200: Memory Usage (443460K) : nwell_text has 0 polygons
2026-04-11 04:32:20 +0200: Memory Usage (443588K) : nbulay_drw has 2 polygons
2026-04-11 04:32:20 +0200: Memory Usage (443716K) : nbulay_pin has 0 polygons
2026-04-11 04:32:20 +0200: Memory Usage (443844K) : nbulay_block has 0 polygons
2026-04-11 04:32:20 +0200: Memory Usage (443972K) : emwind_drw has 0 polygons
2026-04-11 04:32:20 +0200: Memory Usage (444100K) : emwind_OPC has 0 polygons
2026-04-11 04:32:20 +0200: Memory Usage (444228K) : deepco_drw has 0 polygons
2026-04-11 04:32:20 +0200: Memory Usage (444356K) : mim_drw has 1 polygons
2026-04-11 04:32:20 +0200: Memory Usage (444484K) : edgeseal_drw has 0 polygons
2026-04-11 04:32:20 +0200: Memory Usage (444612K) : substrate_drw has 7 polygons
2026-04-11 04:32:20 +0200: Memory Usage (444612K) : substrate_text has 0 polygons
2026-04-11 04:32:20 +0200: Memory Usage (444740K) : dfpad_drw has 0 polygons
2026-04-11 04:32:20 +0200: Memory Usage (444868K) : dfpad_pillar has 0 polygons
2026-04-11 04:32:20 +0200: Memory Usage (444996K) : dfpad_sbump has 0 polygons
2026-04-11 04:32:20 +0200: Memory Usage (445124K) : thickgateox_drw has 0 polygons
2026-04-11 04:32:20 +0200: Memory Usage (445252K) : pldb_drw has 0 polygons
2026-04-11 04:32:20 +0200: Memory Usage (445380K) : pwell_drw has 0 polygons
2026-04-11 04:32:20 +0200: Memory Usage (445636K) : pwell_pin has 0 polygons
2026-04-11 04:32:20 +0200: Memory Usage (445764K) : pwell_block has 1 polygons
2026-04-11 04:32:20 +0200: Memory Usage (445892K) : ic_drw has 0 polygons
2026-04-11 04:32:20 +0200: Memory Usage (446020K) : via3_drw has 134 polygons
2026-04-11 04:32:20 +0200: Memory Usage (446148K) : metal4_drw has 4 polygons
2026-04-11 04:32:20 +0200: Memory Usage (446276K) : metal4_filler has 0 polygons
2026-04-11 04:32:20 +0200: Memory Usage (446404K) : metal4_slit has 0 polygons
2026-04-11 04:32:20 +0200: Memory Usage (446532K) : metal4 has 4 polygons
2026-04-11 04:32:20 +0200: Memory Usage (446660K) : metal4_pin has 0 polygons
2026-04-11 04:32:20 +0200: Memory Usage (446788K) : metal4_mask has 0 polygons
2026-04-11 04:32:20 +0200: Memory Usage (446916K) : metal4_nofill has 1 polygons
2026-04-11 04:32:20 +0200: Memory Usage (446916K) : metal4_text has 0 polygons
2026-04-11 04:32:20 +0200: Memory Usage (447044K) : metal4_OPC has 0 polygons
2026-04-11 04:32:20 +0200: Memory Usage (447172K) : metal4_noqrc has 1 polygons
2026-04-11 04:32:20 +0200: Memory Usage (447300K) : metal4_res has 0 polygons
2026-04-11 04:32:20 +0200: Memory Usage (447428K) : metal4_iprobe has 0 polygons
2026-04-11 04:32:20 +0200: Memory Usage (447556K) : metal4_diffprb has 0 polygons
2026-04-11 04:32:20 +0200: Memory Usage (447684K) : heattrans_drw has 99 polygons
2026-04-11 04:32:20 +0200: Memory Usage (447812K) : heatres_drw has 0 polygons
2026-04-11 04:32:20 +0200: Memory Usage (447940K) : fbe_drw has 0 polygons
2026-04-11 04:32:20 +0200: Memory Usage (448068K) : empoly_drw has 0 polygons
2026-04-11 04:32:20 +0200: Memory Usage (448196K) : digisub_drw has 0 polygons
2026-04-11 04:32:20 +0200: Memory Usage (446984K) : text_drw has 18 polygons
2026-04-11 04:32:20 +0200: Memory Usage (446984K) : via4_drw has 134 polygons
2026-04-11 04:32:20 +0200: Memory Usage (446984K) : metal5_drw has 4 polygons
2026-04-11 04:32:20 +0200: Memory Usage (446984K) : metal5_filler has 0 polygons
2026-04-11 04:32:20 +0200: Memory Usage (446984K) : metal5_slit has 0 polygons
2026-04-11 04:32:20 +0200: Memory Usage (446984K) : metal5 has 4 polygons
2026-04-11 04:32:20 +0200: Memory Usage (446984K) : metal5_pin has 1 polygons
2026-04-11 04:32:20 +0200: Memory Usage (446984K) : metal5_mask has 0 polygons
2026-04-11 04:32:20 +0200: Memory Usage (446984K) : metal5_nofill has 1 polygons
2026-04-11 04:32:20 +0200: Memory Usage (446984K) : metal5_text has 0 polygons
2026-04-11 04:32:20 +0200: Memory Usage (446984K) : metal5_OPC has 0 polygons
2026-04-11 04:32:20 +0200: Memory Usage (446984K) : metal5_noqrc has 1 polygons
2026-04-11 04:32:20 +0200: Memory Usage (446984K) : metal5_res has 0 polygons
2026-04-11 04:32:20 +0200: Memory Usage (446984K) : metal5_iprobe has 0 polygons
2026-04-11 04:32:20 +0200: Memory Usage (446984K) : metal5_diffprb has 0 polygons
2026-04-11 04:32:20 +0200: Memory Usage (446984K) : radhard_drw has 0 polygons
2026-04-11 04:32:20 +0200: Memory Usage (446984K) : memcap_drw has 0 polygons
2026-04-11 04:32:20 +0200: Memory Usage (446984K) : varicap_drw has 0 polygons
2026-04-11 04:32:20 +0200: Memory Usage (446984K) : intbondvia_drw has 0 polygons
2026-04-11 04:32:20 +0200: Memory Usage (446984K) : intbondmet_drw has 0 polygons
2026-04-11 04:32:20 +0200: Memory Usage (446984K) : devbondvia_drw has 0 polygons
2026-04-11 04:32:20 +0200: Memory Usage (446984K) : devbondmet_drw has 0 polygons
2026-04-11 04:32:20 +0200: Memory Usage (446984K) : devtrench_drw has 0 polygons
2026-04-11 04:32:20 +0200: Memory Usage (446984K) : redist_drw has 0 polygons
2026-04-11 04:32:20 +0200: Memory Usage (446984K) : graphbot_drw has 0 polygons
2026-04-11 04:32:20 +0200: Memory Usage (446984K) : graphtop_drw has 0 polygons
2026-04-11 04:32:20 +0200: Memory Usage (446984K) : antvia1_drw has 0 polygons
2026-04-11 04:32:20 +0200: Memory Usage (446984K) : antmetal2_drw has 0 polygons
2026-04-11 04:32:20 +0200: Memory Usage (446984K) : graphcont_drw has 0 polygons
2026-04-11 04:32:20 +0200: Memory Usage (446984K) : siwg_drw has 0 polygons
2026-04-11 04:32:20 +0200: Memory Usage (446984K) : siwg_filler has 0 polygons
2026-04-11 04:32:20 +0200: Memory Usage (446984K) : siwg_nofill has 0 polygons
2026-04-11 04:32:20 +0200: Memory Usage (446984K) : sigrating_drw has 0 polygons
2026-04-11 04:32:20 +0200: Memory Usage (446984K) : singrating_drw has 0 polygons
2026-04-11 04:32:20 +0200: Memory Usage (446984K) : graphpas_drw has 0 polygons
2026-04-11 04:32:20 +0200: Memory Usage (446984K) : emwind3_drw has 0 polygons
2026-04-11 04:32:20 +0200: Memory Usage (446984K) : emwihv3_drw has 0 polygons
2026-04-11 04:32:20 +0200: Memory Usage (446984K) : redbulay_drw has 0 polygons
2026-04-11 04:32:20 +0200: Memory Usage (446984K) : smos_drw has 0 polygons
2026-04-11 04:32:20 +0200: Memory Usage (446984K) : graphpad_drw has 0 polygons
2026-04-11 04:32:20 +0200: Memory Usage (446984K) : polimide_drw has 0 polygons
2026-04-11 04:32:20 +0200: Memory Usage (446984K) : polimide_pin has 0 polygons
2026-04-11 04:32:20 +0200: Memory Usage (446984K) : recog_drw has 0 polygons
2026-04-11 04:32:20 +0200: Memory Usage (446984K) : recog_pin has 0 polygons
2026-04-11 04:32:20 +0200: Memory Usage (446984K) : recog_esd has 0 polygons
2026-04-11 04:32:20 +0200: Memory Usage (446984K) : recog_diode has 0 polygons
2026-04-11 04:32:20 +0200: Memory Usage (446984K) : recog_tsv has 0 polygons
2026-04-11 04:32:20 +0200: Memory Usage (446984K) : recog_iprobe has 0 polygons
2026-04-11 04:32:20 +0200: Memory Usage (446984K) : recog_diffprb has 0 polygons
2026-04-11 04:32:20 +0200: Memory Usage (446984K) : recog_pillar has 0 polygons
2026-04-11 04:32:20 +0200: Memory Usage (446984K) : recog_sbump has 0 polygons
2026-04-11 04:32:21 +0200: Memory Usage (446984K) : recog_otp has 0 polygons
2026-04-11 04:32:21 +0200: Memory Usage (446984K) : recog_pdiode has 0 polygons
2026-04-11 04:32:21 +0200: Memory Usage (446984K) : recog_mom has 0 polygons
2026-04-11 04:32:21 +0200: Memory Usage (446984K) : recog_pcm has 0 polygons
2026-04-11 04:32:21 +0200: Memory Usage (446984K) : colopen_drw has 0 polygons
2026-04-11 04:32:21 +0200: Memory Usage (446984K) : graphmetal1_drw has 0 polygons
2026-04-11 04:32:21 +0200: Memory Usage (446984K) : graphmetal1_filler has 0 polygons
2026-04-11 04:32:21 +0200: Memory Usage (446984K) : graphmetal1_nofill has 0 polygons
2026-04-11 04:32:21 +0200: Memory Usage (446984K) : graphmetal1_slit has 0 polygons
2026-04-11 04:32:21 +0200: Memory Usage (446984K) : graphmetal1_OPC has 0 polygons
2026-04-11 04:32:21 +0200: Memory Usage (446984K) : graphmet1l_drw has 0 polygons
2026-04-11 04:32:21 +0200: Memory Usage (446984K) : graphmet1l_filler has 0 polygons
2026-04-11 04:32:21 +0200: Memory Usage (446984K) : graphmet1l_nofill has 0 polygons
2026-04-11 04:32:21 +0200: Memory Usage (446984K) : graphmet1l_slit has 0 polygons
2026-04-11 04:32:21 +0200: Memory Usage (446984K) : graphmet1l_OPC has 0 polygons
2026-04-11 04:32:21 +0200: Memory Usage (446984K) : extblock_drw has 0 polygons
2026-04-11 04:32:21 +0200: Memory Usage (446984K) : nldd_drw has 0 polygons
2026-04-11 04:32:21 +0200: Memory Usage (446984K) : pldd_drw has 0 polygons
2026-04-11 04:32:21 +0200: Memory Usage (446984K) : next_drw has 0 polygons
2026-04-11 04:32:21 +0200: Memory Usage (446984K) : pext_drw has 0 polygons
2026-04-11 04:32:21 +0200: Memory Usage (446984K) : nexthv_drw has 0 polygons
2026-04-11 04:32:21 +0200: Memory Usage (446984K) : pexthv_drw has 0 polygons
2026-04-11 04:32:21 +0200: Memory Usage (446984K) : graphgate_drw has 0 polygons
2026-04-11 04:32:21 +0200: Memory Usage (446984K) : sinwg_drw has 0 polygons
2026-04-11 04:32:21 +0200: Memory Usage (446984K) : sinwg_filler has 0 polygons
2026-04-11 04:32:21 +0200: Memory Usage (446984K) : sinwg_nofill has 0 polygons
2026-04-11 04:32:21 +0200: Memory Usage (446984K) : mempad_drw has 0 polygons
2026-04-11 04:32:21 +0200: Memory Usage (446984K) : topvia1_drw has 129 polygons
2026-04-11 04:32:21 +0200: Memory Usage (446984K) : topmetal1_drw has 5 polygons
2026-04-11 04:32:21 +0200: Memory Usage (446984K) : topmetal1_filler has 0 polygons
2026-04-11 04:32:21 +0200: Memory Usage (446984K) : topmetal1_slit has 0 polygons
2026-04-11 04:32:21 +0200: Memory Usage (446984K) : topmetal1 has 5 polygons
2026-04-11 04:32:21 +0200: Memory Usage (446984K) : topmetal1_pin has 1 polygons
2026-04-11 04:32:21 +0200: Memory Usage (446984K) : topmetal1_mask has 0 polygons
2026-04-11 04:32:21 +0200: Memory Usage (446984K) : topmetal1_nofill has 1 polygons
2026-04-11 04:32:21 +0200: Memory Usage (446984K) : topmetal1_text has 0 polygons
2026-04-11 04:32:21 +0200: Memory Usage (446984K) : topmetal1_noqrc has 1 polygons
2026-04-11 04:32:21 +0200: Memory Usage (446984K) : topmetal1_res has 0 polygons
2026-04-11 04:32:21 +0200: Memory Usage (446984K) : topmetal1_iprobe has 0 polygons
2026-04-11 04:32:21 +0200: Memory Usage (446984K) : topmetal1_diffprb has 0 polygons
2026-04-11 04:32:21 +0200: Memory Usage (446984K) : inldpwl_drw has 0 polygons
2026-04-11 04:32:21 +0200: Memory Usage (446984K) : polyres_drw has 0 polygons
2026-04-11 04:32:21 +0200: Memory Usage (446984K) : polyres_pin has 0 polygons
2026-04-11 04:32:21 +0200: Memory Usage (446984K) : vmim_drw has 576 polygons
2026-04-11 04:32:21 +0200: Memory Usage (446984K) : nbulaycut_drw has 0 polygons
2026-04-11 04:32:21 +0200: Memory Usage (446984K) : antmetal1_drw has 0 polygons
2026-04-11 04:32:21 +0200: Memory Usage (446984K) : topvia2_drw has 488 polygons
2026-04-11 04:32:21 +0200: Memory Usage (446984K) : topmetal2_drw has 3 polygons
2026-04-11 04:32:21 +0200: Memory Usage (446984K) : topmetal2_filler has 0 polygons
2026-04-11 04:32:21 +0200: Memory Usage (446984K) : topmetal2_slit has 0 polygons
2026-04-11 04:32:21 +0200: Memory Usage (446984K) : topmetal2 has 3 polygons
2026-04-11 04:32:21 +0200: Memory Usage (446984K) : topmetal2_pin has 0 polygons
2026-04-11 04:32:21 +0200: Memory Usage (446984K) : topmetal2_mask has 0 polygons
2026-04-11 04:32:21 +0200: Memory Usage (446984K) : topmetal2_nofill has 1 polygons
2026-04-11 04:32:21 +0200: Memory Usage (446984K) : topmetal2_text has 0 polygons
2026-04-11 04:32:21 +0200: Memory Usage (446984K) : topmetal2_noqrc has 0 polygons
2026-04-11 04:32:21 +0200: Memory Usage (446984K) : topmetal2_res has 0 polygons
2026-04-11 04:32:21 +0200: Memory Usage (446984K) : topmetal2_iprobe has 0 polygons
2026-04-11 04:32:21 +0200: Memory Usage (446984K) : topmetal2_diffprb has 0 polygons
2026-04-11 04:32:21 +0200: Memory Usage (446984K) : snsring_drw has 0 polygons
2026-04-11 04:32:21 +0200: Memory Usage (446984K) : sensor_drw has 0 polygons
2026-04-11 04:32:21 +0200: Memory Usage (446984K) : snsarms_drw has 0 polygons
2026-04-11 04:32:21 +0200: Memory Usage (446984K) : snscmosvia_drw has 0 polygons
2026-04-11 04:32:21 +0200: Memory Usage (446984K) : colwind_drw has 0 polygons
2026-04-11 04:32:21 +0200: Memory Usage (446984K) : flm_drw has 0 polygons
2026-04-11 04:32:21 +0200: Memory Usage (446984K) : hafniumox_drw has 0 polygons
2026-04-11 04:32:21 +0200: Memory Usage (446984K) : memvia_drw has 0 polygons
2026-04-11 04:32:21 +0200: Memory Usage (446984K) : thinfilmres_drw has 0 polygons
2026-04-11 04:32:21 +0200: Memory Usage (446984K) : rfmem_drw has 0 polygons
2026-04-11 04:32:21 +0200: Memory Usage (446984K) : norcx_drw has 0 polygons
2026-04-11 04:32:21 +0200: Memory Usage (446984K) : norcx_m2m3 has 0 polygons
2026-04-11 04:32:21 +0200: Memory Usage (446984K) : norcx_m2m4 has 0 polygons
2026-04-11 04:32:21 +0200: Memory Usage (446984K) : norcx_m2m5 has 0 polygons
2026-04-11 04:32:21 +0200: Memory Usage (446984K) : norcx_m2tm1 has 0 polygons
2026-04-11 04:32:21 +0200: Memory Usage (447112K) : norcx_m2tm2 has 0 polygons
2026-04-11 04:32:21 +0200: Memory Usage (447240K) : norcx_m3m4 has 0 polygons
2026-04-11 04:32:21 +0200: Memory Usage (447368K) : norcx_m3m5 has 0 polygons
2026-04-11 04:32:21 +0200: Memory Usage (447496K) : norcx_m3tm1 has 0 polygons
2026-04-11 04:32:21 +0200: Memory Usage (447624K) : norcx_m3tm2 has 0 polygons
2026-04-11 04:32:21 +0200: Memory Usage (447752K) : norcx_m4m5 has 0 polygons
2026-04-11 04:32:21 +0200: Memory Usage (447880K) : norcx_m4tm1 has 0 polygons
2026-04-11 04:32:21 +0200: Memory Usage (448008K) : norcx_m4tm2 has 0 polygons
2026-04-11 04:32:21 +0200: Memory Usage (448136K) : norcx_m5tm1 has 0 polygons
2026-04-11 04:32:21 +0200: Memory Usage (448264K) : norcx_m5tm2 has 0 polygons
2026-04-11 04:32:21 +0200: Memory Usage (448392K) : norcx_tm1tm2 has 0 polygons
2026-04-11 04:32:21 +0200: Memory Usage (448520K) : norcx_m1sub has 0 polygons
2026-04-11 04:32:21 +0200: Memory Usage (448648K) : norcx_m2sub has 0 polygons
2026-04-11 04:32:21 +0200: Memory Usage (448776K) : norcx_m3sub has 0 polygons
2026-04-11 04:32:21 +0200: Memory Usage (448904K) : norcx_m4sub has 0 polygons
2026-04-11 04:32:21 +0200: Memory Usage (449032K) : norcx_m5sub has 0 polygons
2026-04-11 04:32:21 +0200: Memory Usage (449160K) : norcx_tm1sub has 0 polygons
2026-04-11 04:32:21 +0200: Memory Usage (449288K) : norcx_tm2sub has 0 polygons
2026-04-11 04:32:21 +0200: Memory Usage (449416K) : snsbotvia_drw has 0 polygons
2026-04-11 04:32:21 +0200: Memory Usage (449544K) : snstopvia_drw has 0 polygons
2026-04-11 04:32:21 +0200: Memory Usage (449672K) : deepvia_drw has 0 polygons
2026-04-11 04:32:21 +0200: Memory Usage (449800K) : fgetch_drw has 0 polygons
2026-04-11 04:32:21 +0200: Memory Usage (449928K) : ctrgat_drw has 0 polygons
2026-04-11 04:32:21 +0200: Memory Usage (450056K) : fgimp_drw has 0 polygons
2026-04-11 04:32:21 +0200: Memory Usage (450184K) : emwihv_drw has 0 polygons
2026-04-11 04:32:21 +0200: Memory Usage (450440K) : lbe_drw has 0 polygons
2026-04-11 04:32:21 +0200: Memory Usage (450568K) : alcustop_drw has 0 polygons
2026-04-11 04:32:21 +0200: Memory Usage (450696K) : nometfiller_drw has 0 polygons
2026-04-11 04:32:21 +0200: Memory Usage (450824K) : prboundary_drw has 0 polygons
2026-04-11 04:32:21 +0200: Memory Usage (450952K) : exchange0_drw has 0 polygons
2026-04-11 04:32:21 +0200: Memory Usage (451080K) : exchange0_pin has 0 polygons
2026-04-11 04:32:21 +0200: Memory Usage (451080K) : exchange0_text has 0 polygons
2026-04-11 04:32:21 +0200: Memory Usage (451208K) : exchange1_drw has 0 polygons
2026-04-11 04:32:21 +0200: Memory Usage (451336K) : exchange1_pin has 0 polygons
2026-04-11 04:32:21 +0200: Memory Usage (451464K) : exchange1_text has 0 polygons
2026-04-11 04:32:21 +0200: Memory Usage (451592K) : exchange2_drw has 0 polygons
2026-04-11 04:32:21 +0200: Memory Usage (451720K) : exchange2_pin has 0 polygons
2026-04-11 04:32:21 +0200: Memory Usage (451720K) : exchange2_text has 0 polygons
2026-04-11 04:32:21 +0200: Memory Usage (451848K) : exchange3_drw has 0 polygons
2026-04-11 04:32:21 +0200: Memory Usage (451976K) : exchange3_pin has 0 polygons
2026-04-11 04:32:21 +0200: Memory Usage (452104K) : exchange3_text has 0 polygons
2026-04-11 04:32:21 +0200: Memory Usage (452232K) : exchange4_drw has 0 polygons
2026-04-11 04:32:21 +0200: Memory Usage (452360K) : exchange4_pin has 0 polygons
2026-04-11 04:32:21 +0200: Memory Usage (452360K) : exchange4_text has 0 polygons
2026-04-11 04:32:21 +0200: Memory Usage (452488K) : isonwell_drw has 0 polygons
2026-04-11 04:32:21 +0200: Memory Usage (452488K) : Total no. of polygons in the design is 5840
2026-04-11 04:32:21 +0200: Memory Usage (452488K) : Starting base layers derivations
2026-04-11 04:32:21 +0200: Memory Usage (452488K) : Starting general LVS derivations
2026-04-11 04:32:21 +0200: Memory Usage (448764K) : Starting MOSFET DERIVATIONS
2026-04-11 04:32:21 +0200: Memory Usage (448764K) : Starting NMOS DERIVATIONS
2026-04-11 04:32:21 +0200: Memory Usage (448764K) : Starting PMOS DERIVATIONS
2026-04-11 04:32:21 +0200: Memory Usage (448764K) : Starting RF-MOSFET DERIVATIONS
2026-04-11 04:32:21 +0200: Memory Usage (448764K) : Starting RF-NMOS DERIVATIONS
2026-04-11 04:32:21 +0200: Memory Usage (448764K) : Starting RF-PMOS DERIVATIONS
2026-04-11 04:32:21 +0200: Memory Usage (448764K) : Starting BJT DERIVATIONS
2026-04-11 04:32:21 +0200: Memory Usage (448764K) : Starting NPN-BJT DERIVATIONS
2026-04-11 04:32:21 +0200: Memory Usage (448764K) : Starting PNP-BJT DERIVATIONS
2026-04-11 04:32:21 +0200: Memory Usage (448764K) : Starting DIODE DERIVATIONS
2026-04-11 04:32:21 +0200: Memory Usage (449148K) : Starting RESISTOR DERIVATIONS
2026-04-11 04:32:21 +0200: Memory Usage (452604K) : Starting CAP DERIVATIONS
2026-04-11 04:32:21 +0200: Memory Usage (456060K) : Starting ESD DERIVATIONS
2026-04-11 04:32:22 +0200: Memory Usage (460412K) : Starting Inductor DERIVATIONS
2026-04-11 04:32:22 +0200: Memory Usage (460412K) : Starting Taps DERIVATIONS
2026-04-11 04:32:22 +0200: Memory Usage (460412K) : Starting SG13G2 LVS connectivity setup
2026-04-11 04:32:22 +0200: Memory Usage (460412K) : Starting SG13G2 LVS connectivity setup (Inter-layer)
2026-04-11 04:32:22 +0200: Memory Usage (461052K) : Starting SG13G2 LVS connectivity setup (Global)
2026-04-11 04:32:22 +0200: Memory Usage (461052K) : Starting LVS MOSFET CONNECTIONS
2026-04-11 04:32:22 +0200: Memory Usage (461052K) : Starting LVS RF-MOSFET CONNECTIONS
2026-04-11 04:32:22 +0200: Memory Usage (461052K) : Starting LVS BJT CONNECTIONS
2026-04-11 04:32:22 +0200: Memory Usage (461052K) : Starting LVS DIODE CONNECTIONS
2026-04-11 04:32:22 +0200: Memory Usage (461052K) : Starting RESISTOR CONNECTIONS
2026-04-11 04:32:22 +0200: Memory Usage (461052K) : Starting LVS CAP CONNECTIONS
2026-04-11 04:32:22 +0200: Memory Usage (461052K) : Starting ESD CONNECTIONS
2026-04-11 04:32:22 +0200: Memory Usage (461052K) : Starting Inductor CONNECTIONS
2026-04-11 04:32:22 +0200: Memory Usage (461052K) : Starting LVS Taps CONNECTIONS
2026-04-11 04:32:22 +0200: Memory Usage (461052K) : Starting SG13G2 LVS DEVICES EXTRACTION
2026-04-11 04:32:22 +0200: Memory Usage (461052K) : Starting MOSFET EXTRACTION
2026-04-11 04:32:22 +0200: Memory Usage (461052K) : Starting NMOS EXTRACTION
2026-04-11 04:32:22 +0200: Memory Usage (461052K) : Extraction of NMOS-LV transistor
2026-04-11 04:32:22 +0200: Memory Usage (461436K) : Extraction of NMOS-HV transistor
2026-04-11 04:32:22 +0200: Memory Usage (461436K) : Starting PMOS EXTRACTION
2026-04-11 04:32:22 +0200: Memory Usage (461436K) : Extraction of PMOS-LV transistor
2026-04-11 04:32:22 +0200: Memory Usage (461436K) : Extraction of PMOS-HV transistor
2026-04-11 04:32:22 +0200: Memory Usage (461436K) : Starting RF-MOSFET EXTRACTION
2026-04-11 04:32:22 +0200: Memory Usage (461436K) : Extraction of RF-NMOS-LV transistor
2026-04-11 04:32:22 +0200: Memory Usage (461436K) : Extraction of RF-NMOS-HV transistor
2026-04-11 04:32:22 +0200: Memory Usage (461436K) : Extraction of RF-PMOS-LV transistor
2026-04-11 04:32:22 +0200: Memory Usage (461436K) : Extraction of RF-PMOS-HV transistor
2026-04-11 04:32:22 +0200: Memory Usage (461436K) : Starting BJT EXTRACTION
2026-04-11 04:32:22 +0200: Memory Usage (461436K) : Starting NPN-BJT EXTRACTION
2026-04-11 04:32:22 +0200: Memory Usage (461436K) : Extraction of npn13G2 BJT transistor
2026-04-11 04:32:22 +0200: Memory Usage (461436K) : Extraction of npn13G2L BJT transistor
2026-04-11 04:32:22 +0200: Memory Usage (461436K) : Extraction of npn13G2V BJT transistor
2026-04-11 04:32:22 +0200: Memory Usage (461436K) : Starting PNP-BJT EXTRACTION
2026-04-11 04:32:22 +0200: Memory Usage (461436K) : Extracting pnpMPA BJT
2026-04-11 04:32:22 +0200: Memory Usage (461436K) : Starting DIODE EXTRACTION
2026-04-11 04:32:22 +0200: Memory Usage (461436K) : Extracting dantenna diode
2026-04-11 04:32:22 +0200: Memory Usage (461436K) : Extracting dpantenna diode
2026-04-11 04:32:22 +0200: Memory Usage (461436K) : Extracting schottky_nbl1 diode
2026-04-11 04:32:22 +0200: Memory Usage (461436K) : Extracting isolbox diode
2026-04-11 04:32:22 +0200: Memory Usage (461436K) : Starting RESISTOR EXTRACTION
2026-04-11 04:32:22 +0200: Memory Usage (461436K) : Extracting rsil resistor
2026-04-11 04:32:22 +0200: Memory Usage (461436K) : Extracting rppd resistor
2026-04-11 04:32:22 +0200: Memory Usage (461436K) : Extracting rhigh resistor
2026-04-11 04:32:22 +0200: Memory Usage (461436K) : Extracting res_metal1 resistor
2026-04-11 04:32:22 +0200: Memory Usage (461564K) : Extracting res_metal2 resistor
2026-04-11 04:32:22 +0200: Memory Usage (461564K) : Extracting res_metal3 resistor
2026-04-11 04:32:22 +0200: Memory Usage (461564K) : Extracting res_metal4 resistor
2026-04-11 04:32:22 +0200: Memory Usage (461564K) : Extracting res_metal5 resistor
2026-04-11 04:32:22 +0200: Memory Usage (461564K) : Extracting res_topmetal1 resistor
2026-04-11 04:32:22 +0200: Memory Usage (461564K) : Extracting res_topmetal2 resistor
2026-04-11 04:32:22 +0200: Memory Usage (461564K) : Starting CAP EXTRACTION
2026-04-11 04:32:22 +0200: Memory Usage (461564K) : Extracting cap_cmim device
2026-04-11 04:32:22 +0200: Memory Usage (461564K) : Extracting rfcmim device
2026-04-11 04:32:22 +0200: Memory Usage (461564K) : Extracting sg13_hv_svaricap varactor
2026-04-11 04:32:22 +0200: Memory Usage (461564K) : Starting ESD EXTRACTION
2026-04-11 04:32:22 +0200: Memory Usage (461564K) : Extracting diodevdd_2kv ESD device
2026-04-11 04:32:22 +0200: Memory Usage (461564K) : Extracting diodevdd_4kv ESD device
2026-04-11 04:32:22 +0200: Memory Usage (461564K) : Extracting diodevss_2kv ESD device
2026-04-11 04:32:22 +0200: Memory Usage (461564K) : Extracting diodevss_4kv ESD device
2026-04-11 04:32:22 +0200: Memory Usage (461564K) : Extracting idiodevdd_2kv ESD device
2026-04-11 04:32:22 +0200: Memory Usage (461564K) : Extracting idiodevdd_4kv ESD device
2026-04-11 04:32:22 +0200: Memory Usage (461564K) : Extracting idiodevss_2kv ESD device
2026-04-11 04:32:22 +0200: Memory Usage (461564K) : Extracting idiodevss_4kv ESD device
2026-04-11 04:32:22 +0200: Memory Usage (461564K) : Extracting nmoscl_2 ESD device
2026-04-11 04:32:22 +0200: Memory Usage (461564K) : Extracting nmoscl_4 ESD device
2026-04-11 04:32:22 +0200: Memory Usage (461564K) : Starting Inductor EXTRACTION
2026-04-11 04:32:22 +0200: Memory Usage (461564K) : Extracting Inductor2 device
2026-04-11 04:32:22 +0200: Memory Usage (461564K) : Extracting Inductor3 device
2026-04-11 04:32:22 +0200: Memory Usage (461564K) : Starting Taps EXTRACTION
2026-04-11 04:32:22 +0200: Memory Usage (461564K) : Extracting ntap1 device
2026-04-11 04:32:22 +0200: Memory Usage (461564K) : Extracting ptap1 device
2026-04-11 04:32:22 +0200: Memory Usage (461564K) : Starting SG13G2 LVS RF MOS Model Mapping
2026-04-11 04:32:22 +0200: Memory Usage (461564K) : [layout_netlist] Apply RF MOS model mapping and rfmode parameter.
2026-04-11 04:32:22 +0200: Memory Usage (461564K) : Starting SG13G2 LVS Options Preparations
2026-04-11 04:32:22 +0200: Memory Usage (461564K) : SG13G2 LVS flow: extraction -> alignment -> option preparation -> comparison.
2026-04-11 04:32:22 +0200: Memory Usage (461564K) : Starting SG13G2 LVS Alignment
2026-04-11 04:32:22 +0200: Memory Usage (461564K) : Starting SG13G2 LVS Simplification
2026-04-11 04:32:22 +0200: Memory Usage (461564K) : [layout_netlist] simplify: ENABLED
2026-04-11 04:32:22 +0200: Memory Usage (461564K) : [layout_netlist] make_top_level_pins: SKIPPED
2026-04-11 04:32:22 +0200: Memory Usage (461564K) : [layout_netlist] combine_devices: SKIPPED
2026-04-11 04:32:22 +0200: Memory Usage (461564K) : [layout_netlist] purge: SKIPPED
2026-04-11 04:32:22 +0200: Memory Usage (461564K) : [layout_netlist] purge_nets: SKIPPED
2026-04-11 04:32:22 +0200: Memory Usage (461564K) : [schematic_netlist] simplify: ENABLED
2026-04-11 04:32:22 +0200: Memory Usage (461564K) : [schematic_netlist] make_top_level_pins: SKIPPED
2026-04-11 04:32:22 +0200: Memory Usage (461564K) : [schematic_netlist] combine_devices: SKIPPED
2026-04-11 04:32:22 +0200: Memory Usage (461564K) : [schematic_netlist] purge: SKIPPED
2026-04-11 04:32:22 +0200: Memory Usage (461564K) : [schematic_netlist] purge_nets: SKIPPED
2026-04-11 04:32:22 +0200: Memory Usage (461564K) : Starting SG13G2 LVS Comparison in strict port mode.
2026-04-11 04:32:22 +0200: Memory Usage (461564K) : flag_missing_ports enabled: missing/mislabeled top-level ports are treated as errors.
2026-04-11 04:32:22 +0200: Memory Usage (461692K) : xxxxxxxxxxxxxxxxxxxxxxxxxxxxxxxxxxxxxxxxxx
2026-04-11 04:32:22 +0200: Memory Usage (461692K) : ERROR : Netlists don't match
2026-04-11 04:32:22 +0200: Memory Usage (461692K) : xxxxxxxxxxxxxxxxxxxxxxxxxxxxxxxxxxxxxxxxxx
2026-04-11 04:32:22 +0200: Memory Usage (461692K) : LVS Total Run time 1.858505 seconds
