# Logfile created on 2026-04-05 15:12:44 +0200 by logger.rb/v1.5.3
2026-04-05 15:12:44 +0200: Memory Usage (435800K) : Starting running IHP-SG13G2 KLayout DRC runset on /foss/designs/frac-n-pll-vco-unic_cass/layout/dsm_and_freq_divider.gds
2026-04-05 15:12:44 +0200: Memory Usage (435800K) : Ruby Version for klayout: 3.2.3
2026-04-05 15:12:44 +0200: Memory Usage (437080K) : Loading database to memory is complete.
2026-04-05 15:12:44 +0200: Memory Usage (437080K) : IHP-SG13G2 KLayout DRC runset output at: /foss/designs/frac-n-pll-vco-unic_cass/drc_run_dsm_and_freq_divider/dsm_and_freq_divider_dsm_and_freq_divider_main.lyrdb
2026-04-05 15:12:44 +0200: Memory Usage (437208K) : Evaluate switches.
2026-04-05 15:12:44 +0200: Memory Usage (437208K) : tables selected: main
2026-04-05 15:12:44 +0200: Memory Usage (437208K) : KLayout will use 1 thread(s) in tiling mode.
2026-04-05 15:12:44 +0200: Memory Usage (437208K) : deep mode is enabled.
2026-04-05 15:12:44 +0200: Memory Usage (437208K) : FEOL enabled: true
2026-04-05 15:12:44 +0200: Memory Usage (437208K) : BEOL enabled: true
2026-04-05 15:12:44 +0200: Memory Usage (437208K) : OFFGRID enabled: true
2026-04-05 15:12:44 +0200: Memory Usage (437208K) : PIN enabled: true
2026-04-05 15:12:44 +0200: Memory Usage (437208K) : FORBIDDEN enabled: true
2026-04-05 15:12:44 +0200: Memory Usage (437208K) : RECOMMENDED enabled: true
2026-04-05 15:12:44 +0200: Memory Usage (437208K) : PreCheck DRC enabled: false
2026-04-05 15:12:44 +0200: Memory Usage (437208K) : CONNECTIVITY_RULES enabled: true.
2026-04-05 15:12:44 +0200: Memory Usage (437208K) : Read in polygons from layers.
2026-04-05 15:12:44 +0200: Memory Usage (438360K) : activ_drw has 2432 polygons
2026-04-05 15:12:44 +0200: Memory Usage (438360K) : activ_pin has 0 polygons
2026-04-05 15:12:44 +0200: Memory Usage (438360K) : activ_mask has 0 polygons
2026-04-05 15:12:44 +0200: Memory Usage (438360K) : activ_filler has 0 polygons
2026-04-05 15:12:44 +0200: Memory Usage (438360K) : activ_nofill has 0 polygons
2026-04-05 15:12:44 +0200: Memory Usage (438360K) : activ_opc has 0 polygons
2026-04-05 15:12:44 +0200: Memory Usage (438360K) : activ_iopc has 0 polygons
2026-04-05 15:12:44 +0200: Memory Usage (438360K) : activ_noqrc has 0 polygons
2026-04-05 15:12:44 +0200: Memory Usage (438360K) : biwind_drw has 0 polygons
2026-04-05 15:12:44 +0200: Memory Usage (438360K) : biwind_opc has 0 polygons
2026-04-05 15:12:44 +0200: Memory Usage (438360K) : pemwind_drw has 0 polygons
2026-04-05 15:12:44 +0200: Memory Usage (438360K) : gatpoly_drw has 2259 polygons
2026-04-05 15:12:44 +0200: Memory Usage (438360K) : gatpoly_pin has 0 polygons
2026-04-05 15:12:44 +0200: Memory Usage (438360K) : gatpoly_filler has 0 polygons
2026-04-05 15:12:44 +0200: Memory Usage (438360K) : gatpoly_nofill has 0 polygons
2026-04-05 15:12:44 +0200: Memory Usage (438616K) : gatpoly_opc has 0 polygons
2026-04-05 15:12:44 +0200: Memory Usage (438616K) : gatpoly_iopc has 0 polygons
2026-04-05 15:12:44 +0200: Memory Usage (438616K) : gatpoly_noqrc has 0 polygons
2026-04-05 15:12:44 +0200: Memory Usage (438616K) : cont_drw has 16832 polygons
2026-04-05 15:12:44 +0200: Memory Usage (438744K) : cont_opc has 0 polygons
2026-04-05 15:12:44 +0200: Memory Usage (438744K) : nsd_drw has 0 polygons
2026-04-05 15:12:44 +0200: Memory Usage (438872K) : nsd_block has 0 polygons
2026-04-05 15:12:44 +0200: Memory Usage (439000K) : metal1_drw has 3926 polygons
2026-04-05 15:12:44 +0200: Memory Usage (439000K) : metal1_pin has 1616 polygons
2026-04-05 15:12:44 +0200: Memory Usage (439128K) : metal1_mask has 0 polygons
2026-04-05 15:12:44 +0200: Memory Usage (439128K) : metal1_filler has 0 polygons
2026-04-05 15:12:44 +0200: Memory Usage (439256K) : metal1_nofill has 0 polygons
2026-04-05 15:12:44 +0200: Memory Usage (439256K) : metal1_slit has 0 polygons
2026-04-05 15:12:44 +0200: Memory Usage (439640K) : metal1_text has 1605 polygons
2026-04-05 15:12:44 +0200: Memory Usage (439640K) : metal1_opc has 0 polygons
2026-04-05 15:12:44 +0200: Memory Usage (439768K) : metal1_noqrc has 0 polygons
2026-04-05 15:12:44 +0200: Memory Usage (439768K) : metal1_res has 0 polygons
2026-04-05 15:12:44 +0200: Memory Usage (439768K) : metal1_iprobe has 0 polygons
2026-04-05 15:12:44 +0200: Memory Usage (439896K) : metal1_diffprb has 0 polygons
2026-04-05 15:12:44 +0200: Memory Usage (439896K) : passiv_drw has 0 polygons
2026-04-05 15:12:44 +0200: Memory Usage (440024K) : passiv_pin has 0 polygons
2026-04-05 15:12:44 +0200: Memory Usage (440024K) : passiv_sbump has 0 polygons
2026-04-05 15:12:44 +0200: Memory Usage (440152K) : passiv_pillar has 0 polygons
2026-04-05 15:12:44 +0200: Memory Usage (440152K) : passiv_pdl has 0 polygons
2026-04-05 15:12:44 +0200: Memory Usage (440152K) : metal2_drw has 617 polygons
2026-04-05 15:12:44 +0200: Memory Usage (440280K) : metal2_pin has 1 polygons
2026-04-05 15:12:44 +0200: Memory Usage (440408K) : metal2_mask has 0 polygons
2026-04-05 15:12:44 +0200: Memory Usage (440408K) : metal2_filler has 0 polygons
2026-04-05 15:12:44 +0200: Memory Usage (440536K) : metal2_nofill has 0 polygons
2026-04-05 15:12:44 +0200: Memory Usage (440536K) : metal2_slit has 0 polygons
2026-04-05 15:12:44 +0200: Memory Usage (440664K) : metal2_text has 1 polygons
2026-04-05 15:12:44 +0200: Memory Usage (440664K) : metal2_opc has 0 polygons
2026-04-05 15:12:44 +0200: Memory Usage (440664K) : metal2_noqrc has 0 polygons
2026-04-05 15:12:44 +0200: Memory Usage (440792K) : metal2_res has 0 polygons
2026-04-05 15:12:44 +0200: Memory Usage (440920K) : metal2_iprobe has 0 polygons
2026-04-05 15:12:44 +0200: Memory Usage (440920K) : metal2_diffprb has 0 polygons
2026-04-05 15:12:44 +0200: Memory Usage (441048K) : baspoly_drw has 0 polygons
2026-04-05 15:12:44 +0200: Memory Usage (441048K) : baspoly_pin has 0 polygons
2026-04-05 15:12:44 +0200: Memory Usage (441048K) : psd_drw has 1089 polygons
2026-04-05 15:12:44 +0200: Memory Usage (441176K) : nldb_drw has 0 polygons
2026-04-05 15:12:44 +0200: Memory Usage (441176K) : digibnd_drw has 0 polygons
2026-04-05 15:12:44 +0200: Memory Usage (441304K) : via1_drw has 637 polygons
2026-04-05 15:12:44 +0200: Memory Usage (441304K) : backmetal1_drw has 0 polygons
2026-04-05 15:12:44 +0200: Memory Usage (441432K) : backmetal1_pin has 0 polygons
2026-04-05 15:12:44 +0200: Memory Usage (441432K) : backmetal1_mask has 0 polygons
2026-04-05 15:12:44 +0200: Memory Usage (441560K) : backmetal1_filler has 0 polygons
2026-04-05 15:12:44 +0200: Memory Usage (441560K) : backmetal1_nofill has 0 polygons
2026-04-05 15:12:44 +0200: Memory Usage (441688K) : backmetal1_slit has 0 polygons
2026-04-05 15:12:44 +0200: Memory Usage (441688K) : backmetal1_text has 0 polygons
2026-04-05 15:12:44 +0200: Memory Usage (441688K) : backmetal1_opc has 0 polygons
2026-04-05 15:12:44 +0200: Memory Usage (441816K) : backmetal1_noqrc has 0 polygons
2026-04-05 15:12:44 +0200: Memory Usage (441816K) : backmetal1_res has 0 polygons
2026-04-05 15:12:44 +0200: Memory Usage (441944K) : backmetal1_iprobe has 0 polygons
2026-04-05 15:12:44 +0200: Memory Usage (441944K) : backmetal1_diffprb has 0 polygons
2026-04-05 15:12:44 +0200: Memory Usage (441944K) : backpassiv_drw has 0 polygons
2026-04-05 15:12:44 +0200: Memory Usage (442072K) : res_drw has 0 polygons
2026-04-05 15:12:44 +0200: Memory Usage (442072K) : sram_drw has 0 polygons
2026-04-05 15:12:44 +0200: Memory Usage (442200K) : trans_drw has 0 polygons
2026-04-05 15:12:44 +0200: Memory Usage (442328K) : ind_drw has 0 polygons
2026-04-05 15:12:44 +0200: Memory Usage (442328K) : ind_pin has 0 polygons
2026-04-05 15:12:44 +0200: Memory Usage (442456K) : ind_text has 0 polygons
2026-04-05 15:12:44 +0200: Memory Usage (442456K) : salblock_drw has 0 polygons
2026-04-05 15:12:44 +0200: Memory Usage (442456K) : via2_drw has 440 polygons
2026-04-05 15:12:44 +0200: Memory Usage (442584K) : metal3_drw has 179 polygons
2026-04-05 15:12:44 +0200: Memory Usage (442712K) : metal3_pin has 5 polygons
2026-04-05 15:12:44 +0200: Memory Usage (442712K) : metal3_mask has 0 polygons
2026-04-05 15:12:44 +0200: Memory Usage (442840K) : metal3_filler has 0 polygons
2026-04-05 15:12:44 +0200: Memory Usage (442840K) : metal3_nofill has 0 polygons
2026-04-05 15:12:44 +0200: Memory Usage (442968K) : metal3_slit has 0 polygons
2026-04-05 15:12:44 +0200: Memory Usage (442968K) : metal3_text has 5 polygons
2026-04-05 15:12:44 +0200: Memory Usage (443096K) : metal3_opc has 0 polygons
2026-04-05 15:12:44 +0200: Memory Usage (443096K) : metal3_noqrc has 0 polygons
2026-04-05 15:12:44 +0200: Memory Usage (443224K) : metal3_res has 0 polygons
2026-04-05 15:12:44 +0200: Memory Usage (443224K) : metal3_iprobe has 0 polygons
2026-04-05 15:12:44 +0200: Memory Usage (443352K) : metal3_diffprb has 0 polygons
2026-04-05 15:12:44 +0200: Memory Usage (443352K) : nwell_drw has 542 polygons
2026-04-05 15:12:44 +0200: Memory Usage (443480K) : nwell_pin has 0 polygons
2026-04-05 15:12:44 +0200: Memory Usage (443480K) : nbulay_drw has 0 polygons
2026-04-05 15:12:44 +0200: Memory Usage (443480K) : nbulay_pin has 0 polygons
2026-04-05 15:12:44 +0200: Memory Usage (443608K) : nbulay_block has 0 polygons
2026-04-05 15:12:44 +0200: Memory Usage (443608K) : emwind_drw has 0 polygons
2026-04-05 15:12:44 +0200: Memory Usage (443736K) : emwind_opc has 0 polygons
2026-04-05 15:12:44 +0200: Memory Usage (443864K) : deepco_drw has 0 polygons
2026-04-05 15:12:44 +0200: Memory Usage (443864K) : deepco_drw has 0 polygons
2026-04-05 15:12:44 +0200: Memory Usage (443992K) : mim_drw has 0 polygons
2026-04-05 15:12:44 +0200: Memory Usage (444120K) : edgeseal_drw has 0 polygons
2026-04-05 15:12:44 +0200: Memory Usage (444120K) : edgeseal_bound has 0 polygons
2026-04-05 15:12:44 +0200: Memory Usage (444120K) : substrate_drw has 0 polygons
2026-04-05 15:12:44 +0200: Memory Usage (444248K) : substrate_text has 0 polygons
2026-04-05 15:12:44 +0200: Memory Usage (444248K) : dfpad_drw has 0 polygons
2026-04-05 15:12:44 +0200: Memory Usage (444376K) : dfpad_pillar has 0 polygons
2026-04-05 15:12:44 +0200: Memory Usage (444376K) : dfpad_sbump has 0 polygons
2026-04-05 15:12:44 +0200: Memory Usage (444376K) : thickgateox_drw has 0 polygons
2026-04-05 15:12:44 +0200: Memory Usage (444504K) : pldb_drw has 0 polygons
2026-04-05 15:12:44 +0200: Memory Usage (444504K) : pwell_drw has 0 polygons
2026-04-05 15:12:44 +0200: Memory Usage (444632K) : pwell_pin has 0 polygons
2026-04-05 15:12:44 +0200: Memory Usage (444632K) : pwell_block has 0 polygons
2026-04-05 15:12:44 +0200: Memory Usage (444760K) : ic_drw has 0 polygons
2026-04-05 15:12:44 +0200: Memory Usage (444760K) : via3_drw has 112 polygons
2026-04-05 15:12:44 +0200: Memory Usage (444888K) : metal4_drw has 23 polygons
2026-04-05 15:12:44 +0200: Memory Usage (444888K) : metal4_pin has 0 polygons
2026-04-05 15:12:44 +0200: Memory Usage (445016K) : metal4_mask has 0 polygons
2026-04-05 15:12:44 +0200: Memory Usage (445016K) : metal4_filler has 0 polygons
2026-04-05 15:12:44 +0200: Memory Usage (445144K) : metal4_nofill has 0 polygons
2026-04-05 15:12:44 +0200: Memory Usage (445144K) : metal4_slit has 0 polygons
2026-04-05 15:12:44 +0200: Memory Usage (445272K) : metal4_text has 0 polygons
2026-04-05 15:12:44 +0200: Memory Usage (445272K) : metal4_opc has 0 polygons
2026-04-05 15:12:44 +0200: Memory Usage (445272K) : metal4_noqrc has 0 polygons
2026-04-05 15:12:44 +0200: Memory Usage (445400K) : metal4_res has 0 polygons
2026-04-05 15:12:44 +0200: Memory Usage (445400K) : metal4_iprobe has 0 polygons
2026-04-05 15:12:44 +0200: Memory Usage (445528K) : metal4_diffprb has 0 polygons
2026-04-05 15:12:44 +0200: Memory Usage (445656K) : heattrans_drw has 0 polygons
2026-04-05 15:12:44 +0200: Memory Usage (445656K) : heatres_drw has 0 polygons
2026-04-05 15:12:44 +0200: Memory Usage (445784K) : pempoly_drw has 0 polygons
2026-04-05 15:12:44 +0200: Memory Usage (445784K) : fbe_drw has 0 polygons
2026-04-05 15:12:44 +0200: Memory Usage (445784K) : empoly_drw has 0 polygons
2026-04-05 15:12:44 +0200: Memory Usage (445912K) : ldmos_drw has 0 polygons
2026-04-05 15:12:44 +0200: Memory Usage (446040K) : pbiwind_drw has 0 polygons
2026-04-05 15:12:44 +0200: Memory Usage (446040K) : digisub_drw has 0 polygons
2026-04-05 15:12:44 +0200: Memory Usage (446168K) : nodrc_drw has 0 polygons
2026-04-05 15:12:44 +0200: Memory Usage (446168K) : text_drw has 0 polygons
2026-04-05 15:12:44 +0200: Memory Usage (446168K) : via4_drw has 110 polygons
2026-04-05 15:12:44 +0200: Memory Usage (446296K) : metal5_drw has 22 polygons
2026-04-05 15:12:44 +0200: Memory Usage (446296K) : metal5_pin has 0 polygons
2026-04-05 15:12:44 +0200: Memory Usage (446424K) : metal5_mask has 0 polygons
2026-04-05 15:12:44 +0200: Memory Usage (446424K) : metal5_filler has 0 polygons
2026-04-05 15:12:44 +0200: Memory Usage (446552K) : metal5_nofill has 0 polygons
2026-04-05 15:12:44 +0200: Memory Usage (446552K) : metal5_slit has 0 polygons
2026-04-05 15:12:44 +0200: Memory Usage (446552K) : metal5_text has 0 polygons
2026-04-05 15:12:44 +0200: Memory Usage (446680K) : metal5_opc has 0 polygons
2026-04-05 15:12:44 +0200: Memory Usage (446680K) : metal5_noqrc has 0 polygons
2026-04-05 15:12:44 +0200: Memory Usage (446808K) : metal5_res has 0 polygons
2026-04-05 15:12:44 +0200: Memory Usage (446808K) : metal5_iprobe has 0 polygons
2026-04-05 15:12:44 +0200: Memory Usage (446936K) : metal5_diffprb has 0 polygons
2026-04-05 15:12:44 +0200: Memory Usage (446936K) : radhard_drw has 0 polygons
2026-04-05 15:12:44 +0200: Memory Usage (447064K) : memcap_drw has 0 polygons
2026-04-05 15:12:44 +0200: Memory Usage (447192K) : varicap_drw has 0 polygons
2026-04-05 15:12:44 +0200: Memory Usage (447192K) : flash_drw has 0 polygons
2026-04-05 15:12:44 +0200: Memory Usage (447320K) : intbondvia_drw has 0 polygons
2026-04-05 15:12:44 +0200: Memory Usage (447320K) : intbondmet_drw has 0 polygons
2026-04-05 15:12:44 +0200: Memory Usage (447448K) : devbondvia_drw has 0 polygons
2026-04-05 15:12:44 +0200: Memory Usage (447448K) : devbondmet_drw has 0 polygons
2026-04-05 15:12:44 +0200: Memory Usage (447448K) : devtrench_drw has 0 polygons
2026-04-05 15:12:44 +0200: Memory Usage (447576K) : redist_drw has 0 polygons
2026-04-05 15:12:44 +0200: Memory Usage (447576K) : graphbot_drw has 0 polygons
2026-04-05 15:12:44 +0200: Memory Usage (447704K) : graphtop_drw has 0 polygons
2026-04-05 15:12:44 +0200: Memory Usage (447704K) : antvia1_drw has 0 polygons
2026-04-05 15:12:44 +0200: Memory Usage (447832K) : antmetal2_drw has 0 polygons
2026-04-05 15:12:44 +0200: Memory Usage (447832K) : graphcont_drw has 0 polygons
2026-04-05 15:12:44 +0200: Memory Usage (447832K) : siwg_drw has 0 polygons
2026-04-05 15:12:44 +0200: Memory Usage (447960K) : siwg_filler has 0 polygons
2026-04-05 15:12:44 +0200: Memory Usage (447960K) : siwg_nofill has 0 polygons
2026-04-05 15:12:44 +0200: Memory Usage (448088K) : sigrating_drw has 0 polygons
2026-04-05 15:12:44 +0200: Memory Usage (448216K) : singrating_drw has 0 polygons
2026-04-05 15:12:44 +0200: Memory Usage (448216K) : graphpas_drw has 0 polygons
2026-04-05 15:12:44 +0200: Memory Usage (448344K) : emwind3_drw has 0 polygons
2026-04-05 15:12:44 +0200: Memory Usage (448344K) : emwihv3_drw has 0 polygons
2026-04-05 15:12:44 +0200: Memory Usage (448344K) : redbulay_drw has 0 polygons
2026-04-05 15:12:44 +0200: Memory Usage (448472K) : smos_drw has 0 polygons
2026-04-05 15:12:44 +0200: Memory Usage (448472K) : graphpad_drw has 0 polygons
2026-04-05 15:12:44 +0200: Memory Usage (448600K) : polimide_drw has 0 polygons
2026-04-05 15:12:44 +0200: Memory Usage (448600K) : polimide_pin has 0 polygons
2026-04-05 15:12:44 +0200: Memory Usage (448728K) : recog_drw has 0 polygons
2026-04-05 15:12:44 +0200: Memory Usage (448728K) : recog_pin has 0 polygons
2026-04-05 15:12:44 +0200: Memory Usage (448856K) : recog_esd has 0 polygons
2026-04-05 15:12:44 +0200: Memory Usage (448856K) : recog_diode has 0 polygons
2026-04-05 15:12:44 +0200: Memory Usage (448984K) : recog_tsv has 0 polygons
2026-04-05 15:12:44 +0200: Memory Usage (448984K) : recog_iprobe has 0 polygons
2026-04-05 15:12:44 +0200: Memory Usage (448984K) : recog_diffprb has 0 polygons
2026-04-05 15:12:44 +0200: Memory Usage (449112K) : recog_pillar has 0 polygons
2026-04-05 15:12:44 +0200: Memory Usage (449112K) : recog_sbump has 0 polygons
2026-04-05 15:12:44 +0200: Memory Usage (449112K) : recog_otp has 0 polygons
2026-04-05 15:12:44 +0200: Memory Usage (449112K) : recog_pdiode has 0 polygons
2026-04-05 15:12:44 +0200: Memory Usage (449240K) : recog_mom has 0 polygons
2026-04-05 15:12:44 +0200: Memory Usage (449240K) : recog_pcm has 0 polygons
2026-04-05 15:12:44 +0200: Memory Usage (449240K) : colopen_drw has 0 polygons
2026-04-05 15:12:44 +0200: Memory Usage (449368K) : graphmetal1_drw has 0 polygons
2026-04-05 15:12:44 +0200: Memory Usage (449368K) : graphmetal1_filler has 0 polygons
2026-04-05 15:12:44 +0200: Memory Usage (449368K) : graphmetal1_nofill has 0 polygons
2026-04-05 15:12:44 +0200: Memory Usage (449496K) : graphmetal1_slit has 0 polygons
2026-04-05 15:12:44 +0200: Memory Usage (449496K) : graphmetal1_opc has 0 polygons
2026-04-05 15:12:44 +0200: Memory Usage (449496K) : graphmet1l_drw has 0 polygons
2026-04-05 15:12:44 +0200: Memory Usage (449496K) : graphmet1l_filler has 0 polygons
2026-04-05 15:12:44 +0200: Memory Usage (449624K) : graphmet1l_nofill has 0 polygons
2026-04-05 15:12:44 +0200: Memory Usage (449624K) : graphmet1l_slit has 0 polygons
2026-04-05 15:12:44 +0200: Memory Usage (449624K) : graphmet1l_opc has 0 polygons
2026-04-05 15:12:44 +0200: Memory Usage (449752K) : extblock_drw has 0 polygons
2026-04-05 15:12:44 +0200: Memory Usage (449752K) : nldd_drw has 0 polygons
2026-04-05 15:12:44 +0200: Memory Usage (449880K) : pldd_drw has 0 polygons
2026-04-05 15:12:44 +0200: Memory Usage (449880K) : next_drw has 0 polygons
2026-04-05 15:12:44 +0200: Memory Usage (449880K) : pext_drw has 0 polygons
2026-04-05 15:12:44 +0200: Memory Usage (450008K) : nexthv_drw has 0 polygons
2026-04-05 15:12:44 +0200: Memory Usage (450008K) : pexthv_drw has 0 polygons
2026-04-05 15:12:44 +0200: Memory Usage (450136K) : graphgate_drw has 0 polygons
2026-04-05 15:12:44 +0200: Memory Usage (450136K) : sinwg_drw has 0 polygons
2026-04-05 15:12:44 +0200: Memory Usage (450264K) : sinwg_filler has 0 polygons
2026-04-05 15:12:44 +0200: Memory Usage (450264K) : sinwg_nofill has 0 polygons
2026-04-05 15:12:44 +0200: Memory Usage (450264K) : mempad_drw has 0 polygons
2026-04-05 15:12:44 +0200: Memory Usage (450392K) : topvia1_drw has 44 polygons
2026-04-05 15:12:44 +0200: Memory Usage (450392K) : topmetal1_drw has 2 polygons
2026-04-05 15:12:44 +0200: Memory Usage (450520K) : topmetal1_pin has 2 polygons
2026-04-05 15:12:44 +0200: Memory Usage (450520K) : topmetal1_mask has 0 polygons
2026-04-05 15:12:44 +0200: Memory Usage (450520K) : topmetal1_filler has 0 polygons
2026-04-05 15:12:44 +0200: Memory Usage (450520K) : topmetal1_nofill has 0 polygons
2026-04-05 15:12:44 +0200: Memory Usage (450648K) : topmetal1_slit has 0 polygons
2026-04-05 15:12:44 +0200: Memory Usage (450648K) : topmetal1_text has 2 polygons
2026-04-05 15:12:44 +0200: Memory Usage (450648K) : topmetal1_noqrc has 0 polygons
2026-04-05 15:12:44 +0200: Memory Usage (450648K) : topmetal1_res has 0 polygons
2026-04-05 15:12:44 +0200: Memory Usage (450776K) : topmetal1_iprobe has 0 polygons
2026-04-05 15:12:44 +0200: Memory Usage (450776K) : topmetal1_diffprb has 0 polygons
2026-04-05 15:12:44 +0200: Memory Usage (450904K) : inldpwl_drw has 0 polygons
2026-04-05 15:12:44 +0200: Memory Usage (450904K) : polyres_drw has 0 polygons
2026-04-05 15:12:44 +0200: Memory Usage (451032K) : polyres_pin has 0 polygons
2026-04-05 15:12:44 +0200: Memory Usage (451032K) : vmim_drw has 0 polygons
2026-04-05 15:12:44 +0200: Memory Usage (451032K) : nbulaycut_drw has 0 polygons
2026-04-05 15:12:44 +0200: Memory Usage (451160K) : antmetal1_drw has 0 polygons
2026-04-05 15:12:44 +0200: Memory Usage (451160K) : topvia2_drw has 2 polygons
2026-04-05 15:12:44 +0200: Memory Usage (451160K) : topmetal2_drw has 2 polygons
2026-04-05 15:12:44 +0200: Memory Usage (451288K) : topmetal2_pin has 2 polygons
2026-04-05 15:12:44 +0200: Memory Usage (451288K) : topmetal2_mask has 0 polygons
2026-04-05 15:12:44 +0200: Memory Usage (451416K) : topmetal2_filler has 0 polygons
2026-04-05 15:12:44 +0200: Memory Usage (451416K) : topmetal2_nofill has 0 polygons
2026-04-05 15:12:44 +0200: Memory Usage (451544K) : topmetal2_slit has 0 polygons
2026-04-05 15:12:44 +0200: Memory Usage (451544K) : topmetal2_text has 2 polygons
2026-04-05 15:12:44 +0200: Memory Usage (451544K) : topmetal2_noqrc has 0 polygons
2026-04-05 15:12:44 +0200: Memory Usage (451672K) : topmetal2_res has 0 polygons
2026-04-05 15:12:44 +0200: Memory Usage (451672K) : topmetal2_iprobe has 0 polygons
2026-04-05 15:12:44 +0200: Memory Usage (451800K) : topmetal2_diffprb has 0 polygons
2026-04-05 15:12:44 +0200: Memory Usage (451800K) : snsring_drw has 0 polygons
2026-04-05 15:12:44 +0200: Memory Usage (451800K) : sensor_drw has 0 polygons
2026-04-05 15:12:44 +0200: Memory Usage (451928K) : snsarms_drw has 0 polygons
2026-04-05 15:12:44 +0200: Memory Usage (451928K) : snscmosvia_drw has 0 polygons
2026-04-05 15:12:44 +0200: Memory Usage (452056K) : colwind_drw has 0 polygons
2026-04-05 15:12:44 +0200: Memory Usage (452056K) : flm_drw has 0 polygons
2026-04-05 15:12:44 +0200: Memory Usage (452184K) : hafniumox_drw has 0 polygons
2026-04-05 15:12:44 +0200: Memory Usage (452184K) : memvia_drw has 0 polygons
2026-04-05 15:12:44 +0200: Memory Usage (452184K) : thinfilmres_drw has 0 polygons
2026-04-05 15:12:44 +0200: Memory Usage (452312K) : rfmem_drw has 0 polygons
2026-04-05 15:12:44 +0200: Memory Usage (452312K) : norcx_drw has 0 polygons
2026-04-05 15:12:44 +0200: Memory Usage (452440K) : norcx_m2m3 has 0 polygons
2026-04-05 15:12:44 +0200: Memory Usage (452440K) : norcx_m2m4 has 0 polygons
2026-04-05 15:12:44 +0200: Memory Usage (452568K) : norcx_m2m5 has 0 polygons
2026-04-05 15:12:44 +0200: Memory Usage (452568K) : norcx_m2tm1 has 0 polygons
2026-04-05 15:12:44 +0200: Memory Usage (452696K) : norcx_m2tm2 has 0 polygons
2026-04-05 15:12:44 +0200: Memory Usage (452696K) : norcx_m3m4 has 0 polygons
2026-04-05 15:12:44 +0200: Memory Usage (452696K) : norcx_m3m5 has 0 polygons
2026-04-05 15:12:44 +0200: Memory Usage (452696K) : norcx_m3tm1 has 0 polygons
2026-04-05 15:12:44 +0200: Memory Usage (452696K) : norcx_m3tm2 has 0 polygons
2026-04-05 15:12:44 +0200: Memory Usage (452824K) : norcx_m4m5 has 0 polygons
2026-04-05 15:12:44 +0200: Memory Usage (452824K) : norcx_m4tm1 has 0 polygons
2026-04-05 15:12:44 +0200: Memory Usage (452824K) : norcx_m4tm2 has 0 polygons
2026-04-05 15:12:44 +0200: Memory Usage (452824K) : norcx_m5tm1 has 0 polygons
2026-04-05 15:12:44 +0200: Memory Usage (452952K) : norcx_m5tm2 has 0 polygons
2026-04-05 15:12:44 +0200: Memory Usage (452952K) : norcx_tm1tm2 has 0 polygons
2026-04-05 15:12:44 +0200: Memory Usage (452952K) : norcx_m1sub has 0 polygons
2026-04-05 15:12:44 +0200: Memory Usage (453080K) : norcx_m2sub has 0 polygons
2026-04-05 15:12:44 +0200: Memory Usage (453080K) : norcx_m3sub has 0 polygons
2026-04-05 15:12:44 +0200: Memory Usage (453080K) : norcx_m4sub has 0 polygons
2026-04-05 15:12:44 +0200: Memory Usage (453080K) : norcx_m5sub has 0 polygons
2026-04-05 15:12:44 +0200: Memory Usage (453208K) : norcx_tm1sub has 0 polygons
2026-04-05 15:12:44 +0200: Memory Usage (453208K) : norcx_tm2sub has 0 polygons
2026-04-05 15:12:44 +0200: Memory Usage (453208K) : snsbotvia_drw has 0 polygons
2026-04-05 15:12:44 +0200: Memory Usage (453336K) : snstopvia_drw has 0 polygons
2026-04-05 15:12:44 +0200: Memory Usage (453336K) : deepvia_drw has 0 polygons
2026-04-05 15:12:44 +0200: Memory Usage (453336K) : fgetch_drw has 0 polygons
2026-04-05 15:12:44 +0200: Memory Usage (453464K) : ctrgat_drw has 0 polygons
2026-04-05 15:12:44 +0200: Memory Usage (453464K) : fgimp_drw has 0 polygons
2026-04-05 15:12:44 +0200: Memory Usage (453464K) : emwihv_drw has 0 polygons
2026-04-05 15:12:44 +0200: Memory Usage (453464K) : lbe_drw has 0 polygons
2026-04-05 15:12:44 +0200: Memory Usage (453592K) : alcustop_drw has 0 polygons
2026-04-05 15:12:44 +0200: Memory Usage (453592K) : nometfiller_drw has 0 polygons
2026-04-05 15:12:44 +0200: Memory Usage (453592K) : prboundary_drw has 0 polygons
2026-04-05 15:12:44 +0200: Memory Usage (453720K) : exchange0_drw has 0 polygons
2026-04-05 15:12:44 +0200: Memory Usage (453720K) : exchange0_pin has 0 polygons
2026-04-05 15:12:44 +0200: Memory Usage (453720K) : exchange0_text has 0 polygons
2026-04-05 15:12:44 +0200: Memory Usage (453720K) : exchange1_drw has 0 polygons
2026-04-05 15:12:44 +0200: Memory Usage (453720K) : exchange1_pin has 0 polygons
2026-04-05 15:12:44 +0200: Memory Usage (453720K) : exchange1_text has 0 polygons
2026-04-05 15:12:44 +0200: Memory Usage (453720K) : exchange2_drw has 0 polygons
2026-04-05 15:12:44 +0200: Memory Usage (453720K) : exchange2_pin has 0 polygons
2026-04-05 15:12:44 +0200: Memory Usage (453720K) : exchange2_text has 0 polygons
2026-04-05 15:12:44 +0200: Memory Usage (453720K) : exchange3_drw has 0 polygons
2026-04-05 15:12:44 +0200: Memory Usage (453720K) : exchange3_pin has 0 polygons
2026-04-05 15:12:44 +0200: Memory Usage (453720K) : exchange3_text has 0 polygons
2026-04-05 15:12:44 +0200: Memory Usage (453720K) : exchange4_drw has 0 polygons
2026-04-05 15:12:44 +0200: Memory Usage (453720K) : exchange4_pin has 0 polygons
2026-04-05 15:12:44 +0200: Memory Usage (453720K) : exchange4_text has 0 polygons
2026-04-05 15:12:44 +0200: Memory Usage (453720K) : isonwell_drw has 0 polygons
2026-04-05 15:12:44 +0200: Memory Usage (453720K) : Total no. of polygons in the design is 32511
2026-04-05 15:12:44 +0200: Memory Usage (453720K) : Loaded TECH DRC rules values from /foss/pdks/ihp-sg13g2/libs.tech/klayout/python/sg13g2_pycell_lib/sg13g2_tech_mod.json
2026-04-05 15:12:44 +0200: Memory Usage (453720K) : Loaded default DRC rules values from /foss/pdks/ihp-sg13g2/libs.tech/klayout/tech/drc/rule_decks/sg13g2_tech_default.json
2026-04-05 15:12:44 +0200: Memory Usage (453720K) : The following rules values were missing in tech json and default values were used:
2026-04-05 15:12:44 +0200: Memory Usage (453720K) :   - Cnt_c_digibnd
2026-04-05 15:12:44 +0200: Memory Usage (454744K) : Total area of the design is 10129.5568 um^2.
2026-04-05 15:12:44 +0200: Memory Usage (454744K) : The design dimensions are 91.72 µm * 110.44 µm.
2026-04-05 15:12:44 +0200: Memory Usage (454744K) : Starting general IHP-SG13G2 derivations.
2026-04-05 15:12:44 +0200: Memory Usage (454744K) : Starting Pwell derivations
2026-04-05 15:12:44 +0200: Memory Usage (456920K) : Starting n-Activ derivations
2026-04-05 15:12:44 +0200: Memory Usage (457944K) : Starting p-Activ derivations
2026-04-05 15:12:44 +0200: Memory Usage (457944K) : Starting ptap derivations
2026-04-05 15:12:44 +0200: Memory Usage (457944K) : Starting ntap derivations
2026-04-05 15:12:44 +0200: Memory Usage (457944K) : Starting pact FET derivations
2026-04-05 15:12:44 +0200: Memory Usage (457944K) : Starting nact FET derivations
2026-04-05 15:12:44 +0200: Memory Usage (457944K) : Starting Gate derivations
2026-04-05 15:12:44 +0200: Memory Usage (457944K) : Starting cont/contbar general derivations
2026-04-05 15:12:44 +0200: Memory Usage (457944K) : Starting pad general derivations
2026-04-05 15:12:44 +0200: Memory Usage (457944K) : Starting IHP-SG13G2 DRC connectivity related derivations.
2026-04-05 15:12:44 +0200: Memory Usage (458072K) : Starting IHP-SG13G2 DRC connectivity setup
2026-04-05 15:12:44 +0200: Memory Usage (458328K) : Starting IHP-SG13G2 DRC rules.
2026-04-05 15:12:44 +0200: Memory Usage (458328K) : Running all FEOL rules
2026-04-05 15:12:44 +0200: Memory Usage (458328K) : Running all BEOL rules
2026-04-05 15:12:44 +0200: Memory Usage (458328K) : Running all PIN rules
2026-04-05 15:12:44 +0200: Memory Usage (458328K) : Running all FORBIDDEN rules
2026-04-05 15:12:44 +0200: Memory Usage (458328K) : Starting 5.1 NWell table
2026-04-05 15:12:44 +0200: Memory Usage (458328K) : Executing rule NW.b
2026-04-05 15:12:45 +0200: Memory Usage (458840K) : Executing rule NW.b1
2026-04-05 15:12:45 +0200: Memory Usage (458840K) : Starting 5.2 PWell:block
2026-04-05 15:12:45 +0200: Memory Usage (458840K) : Executing rule PWB.e
2026-04-05 15:12:45 +0200: Memory Usage (458840K) : Executing rule PWB.e1
2026-04-05 15:12:45 +0200: Memory Usage (458840K) : Executing rule PWB.f
2026-04-05 15:12:45 +0200: Memory Usage (458840K) : Executing rule PWB.f1
2026-04-05 15:12:45 +0200: Memory Usage (458840K) : Starting 5.3 nBuLay table
2026-04-05 15:12:45 +0200: Memory Usage (458968K) : Executing rule NBL.b
2026-04-05 15:12:45 +0200: Memory Usage (458968K) : Executing rule NBL.c
2026-04-05 15:12:45 +0200: Memory Usage (458968K) : Executing rule NBL.d
2026-04-05 15:12:45 +0200: Memory Usage (458968K) : Executing rule NBL.e
2026-04-05 15:12:45 +0200: Memory Usage (458968K) : Executing rule NBL.f
2026-04-05 15:12:45 +0200: Memory Usage (458968K) : Starting 5.5. Activ table
2026-04-05 15:12:45 +0200: Memory Usage (458968K) : Executing rule Act.a
2026-04-05 15:12:45 +0200: Memory Usage (458968K) : Executing rule Act.b
2026-04-05 15:12:45 +0200: Memory Usage (459224K) : Starting 5.6 Activ:filler table
2026-04-05 15:12:45 +0200: Memory Usage (459352K) : Executing rule AFil.c1
2026-04-05 15:12:45 +0200: Memory Usage (459352K) : Executing rule AFil.c
2026-04-05 15:12:45 +0200: Memory Usage (459352K) : Executing rule AFil.d
2026-04-05 15:12:45 +0200: Memory Usage (459352K) : Executing rule AFil.e
2026-04-05 15:12:45 +0200: Memory Usage (459352K) : Executing rule AFil.j
2026-04-05 15:12:45 +0200: Memory Usage (459352K) : Starting 5.7. ThickGateOx table
2026-04-05 15:12:45 +0200: Memory Usage (459352K) : Executing rule TGO.f
2026-04-05 15:12:45 +0200: Memory Usage (459352K) : Starting 5.8. GatPoly table
2026-04-05 15:12:45 +0200: Memory Usage (459352K) : Executing rule Gat.a
2026-04-05 15:12:45 +0200: Memory Usage (459352K) : Executing rule Gat.b
2026-04-05 15:12:45 +0200: Memory Usage (459352K) : Executing rule Gat.d
2026-04-05 15:12:45 +0200: Memory Usage (459352K) : Executing rule Gat.a1
2026-04-05 15:12:45 +0200: Memory Usage (459608K) : Executing rule Gat.a2
2026-04-05 15:12:45 +0200: Memory Usage (459608K) : Executing rule Gat.g
2026-04-05 15:12:45 +0200: Memory Usage (459608K) : Starting 5.9 GatPoly:filler
2026-04-05 15:12:45 +0200: Memory Usage (459608K) : Executing rule GFil.d
2026-04-05 15:12:45 +0200: Memory Usage (459608K) : Executing rule GFil.e
2026-04-05 15:12:45 +0200: Memory Usage (459608K) : Executing rule GFil.i
2026-04-05 15:12:45 +0200: Memory Usage (459608K) : Starting 5.10 pSD table
2026-04-05 15:12:45 +0200: Memory Usage (459608K) : Executing rule pSD.c1
2026-04-05 15:12:45 +0200: Memory Usage (459736K) : Starting 5.14. Cont table
2026-04-05 15:12:45 +0200: Memory Usage (459736K) : Executing rule Cnt.a
2026-04-05 15:12:45 +0200: Memory Usage (459736K) : Executing rule Cnt.b
2026-04-05 15:12:45 +0200: Memory Usage (459736K) : Executing rule Cnt.c
2026-04-05 15:12:45 +0200: Memory Usage (459864K) : Executing rule Cnt.c
2026-04-05 15:12:45 +0200: Memory Usage (459864K) : Executing rule Cnt.d
2026-04-05 15:12:45 +0200: Memory Usage (459864K) : Executing rule Cnt.e
2026-04-05 15:12:45 +0200: Memory Usage (459864K) : Executing rule Cnt.g1
2026-04-05 15:12:45 +0200: Memory Usage (459864K) : Executing rule Cnt.g2
2026-04-05 15:12:45 +0200: Memory Usage (459864K) : Starting 5.15. ContBar table
2026-04-05 15:12:45 +0200: Memory Usage (459864K) : Executing rule CntB.b1
2026-04-05 15:12:45 +0200: Memory Usage (459864K) : Executing rule CntB.h1
2026-04-05 15:12:45 +0200: Memory Usage (459864K) : Starting 6.1.3 NPN Substrate-Tie table
2026-04-05 15:12:45 +0200: Memory Usage (459864K) : Executing rule npn13G2.bR 
2026-04-05 15:12:45 +0200: Memory Usage (459864K) : Executing rule npn13G2L.cR 
2026-04-05 15:12:45 +0200: Memory Usage (459864K) : Executing rule npn13G2V.cR 
2026-04-05 15:12:45 +0200: Memory Usage (459864K) : Starting 6.7 Schottky diode table
2026-04-05 15:12:45 +0200: Memory Usage (459864K) : Executing rule Sdiod.d
2026-04-05 15:12:45 +0200: Memory Usage (459864K) : Executing rule Sdiod.e
2026-04-05 15:12:45 +0200: Memory Usage (459864K) : Starting 7.2 Latch-up table
2026-04-05 15:12:45 +0200: Memory Usage (459864K) : Executing rule LU.b
2026-04-05 15:12:46 +0200: Memory Usage (459864K) : Starting 5.16. Metal1 table
2026-04-05 15:12:46 +0200: Memory Usage (459864K) : Executing rule M1.a
2026-04-05 15:12:46 +0200: Memory Usage (459864K) : Executing rule M1.b
2026-04-05 15:12:46 +0200: Memory Usage (460248K) : Executing rule M1.e
2026-04-05 15:12:46 +0200: Memory Usage (460248K) : Executing rule M1.f
2026-04-05 15:12:46 +0200: Memory Usage (460248K) : Executing rule M1.g
2026-04-05 15:12:46 +0200: Memory Usage (460248K) : Executing rule M1.i
2026-04-05 15:12:46 +0200: Memory Usage (460504K) : Starting 5.17 Metaln table
2026-04-05 15:12:46 +0200: Memory Usage (460504K) : Executing rule M2.a
2026-04-05 15:12:46 +0200: Memory Usage (460504K) : Executing rule M2.b
2026-04-05 15:12:46 +0200: Memory Usage (460504K) : Executing rule M2.e
2026-04-05 15:12:47 +0200: Memory Usage (460504K) : Executing rule M2.f
2026-04-05 15:12:47 +0200: Memory Usage (460504K) : Executing rule M2.g
2026-04-05 15:12:47 +0200: Memory Usage (460504K) : Executing rule M2.i
2026-04-05 15:12:47 +0200: Memory Usage (460504K) : Executing rule M3.a
2026-04-05 15:12:47 +0200: Memory Usage (460504K) : Executing rule M3.b
2026-04-05 15:12:47 +0200: Memory Usage (460504K) : Executing rule M3.e
2026-04-05 15:12:47 +0200: Memory Usage (460504K) : Executing rule M3.f
2026-04-05 15:12:47 +0200: Memory Usage (460504K) : Executing rule M3.g
2026-04-05 15:12:47 +0200: Memory Usage (460504K) : Executing rule M3.i
2026-04-05 15:12:47 +0200: Memory Usage (460504K) : Executing rule M4.a
2026-04-05 15:12:47 +0200: Memory Usage (460504K) : Executing rule M4.b
2026-04-05 15:12:47 +0200: Memory Usage (460504K) : Executing rule M4.e
2026-04-05 15:12:47 +0200: Memory Usage (460504K) : Executing rule M4.f
2026-04-05 15:12:47 +0200: Memory Usage (460504K) : Executing rule M4.g
2026-04-05 15:12:47 +0200: Memory Usage (460504K) : Executing rule M4.i
2026-04-05 15:12:47 +0200: Memory Usage (460504K) : Executing rule M5.a
2026-04-05 15:12:47 +0200: Memory Usage (460504K) : Executing rule M5.b
2026-04-05 15:12:47 +0200: Memory Usage (460504K) : Executing rule M5.e
2026-04-05 15:12:47 +0200: Memory Usage (460504K) : Executing rule M5.f
2026-04-05 15:12:47 +0200: Memory Usage (460504K) : Executing rule M5.g
2026-04-05 15:12:47 +0200: Memory Usage (460504K) : Executing rule M5.i
2026-04-05 15:12:47 +0200: Memory Usage (460504K) : Starting 5.18 Metaln:filler table
2026-04-05 15:12:47 +0200: Memory Usage (460504K) : Executing rule M1Fil.c
2026-04-05 15:12:47 +0200: Memory Usage (460504K) : Executing rule M1Fil.a2
2026-04-05 15:12:47 +0200: Memory Usage (460504K) : Executing rule M2Fil.c
2026-04-05 15:12:47 +0200: Memory Usage (460504K) : Executing rule M2Fil.a2
2026-04-05 15:12:47 +0200: Memory Usage (460504K) : Executing rule M3Fil.c
2026-04-05 15:12:47 +0200: Memory Usage (460504K) : Executing rule M3Fil.a2
2026-04-05 15:12:47 +0200: Memory Usage (460504K) : Executing rule M4Fil.c
2026-04-05 15:12:47 +0200: Memory Usage (460504K) : Executing rule M4Fil.a2
2026-04-05 15:12:47 +0200: Memory Usage (460504K) : Executing rule M5Fil.c
2026-04-05 15:12:47 +0200: Memory Usage (460504K) : Executing rule M5Fil.a2
2026-04-05 15:12:47 +0200: Memory Usage (460504K) : Starting 5.19. Via1 table
2026-04-05 15:12:47 +0200: Memory Usage (460504K) : Starting 5.19. Via1 table derivations
2026-04-05 15:12:47 +0200: Memory Usage (460504K) : Executing rule V1.a
2026-04-05 15:12:47 +0200: Memory Usage (460504K) : Executing rule V1.b
2026-04-05 15:12:47 +0200: Memory Usage (460504K) : Executing rule V1.c
2026-04-05 15:12:47 +0200: Memory Usage (460504K) : Starting 5.20. Vian table
2026-04-05 15:12:47 +0200: Memory Usage (460504K) : Executing rule V2.a
2026-04-05 15:12:47 +0200: Memory Usage (460504K) : Executing rule V2.b
2026-04-05 15:12:47 +0200: Memory Usage (460504K) : Executing rule V2.c
2026-04-05 15:12:47 +0200: Memory Usage (460504K) : Executing rule V3.a
2026-04-05 15:12:47 +0200: Memory Usage (460504K) : Executing rule V3.b
2026-04-05 15:12:47 +0200: Memory Usage (460504K) : Executing rule V3.c
2026-04-05 15:12:47 +0200: Memory Usage (460504K) : Executing rule V4.a
2026-04-05 15:12:47 +0200: Memory Usage (460504K) : Executing rule V4.b
2026-04-05 15:12:47 +0200: Memory Usage (460504K) : Executing rule V4.c
2026-04-05 15:12:47 +0200: Memory Usage (460504K) : Starting 5.21. TopVia1 table
2026-04-05 15:12:47 +0200: Memory Usage (460504K) : Executing rule TV1.a
2026-04-05 15:12:47 +0200: Memory Usage (460504K) : Executing rule TV1.b
2026-04-05 15:12:47 +0200: Memory Usage (460504K) : Executing rule TV1.c
2026-04-05 15:12:47 +0200: Memory Usage (460504K) : Executing rule TV1.d
2026-04-05 15:12:47 +0200: Memory Usage (460504K) : Starting 5.22. TopMetal1 table
2026-04-05 15:12:47 +0200: Memory Usage (460504K) : Executing rule TM1.a
2026-04-05 15:12:47 +0200: Memory Usage (460504K) : Executing rule TM1.b
2026-04-05 15:12:47 +0200: Memory Usage (460504K) : Starting 5.23 TopMetal1:filler table
2026-04-05 15:12:47 +0200: Memory Usage (460504K) : Executing rule TM1Fil.c
2026-04-05 15:12:47 +0200: Memory Usage (460504K) : Executing rule TM1Fil.a1
2026-04-05 15:12:47 +0200: Memory Usage (460504K) : Starting 5.24. TopVia2 table
2026-04-05 15:12:47 +0200: Memory Usage (460504K) : Executing rule TV2.a
2026-04-05 15:12:47 +0200: Memory Usage (460504K) : Executing rule TV2.b
2026-04-05 15:12:47 +0200: Memory Usage (460504K) : Executing rule TV2.c
2026-04-05 15:12:47 +0200: Memory Usage (460504K) : Executing rule TV2.d
2026-04-05 15:12:47 +0200: Memory Usage (460504K) : Starting 5.25. TopMetal2 table
2026-04-05 15:12:47 +0200: Memory Usage (460504K) : Executing rule TM2.a
2026-04-05 15:12:47 +0200: Memory Usage (460504K) : Executing rule TM2.b
2026-04-05 15:12:47 +0200: Memory Usage (460504K) : Executing rule TM2.bR
2026-04-05 15:12:47 +0200: Memory Usage (460504K) : Starting 5.26 TopMetal2:filler table
2026-04-05 15:12:47 +0200: Memory Usage (460504K) : Executing rule TM2Fil.c
2026-04-05 15:12:47 +0200: Memory Usage (460504K) : Executing rule TM2Fil.a1
2026-04-05 15:12:47 +0200: Memory Usage (460504K) : Starting 5.27. Passiv table
2026-04-05 15:12:47 +0200: Memory Usage (460504K) : Executing rule Pas.a
2026-04-05 15:12:47 +0200: Memory Usage (460504K) : Executing rule Pas.b
2026-04-05 15:12:47 +0200: Memory Usage (460504K) : Executing rule Pas.c
2026-04-05 15:12:47 +0200: Memory Usage (460504K) : Starting 6.9.2 Copper Pillar table
2026-04-05 15:12:47 +0200: Memory Usage (460504K) : Executing rule Padc.a
2026-04-05 15:12:47 +0200: Memory Usage (460504K) : Executing rule Padc.b
2026-04-05 15:12:47 +0200: Memory Usage (460504K) : Executing rule Padc.c
2026-04-05 15:12:47 +0200: Memory Usage (460504K) : Executing rule Padb.f
2026-04-05 15:12:47 +0200: Memory Usage (460504K) : Starting 6.9 Pad table
2026-04-05 15:12:47 +0200: Memory Usage (460504K) : Executing rule Pad.m
2026-04-05 15:12:47 +0200: Memory Usage (460504K) : Executing rule Pad.fR_M1
2026-04-05 15:12:47 +0200: Memory Usage (460504K) : Executing rule Pad.fR_M2
2026-04-05 15:12:47 +0200: Memory Usage (460504K) : Executing rule Pad.fR_M3
2026-04-05 15:12:47 +0200: Memory Usage (460504K) : Executing rule Pad.fR_M4
2026-04-05 15:12:47 +0200: Memory Usage (460504K) : Executing rule Pad.fR_M5
2026-04-05 15:12:47 +0200: Memory Usage (460504K) : Executing rule Pad.fR_TM1
2026-04-05 15:12:47 +0200: Memory Usage (460504K) : Executing rule Pad.fR_TM2
2026-04-05 15:12:47 +0200: Memory Usage (460504K) : Executing rule Pad.i
2026-04-05 15:12:47 +0200: Memory Usage (460504K) : Starting 6.9.1 Solder Bump
2026-04-05 15:12:47 +0200: Memory Usage (460504K) : Executing rule Padb.a
2026-04-05 15:12:47 +0200: Memory Usage (460504K) : Executing rule Padb.b
2026-04-05 15:12:47 +0200: Memory Usage (460504K) : Executing rule Padb.c
2026-04-05 15:12:47 +0200: Memory Usage (460504K) : Executing rule Padb.f
2026-04-05 15:12:47 +0200: Memory Usage (461144K) : Executing rule Padb.d
2026-04-05 15:12:47 +0200: Memory Usage (461272K) : Starting 6.10 Sealring table
2026-04-05 15:12:47 +0200: Memory Usage (461272K) : Executing rule Seal.l
2026-04-05 15:12:47 +0200: Memory Usage (461272K) : Executing rule Seal.n
2026-04-05 15:12:47 +0200: Memory Usage (461528K) : Executing rule seal.b_metal1
2026-04-05 15:12:47 +0200: Memory Usage (461784K) : Executing rule seal.b_metal2
2026-04-05 15:12:47 +0200: Memory Usage (461912K) : Executing rule seal.b_metal3
2026-04-05 15:12:47 +0200: Memory Usage (462168K) : Executing rule seal.b_metal4
2026-04-05 15:12:47 +0200: Memory Usage (462296K) : Executing rule seal.b_metal5
2026-04-05 15:12:47 +0200: Memory Usage (462424K) : Executing rule seal.b_topmetal1
2026-04-05 15:12:47 +0200: Memory Usage (462680K) : Executing rule seal.b_topmetal2
2026-04-05 15:12:47 +0200: Memory Usage (462808K) : Executing rule seal.b_activ
2026-04-05 15:12:47 +0200: Memory Usage (463064K) : Executing rule seal.b_psd
2026-04-05 15:12:47 +0200: Memory Usage (463192K) : Executing rule Seal.k
2026-04-05 15:12:47 +0200: Memory Usage (463448K) : Executing rule Seal.m
2026-04-05 15:12:47 +0200: Memory Usage (463576K) : Starting 6.11 MIM table
2026-04-05 15:12:47 +0200: Memory Usage (463576K) : Executing rule MIM.c
2026-04-05 15:12:47 +0200: Memory Usage (463832K) : Executing rule MIM.d
2026-04-05 15:12:47 +0200: Memory Usage (463960K) : Executing rule MIM.gR
2026-04-05 15:12:47 +0200: Memory Usage (464088K) : Starting 7.3 Metal Slits table
2026-04-05 15:12:47 +0200: Memory Usage (464088K) : Executing rule Slt.e1_M1
2026-04-05 15:12:47 +0200: Memory Usage (464216K) : Executing rule Slt.e1_M2
2026-04-05 15:12:47 +0200: Memory Usage (464344K) : Executing rule Slt.e1_M3
2026-04-05 15:12:47 +0200: Memory Usage (464472K) : Executing rule Slt.e1_M4
2026-04-05 15:12:47 +0200: Memory Usage (464600K) : Executing rule Slt.e1_M5
2026-04-05 15:12:47 +0200: Memory Usage (464728K) : Executing rule Slt.e1_TM1
2026-04-05 15:12:47 +0200: Memory Usage (464856K) : Executing rule Slt.e1_TM2
2026-04-05 15:12:47 +0200: Memory Usage (464984K) : Starting 9.1. LBE table
2026-04-05 15:12:47 +0200: Memory Usage (465112K) : Executing rule LBE.a
2026-04-05 15:12:47 +0200: Memory Usage (465240K) : Executing rule LBE.b
2026-04-05 15:12:47 +0200: Memory Usage (465240K) : Executing rule LBE.b1
2026-04-05 15:12:47 +0200: Memory Usage (465240K) : Executing rule LBE.c
2026-04-05 15:12:47 +0200: Memory Usage (465240K) : Executing rule LBE.d
2026-04-05 15:12:47 +0200: Memory Usage (465240K) : Executing rule LBE.h
2026-04-05 15:12:47 +0200: Memory Usage (465240K) : Starting 7.4. PIN table
2026-04-05 15:12:47 +0200: Memory Usage (465240K) : Executing rule Pin.a
2026-04-05 15:12:47 +0200: Memory Usage (465240K) : Executing rule Pin.b
2026-04-05 15:12:47 +0200: Memory Usage (465240K) : Executing rule Pin.e
2026-04-05 15:12:47 +0200: Memory Usage (465240K) : Executing rule Pin.f_M2
2026-04-05 15:12:47 +0200: Memory Usage (465240K) : Executing rule Pin.f_M3
2026-04-05 15:12:47 +0200: Memory Usage (465240K) : Executing rule Pin.f_M4
2026-04-05 15:12:47 +0200: Memory Usage (465240K) : Executing rule Pin.f_M5
2026-04-05 15:12:47 +0200: Memory Usage (465240K) : Executing rule Pin.g
2026-04-05 15:12:47 +0200: Memory Usage (465240K) : Executing rule Pin.h
2026-04-05 15:12:47 +0200: Memory Usage (465240K) : Starting 3.2. FORBIDDEN table
2026-04-05 15:12:47 +0200: Memory Usage (465240K) : Executing rule forbidden.biwind
2026-04-05 15:12:47 +0200: Memory Usage (465240K) : Executing rule forbidden.pemwind
2026-04-05 15:12:47 +0200: Memory Usage (465240K) : Executing rule forbidden.baspoly
2026-04-05 15:12:47 +0200: Memory Usage (465240K) : Executing rule forbidden.deepco
2026-04-05 15:12:47 +0200: Memory Usage (465240K) : Executing rule forbidden.pempoly
2026-04-05 15:12:47 +0200: Memory Usage (465240K) : Executing rule forbidden.empoly
2026-04-05 15:12:47 +0200: Memory Usage (465240K) : Executing rule forbidden.ldmos
2026-04-05 15:12:47 +0200: Memory Usage (465240K) : Executing rule forbidden.pbiwind
2026-04-05 15:12:47 +0200: Memory Usage (465240K) : Executing rule forbidden.nodrc
2026-04-05 15:12:47 +0200: Memory Usage (465240K) : Executing rule forbidden.flash
2026-04-05 15:12:47 +0200: Memory Usage (465240K) : Executing rule forbidden.colwind
2026-04-05 15:12:47 +0200: Memory Usage (465240K) : KLayout DRC run for tables 'main' completed in 3.72 seconds
