GDS input file passed, running in LVS mode
No explicit top cell specified, using top cell 'CP'
Calling MAGIC
magic -dnull -noconsole -rcfile /foss/pdks/ihp-sg13g2/libs.tech/magic/ihp-sg13g2.magicrc pex/CP__CP/magic_RC/CP_MAGIC_RC_Script.tcl, output file: pex/CP__CP/magic_RC/CP_MAGIC_RC_Output.txt

Magic 8.3 revision 603 - Compiled on Sat Feb 14 01:20:09 AM CET 2026.
Starting magic under Tcl interpreter
Using the terminal as the console.
WARNING: RLIMIT_NOFILE is above 1024 and Tcl_Version<9 this may cause runtime issues [rlim_cur=1048576]
Using NULL graphics device.
Processing system .magicrc file
Switching to WIRING tool.
Switching to NETLIST tool.
Switching to PICK tool.
Switching to BOX tool.
Sourcing design .magicrc for technology ihp-sg13g2 ...
2 Magic internal units = 1 Lambda
Input style sg13g2(): scaleFactor=2, multiplier=2
The following types are not handled by extraction and will be treated as non-electrical types:
    pblock sealcont difffill nemitter hvnemitter hvisodiffres sealvia1 sealvia2 sealvia3 sealvia4 sealvia5 sealvia6 pillar solder seal glass thruvia inductor 
Scaled tech values by 2 / 1 to match internal grid scaling
Loading ihp-sg13g2 Device Generator Menu ...
Loading "pex/CP__CP/magic_RC/CP_MAGIC_RC_Script.tcl" from command line.
Warning: Calma reading is not undoable!  I hope that's OK.
Library written using GDS-II Release 6.0
Library name: LIB
Reading "$$$CONTEXT_INFO$$$".
Reading "via_stack$4".
Reading "via_stack$2".
Reading "via_stack".
Reading "rsil$1".
Reading "cmim$1".
Reading "nmos$1".
Reading "pmos$1".
Reading "rsil".
Reading "cmim".
Reading "CP".
Extracting CP into /foss/designs/frac-n-pll-vco-unic_cass/pex/CP__CP/magic_RC/CP.ext:
exttosim finished.
Adding  a_n42268_42556#
Adding  a_n62338_42316#
Adding  a_n42268_42076#
Adding  a_n62338_41836#
Adding  a_n42268_41596#
Adding  a_n62338_41356#
Adding  a_n42268_41116#
Adding  a_n62338_40876#
Adding  a_n42268_40636#
Adding  a_n62338_40396#
Adding  a_n42268_40156#
Adding  a_n62338_39916#
Adding  a_n42268_39676#
Adding  a_n62338_39436#
Adding  a_n42268_39196#
Adding  a_n62338_38956#
Adding  a_n42268_38716#
Adding  a_n62338_38476#
Adding  a_n42268_38236#
Adding  a_n62338_37996#
Adding  a_n42268_37756#
Adding  a_n62338_37516#
Adding  a_n42268_37276#
Adding  a_n62338_37036#
Adding  a_n42268_36796#
Adding  a_n62338_36556#
Adding  a_n42268_36316#
Adding  a_n62338_36076#
Adding  a_n42268_35836#
Adding  a_n62338_35596#
Adding  a_n42268_35356#
Adding  a_n62338_35116#
Adding  a_n42268_34876#
Adding  a_n62338_34636#
Adding  a_n42268_34396#
Adding  a_n62338_34156#
Adding  a_n42268_33916#
Adding  a_n62338_33676#
Adding  a_n42276_32769#
Adding  a_n62346_32529#
Adding  a_n42276_32289#
Adding  a_n62346_32049#
Adding  a_n42276_31809#
Adding  a_n62346_31569#
Adding  a_n42276_31329#
Adding  a_n62346_31089#
Adding  a_n42276_30849#
Adding  a_n62346_30609#
Adding  a_n42276_30369#
Adding  a_n62346_30129#
Adding  a_n42276_29889#
Adding  a_n62346_29649#
Adding  a_n42276_29409#
Adding  a_n62346_29169#
Adding  a_n42276_28929#
Adding  a_n62346_28689#
Adding  a_n42276_28449#
Adding  a_n62346_28209#
Adding  a_n42276_27969#
Adding  a_n62346_27729#
Adding  a_n42276_27489#
Adding  a_n62346_27249#
Adding  a_n42276_27009#
Adding  a_n62346_26769#
Adding  a_n42276_26529#
Adding  a_n62346_26289#
Adding  a_n42276_26049#
Adding  a_n62346_25809#
Adding  a_n42276_25569#
Adding  a_n62346_25329#
Adding  a_n42276_25089#
Adding  a_n62346_24849#
Adding  a_n42276_24609#
Adding  a_n62346_24369#
Adding  a_n42276_24129#
Adding  a_n62346_23889#
Adding  a_n59084_18838#; Tnew = 0.00ns, Told = -1200.13ns
Adding  a_n56080_18834#; Tnew = 0.00ns, Told = -1194.47ns
Adding  a_n53584_18828#; Tnew = 0.00ns, Told = -1498.74ns
Adding  a_n56080_15789#
Adding  a_n53581_15789#
Adding  GND
Adding  VDD; Tnew = 0.13ns, Told = 0.00ns
Adding  CTRL2; Tnew = 0.19ns, Told = 0.00ns
Adding  CTRL1; Tnew = 0.04ns, Told = 0.00ns
Adding  CTRL; Tnew = 0.17ns, Told = 0.00ns
Adding  Ibias; Tnew = 0.07ns, Told = 0.00ns
Adding  Vbn; Tnew = 0.01ns, Told = 0.00ns
Adding  UP; Tnew = 0.06ns, Told = 0.00ns
Adding  DN; Tnew = 0.00ns, Told = 0.00ns
Total Nets: 170
Nets extracted: 90 (0.529412)
Nets output: 90 (0.529412)
exttospice finished.
MAGIC succeeded after 0.6487s
Report DB saved at: pex/CP__CP/magic_RC/CP_MAGIC_report.rdb.gz
SPICE netlist saved at: pex/CP__CP/magic_RC/CP.pex.spice
* NGSPICE file created from CP.ext - technology: ihp-sg13g2

.subckt CP CTRL1 CTRL2 CTRL GND Vbn VDD Ibias UP DN
X0 a_n62346_24369.t1 a_n42276_24609.t1 GND.t9 rsil l=100u w=0.5u
X1 a_n62338_35116.t1 a_n42268_34876.t1 GND.t78 rsil l=100u w=0.5u
X2 a_n62338_37996.t0 a_n42268_37756.t0 GND.t58 rsil l=100u w=0.5u
X3 a_n62346_32049.t0 a_n42276_32289.t0 GND.t23 rsil l=100u w=0.5u
X4 a_n62338_34636.t0 a_n42268_34876.t0 GND.t59 rsil l=100u w=0.5u
X5 a_n56080_18834.t0 GND.t88 VDD.t1 VDD.t0 sg13_lv_pmos ad=3.4p pd=20.68u as=3.4p ps=20.68u w=10u l=2u
X6 a_n62338_38476.t1 a_n42268_38716.t0 GND.t72 rsil l=100u w=0.5u
X7 a_n62346_27249.t0 a_n42276_27489.t0 GND.t14 rsil l=100u w=0.5u
X8 CTRL.t6 GND.t15 cap_cmim l=41.7u w=41.7u
X9 a_n62346_24369.t0 a_n42276_24129.t1 GND.t7 rsil l=100u w=0.5u
X10 Ibias.t1 Ibias.t0 a_n59084_18838.t1 VDD.t2 sg13_lv_pmos ad=3.4p pd=20.68u as=3.4p ps=20.68u w=10u l=2u
X11 a_n62346_28209.t0 a_n42276_27969.t0 GND.t26 rsil l=100u w=0.5u
X12 a_n62346_32529.t0 a_n42276_32769.t0 GND.t12 rsil l=100u w=0.5u
X13 CTRL2.t10 GND.t17 cap_cmim l=55.85u w=55.85u
X14 a_n62346_27729.t1 a_n42276_27969.t1 GND.t40 rsil l=100u w=0.5u
X15 a_n62338_39916.t1 a_n42268_40156.t1 GND.t67 rsil l=100u w=0.5u
X16 a_n62338_38476.t0 a_n42268_38236.t1 GND.t68 rsil l=100u w=0.5u
X17 CTRL2.t7 GND.t17 cap_cmim l=55.85u w=55.85u
X18 a_n62346_24849.t0 a_n42276_24609.t0 GND.t4 rsil l=100u w=0.5u
X19 a_n62338_35116.t0 a_n42268_35356.t1 GND.t76 rsil l=100u w=0.5u
X20 CTRL.t4 GND.t16 cap_cmim l=41.7u w=41.7u
X21 a_n62338_40396.t0 a_n42268_40636.t0 GND.t46 rsil l=100u w=0.5u
X22 a_n62338_38956.t1 a_n42268_38716.t1 GND.t83 rsil l=100u w=0.5u
X23 CTRL.t3 GND.t16 cap_cmim l=41.7u w=41.7u
X24 CTRL2.t5 GND.t17 cap_cmim l=55.85u w=55.85u
X25 a_n62338_35596.t0 a_n42268_35836.t0 GND.t55 rsil l=100u w=0.5u
X26 CTRL2.t0 a_n42268_42556.t0 GND.t50 rsil l=48u w=0.5u
X27 a_n62346_28209.t1 a_n42276_28449.t1 GND.t37 rsil l=100u w=0.5u
X28 a_n62346_30129.t1 a_n42276_29889.t0 GND.t24 rsil l=100u w=0.5u
X29 CTRL2.t1 GND.t18 cap_cmim l=55.85u w=55.85u
X30 a_n62346_25329.t0 a_n42276_25089.t1 GND.t41 rsil l=100u w=0.5u
X31 a_n62338_40396.t1 a_n42268_40156.t0 GND.t62 rsil l=100u w=0.5u
X32 a_n62346_28689.t1 a_n42276_28929.t1 GND.t27 rsil l=100u w=0.5u
X33 a_n62346_30609.t0 a_n42276_30369.t1 GND.t33 rsil l=100u w=0.5u
X34 a_n62338_35596.t1 a_n42268_35356.t0 GND.t73 rsil l=100u w=0.5u
X35 a_n62338_39436.t1 a_n42268_39196.t0 GND.t66 rsil l=100u w=0.5u
X36 a_n62338_40876.t1 a_n42268_41116.t1 GND.t65 rsil l=100u w=0.5u
X37 a_n62346_25809.t1 a_n42276_25569.t0 GND.t8 rsil l=100u w=0.5u
X38 a_n62338_36076.t0 a_n42268_36316.t1 GND.t71 rsil l=100u w=0.5u
X39 a_n62338_40876.t0 a_n42268_40636.t1 GND.t63 rsil l=100u w=0.5u
X40 a_n62346_24849.t1 a_n42276_25089.t0 GND.t5 rsil l=100u w=0.5u
X41 CTRL.t2 GND.t16 cap_cmim l=41.7u w=41.7u
X42 a_n62338_39916.t0 a_n42268_39676.t1 GND.t64 rsil l=100u w=0.5u
X43 a_n62346_28689.t0 a_n42276_28449.t0 GND.t13 rsil l=100u w=0.5u
X44 a_n62346_30129.t0 a_n42276_30369.t0 GND.t21 rsil l=100u w=0.5u
X45 a_n62338_38956.t0 a_n42268_39196.t1 GND.t77 rsil l=100u w=0.5u
X46 a_n62346_25329.t1 a_n42276_25569.t1 GND.t42 rsil l=100u w=0.5u
X47 a_n62346_29169.t0 a_n42276_29409.t0 GND.t22 rsil l=100u w=0.5u
X48 a_n62338_36076.t1 a_n42268_35836.t1 GND.t87 rsil l=100u w=0.5u
X49 a_n62346_30609.t1 a_n42276_30849.t1 GND.t34 rsil l=100u w=0.5u
X50 a_n62338_39436.t0 a_n42268_39676.t0 GND.t56 rsil l=100u w=0.5u
X51 a_n62338_41356.t1 a_n42268_41116.t0 GND.t51 rsil l=100u w=0.5u
X52 a_n62338_36556.t1 a_n42268_36316.t0 GND.t69 rsil l=100u w=0.5u
X53 a_n62346_29169.t1 a_n42276_28929.t0 GND.t25 rsil l=100u w=0.5u
X54 CTRL.t7 GND.t15 cap_cmim l=41.7u w=41.7u
X55 a_n62338_41836.t1 a_n42268_41596.t1 GND.t52 rsil l=100u w=0.5u
X56 a_n62346_25809.t0 a_n42276_26049.t0 GND.t2 rsil l=100u w=0.5u
X57 CTRL2.t6 GND.t17 cap_cmim l=55.85u w=55.85u
X58 a_n62346_29649.t0 a_n42276_29409.t1 GND.t35 rsil l=100u w=0.5u
X59 a_n56080_15789.t0 VDD.t6 GND.t20 GND.t19 sg13_lv_nmos ad=1.02p pd=6.68u as=1.02p ps=6.68u w=3u l=2u
X60 a_n62346_31089.t1 a_n42276_31329.t0 GND.t30 rsil l=100u w=0.5u
X61 a_n62338_33676.t1 a_n42268_33916.t0 GND.t82 rsil l=100u w=0.5u
X62 a_n62346_26289.t0 a_n42276_26529.t0 GND.t0 rsil l=100u w=0.5u
X63 a_n62338_37036.t1 a_n42268_36796.t1 GND.t86 rsil l=100u w=0.5u
X64 a_n62338_41356.t0 a_n42268_41596.t0 GND.t49 rsil l=100u w=0.5u
X65 CTRL2.t4 GND.t17 cap_cmim l=55.85u w=55.85u
X66 CTRL2.t11 GND.t17 cap_cmim l=55.85u w=55.85u
X67 CTRL2.t8 GND.t17 cap_cmim l=55.85u w=55.85u
X68 a_n53581_15789.t1 DN.t0 GND.t48 GND.t47 sg13_lv_nmos ad=1.02p pd=6.68u as=1.02p ps=6.68u w=3u l=2u
X69 a_n62338_36556.t0 a_n42268_36796.t0 GND.t54 rsil l=100u w=0.5u
X70 a_n62338_42316.t1 a_n42268_42076.t1 GND.t74 rsil l=100u w=0.5u
X71 CTRL.t8 GND.t15 cap_cmim l=41.7u w=41.7u
X72 a_n62346_31569.t1 a_n42276_31809.t0 GND.t32 rsil l=100u w=0.5u
X73 a_n62346_31089.t0 a_n42276_30849.t0 GND.t29 rsil l=100u w=0.5u
X74 a_n62338_33676.t0 CTRL1.t2 GND.t79 rsil l=100u w=0.5u
X75 a_n62338_37516.t0 a_n42268_37276.t0 GND.t57 rsil l=100u w=0.5u
X76 a_n62346_26289.t1 a_n42276_26049.t1 GND.t3 rsil l=100u w=0.5u
X77 Vbn.t2 Vbn.t1 a_n56080_15789.t1 GND.t43 sg13_lv_nmos ad=1.02p pd=6.68u as=1.02p ps=6.68u w=3u l=2u
X78 a_n62346_26769.t0 a_n42276_27009.t0 GND.t6 rsil l=100u w=0.5u
X79 a_n62346_29649.t1 a_n42276_29889.t1 GND.t36 rsil l=100u w=0.5u
X80 a_n62346_31569.t0 a_n42276_31329.t1 GND.t31 rsil l=100u w=0.5u
X81 a_n62338_41836.t0 a_n42268_42076.t0 GND.t45 rsil l=100u w=0.5u
X82 CTRL2.t2 GND.t18 cap_cmim l=55.85u w=55.85u
X83 a_n62346_26769.t1 a_n42276_26529.t1 GND.t10 rsil l=100u w=0.5u
X84 a_n62338_37036.t0 a_n42268_37276.t1 GND.t70 rsil l=100u w=0.5u
X85 a_n62338_34156.t1 a_n42268_33916.t1 GND.t84 rsil l=100u w=0.5u
X86 a_n62338_42316.t0 a_n42268_42556.t1 GND.t53 rsil l=100u w=0.5u
X87 CTRL.t1 GND.t16 cap_cmim l=41.7u w=41.7u
X88 CTRL.t5 GND.t15 cap_cmim l=41.7u w=41.7u
X89 CTRL2.t12 GND.t17 cap_cmim l=55.85u w=55.85u
X90 CTRL2.t9 GND.t17 cap_cmim l=55.85u w=55.85u
X91 a_n62338_37516.t1 a_n42268_37756.t1 GND.t60 rsil l=100u w=0.5u
X92 CTRL1.t3 a_n42276_32769.t1 GND.t81 rsil l=48u w=0.5u
X93 a_n62346_32049.t1 a_n42276_31809.t1 GND.t85 rsil l=100u w=0.5u
X94 a_n53584_18828.t1 UP.t0 VDD.t5 VDD.t3 sg13_lv_pmos ad=3.4p pd=20.68u as=3.4p ps=20.68u w=10u l=2u
X95 a_n62338_34636.t1 a_n42268_34396.t0 GND.t75 rsil l=100u w=0.5u
X96 a_n59084_18838.t0 GND.t89 VDD.t4 VDD.t2 sg13_lv_pmos ad=3.4p pd=20.68u as=3.4p ps=20.68u w=10u l=2u
X97 a_n62346_27249.t1 a_n42276_27009.t1 GND.t38 rsil l=100u w=0.5u
X98 CTRL1.t1 Vbn.t3 a_n53581_15789.t0 GND.t44 sg13_lv_nmos ad=1.02p pd=6.68u as=1.02p ps=6.68u w=3u l=2u
X99 Vbn.t0 Ibias.t3 a_n56080_18834.t1 VDD.t0 sg13_lv_pmos ad=3.4p pd=20.68u as=3.4p ps=20.68u w=10u l=2u
X100 a_n62346_23889.t0 a_n42276_24129.t0 GND.t1 rsil l=100u w=0.5u
X101 a_n62346_32529.t1 a_n42276_32289.t1 GND.t28 rsil l=100u w=0.5u
X102 CTRL2.t3 GND.t18 cap_cmim l=55.85u w=55.85u
X103 CTRL1.t0 Ibias.t2 a_n53584_18828.t0 VDD.t3 sg13_lv_pmos ad=3.4p pd=20.68u as=3.4p ps=20.68u w=10u l=2u
X104 a_n62346_23889.t1 CTRL.t0 GND.t11 rsil l=100u w=0.5u
X105 a_n62346_27729.t0 a_n42276_27489.t1 GND.t39 rsil l=100u w=0.5u
X106 a_n62338_34156.t0 a_n42268_34396.t1 GND.t80 rsil l=100u w=0.5u
X107 a_n62338_37996.t1 a_n42268_38236.t0 GND.t61 rsil l=100u w=0.5u
C0 DN CTRL1 0.31827f
C1 CTRL1 Vbn 0.53937f
C2 a_n62276_30369# a_n62276_30129# 1.72382f
C3 CTRL2 a_n51864_42807# 0.05172f
C4 a_n62268_39916# a_n62268_39676# 1.72382f
C5 CTRL2 CTRL1 1.06998f
C6 a_n62268_36076# a_n62268_35836# 1.72382f
C7 a_n62268_40396# a_n62268_40156# 1.72382f
C8 a_n62268_36316# a_n62268_36076# 1.72382f
C9 a_n62268_36796# a_n62268_37036# 1.72382f
C10 a_n62276_25329# a_n62276_25569# 1.72382f
C11 a_n51872_33020# CTRL1 0.34498f
C12 a_n62268_42556# a_n62268_42316# 1.72382f
C13 CTRL1 a_n62268_33916# 0.23013f
C14 a_n62276_27969# a_n62276_27729# 1.72382f
C15 a_n62276_29409# a_n62276_29169# 1.72382f
C16 a_n62268_38476# a_n62268_38236# 1.72382f
C17 a_n62268_37996# a_n62268_38236# 1.72382f
C18 UP Ibias 5.9841f
C19 CTRL1 a_n62276_32289# 0.0701f
C20 CTRL1 a_n62276_32049# 0.04192f
C21 a_n62276_24849# a_n62276_25089# 1.72382f
C22 Ibias VDD 8.48019f
C23 a_n62276_32049# a_n62276_32289# 1.72382f
C24 a_n62268_39916# a_n62268_40156# 1.72382f
C25 a_n62276_23889# VDD 0.01907f
C26 a_n62276_26289# a_n62276_26049# 1.72382f
C27 a_n62268_37756# a_n62268_37996# 1.72382f
C28 a_n62276_25809# a_n62276_26049# 1.72382f
C29 a_n62276_28689# a_n62276_28449# 1.72382f
C30 a_n62276_25329# CTRL 0.01237f
C31 a_n62268_35356# a_n62268_35596# 1.72382f
C32 a_n62276_24609# CTRL 0.0538f
C33 a_n62276_29169# a_n62276_28929# 1.72382f
C34 a_n62276_25809# a_n62276_25569# 1.72382f
C35 a_n51872_33020# a_n62268_33676# 0.20386f
C36 CTRL1 a_n62268_34396# 0.04998f
C37 a_n62268_33676# a_n62268_33916# 1.72382f
C38 a_n62276_27489# a_n62276_27249# 1.72382f
C39 a_n62276_23889# CTRL 2.0775f
C40 DN Ibias 0.03731f
C41 Ibias Vbn 0.5176f
C42 CTRL1 a_n62268_33676# 1.89169f
C43 a_n62276_30369# a_n62276_30609# 1.72382f
C44 a_n62268_37516# a_n62268_37276# 1.72382f
C45 a_n62276_28209# a_n62276_28449# 1.72382f
C46 a_n62268_39436# a_n62268_39676# 1.72382f
C47 CTRL a_n62276_24369# 0.10232f
C48 a_n62268_38716# a_n62268_38956# 1.72382f
C49 m2_n58119_20650# VDD 0.31128f
C50 a_n51872_33020# a_n62276_32769# 0.7652f
C51 CTRL2 a_n62268_42316# 0.12031f
C52 CTRL1 a_n62268_34636# 0.03106f
C53 a_n62268_42076# a_n62268_42316# 1.72382f
C54 a_n62276_24849# CTRL 0.03302f
C55 CTRL1 Ibias 0.56581f
C56 CTRL1 a_n62276_32769# 1.05105f
C57 a_n62268_39196# a_n62268_38956# 1.72382f
C58 a_n62276_27489# a_n62276_27729# 1.72382f
C59 a_n62276_31569# CTRL1 0.01549f
C60 a_n62276_31089# a_n62276_31329# 1.72382f
C61 a_n62276_26529# a_n62276_26289# 1.72382f
C62 a_n62268_40636# a_n62268_40396# 1.72382f
C63 a_n62276_30849# a_n62276_30609# 1.72382f
C64 a_n62268_34396# a_n62268_34636# 1.72382f
C65 CTRL2 a_n62268_41116# 0.01213f
C66 a_n62268_41116# a_n62268_41356# 1.72382f
C67 a_n62276_24129# CTRL 0.26013f
C68 a_n62268_40636# a_n62268_40876# 1.72382f
C69 CTRL1 a_n62276_32529# 0.15053f
C70 m2_n55115_20646# UP 0.12049f
C71 CTRL1 a_n62268_34876# 0.02115f
C72 a_n62268_35116# a_n62268_34876# 1.72382f
C73 a_n62276_32289# a_n62276_32529# 1.72382f
C74 CTRL1 a_n62276_31809# 0.02875f
C75 a_n62276_32769# a_n62268_33676# 0.15074f
C76 m2_n55115_20646# VDD 0.30981f
C77 a_n62268_36796# a_n62268_36556# 1.72382f
C78 a_n62268_41836# a_n62268_41596# 1.72382f
C79 a_n62276_32049# a_n62276_31809# 1.72382f
C80 a_n62268_36316# a_n62268_36556# 1.72382f
C81 a_n62276_28689# a_n62276_28929# 1.72382f
C82 CTRL2 a_n62268_41836# 0.03175f
C83 a_n62268_38716# a_n62268_38476# 1.72382f
C84 a_n62276_25089# CTRL 0.02228f
C85 a_n62268_42076# a_n62268_41836# 1.72382f
C86 a_n62268_35356# a_n62268_35116# 1.72382f
C87 UP VDD 3.72432f
C88 a_n62268_35836# a_n62268_35596# 1.72382f
C89 a_n62276_24609# a_n62276_24369# 1.72382f
C90 CTRL2 a_n62268_42556# 0.83439f
C91 a_n62268_39436# a_n62268_39196# 1.72382f
C92 a_n62268_33916# a_n62268_34156# 1.72382f
C93 a_n62276_24849# a_n62276_24609# 1.72382f
C94 a_n62268_34636# a_n62268_34876# 1.72382f
C95 a_n62276_31089# a_n62276_30849# 1.72382f
C96 a_n62276_32769# a_n62276_32529# 1.72382f
C97 VDD CTRL 0.54604f
C98 CTRL1 a_n62268_34156# 0.09328f
C99 a_n51864_42807# a_n62268_42556# 0.7652f
C100 UP Vbn 0.03286f
C101 a_n62276_27009# a_n62276_26769# 1.72382f
C102 m2_n58119_20650# Ibias 0.09491f
C103 a_n62276_31569# a_n62276_31809# 1.72382f
C104 VDD Vbn 0.55842f
C105 a_n62268_41116# a_n62268_40876# 1.72382f
C106 a_n62276_31569# a_n62276_31329# 1.72382f
C107 a_n62268_34396# a_n62268_34156# 1.72382f
C108 a_n62276_29649# a_n62276_29889# 1.72382f
C109 a_n62276_29889# a_n62276_30129# 1.72382f
C110 a_n62276_27969# a_n62276_28209# 1.72382f
C111 Vbn CTRL 0.01052f
C112 CTRL2 a_n62268_41596# 0.03328f
C113 CTRL2 CTRL 7.32909f
C114 a_n62268_41596# a_n62268_41356# 1.72382f
C115 a_n62276_26529# a_n62276_26769# 1.72382f
C116 a_n62276_24129# a_n62276_23889# 1.72382f
C117 DN Vbn 0.15605f
C118 CTRL1 VDD 0.92667f
C119 a_n62276_27009# a_n62276_27249# 1.72382f
C120 a_n62268_37516# a_n62268_37756# 1.72382f
C121 a_n62276_29649# a_n62276_29409# 1.72382f
C122 CTRL2 a_n62268_41356# 0.01707f
C123 a_n62268_37276# a_n62268_37036# 1.72382f
C124 a_n62276_24129# a_n62276_24369# 1.72382f
C125 CTRL2 a_n62268_42076# 0.06178f
C126 a_n62276_25329# a_n62276_25089# 1.72382f
C127 CTRL1 CTRL 2.44003f
C128 m2_n55115_20646# Ibias 0.02347f
R0 DN DN.t0 24.6341
R1 UP UP.t0 24.7864
R2 Vbn Vbn.t3 17.8429
R3 Vbn.n0 Vbn.t1 15.7352
R4 Vbn.n1 Vbn.t0 6.44385
R5 Vbn.n0 Vbn.t2 4.29615
R6 Vbn.n1 Vbn.n0 1.21697
R7 Vbn Vbn.n1 0.432198
R8 Ibias Ibias.t2 24.6733
R9 Ibias.n0 Ibias.t3 24.5966
R10 Ibias.n3 Ibias 16.702
R11 Ibias.n1 Ibias.t0 15.032
R12 Ibias.n2 Ibias.n1 9.32157
R13 Ibias.n1 Ibias.t1 2.53609
R14 Ibias.n0 Ibias 1.8023
R15 Ibias Ibias.n3 1.33957
R16 Ibias.n3 Ibias.n2 0.720633
R17 Ibias.n2 Ibias 0.0723667
R18 Ibias Ibias.n0 0.0379
R19 CTRL CTRL.t0 26.699
R20 CTRL CTRL.t8 12.9397
R21 CTRL.t8 CTRL.n5 0.00911383
R22 CTRL.n5 CTRL.t4 0.00856317
R23 CTRL.n2 CTRL.t6 0.00762771
R24 CTRL.n2 CTRL.t2 0.00762771
R25 CTRL.n0 CTRL.t5 0.00760606
R26 CTRL.n0 CTRL.t1 0.00760606
R27 CTRL.n4 CTRL.t7 0.0075671
R28 CTRL.n4 CTRL.t3 0.0075671
R29 CTRL.n1 CTRL.t6 0.00731818
R30 CTRL.t2 CTRL.n1 0.00731818
R31 CTRL.n3 CTRL.t7 0.00729654
R32 CTRL.t3 CTRL.n3 0.00729654
R33 CTRL.n3 CTRL.n2 0.00374727
R34 CTRL.n1 CTRL.n0 0.00374727
R35 CTRL.n5 CTRL.n4 0.003328
R36 CTRL1 CTRL1.n1 28.6972
R37 CTRL1.n0 CTRL1.t2 20.3839
R38 CTRL1.n0 CTRL1.t3 15.0005
R39 CTRL1.n1 CTRL1.t0 6.41987
R40 CTRL1.n1 CTRL1.t1 2.87218
R41 CTRL1 CTRL1.n0 1.5767
R42 CTRL2 CTRL2.n13 38.2373
R43 CTRL2.n0 CTRL2.t0 21.897
R44 CTRL2.n13 CTRL2.n0 19.0853
R45 CTRL2 CTRL2.n0 0.106144
R46 CTRL2.n13 CTRL2.t10 0.0095
R47 CTRL2.n9 CTRL2.t3 0.00902118
R48 CTRL2.n4 CTRL2.t1 0.00898186
R49 CTRL2.n7 CTRL2.t12 0.00851492
R50 CTRL2.t10 CTRL2.n12 0.00847385
R51 CTRL2.n11 CTRL2.t2 0.00805682
R52 CTRL2.n11 CTRL2.t5 0.00805682
R53 CTRL2.n11 CTRL2.t11 0.00805682
R54 CTRL2.n11 CTRL2.t8 0.00805682
R55 CTRL2.n10 CTRL2.t2 0.00801461
R56 CTRL2.n10 CTRL2.t5 0.00801461
R57 CTRL2.t11 CTRL2.n10 0.00801461
R58 CTRL2.n10 CTRL2.t8 0.00801461
R59 CTRL2.n10 CTRL2.n7 0.00478675
R60 CTRL2.n12 CTRL2.n11 0.00478307
R61 CTRL2.n6 CTRL2.t9 0.00448426
R62 CTRL2.n1 CTRL2.t7 0.00448426
R63 CTRL2.n3 CTRL2.t4 0.00442185
R64 CTRL2.n8 CTRL2.t6 0.00442185
R65 CTRL2.n8 CTRL2.n5 0.00393707
R66 CTRL2.n3 CTRL2.n2 0.00393691
R67 CTRL2.n10 CTRL2.n5 0.00338022
R68 CTRL2.n11 CTRL2.n2 0.00333977
R69 CTRL2.n7 CTRL2.n6 0.00308029
R70 CTRL2.n12 CTRL2.n1 0.00307904
R71 CTRL2.n10 CTRL2.n9 0.00305648
R72 CTRL2.n11 CTRL2.n4 0.00304213
R73 CTRL2.n9 CTRL2.n8 0.00138003
R74 CTRL2.n4 CTRL2.n3 0.00137657
R75 CTRL2.n6 CTRL2.n5 0.00104933
R76 CTRL2.n2 CTRL2.n1 0.00104911
R77 VDD.n9 VDD.t6 28.9753
R78 VDD.n25 VDD.n0 17.0005
R79 VDD.n25 VDD.n3 17.0005
R80 VDD.n25 VDD.n5 17.0005
R81 VDD.n25 VDD.n7 17.0005
R82 VDD.n43 VDD 14.9841
R83 VDD.n23 VDD.n22 9.2095
R84 VDD.n9 VDD.n1 9.03413
R85 VDD.n22 VDD.n8 9.0005
R86 VDD.n19 VDD.n18 9.0005
R87 VDD.n17 VDD.n16 9.0005
R88 VDD.n15 VDD.n14 9.0005
R89 VDD.n13 VDD.n12 9.0005
R90 VDD.n11 VDD.n10 9.0005
R91 VDD.n21 VDD.n20 9.0005
R92 VDD.n25 VDD.n1 8.5119
R93 VDD.n25 VDD.n24 8.46715
R94 VDD.n25 VDD.n2 8.45718
R95 VDD.n25 VDD.n4 8.45696
R96 VDD.n25 VDD.n6 8.45497
R97 VDD.n29 VDD 6.24809
R98 VDD.n31 VDD 5.528
R99 VDD.n34 VDD 5.11861
R100 VDD.n43 VDD.t4 3.63951
R101 VDD.n30 VDD.t5 3.63951
R102 VDD.n37 VDD.t1 3.63951
R103 VDD.n38 VDD 3.1905
R104 VDD.n41 VDD 2.00125
R105 VDD.n42 VDD.n25 1.77666
R106 VDD.n43 VDD.n42 1.49467
R107 VDD.n37 VDD.n36 1.42948
R108 VDD.n28 VDD.n27 1.22049
R109 VDD.n35 VDD.n26 1.215
R110 VDD.n32 VDD.n27 1.21468
R111 VDD.n39 VDD.n26 1.21468
R112 VDD.n29 VDD.n28 1.18809
R113 VDD.n41 VDD.n40 1.1171
R114 VDD.n27 VDD.t3 0.607643
R115 VDD.n26 VDD.t0 0.607643
R116 VDD.n25 VDD.t2 0.607643
R117 VDD.n34 VDD.n33 0.589934
R118 VDD.n44 VDD.n43 0.342722
R119 VDD.n28 VDD 0.288727
R120 VDD.n38 VDD.n37 0.274481
R121 VDD.n31 VDD.n30 0.264696
R122 VDD.n30 VDD.n29 0.233268
R123 VDD.n33 VDD 0.217113
R124 VDD.n10 VDD.n1 0.211886
R125 VDD.n13 VDD.n11 0.204
R126 VDD.n17 VDD.n15 0.199187
R127 VDD.n19 VDD.n17 0.197125
R128 VDD.n22 VDD.n21 0.193688
R129 VDD.n36 VDD 0.190177
R130 VDD.n11 VDD.n9 0.188188
R131 VDD.n21 VDD.n19 0.186812
R132 VDD.n15 VDD.n13 0.18475
R133 VDD.n12 VDD.n2 0.171806
R134 VDD.n20 VDD.n7 0.170419
R135 VDD.n24 VDD.n23 0.150973
R136 VDD.n18 VDD.n6 0.146718
R137 VDD.n14 VDD.n3 0.146272
R138 VDD.n16 VDD.n4 0.133793
R139 VDD.n16 VDD.n5 0.131069
R140 VDD.n14 VDD.n4 0.125745
R141 VDD.n18 VDD.n5 0.125703
R142 VDD.n24 VDD.n8 0.122355
R143 VDD.n40 VDD 0.11898
R144 VDD.n20 VDD.n6 0.096637
R145 VDD.n12 VDD.n3 0.0944024
R146 VDD.n10 VDD.n2 0.0940012
R147 VDD.n8 VDD.n7 0.0818821
R148 VDD.n42 VDD.n41 0.0656852
R149 VDD VDD.n44 0.0626296
R150 VDD.n23 VDD.n0 0.0505813
R151 VDD.n35 VDD.n34 0.0092419
R152 VDD.n36 VDD.n35 0.00780619
R153 VDD.n39 VDD.n38 0.00775193
R154 VDD.n32 VDD.n31 0.00747225
R155 VDD.n44 VDD.n0 0.00676016
R156 VDD.n33 VDD.n32 0.00656612
R157 VDD.n40 VDD.n39 0.00629367
R158 GND.n11 GND.t11 30803.4
R159 GND.t11 GND.n6 2078.85
R160 GND.t11 GND.n2 1240.99
R161 GND.t47 GND.t44 96.3935
R162 GND.t43 GND.t19 96.366
R163 GND.t19 GND.n2 81.5146
R164 GND.n14 GND.t47 81.0519
R165 GND.t44 GND.n9 77.0295
R166 GND.n3 GND.t43 76.5966
R167 GND.n11 GND.n3 51.7654
R168 GND.n12 GND.n11 49.4718
R169 GND.t53 GND.t50 32.0104
R170 GND.n10 GND.t79 28.5493
R171 GND GND.t89 19.1463
R172 GND.n16 GND.n5 17.5101
R173 GND.n15 GND.n9 17.0005
R174 GND.n13 GND.n5 17.0005
R175 GND.n0 GND.t88 16.7268
R176 GND.n10 GND.t81 15.2537
R177 GND.t12 GND.n10 10.9244
R178 GND.t85 GND.t23 10.4472
R179 GND.t74 GND.t53 10.445
R180 GND.t45 GND.t74 10.445
R181 GND.t52 GND.t45 10.445
R182 GND.t49 GND.t52 10.445
R183 GND.t51 GND.t49 10.445
R184 GND.t65 GND.t51 10.445
R185 GND.t63 GND.t65 10.445
R186 GND.t46 GND.t63 10.445
R187 GND.t62 GND.t46 10.445
R188 GND.t67 GND.t62 10.445
R189 GND.t64 GND.t67 10.445
R190 GND.t56 GND.t64 10.445
R191 GND.t66 GND.t56 10.445
R192 GND.t77 GND.t66 10.445
R193 GND.t83 GND.t77 10.445
R194 GND.t72 GND.t83 10.445
R195 GND.t68 GND.t72 10.445
R196 GND.t61 GND.t68 10.445
R197 GND.t58 GND.t61 10.445
R198 GND.t60 GND.t58 10.445
R199 GND.t57 GND.t60 10.445
R200 GND.t70 GND.t57 10.445
R201 GND.t86 GND.t70 10.445
R202 GND.t54 GND.t86 10.445
R203 GND.t69 GND.t54 10.445
R204 GND.t71 GND.t69 10.445
R205 GND.t87 GND.t71 10.445
R206 GND.t55 GND.t87 10.445
R207 GND.t73 GND.t55 10.445
R208 GND.t76 GND.t73 10.445
R209 GND.t78 GND.t76 10.445
R210 GND.t59 GND.t78 10.445
R211 GND.t75 GND.t59 10.445
R212 GND.t80 GND.t75 10.445
R213 GND.t84 GND.t80 10.445
R214 GND.t82 GND.t84 10.445
R215 GND.t79 GND.t82 10.445
R216 GND.t28 GND.t12 10.445
R217 GND.t23 GND.t28 10.445
R218 GND.t32 GND.t85 10.445
R219 GND.t31 GND.t32 10.445
R220 GND.t30 GND.t31 10.445
R221 GND.t29 GND.t30 10.445
R222 GND.t34 GND.t29 10.445
R223 GND.t33 GND.t34 10.445
R224 GND.t21 GND.t33 10.445
R225 GND.t24 GND.t21 10.445
R226 GND.t36 GND.t24 10.445
R227 GND.t35 GND.t36 10.445
R228 GND.t22 GND.t35 10.445
R229 GND.t25 GND.t22 10.445
R230 GND.t27 GND.t25 10.445
R231 GND.t13 GND.t27 10.445
R232 GND.t37 GND.t13 10.445
R233 GND.t26 GND.t37 10.445
R234 GND.t40 GND.t26 10.445
R235 GND.t39 GND.t40 10.445
R236 GND.t14 GND.t39 10.445
R237 GND.t38 GND.t14 10.445
R238 GND.t6 GND.t38 10.445
R239 GND.t10 GND.t6 10.445
R240 GND.t0 GND.t10 10.445
R241 GND.t3 GND.t0 10.445
R242 GND.t2 GND.t3 10.445
R243 GND.t8 GND.t2 10.445
R244 GND.t42 GND.t8 10.445
R245 GND.t41 GND.t42 10.445
R246 GND.t5 GND.t41 10.445
R247 GND.t4 GND.t5 10.445
R248 GND.t9 GND.t4 10.445
R249 GND.t7 GND.t9 10.445
R250 GND.t1 GND.t7 10.445
R251 GND.t11 GND.t1 10.445
R252 GND.n20 GND.n19 10.3935
R253 GND.n21 GND 9.06642
R254 GND.n8 GND.n7 8.501
R255 GND.n15 GND.n12 8.46555
R256 GND.n15 GND.n14 5.51388
R257 GND.n15 GND.n6 5.51388
R258 GND.n17 GND.t48 3.7636
R259 GND.n1 GND.t20 3.7636
R260 GND.n16 GND.n15 3.26757
R261 GND.n23 GND.n22 3.17567
R262 GND.n18 GND.n4 3.16623
R263 GND.n23 GND.n3 2.68647
R264 GND.n23 GND.n2 2.68644
R265 GND.n24 GND.n23 2.67388
R266 GND.n17 GND.n16 1.86396
R267 GND GND.n24 1.17701
R268 GND.n22 GND.n21 1.03824
R269 GND.n24 GND.n1 0.612251
R270 GND.n22 GND.n18 0.593047
R271 GND.n8 GND.n6 0.374564
R272 GND.n14 GND.n13 0.374564
R273 GND.n18 GND.n17 0.287953
R274 GND.n0 GND 0.148389
R275 GND.n9 GND.n8 0.142883
R276 GND.n21 GND.n20 0.0864911
R277 GND.n13 GND.n12 0.0718944
R278 GND GND.n0 0.05
R279 GND.n19 GND.t17 0.0342399
R280 GND.n0 GND 0.0261667
R281 GND.n20 GND.n1 0.0112795
R282 GND.n19 GND.t15 0.00676911
R283 GND.t17 GND.t18 0.0042469
R284 GND.t15 GND.t16 0.0035702
R285 GND.n5 GND.n4 0.00311042
R286 GND.n15 GND.n4 0.00188948
R287 GND.n15 GND.n7 0.001
R288 GND.n7 GND.n5 0.001
R289 a_n53581_15789.t0 a_n53581_15789.t1 6.58907
R290 a_n56080_15789.t0 a_n56080_15789.t1 6.12934
R291 a_n53584_18828.t0 a_n53584_18828.t1 5.32843
R292 a_n56080_18834.t0 a_n56080_18834.t1 5.20073
R293 a_n59084_18838.t0 a_n59084_18838.t1 5.1145
R294 a_n62346_23889.t0 a_n62346_23889.t1 30.3225
R295 a_n42276_24129.t0 a_n42276_24129.t1 30.3225
R296 a_n62346_24369.t0 a_n62346_24369.t1 30.3225
R297 a_n42276_24609.t0 a_n42276_24609.t1 30.3225
R298 a_n62346_24849.t0 a_n62346_24849.t1 30.3225
R299 a_n42276_25089.t0 a_n42276_25089.t1 30.3225
R300 a_n62346_25329.t0 a_n62346_25329.t1 30.3225
R301 a_n42276_25569.t0 a_n42276_25569.t1 30.3225
R302 a_n62346_25809.t0 a_n62346_25809.t1 30.3225
R303 a_n42276_26049.t0 a_n42276_26049.t1 30.3225
R304 a_n62346_26289.t0 a_n62346_26289.t1 30.3225
R305 a_n42276_26529.t0 a_n42276_26529.t1 30.3225
R306 a_n62346_26769.t0 a_n62346_26769.t1 30.3225
R307 a_n42276_27009.t0 a_n42276_27009.t1 30.3225
R308 a_n62346_27249.t0 a_n62346_27249.t1 30.3225
R309 a_n42276_27489.t0 a_n42276_27489.t1 30.3225
R310 a_n62346_27729.t0 a_n62346_27729.t1 30.3225
R311 a_n42276_27969.t0 a_n42276_27969.t1 30.3225
R312 a_n62346_28209.t0 a_n62346_28209.t1 30.3225
R313 a_n42276_28449.t0 a_n42276_28449.t1 30.3225
R314 a_n62346_28689.t0 a_n62346_28689.t1 30.3225
R315 a_n42276_28929.t0 a_n42276_28929.t1 30.3225
R316 a_n62346_29169.t0 a_n62346_29169.t1 30.3225
R317 a_n42276_29409.t0 a_n42276_29409.t1 30.3225
R318 a_n62346_29649.t0 a_n62346_29649.t1 30.3225
R319 a_n42276_29889.t0 a_n42276_29889.t1 30.3225
R320 a_n62346_30129.t0 a_n62346_30129.t1 30.3225
R321 a_n42276_30369.t0 a_n42276_30369.t1 30.3225
R322 a_n62346_30609.t0 a_n62346_30609.t1 30.3225
R323 a_n42276_30849.t0 a_n42276_30849.t1 30.3225
R324 a_n62346_31089.t0 a_n62346_31089.t1 30.3225
R325 a_n42276_31329.t0 a_n42276_31329.t1 30.3225
R326 a_n62346_31569.t0 a_n62346_31569.t1 30.3225
R327 a_n42276_31809.t0 a_n42276_31809.t1 30.3225
R328 a_n62346_32049.t0 a_n62346_32049.t1 30.3225
R329 a_n42276_32289.t0 a_n42276_32289.t1 30.3225
R330 a_n62346_32529.t0 a_n62346_32529.t1 30.3225
R331 a_n42276_32769.t0 a_n42276_32769.t1 30.3372
R332 a_n62338_33676.t0 a_n62338_33676.t1 30.3225
R333 a_n42268_33916.t0 a_n42268_33916.t1 30.3225
R334 a_n62338_34156.t0 a_n62338_34156.t1 30.3225
R335 a_n42268_34396.t0 a_n42268_34396.t1 30.3225
R336 a_n62338_34636.t0 a_n62338_34636.t1 30.3225
R337 a_n42268_34876.t0 a_n42268_34876.t1 30.3225
R338 a_n62338_35116.t0 a_n62338_35116.t1 30.3225
R339 a_n42268_35356.t0 a_n42268_35356.t1 30.3225
R340 a_n62338_35596.t0 a_n62338_35596.t1 30.3225
R341 a_n42268_35836.t0 a_n42268_35836.t1 30.3225
R342 a_n62338_36076.t0 a_n62338_36076.t1 30.3225
R343 a_n42268_36316.t0 a_n42268_36316.t1 30.3225
R344 a_n62338_36556.t0 a_n62338_36556.t1 30.3225
R345 a_n42268_36796.t0 a_n42268_36796.t1 30.3225
R346 a_n62338_37036.t0 a_n62338_37036.t1 30.3225
R347 a_n42268_37276.t0 a_n42268_37276.t1 30.3225
R348 a_n62338_37516.t0 a_n62338_37516.t1 30.3225
R349 a_n42268_37756.t0 a_n42268_37756.t1 30.3225
R350 a_n62338_37996.t0 a_n62338_37996.t1 30.3225
R351 a_n42268_38236.t0 a_n42268_38236.t1 30.3225
R352 a_n62338_38476.t0 a_n62338_38476.t1 30.3225
R353 a_n42268_38716.t0 a_n42268_38716.t1 30.3225
R354 a_n62338_38956.t0 a_n62338_38956.t1 30.3225
R355 a_n42268_39196.t0 a_n42268_39196.t1 30.3225
R356 a_n62338_39436.t0 a_n62338_39436.t1 30.3225
R357 a_n42268_39676.t0 a_n42268_39676.t1 30.3225
R358 a_n62338_39916.t0 a_n62338_39916.t1 30.3225
R359 a_n42268_40156.t0 a_n42268_40156.t1 30.3225
R360 a_n62338_40396.t0 a_n62338_40396.t1 30.3225
R361 a_n42268_40636.t0 a_n42268_40636.t1 30.3225
R362 a_n62338_40876.t0 a_n62338_40876.t1 30.3225
R363 a_n42268_41116.t0 a_n42268_41116.t1 30.3225
R364 a_n62338_41356.t0 a_n62338_41356.t1 30.3225
R365 a_n42268_41596.t0 a_n42268_41596.t1 30.3225
R366 a_n62338_41836.t0 a_n62338_41836.t1 30.3225
R367 a_n42268_42076.t0 a_n42268_42076.t1 30.3225
R368 a_n62338_42316.t0 a_n62338_42316.t1 30.3225
R369 a_n42268_42556.t0 a_n42268_42556.t1 30.3372
C129 DN GND 8.09445f
C130 UP GND 12.71831f
C131 Vbn GND 4.95094f
C132 Ibias GND 13.04838f
C133 CTRL GND 20.94162p
C134 CTRL1 GND 31.16869f
C135 CTRL2 GND 56.2524p
C136 VDD GND 10.4873f
C137 m2_n55115_20646# GND 0.05814f
C138 m2_n58119_20650# GND 0.08293f
C139 a_n62276_23889# GND 11.3382f
C140 a_n62276_24129# GND 9.39593f
C141 a_n62276_24369# GND 9.39593f
C142 a_n62276_24609# GND 9.39593f
C143 a_n62276_24849# GND 9.39593f
C144 a_n62276_25089# GND 9.39593f
C145 a_n62276_25329# GND 9.39593f
C146 a_n62276_25569# GND 9.39593f
C147 a_n62276_25809# GND 9.39593f
C148 a_n62276_26049# GND 9.39593f
C149 a_n62276_26289# GND 9.39593f
C150 a_n62276_26529# GND 9.39593f
C151 a_n62276_26769# GND 9.39593f
C152 a_n62276_27009# GND 9.39593f
C153 a_n62276_27249# GND 9.39593f
C154 a_n62276_27489# GND 9.39593f
C155 a_n62276_27729# GND 9.39593f
C156 a_n62276_27969# GND 9.39593f
C157 a_n62276_28209# GND 9.39593f
C158 a_n62276_28449# GND 9.39593f
C159 a_n62276_28689# GND 9.39592f
C160 a_n62276_28929# GND 9.39592f
C161 a_n62276_29169# GND 9.39592f
C162 a_n62276_29409# GND 9.39592f
C163 a_n62276_29649# GND 9.39593f
C164 a_n62276_29889# GND 9.39593f
C165 a_n62276_30129# GND 9.39592f
C166 a_n62276_30369# GND 9.39592f
C167 a_n62276_30609# GND 9.39591f
C168 a_n62276_30849# GND 9.39591f
C169 a_n62276_31089# GND 9.39593f
C170 a_n62276_31329# GND 9.39593f
C171 a_n62276_31569# GND 9.39554f
C172 a_n62276_31809# GND 9.39593f
C173 a_n62276_32049# GND 9.39592f
C174 a_n62276_32289# GND 9.39592f
C175 a_n62276_32529# GND 9.39592f
C176 a_n62276_32769# GND 10.2435f
C177 a_n51872_33020# GND 5.21551f
C178 a_n62268_33676# GND 10.8537f
C179 a_n62268_33916# GND 9.3959f
C180 a_n62268_34156# GND 9.3959f
C181 a_n62268_34396# GND 9.3959f
C182 a_n62268_34636# GND 9.3959f
C183 a_n62268_34876# GND 9.3959f
C184 a_n62268_35116# GND 9.3959f
C185 a_n62268_35356# GND 9.3959f
C186 a_n62268_35596# GND 9.3959f
C187 a_n62268_35836# GND 9.3959f
C188 a_n62268_36076# GND 9.3959f
C189 a_n62268_36316# GND 9.3959f
C190 a_n62268_36556# GND 9.3959f
C191 a_n62268_36796# GND 9.3959f
C192 a_n62268_37036# GND 9.3959f
C193 a_n62268_37276# GND 9.3959f
C194 a_n62268_37516# GND 9.3959f
C195 a_n62268_37756# GND 9.3959f
C196 a_n62268_37996# GND 9.3959f
C197 a_n62268_38236# GND 9.3959f
C198 a_n62268_38476# GND 9.39589f
C199 a_n62268_38716# GND 9.39589f
C200 a_n62268_38956# GND 9.39589f
C201 a_n62268_39196# GND 9.39589f
C202 a_n62268_39436# GND 9.3959f
C203 a_n62268_39676# GND 9.3959f
C204 a_n62268_39916# GND 9.39589f
C205 a_n62268_40156# GND 9.39589f
C206 a_n62268_40396# GND 9.39588f
C207 a_n62268_40636# GND 9.39588f
C208 a_n62268_40876# GND 9.3959f
C209 a_n62268_41116# GND 9.39508f
C210 a_n62268_41356# GND 9.39569f
C211 a_n62268_41596# GND 9.39456f
C212 a_n62268_41836# GND 9.39589f
C213 a_n62268_42076# GND 9.39456f
C214 a_n62268_42316# GND 9.39589f
C215 a_n62268_42556# GND 10.4498f
C216 a_n51864_42807# GND 5.49168f
C217 a_n42268_42556.t0 GND 0.04583f $ **FLOATING
C218 a_n42268_42556.t1 GND 0.04582f $ **FLOATING
C219 a_n62338_42316.t0 GND 0.08342f $ **FLOATING
C220 a_n62338_42316.t1 GND 0.08341f $ **FLOATING
C221 a_n42268_42076.t0 GND 0.07061f $ **FLOATING
C222 a_n42268_42076.t1 GND 0.07065f $ **FLOATING
C223 a_n62338_41836.t0 GND 0.09044f $ **FLOATING
C224 a_n62338_41836.t1 GND 0.09042f $ **FLOATING
C225 a_n42268_41596.t0 GND 0.0967f $ **FLOATING
C226 a_n42268_41596.t1 GND 0.09667f $ **FLOATING
C227 a_n62338_41356.t0 GND 0.11383f $ **FLOATING
C228 a_n62338_41356.t1 GND 0.1139f $ **FLOATING
C229 a_n42268_41116.t0 GND 0.10508f $ **FLOATING
C230 a_n42268_41116.t1 GND 0.10504f $ **FLOATING
C231 a_n62338_40876.t0 GND 0.11587f $ **FLOATING
C232 a_n62338_40876.t1 GND 0.11588f $ **FLOATING
C233 a_n42268_40636.t0 GND 0.09432f $ **FLOATING
C234 a_n42268_40636.t1 GND 0.09434f $ **FLOATING
C235 a_n62338_40396.t0 GND 0.09838f $ **FLOATING
C236 a_n62338_40396.t1 GND 0.09839f $ **FLOATING
C237 a_n42268_40156.t0 GND 0.11173f $ **FLOATING
C238 a_n42268_40156.t1 GND 0.11168f $ **FLOATING
C239 a_n62338_39916.t0 GND 0.11388f $ **FLOATING
C240 a_n62338_39916.t1 GND 0.11389f $ **FLOATING
C241 a_n42268_39676.t0 GND 0.10229f $ **FLOATING
C242 a_n42268_39676.t1 GND 0.10241f $ **FLOATING
C243 a_n62338_39436.t0 GND 0.0975f $ **FLOATING
C244 a_n62338_39436.t1 GND 0.09742f $ **FLOATING
C245 a_n42268_39196.t0 GND 0.07687f $ **FLOATING
C246 a_n42268_39196.t1 GND 0.07682f $ **FLOATING
C247 a_n62338_38956.t0 GND 0.07258f $ **FLOATING
C248 a_n62338_38956.t1 GND 0.07256f $ **FLOATING
C249 a_n42268_38716.t0 GND 0.06975f $ **FLOATING
C250 a_n42268_38716.t1 GND 0.06974f $ **FLOATING
C251 a_n62338_38476.t0 GND 0.07215f $ **FLOATING
C252 a_n62338_38476.t1 GND 0.07217f $ **FLOATING
C253 a_n42268_38236.t0 GND 0.07196f $ **FLOATING
C254 a_n42268_38236.t1 GND 0.07195f $ **FLOATING
C255 a_n62338_37996.t0 GND 0.071f $ **FLOATING
C256 a_n62338_37996.t1 GND 0.07102f $ **FLOATING
C257 a_n42268_37756.t0 GND 0.09813f $ **FLOATING
C258 a_n42268_37756.t1 GND 0.09823f $ **FLOATING
C259 a_n62338_37516.t0 GND 0.09763f $ **FLOATING
C260 a_n62338_37516.t1 GND 0.0976f $ **FLOATING
C261 a_n42268_37276.t0 GND 0.1066f $ **FLOATING
C262 a_n42268_37276.t1 GND 0.10663f $ **FLOATING
C263 a_n62338_37036.t0 GND 0.10559f $ **FLOATING
C264 a_n62338_37036.t1 GND 0.10554f $ **FLOATING
C265 a_n42268_36796.t0 GND 0.09477f $ **FLOATING
C266 a_n42268_36796.t1 GND 0.09472f $ **FLOATING
C267 a_n62338_36556.t0 GND 0.09665f $ **FLOATING
C268 a_n62338_36556.t1 GND 0.09663f $ **FLOATING
C269 a_n42268_36316.t0 GND 0.113f $ **FLOATING
C270 a_n42268_36316.t1 GND 0.11302f $ **FLOATING
C271 a_n62338_36076.t0 GND 0.11291f $ **FLOATING
C272 a_n62338_36076.t1 GND 0.11285f $ **FLOATING
C273 a_n42268_35836.t0 GND 0.1063f $ **FLOATING
C274 a_n42268_35836.t1 GND 0.10635f $ **FLOATING
C275 a_n62338_35596.t0 GND 0.1059f $ **FLOATING
C276 a_n62338_35596.t1 GND 0.10576f $ **FLOATING
C277 a_n42268_35356.t0 GND 0.08768f $ **FLOATING
C278 a_n42268_35356.t1 GND 0.08766f $ **FLOATING
C279 a_n62338_35116.t0 GND 0.08984f $ **FLOATING
C280 a_n62338_35116.t1 GND 0.08974f $ **FLOATING
C281 a_n42268_34876.t0 GND 0.08852f $ **FLOATING
C282 a_n42268_34876.t1 GND 0.08853f $ **FLOATING
C283 a_n62338_34636.t0 GND 0.08994f $ **FLOATING
C284 a_n62338_34636.t1 GND 0.08987f $ **FLOATING
C285 a_n42268_34396.t0 GND 0.08531f $ **FLOATING
C286 a_n42268_34396.t1 GND 0.08531f $ **FLOATING
C287 a_n62338_34156.t0 GND 0.09304f $ **FLOATING
C288 a_n62338_34156.t1 GND 0.09299f $ **FLOATING
C289 a_n42268_33916.t0 GND 0.08456f $ **FLOATING
C290 a_n42268_33916.t1 GND 0.08455f $ **FLOATING
C291 a_n62338_33676.t0 GND 0.06679f $ **FLOATING
C292 a_n62338_33676.t1 GND 0.06683f $ **FLOATING
C293 a_n42276_32769.t0 GND 0.05243f $ **FLOATING
C294 a_n42276_32769.t1 GND 0.05244f $ **FLOATING
C295 a_n62346_32529.t0 GND 0.07619f $ **FLOATING
C296 a_n62346_32529.t1 GND 0.07618f $ **FLOATING
C297 a_n42276_32289.t0 GND 0.07078f $ **FLOATING
C298 a_n42276_32289.t1 GND 0.07082f $ **FLOATING
C299 a_n62346_32049.t0 GND 0.08028f $ **FLOATING
C300 a_n62346_32049.t1 GND 0.08026f $ **FLOATING
C301 a_n42276_31809.t0 GND 0.09671f $ **FLOATING
C302 a_n42276_31809.t1 GND 0.09668f $ **FLOATING
C303 a_n62346_31569.t0 GND 0.10182f $ **FLOATING
C304 a_n62346_31569.t1 GND 0.10175f $ **FLOATING
C305 a_n42276_31329.t0 GND 0.10504f $ **FLOATING
C306 a_n42276_31329.t1 GND 0.10508f $ **FLOATING
C307 a_n62346_31089.t0 GND 0.11096f $ **FLOATING
C308 a_n62346_31089.t1 GND 0.11097f $ **FLOATING
C309 a_n42276_30849.t0 GND 0.09434f $ **FLOATING
C310 a_n42276_30849.t1 GND 0.09432f $ **FLOATING
C311 a_n62346_30609.t0 GND 0.10291f $ **FLOATING
C312 a_n62346_30609.t1 GND 0.10289f $ **FLOATING
C313 a_n42276_30369.t0 GND 0.11168f $ **FLOATING
C314 a_n42276_30369.t1 GND 0.11173f $ **FLOATING
C315 a_n62346_30129.t0 GND 0.11845f $ **FLOATING
C316 a_n62346_30129.t1 GND 0.11843f $ **FLOATING
C317 a_n42276_29889.t0 GND 0.10241f $ **FLOATING
C318 a_n42276_29889.t1 GND 0.10229f $ **FLOATING
C319 a_n62346_29649.t0 GND 0.10199f $ **FLOATING
C320 a_n62346_29649.t1 GND 0.10208f $ **FLOATING
C321 a_n42276_29409.t0 GND 0.07682f $ **FLOATING
C322 a_n42276_29409.t1 GND 0.07687f $ **FLOATING
C323 a_n62346_29169.t0 GND 0.07686f $ **FLOATING
C324 a_n62346_29169.t1 GND 0.07683f $ **FLOATING
C325 a_n42276_28929.t0 GND 0.06974f $ **FLOATING
C326 a_n42276_28929.t1 GND 0.06975f $ **FLOATING
C327 a_n62346_28689.t0 GND 0.07658f $ **FLOATING
C328 a_n62346_28689.t1 GND 0.07661f $ **FLOATING
C329 a_n42276_28449.t0 GND 0.07195f $ **FLOATING
C330 a_n42276_28449.t1 GND 0.07196f $ **FLOATING
C331 a_n62346_28209.t0 GND 0.07545f $ **FLOATING
C332 a_n62346_28209.t1 GND 0.07547f $ **FLOATING
C333 a_n42276_27969.t0 GND 0.09813f $ **FLOATING
C334 a_n42276_27969.t1 GND 0.09823f $ **FLOATING
C335 a_n62346_27729.t0 GND 0.10235f $ **FLOATING
C336 a_n62346_27729.t1 GND 0.10233f $ **FLOATING
C337 a_n42276_27489.t0 GND 0.10663f $ **FLOATING
C338 a_n42276_27489.t1 GND 0.1066f $ **FLOATING
C339 a_n62346_27249.t0 GND 0.11034f $ **FLOATING
C340 a_n62346_27249.t1 GND 0.11029f $ **FLOATING
C341 a_n42276_27009.t0 GND 0.09477f $ **FLOATING
C342 a_n42276_27009.t1 GND 0.09472f $ **FLOATING
C343 a_n62346_26769.t0 GND 0.10127f $ **FLOATING
C344 a_n62346_26769.t1 GND 0.10124f $ **FLOATING
C345 a_n42276_26529.t0 GND 0.11302f $ **FLOATING
C346 a_n42276_26529.t1 GND 0.113f $ **FLOATING
C347 a_n62346_26289.t0 GND 0.11762f $ **FLOATING
C348 a_n62346_26289.t1 GND 0.11755f $ **FLOATING
C349 a_n42276_26049.t0 GND 0.1063f $ **FLOATING
C350 a_n42276_26049.t1 GND 0.10635f $ **FLOATING
C351 a_n62346_25809.t0 GND 0.11063f $ **FLOATING
C352 a_n62346_25809.t1 GND 0.11049f $ **FLOATING
C353 a_n42276_25569.t0 GND 0.08768f $ **FLOATING
C354 a_n42276_25569.t1 GND 0.08766f $ **FLOATING
C355 a_n62346_25329.t0 GND 0.09434f $ **FLOATING
C356 a_n62346_25329.t1 GND 0.09444f $ **FLOATING
C357 a_n42276_25089.t0 GND 0.08852f $ **FLOATING
C358 a_n42276_25089.t1 GND 0.08853f $ **FLOATING
C359 a_n62346_24849.t0 GND 0.09459f $ **FLOATING
C360 a_n62346_24849.t1 GND 0.09467f $ **FLOATING
C361 a_n42276_24609.t0 GND 0.08531f $ **FLOATING
C362 a_n42276_24609.t1 GND 0.08531f $ **FLOATING
C363 a_n62346_24369.t0 GND 0.09778f $ **FLOATING
C364 a_n62346_24369.t1 GND 0.09783f $ **FLOATING
C365 a_n42276_24129.t0 GND 0.08456f $ **FLOATING
C366 a_n42276_24129.t1 GND 0.08455f $ **FLOATING
C367 a_n62346_23889.t0 GND 0.10043f $ **FLOATING
C368 a_n62346_23889.t1 GND 0.10037f $ **FLOATING
C369 a_n59084_18838.t0 GND 0.40663f $ **FLOATING
C370 a_n59084_18838.t1 GND 0.40711f $ **FLOATING
C371 a_n56080_18834.t0 GND 0.40472f $ **FLOATING
C372 a_n56080_18834.t1 GND 0.40518f $ **FLOATING
C373 a_n53584_18828.t0 GND 0.50782f $ **FLOATING
C374 a_n53584_18828.t1 GND 0.50839f $ **FLOATING
C375 a_n56080_15789.t0 GND 0.10859f $ **FLOATING
C376 a_n56080_15789.t1 GND 0.10842f $ **FLOATING
C377 a_n53581_15789.t0 GND 0.11014f $ **FLOATING
C378 a_n53581_15789.t1 GND 0.11033f $ **FLOATING
C379 VDD.t4 GND 0.0955f $ **FLOATING
C380 VDD.n1 GND 0.03051f $ **FLOATING
C381 VDD.t6 GND 0.17498f $ **FLOATING
C382 VDD.n9 GND 0.312f $ **FLOATING
C383 VDD.n10 GND 0.01334f $ **FLOATING
C384 VDD.n11 GND 0.01797f $ **FLOATING
C385 VDD.n12 GND 0.01054f $ **FLOATING
C386 VDD.n13 GND 0.01781f $ **FLOATING
C387 VDD.n14 GND 0.01132f $ **FLOATING
C388 VDD.n15 GND 0.01759f $ **FLOATING
C389 VDD.n16 GND 0.01095f $ **FLOATING
C390 VDD.n17 GND 0.01816f $ **FLOATING
C391 VDD.n18 GND 0.0112f $ **FLOATING
C392 VDD.n19 GND 0.01759f $ **FLOATING
C393 VDD.n20 GND 0.01205f $ **FLOATING
C394 VDD.n21 GND 0.01744f $ **FLOATING
C395 VDD.n22 GND 0.03447f $ **FLOATING
C396 VDD.t2 GND 3.33553f $ **FLOATING
C397 VDD.n25 GND 0.63079f $ **FLOATING
C398 VDD.t0 GND 3.33553f $ **FLOATING
C399 VDD.n26 GND 0.57233f $ **FLOATING
C400 VDD.t1 GND 0.0955f $ **FLOATING
C401 VDD.t3 GND 3.33553f $ **FLOATING
C402 VDD.n27 GND 0.5729f $ **FLOATING
C403 VDD.t5 GND 0.0955f $ **FLOATING
C404 VDD.n28 GND 5.22507f $ **FLOATING
C405 VDD.n29 GND 0.2011f $ **FLOATING
C406 VDD.n30 GND 0.0257f $ **FLOATING
C407 VDD.n31 GND 0.23374f $ **FLOATING
C408 VDD.n32 GND 0.03602f $ **FLOATING
C409 VDD.n33 GND 3.87513f $ **FLOATING
C410 VDD.n34 GND 0.22201f $ **FLOATING
C411 VDD.n35 GND 0.0288f $ **FLOATING
C412 VDD.n36 GND 3.40908f $ **FLOATING
C413 VDD.n37 GND 0.05625f $ **FLOATING
C414 VDD.n38 GND 0.16805f $ **FLOATING
C415 VDD.n39 GND 0.03579f $ **FLOATING
C416 VDD.n40 GND 2.15853f $ **FLOATING
C417 VDD.n41 GND 0.08028f $ **FLOATING
C418 VDD.n42 GND 0.15163f $ **FLOATING
C419 VDD.n43 GND 0.9366f $ **FLOATING
C420 VDD.n44 GND 0.01079f $ **FLOATING
C421 CTRL2.t7 GND 0.59426f $ **FLOATING
C422 CTRL2.n1 GND 0.23762f $ **FLOATING
C423 CTRL2.t8 GND 0.58439f $ **FLOATING
C424 CTRL2.t1 GND 0.71791f $ **FLOATING
C425 CTRL2.t4 GND 0.59137f $ **FLOATING
C426 CTRL2.n3 GND 0.23198f $ **FLOATING
C427 CTRL2.n4 GND 0.11524f $ **FLOATING
C428 CTRL2.t5 GND 0.58439f $ **FLOATING
C429 CTRL2.t2 GND 0.58439f $ **FLOATING
C430 CTRL2.t12 GND 0.71123f $ **FLOATING
C431 CTRL2.t9 GND 0.59426f $ **FLOATING
C432 CTRL2.n6 GND 0.23803f $ **FLOATING
C433 CTRL2.n7 GND 0.12992f $ **FLOATING
C434 CTRL2.t6 GND 0.59137f $ **FLOATING
C435 CTRL2.n8 GND 0.23245f $ **FLOATING
C436 CTRL2.t3 GND 0.71831f $ **FLOATING
C437 CTRL2.n9 GND 0.11564f $ **FLOATING
C438 CTRL2.n10 GND 0.44957f $ **FLOATING
C439 CTRL2.t11 GND 0.58439f $ **FLOATING
C440 CTRL2.n11 GND 0.45017f $ **FLOATING
C441 CTRL2.n12 GND 0.12955f $ **FLOATING
C442 CTRL2.t10 GND 0.60888f $ **FLOATING
C443 CTRL2.n13 GND 0.10631f $ **FLOATING
C444 CTRL1.t2 GND 0.19184f $ **FLOATING
C445 CTRL1.n0 GND 3.1388f $ **FLOATING
C446 CTRL1.t0 GND 0.17885f $ **FLOATING
C447 CTRL1.t1 GND 0.03502f $ **FLOATING
C448 CTRL1.n1 GND 1.09694f $ **FLOATING
C449 CTRL.t0 GND 0.01145f $ **FLOATING
C450 CTRL.t7 GND 1.10785f $ **FLOATING
C451 CTRL.t6 GND 1.10967f $ **FLOATING
C452 CTRL.t5 GND 1.35659f $ **FLOATING
C453 CTRL.t1 GND 1.35659f $ **FLOATING
C454 CTRL.n0 GND 0.49272f $ **FLOATING
C455 CTRL.n1 GND 0.51072f $ **FLOATING
C456 CTRL.t2 GND 1.10967f $ **FLOATING
C457 CTRL.n2 GND 0.49338f $ **FLOATING
C458 CTRL.n3 GND 0.51007f $ **FLOATING
C459 CTRL.t3 GND 1.10785f $ **FLOATING
C460 CTRL.n4 GND 0.45972f $ **FLOATING
C461 CTRL.t4 GND 1.39201f $ **FLOATING
C462 CTRL.n5 GND 0.45767f $ **FLOATING
C463 CTRL.t8 GND 1.43196f $ **FLOATING
C464 Ibias.t2 GND 2.1094f $ **FLOATING
C465 Ibias.t3 GND 2.10672f $ **FLOATING
C466 Ibias.n0 GND 0.54052f $ **FLOATING
C467 Ibias.t1 GND 0.45063f $ **FLOATING
C468 Ibias.t0 GND 2.00199f $ **FLOATING
C469 Ibias.n1 GND 0.54034f $ **FLOATING
C470 Ibias.n2 GND 0.16493f $ **FLOATING
C471 Ibias.n3 GND 4.19052f $ **FLOATING
C472 Vbn.t3 GND 0.49828f $ **FLOATING
C473 Vbn.t0 GND 0.3503f $ **FLOATING
C474 Vbn.t2 GND 0.08897f $ **FLOATING
C475 Vbn.t1 GND 0.46333f $ **FLOATING
C476 Vbn.n0 GND 0.16924f $ **FLOATING
C477 Vbn.n1 GND 0.11116f $ **FLOATING
C478 UP.t0 GND 2.4349f $ **FLOATING
C479 DN.t0 GND 0.07933f $ **FLOATING
.ends

