# Logfile created on 2026-04-11 04:33:31 +0200 by logger.rb/v1.4.3
2026-04-11 04:33:31 +0200: Memory Usage (428884K) : Starting running SG13G2 Klayout LVS runset on /home/designer/shared/frac-n-pll-vco-unic_cass/layout/LC_VCO.gds
2026-04-11 04:33:31 +0200: Memory Usage (428884K) : Ruby Version for klayout: 3.0.2
2026-04-11 04:33:31 +0200: Memory Usage (430036K) : Loading database to memory is complete.
2026-04-11 04:33:31 +0200: Memory Usage (430036K) : SG13G2 Klayout LVS runset output at: /home/designer/shared/frac-n-pll-vco-unic_cass/lvs_run_LC_VCO_2026_04_11_04_33_28/LC_VCO.lvsdb
2026-04-11 04:33:31 +0200: Memory Usage (430036K) : Evaluate switches.
2026-04-11 04:33:31 +0200: Memory Usage (430036K) : Extracted netlist with net names: true
2026-04-11 04:33:31 +0200: Memory Usage (430036K) : Extracted netlist with comments in details: false
2026-04-11 04:33:31 +0200: Memory Usage (430036K) : Selected NET_ONLY option: false
2026-04-11 04:33:31 +0200: Memory Usage (430036K) : Selected LAYOUT_NETLIST option: (none)
2026-04-11 04:33:31 +0200: Memory Usage (430036K) : Selected IGNORE_TOP_PORTS_MISMATCH option: 
2026-04-11 04:33:31 +0200: Memory Usage (430036K) : Selected IMPLICIT_NETS option: (none)
2026-04-11 04:33:31 +0200: Memory Usage (430036K) : Selected TOP_LVL_PINS option: false
2026-04-11 04:33:31 +0200: Memory Usage (430036K) : Selected COMBINE DEVICES option: false
2026-04-11 04:33:31 +0200: Memory Usage (430036K) : Selected PURGE option: false
2026-04-11 04:33:31 +0200: Memory Usage (430036K) : Selected PURGE_NETS option: false
2026-04-11 04:33:31 +0200: Memory Usage (430036K) : Selected SIMPLIFY option: true
2026-04-11 04:33:31 +0200: Memory Usage (430036K) : Selected SERIES_RES option: true
2026-04-11 04:33:31 +0200: Memory Usage (430036K) : Selected PARALLEL_RES option: true
2026-04-11 04:33:31 +0200: Memory Usage (430036K) : flat  mode is enabled.
2026-04-11 04:33:31 +0200: Memory Usage (431060K) : Netlist file: /home/designer/shared/frac-n-pll-vco-unic_cass/schematic/lc-vco/simulations/LC_VCO.spice
2026-04-11 04:33:31 +0200: Memory Usage (431060K) : LVS extracted netlist at: /home/designer/shared/frac-n-pll-vco-unic_cass/lvs_run_LC_VCO_2026_04_11_04_33_28/LC_VCO_extracted.cir
2026-04-11 04:33:31 +0200: Memory Usage (431060K) : Applying SRAM integration support.
2026-04-11 04:33:31 +0200: Memory Usage (431060K) : Starting SG13G2 LVS runset
2026-04-11 04:33:31 +0200: Memory Usage (431060K) : Read in polygons from layers.
2026-04-11 04:33:31 +0200: Memory Usage (432084K) : activ_drw has 26 polygons
2026-04-11 04:33:31 +0200: Memory Usage (432084K) : activ_filler has 0 polygons
2026-04-11 04:33:31 +0200: Memory Usage (432084K) : activ has 26 polygons
2026-04-11 04:33:31 +0200: Memory Usage (432084K) : activ_pin has 0 polygons
2026-04-11 04:33:31 +0200: Memory Usage (432084K) : activ_mask has 0 polygons
2026-04-11 04:33:31 +0200: Memory Usage (432084K) : activ_nofill has 1 polygons
2026-04-11 04:33:31 +0200: Memory Usage (432340K) : activ_OPC has 0 polygons
2026-04-11 04:33:31 +0200: Memory Usage (432340K) : activ_iOPC has 0 polygons
2026-04-11 04:33:31 +0200: Memory Usage (432340K) : activ_noqrc has 1 polygons
2026-04-11 04:33:31 +0200: Memory Usage (432340K) : biwind_drw has 0 polygons
2026-04-11 04:33:31 +0200: Memory Usage (432340K) : biwind_OPC has 0 polygons
2026-04-11 04:33:31 +0200: Memory Usage (432468K) : gatpoly_drw has 14 polygons
2026-04-11 04:33:31 +0200: Memory Usage (432596K) : gatpoly_filler has 0 polygons
2026-04-11 04:33:31 +0200: Memory Usage (432724K) : gatpoly has 14 polygons
2026-04-11 04:33:31 +0200: Memory Usage (432852K) : gatpoly_pin has 6 polygons
2026-04-11 04:33:31 +0200: Memory Usage (432980K) : gatpoly_nofill has 0 polygons
2026-04-11 04:33:31 +0200: Memory Usage (433108K) : gatpoly_OPC has 0 polygons
2026-04-11 04:33:31 +0200: Memory Usage (433236K) : gatpoly_iOPC has 0 polygons
2026-04-11 04:33:31 +0200: Memory Usage (433364K) : gatpoly_noqrc has 0 polygons
2026-04-11 04:33:31 +0200: Memory Usage (434260K) : cont_drw has 3865 polygons
2026-04-11 04:33:31 +0200: Memory Usage (434260K) : cont_OPC has 0 polygons
2026-04-11 04:33:31 +0200: Memory Usage (434260K) : nsd_drw has 0 polygons
2026-04-11 04:33:31 +0200: Memory Usage (434260K) : nsd_block has 0 polygons
2026-04-11 04:33:31 +0200: Memory Usage (434516K) : metal1_drw has 45 polygons
2026-04-11 04:33:31 +0200: Memory Usage (434516K) : metal1_filler has 0 polygons
2026-04-11 04:33:31 +0200: Memory Usage (434516K) : metal1_slit has 0 polygons
2026-04-11 04:33:31 +0200: Memory Usage (434644K) : metal1 has 45 polygons
2026-04-11 04:33:31 +0200: Memory Usage (434772K) : metal1_pin has 25 polygons
2026-04-11 04:33:31 +0200: Memory Usage (434900K) : metal1_mask has 0 polygons
2026-04-11 04:33:31 +0200: Memory Usage (435028K) : metal1_nofill has 1 polygons
2026-04-11 04:33:31 +0200: Memory Usage (435156K) : metal1_text has 4 polygons
2026-04-11 04:33:31 +0200: Memory Usage (435284K) : metal1_OPC has 0 polygons
2026-04-11 04:33:31 +0200: Memory Usage (435412K) : metal1_noqrc has 1 polygons
2026-04-11 04:33:31 +0200: Memory Usage (435540K) : metal1_res has 0 polygons
2026-04-11 04:33:31 +0200: Memory Usage (435668K) : metal1_iprobe has 0 polygons
2026-04-11 04:33:31 +0200: Memory Usage (435796K) : metal1_diffprb has 0 polygons
2026-04-11 04:33:31 +0200: Memory Usage (435924K) : passiv_drw has 0 polygons
2026-04-11 04:33:31 +0200: Memory Usage (436052K) : passiv_pin has 0 polygons
2026-04-11 04:33:31 +0200: Memory Usage (436180K) : passiv_sbump has 0 polygons
2026-04-11 04:33:31 +0200: Memory Usage (436308K) : passiv_pillar has 0 polygons
2026-04-11 04:33:31 +0200: Memory Usage (436436K) : passiv_pdl has 0 polygons
2026-04-11 04:33:31 +0200: Memory Usage (436564K) : metal2_drw has 13 polygons
2026-04-11 04:33:31 +0200: Memory Usage (436692K) : metal2_filler has 0 polygons
2026-04-11 04:33:31 +0200: Memory Usage (436820K) : metal2_slit has 0 polygons
2026-04-11 04:33:31 +0200: Memory Usage (436948K) : metal2 has 13 polygons
2026-04-11 04:33:31 +0200: Memory Usage (437076K) : metal2_pin has 5 polygons
2026-04-11 04:33:31 +0200: Memory Usage (437204K) : metal2_mask has 0 polygons
2026-04-11 04:33:31 +0200: Memory Usage (437332K) : metal2_nofill has 1 polygons
2026-04-11 04:33:31 +0200: Memory Usage (437460K) : metal2_text has 5 polygons
2026-04-11 04:33:31 +0200: Memory Usage (437460K) : metal2_OPC has 0 polygons
2026-04-11 04:33:31 +0200: Memory Usage (437588K) : metal2_noqrc has 1 polygons
2026-04-11 04:33:31 +0200: Memory Usage (437716K) : metal2_res has 0 polygons
2026-04-11 04:33:31 +0200: Memory Usage (437844K) : metal2_iprobe has 0 polygons
2026-04-11 04:33:31 +0200: Memory Usage (437972K) : metal2_diffprb has 0 polygons
2026-04-11 04:33:31 +0200: Memory Usage (438100K) : baspoly_drw has 0 polygons
2026-04-11 04:33:31 +0200: Memory Usage (438228K) : baspoly_pin has 0 polygons
2026-04-11 04:33:31 +0200: Memory Usage (438356K) : psd_drw has 15 polygons
2026-04-11 04:33:31 +0200: Memory Usage (438484K) : nldb_drw has 0 polygons
2026-04-11 04:33:31 +0200: Memory Usage (438612K) : digibnd_drw has 0 polygons
2026-04-11 04:33:31 +0200: Memory Usage (438740K) : via1_drw has 46 polygons
2026-04-11 04:33:31 +0200: Memory Usage (438868K) : backmetal1_drw has 0 polygons
2026-04-11 04:33:31 +0200: Memory Usage (438996K) : backmetal1_pin has 0 polygons
2026-04-11 04:33:31 +0200: Memory Usage (439124K) : backmetal1_mask has 0 polygons
2026-04-11 04:33:31 +0200: Memory Usage (439252K) : backmetal1_filler has 0 polygons
2026-04-11 04:33:31 +0200: Memory Usage (439380K) : backmetal1_nofill has 0 polygons
2026-04-11 04:33:31 +0200: Memory Usage (439508K) : backmetal1_slit has 0 polygons
2026-04-11 04:33:31 +0200: Memory Usage (439636K) : backmetal1_text has 0 polygons
2026-04-11 04:33:31 +0200: Memory Usage (439764K) : backmetal1_OPC has 0 polygons
2026-04-11 04:33:31 +0200: Memory Usage (439892K) : backmetal1_noqrc has 0 polygons
2026-04-11 04:33:31 +0200: Memory Usage (440020K) : backmetal1_res has 0 polygons
2026-04-11 04:33:31 +0200: Memory Usage (440148K) : backmetal1_iprobe has 0 polygons
2026-04-11 04:33:31 +0200: Memory Usage (440276K) : backmetal1_diffprb has 0 polygons
2026-04-11 04:33:31 +0200: Memory Usage (440404K) : backpassiv_drw has 0 polygons
2026-04-11 04:33:31 +0200: Memory Usage (440532K) : res_drw has 0 polygons
2026-04-11 04:33:31 +0200: Memory Usage (440660K) : sram_drw has 0 polygons
2026-04-11 04:33:31 +0200: Memory Usage (440788K) : trans_drw has 0 polygons
2026-04-11 04:33:31 +0200: Memory Usage (440916K) : ind_drw has 2 polygons
2026-04-11 04:33:31 +0200: Memory Usage (441044K) : ind_pin has 2 polygons
2026-04-11 04:33:31 +0200: Memory Usage (441044K) : ind_text has 0 polygons
2026-04-11 04:33:31 +0200: Memory Usage (441172K) : salblock_drw has 0 polygons
2026-04-11 04:33:31 +0200: Memory Usage (441300K) : via2_drw has 134 polygons
2026-04-11 04:33:31 +0200: Memory Usage (441428K) : metal3_drw has 4 polygons
2026-04-11 04:33:31 +0200: Memory Usage (441556K) : metal3_filler has 0 polygons
2026-04-11 04:33:31 +0200: Memory Usage (441684K) : metal3_slit has 0 polygons
2026-04-11 04:33:31 +0200: Memory Usage (441812K) : metal3 has 4 polygons
2026-04-11 04:33:31 +0200: Memory Usage (441940K) : metal3_pin has 0 polygons
2026-04-11 04:33:31 +0200: Memory Usage (442068K) : metal3_mask has 0 polygons
2026-04-11 04:33:31 +0200: Memory Usage (442196K) : metal3_nofill has 1 polygons
2026-04-11 04:33:31 +0200: Memory Usage (442324K) : metal3_text has 0 polygons
2026-04-11 04:33:31 +0200: Memory Usage (442452K) : metal3_OPC has 0 polygons
2026-04-11 04:33:31 +0200: Memory Usage (442580K) : metal3_noqrc has 1 polygons
2026-04-11 04:33:31 +0200: Memory Usage (442708K) : metal3_res has 0 polygons
2026-04-11 04:33:31 +0200: Memory Usage (442836K) : metal3_iprobe has 0 polygons
2026-04-11 04:33:31 +0200: Memory Usage (442964K) : metal3_diffprb has 0 polygons
2026-04-11 04:33:31 +0200: Memory Usage (442964K) : nwell_drw has 7 polygons
2026-04-11 04:33:31 +0200: Memory Usage (443092K) : nwell_pin has 0 polygons
2026-04-11 04:33:31 +0200: Memory Usage (443092K) : nwell_text has 0 polygons
2026-04-11 04:33:31 +0200: Memory Usage (443220K) : nbulay_drw has 2 polygons
2026-04-11 04:33:31 +0200: Memory Usage (443348K) : nbulay_pin has 0 polygons
2026-04-11 04:33:31 +0200: Memory Usage (443476K) : nbulay_block has 0 polygons
2026-04-11 04:33:31 +0200: Memory Usage (443604K) : emwind_drw has 0 polygons
2026-04-11 04:33:31 +0200: Memory Usage (443732K) : emwind_OPC has 0 polygons
2026-04-11 04:33:31 +0200: Memory Usage (443988K) : deepco_drw has 0 polygons
2026-04-11 04:33:31 +0200: Memory Usage (444116K) : mim_drw has 1 polygons
2026-04-11 04:33:31 +0200: Memory Usage (444244K) : edgeseal_drw has 0 polygons
2026-04-11 04:33:31 +0200: Memory Usage (444372K) : substrate_drw has 7 polygons
2026-04-11 04:33:31 +0200: Memory Usage (444372K) : substrate_text has 0 polygons
2026-04-11 04:33:31 +0200: Memory Usage (444500K) : dfpad_drw has 0 polygons
2026-04-11 04:33:31 +0200: Memory Usage (444628K) : dfpad_pillar has 0 polygons
2026-04-11 04:33:31 +0200: Memory Usage (444756K) : dfpad_sbump has 0 polygons
2026-04-11 04:33:31 +0200: Memory Usage (444884K) : thickgateox_drw has 0 polygons
2026-04-11 04:33:31 +0200: Memory Usage (445012K) : pldb_drw has 0 polygons
2026-04-11 04:33:31 +0200: Memory Usage (445140K) : pwell_drw has 0 polygons
2026-04-11 04:33:31 +0200: Memory Usage (445268K) : pwell_pin has 0 polygons
2026-04-11 04:33:31 +0200: Memory Usage (445396K) : pwell_block has 1 polygons
2026-04-11 04:33:31 +0200: Memory Usage (445524K) : ic_drw has 0 polygons
2026-04-11 04:33:31 +0200: Memory Usage (445652K) : via3_drw has 134 polygons
2026-04-11 04:33:31 +0200: Memory Usage (445780K) : metal4_drw has 4 polygons
2026-04-11 04:33:31 +0200: Memory Usage (446036K) : metal4_filler has 0 polygons
2026-04-11 04:33:31 +0200: Memory Usage (446164K) : metal4_slit has 0 polygons
2026-04-11 04:33:31 +0200: Memory Usage (446292K) : metal4 has 4 polygons
2026-04-11 04:33:31 +0200: Memory Usage (446292K) : metal4_pin has 0 polygons
2026-04-11 04:33:31 +0200: Memory Usage (446548K) : metal4_mask has 0 polygons
2026-04-11 04:33:31 +0200: Memory Usage (446676K) : metal4_nofill has 1 polygons
2026-04-11 04:33:31 +0200: Memory Usage (446676K) : metal4_text has 0 polygons
2026-04-11 04:33:31 +0200: Memory Usage (446804K) : metal4_OPC has 0 polygons
2026-04-11 04:33:31 +0200: Memory Usage (446932K) : metal4_noqrc has 1 polygons
2026-04-11 04:33:31 +0200: Memory Usage (447060K) : metal4_res has 0 polygons
2026-04-11 04:33:31 +0200: Memory Usage (447188K) : metal4_iprobe has 0 polygons
2026-04-11 04:33:31 +0200: Memory Usage (447316K) : metal4_diffprb has 0 polygons
2026-04-11 04:33:31 +0200: Memory Usage (447316K) : heattrans_drw has 99 polygons
2026-04-11 04:33:31 +0200: Memory Usage (447316K) : heatres_drw has 0 polygons
2026-04-11 04:33:31 +0200: Memory Usage (447316K) : fbe_drw has 0 polygons
2026-04-11 04:33:31 +0200: Memory Usage (447316K) : empoly_drw has 0 polygons
2026-04-11 04:33:31 +0200: Memory Usage (447316K) : digisub_drw has 0 polygons
2026-04-11 04:33:31 +0200: Memory Usage (447316K) : text_drw has 18 polygons
2026-04-11 04:33:31 +0200: Memory Usage (447316K) : via4_drw has 134 polygons
2026-04-11 04:33:31 +0200: Memory Usage (447316K) : metal5_drw has 4 polygons
2026-04-11 04:33:31 +0200: Memory Usage (447316K) : metal5_filler has 0 polygons
2026-04-11 04:33:31 +0200: Memory Usage (447316K) : metal5_slit has 0 polygons
2026-04-11 04:33:31 +0200: Memory Usage (447316K) : metal5 has 4 polygons
2026-04-11 04:33:31 +0200: Memory Usage (447316K) : metal5_pin has 1 polygons
2026-04-11 04:33:31 +0200: Memory Usage (447316K) : metal5_mask has 0 polygons
2026-04-11 04:33:31 +0200: Memory Usage (447316K) : metal5_nofill has 1 polygons
2026-04-11 04:33:31 +0200: Memory Usage (447316K) : metal5_text has 0 polygons
2026-04-11 04:33:31 +0200: Memory Usage (447316K) : metal5_OPC has 0 polygons
2026-04-11 04:33:31 +0200: Memory Usage (447316K) : metal5_noqrc has 1 polygons
2026-04-11 04:33:31 +0200: Memory Usage (447316K) : metal5_res has 0 polygons
2026-04-11 04:33:31 +0200: Memory Usage (447316K) : metal5_iprobe has 0 polygons
2026-04-11 04:33:31 +0200: Memory Usage (447316K) : metal5_diffprb has 0 polygons
2026-04-11 04:33:31 +0200: Memory Usage (447316K) : radhard_drw has 0 polygons
2026-04-11 04:33:31 +0200: Memory Usage (447316K) : memcap_drw has 0 polygons
2026-04-11 04:33:31 +0200: Memory Usage (447316K) : varicap_drw has 0 polygons
2026-04-11 04:33:31 +0200: Memory Usage (447316K) : intbondvia_drw has 0 polygons
2026-04-11 04:33:31 +0200: Memory Usage (447316K) : intbondmet_drw has 0 polygons
2026-04-11 04:33:31 +0200: Memory Usage (447316K) : devbondvia_drw has 0 polygons
2026-04-11 04:33:31 +0200: Memory Usage (447316K) : devbondmet_drw has 0 polygons
2026-04-11 04:33:31 +0200: Memory Usage (447316K) : devtrench_drw has 0 polygons
2026-04-11 04:33:31 +0200: Memory Usage (447316K) : redist_drw has 0 polygons
2026-04-11 04:33:31 +0200: Memory Usage (447316K) : graphbot_drw has 0 polygons
2026-04-11 04:33:31 +0200: Memory Usage (447316K) : graphtop_drw has 0 polygons
2026-04-11 04:33:31 +0200: Memory Usage (447316K) : antvia1_drw has 0 polygons
2026-04-11 04:33:31 +0200: Memory Usage (447316K) : antmetal2_drw has 0 polygons
2026-04-11 04:33:31 +0200: Memory Usage (447316K) : graphcont_drw has 0 polygons
2026-04-11 04:33:31 +0200: Memory Usage (447316K) : siwg_drw has 0 polygons
2026-04-11 04:33:31 +0200: Memory Usage (447316K) : siwg_filler has 0 polygons
2026-04-11 04:33:31 +0200: Memory Usage (447316K) : siwg_nofill has 0 polygons
2026-04-11 04:33:31 +0200: Memory Usage (447316K) : sigrating_drw has 0 polygons
2026-04-11 04:33:31 +0200: Memory Usage (447316K) : singrating_drw has 0 polygons
2026-04-11 04:33:31 +0200: Memory Usage (447316K) : graphpas_drw has 0 polygons
2026-04-11 04:33:31 +0200: Memory Usage (447316K) : emwind3_drw has 0 polygons
2026-04-11 04:33:31 +0200: Memory Usage (447316K) : emwihv3_drw has 0 polygons
2026-04-11 04:33:31 +0200: Memory Usage (447316K) : redbulay_drw has 0 polygons
2026-04-11 04:33:31 +0200: Memory Usage (447316K) : smos_drw has 0 polygons
2026-04-11 04:33:31 +0200: Memory Usage (447316K) : graphpad_drw has 0 polygons
2026-04-11 04:33:31 +0200: Memory Usage (447316K) : polimide_drw has 0 polygons
2026-04-11 04:33:31 +0200: Memory Usage (447316K) : polimide_pin has 0 polygons
2026-04-11 04:33:31 +0200: Memory Usage (447316K) : recog_drw has 0 polygons
2026-04-11 04:33:31 +0200: Memory Usage (447316K) : recog_pin has 0 polygons
2026-04-11 04:33:31 +0200: Memory Usage (447316K) : recog_esd has 0 polygons
2026-04-11 04:33:31 +0200: Memory Usage (447316K) : recog_diode has 0 polygons
2026-04-11 04:33:31 +0200: Memory Usage (447316K) : recog_tsv has 0 polygons
2026-04-11 04:33:31 +0200: Memory Usage (447316K) : recog_iprobe has 0 polygons
2026-04-11 04:33:31 +0200: Memory Usage (447316K) : recog_diffprb has 0 polygons
2026-04-11 04:33:31 +0200: Memory Usage (447316K) : recog_pillar has 0 polygons
2026-04-11 04:33:31 +0200: Memory Usage (447316K) : recog_sbump has 0 polygons
2026-04-11 04:33:31 +0200: Memory Usage (447316K) : recog_otp has 0 polygons
2026-04-11 04:33:31 +0200: Memory Usage (447316K) : recog_pdiode has 0 polygons
2026-04-11 04:33:31 +0200: Memory Usage (447316K) : recog_mom has 0 polygons
2026-04-11 04:33:31 +0200: Memory Usage (447316K) : recog_pcm has 0 polygons
2026-04-11 04:33:31 +0200: Memory Usage (447316K) : colopen_drw has 0 polygons
2026-04-11 04:33:31 +0200: Memory Usage (447316K) : graphmetal1_drw has 0 polygons
2026-04-11 04:33:31 +0200: Memory Usage (447316K) : graphmetal1_filler has 0 polygons
2026-04-11 04:33:31 +0200: Memory Usage (447316K) : graphmetal1_nofill has 0 polygons
2026-04-11 04:33:31 +0200: Memory Usage (447316K) : graphmetal1_slit has 0 polygons
2026-04-11 04:33:31 +0200: Memory Usage (447316K) : graphmetal1_OPC has 0 polygons
2026-04-11 04:33:31 +0200: Memory Usage (447316K) : graphmet1l_drw has 0 polygons
2026-04-11 04:33:31 +0200: Memory Usage (447316K) : graphmet1l_filler has 0 polygons
2026-04-11 04:33:31 +0200: Memory Usage (447316K) : graphmet1l_nofill has 0 polygons
2026-04-11 04:33:31 +0200: Memory Usage (447316K) : graphmet1l_slit has 0 polygons
2026-04-11 04:33:31 +0200: Memory Usage (447316K) : graphmet1l_OPC has 0 polygons
2026-04-11 04:33:31 +0200: Memory Usage (447316K) : extblock_drw has 0 polygons
2026-04-11 04:33:31 +0200: Memory Usage (447316K) : nldd_drw has 0 polygons
2026-04-11 04:33:31 +0200: Memory Usage (447316K) : pldd_drw has 0 polygons
2026-04-11 04:33:31 +0200: Memory Usage (447316K) : next_drw has 0 polygons
2026-04-11 04:33:31 +0200: Memory Usage (447316K) : pext_drw has 0 polygons
2026-04-11 04:33:31 +0200: Memory Usage (447316K) : nexthv_drw has 0 polygons
2026-04-11 04:33:31 +0200: Memory Usage (447316K) : pexthv_drw has 0 polygons
2026-04-11 04:33:31 +0200: Memory Usage (447316K) : graphgate_drw has 0 polygons
2026-04-11 04:33:31 +0200: Memory Usage (447316K) : sinwg_drw has 0 polygons
2026-04-11 04:33:31 +0200: Memory Usage (447316K) : sinwg_filler has 0 polygons
2026-04-11 04:33:31 +0200: Memory Usage (447316K) : sinwg_nofill has 0 polygons
2026-04-11 04:33:31 +0200: Memory Usage (447316K) : mempad_drw has 0 polygons
2026-04-11 04:33:31 +0200: Memory Usage (447316K) : topvia1_drw has 129 polygons
2026-04-11 04:33:31 +0200: Memory Usage (447316K) : topmetal1_drw has 5 polygons
2026-04-11 04:33:31 +0200: Memory Usage (447316K) : topmetal1_filler has 0 polygons
2026-04-11 04:33:31 +0200: Memory Usage (447316K) : topmetal1_slit has 0 polygons
2026-04-11 04:33:31 +0200: Memory Usage (447316K) : topmetal1 has 5 polygons
2026-04-11 04:33:31 +0200: Memory Usage (447316K) : topmetal1_pin has 1 polygons
2026-04-11 04:33:31 +0200: Memory Usage (447316K) : topmetal1_mask has 0 polygons
2026-04-11 04:33:31 +0200: Memory Usage (447316K) : topmetal1_nofill has 1 polygons
2026-04-11 04:33:31 +0200: Memory Usage (447316K) : topmetal1_text has 0 polygons
2026-04-11 04:33:31 +0200: Memory Usage (447316K) : topmetal1_noqrc has 1 polygons
2026-04-11 04:33:31 +0200: Memory Usage (447316K) : topmetal1_res has 0 polygons
2026-04-11 04:33:31 +0200: Memory Usage (447316K) : topmetal1_iprobe has 0 polygons
2026-04-11 04:33:31 +0200: Memory Usage (447316K) : topmetal1_diffprb has 0 polygons
2026-04-11 04:33:31 +0200: Memory Usage (447316K) : inldpwl_drw has 0 polygons
2026-04-11 04:33:31 +0200: Memory Usage (447316K) : polyres_drw has 0 polygons
2026-04-11 04:33:31 +0200: Memory Usage (447316K) : polyres_pin has 0 polygons
2026-04-11 04:33:31 +0200: Memory Usage (447316K) : vmim_drw has 576 polygons
2026-04-11 04:33:31 +0200: Memory Usage (447316K) : nbulaycut_drw has 0 polygons
2026-04-11 04:33:31 +0200: Memory Usage (447316K) : antmetal1_drw has 0 polygons
2026-04-11 04:33:31 +0200: Memory Usage (447316K) : topvia2_drw has 488 polygons
2026-04-11 04:33:31 +0200: Memory Usage (447444K) : topmetal2_drw has 3 polygons
2026-04-11 04:33:31 +0200: Memory Usage (447444K) : topmetal2_filler has 0 polygons
2026-04-11 04:33:31 +0200: Memory Usage (447444K) : topmetal2_slit has 0 polygons
2026-04-11 04:33:31 +0200: Memory Usage (447444K) : topmetal2 has 3 polygons
2026-04-11 04:33:31 +0200: Memory Usage (447444K) : topmetal2_pin has 0 polygons
2026-04-11 04:33:31 +0200: Memory Usage (447444K) : topmetal2_mask has 0 polygons
2026-04-11 04:33:31 +0200: Memory Usage (447444K) : topmetal2_nofill has 1 polygons
2026-04-11 04:33:31 +0200: Memory Usage (447444K) : topmetal2_text has 0 polygons
2026-04-11 04:33:31 +0200: Memory Usage (447444K) : topmetal2_noqrc has 0 polygons
2026-04-11 04:33:31 +0200: Memory Usage (447444K) : topmetal2_res has 0 polygons
2026-04-11 04:33:31 +0200: Memory Usage (447444K) : topmetal2_iprobe has 0 polygons
2026-04-11 04:33:31 +0200: Memory Usage (447444K) : topmetal2_diffprb has 0 polygons
2026-04-11 04:33:31 +0200: Memory Usage (447444K) : snsring_drw has 0 polygons
2026-04-11 04:33:31 +0200: Memory Usage (447444K) : sensor_drw has 0 polygons
2026-04-11 04:33:31 +0200: Memory Usage (447444K) : snsarms_drw has 0 polygons
2026-04-11 04:33:31 +0200: Memory Usage (447444K) : snscmosvia_drw has 0 polygons
2026-04-11 04:33:31 +0200: Memory Usage (447444K) : colwind_drw has 0 polygons
2026-04-11 04:33:31 +0200: Memory Usage (447444K) : flm_drw has 0 polygons
2026-04-11 04:33:31 +0200: Memory Usage (447444K) : hafniumox_drw has 0 polygons
2026-04-11 04:33:31 +0200: Memory Usage (447444K) : memvia_drw has 0 polygons
2026-04-11 04:33:31 +0200: Memory Usage (447444K) : thinfilmres_drw has 0 polygons
2026-04-11 04:33:31 +0200: Memory Usage (447444K) : rfmem_drw has 0 polygons
2026-04-11 04:33:31 +0200: Memory Usage (447444K) : norcx_drw has 0 polygons
2026-04-11 04:33:31 +0200: Memory Usage (447444K) : norcx_m2m3 has 0 polygons
2026-04-11 04:33:31 +0200: Memory Usage (447444K) : norcx_m2m4 has 0 polygons
2026-04-11 04:33:31 +0200: Memory Usage (447572K) : norcx_m2m5 has 0 polygons
2026-04-11 04:33:31 +0200: Memory Usage (447700K) : norcx_m2tm1 has 0 polygons
2026-04-11 04:33:31 +0200: Memory Usage (447828K) : norcx_m2tm2 has 0 polygons
2026-04-11 04:33:31 +0200: Memory Usage (447956K) : norcx_m3m4 has 0 polygons
2026-04-11 04:33:31 +0200: Memory Usage (448084K) : norcx_m3m5 has 0 polygons
2026-04-11 04:33:31 +0200: Memory Usage (448212K) : norcx_m3tm1 has 0 polygons
2026-04-11 04:33:31 +0200: Memory Usage (448340K) : norcx_m3tm2 has 0 polygons
2026-04-11 04:33:31 +0200: Memory Usage (448468K) : norcx_m4m5 has 0 polygons
2026-04-11 04:33:31 +0200: Memory Usage (448596K) : norcx_m4tm1 has 0 polygons
2026-04-11 04:33:31 +0200: Memory Usage (448724K) : norcx_m4tm2 has 0 polygons
2026-04-11 04:33:31 +0200: Memory Usage (448852K) : norcx_m5tm1 has 0 polygons
2026-04-11 04:33:31 +0200: Memory Usage (448980K) : norcx_m5tm2 has 0 polygons
2026-04-11 04:33:31 +0200: Memory Usage (449108K) : norcx_tm1tm2 has 0 polygons
2026-04-11 04:33:31 +0200: Memory Usage (449236K) : norcx_m1sub has 0 polygons
2026-04-11 04:33:31 +0200: Memory Usage (449364K) : norcx_m2sub has 0 polygons
2026-04-11 04:33:31 +0200: Memory Usage (449492K) : norcx_m3sub has 0 polygons
2026-04-11 04:33:31 +0200: Memory Usage (449620K) : norcx_m4sub has 0 polygons
2026-04-11 04:33:31 +0200: Memory Usage (449748K) : norcx_m5sub has 0 polygons
2026-04-11 04:33:31 +0200: Memory Usage (449876K) : norcx_tm1sub has 0 polygons
2026-04-11 04:33:31 +0200: Memory Usage (450004K) : norcx_tm2sub has 0 polygons
2026-04-11 04:33:31 +0200: Memory Usage (450132K) : snsbotvia_drw has 0 polygons
2026-04-11 04:33:31 +0200: Memory Usage (450260K) : snstopvia_drw has 0 polygons
2026-04-11 04:33:31 +0200: Memory Usage (450388K) : deepvia_drw has 0 polygons
2026-04-11 04:33:31 +0200: Memory Usage (450516K) : fgetch_drw has 0 polygons
2026-04-11 04:33:31 +0200: Memory Usage (450644K) : ctrgat_drw has 0 polygons
2026-04-11 04:33:31 +0200: Memory Usage (450772K) : fgimp_drw has 0 polygons
2026-04-11 04:33:31 +0200: Memory Usage (450900K) : emwihv_drw has 0 polygons
2026-04-11 04:33:31 +0200: Memory Usage (451028K) : lbe_drw has 0 polygons
2026-04-11 04:33:31 +0200: Memory Usage (451156K) : alcustop_drw has 0 polygons
2026-04-11 04:33:31 +0200: Memory Usage (451284K) : nometfiller_drw has 0 polygons
2026-04-11 04:33:31 +0200: Memory Usage (451540K) : prboundary_drw has 0 polygons
2026-04-11 04:33:31 +0200: Memory Usage (451668K) : exchange0_drw has 0 polygons
2026-04-11 04:33:31 +0200: Memory Usage (451796K) : exchange0_pin has 0 polygons
2026-04-11 04:33:31 +0200: Memory Usage (451796K) : exchange0_text has 0 polygons
2026-04-11 04:33:31 +0200: Memory Usage (451924K) : exchange1_drw has 0 polygons
2026-04-11 04:33:31 +0200: Memory Usage (452052K) : exchange1_pin has 0 polygons
2026-04-11 04:33:31 +0200: Memory Usage (452180K) : exchange1_text has 0 polygons
2026-04-11 04:33:31 +0200: Memory Usage (452308K) : exchange2_drw has 0 polygons
2026-04-11 04:33:31 +0200: Memory Usage (452436K) : exchange2_pin has 0 polygons
2026-04-11 04:33:31 +0200: Memory Usage (452436K) : exchange2_text has 0 polygons
2026-04-11 04:33:31 +0200: Memory Usage (452564K) : exchange3_drw has 0 polygons
2026-04-11 04:33:31 +0200: Memory Usage (452692K) : exchange3_pin has 0 polygons
2026-04-11 04:33:31 +0200: Memory Usage (452820K) : exchange3_text has 0 polygons
2026-04-11 04:33:31 +0200: Memory Usage (452948K) : exchange4_drw has 0 polygons
2026-04-11 04:33:31 +0200: Memory Usage (453076K) : exchange4_pin has 0 polygons
2026-04-11 04:33:31 +0200: Memory Usage (453076K) : exchange4_text has 0 polygons
2026-04-11 04:33:31 +0200: Memory Usage (453204K) : isonwell_drw has 0 polygons
2026-04-11 04:33:31 +0200: Memory Usage (453204K) : Total no. of polygons in the design is 5840
2026-04-11 04:33:31 +0200: Memory Usage (453204K) : Starting base layers derivations
2026-04-11 04:33:31 +0200: Memory Usage (453204K) : Starting general LVS derivations
2026-04-11 04:33:31 +0200: Memory Usage (458708K) : Starting MOSFET DERIVATIONS
2026-04-11 04:33:32 +0200: Memory Usage (447652K) : Starting NMOS DERIVATIONS
2026-04-11 04:33:32 +0200: Memory Usage (447652K) : Starting PMOS DERIVATIONS
2026-04-11 04:33:32 +0200: Memory Usage (447652K) : Starting RF-MOSFET DERIVATIONS
2026-04-11 04:33:32 +0200: Memory Usage (447652K) : Starting RF-NMOS DERIVATIONS
2026-04-11 04:33:32 +0200: Memory Usage (447652K) : Starting RF-PMOS DERIVATIONS
2026-04-11 04:33:32 +0200: Memory Usage (447652K) : Starting BJT DERIVATIONS
2026-04-11 04:33:32 +0200: Memory Usage (447652K) : Starting NPN-BJT DERIVATIONS
2026-04-11 04:33:32 +0200: Memory Usage (447652K) : Starting PNP-BJT DERIVATIONS
2026-04-11 04:33:32 +0200: Memory Usage (447652K) : Starting DIODE DERIVATIONS
2026-04-11 04:33:32 +0200: Memory Usage (447652K) : Starting RESISTOR DERIVATIONS
2026-04-11 04:33:32 +0200: Memory Usage (448548K) : Starting CAP DERIVATIONS
2026-04-11 04:33:32 +0200: Memory Usage (452132K) : Starting ESD DERIVATIONS
2026-04-11 04:33:32 +0200: Memory Usage (460580K) : Starting Inductor DERIVATIONS
2026-04-11 04:33:32 +0200: Memory Usage (460708K) : Starting Taps DERIVATIONS
2026-04-11 04:33:32 +0200: Memory Usage (460708K) : Starting SG13G2 LVS connectivity setup
2026-04-11 04:33:32 +0200: Memory Usage (460708K) : Starting SG13G2 LVS connectivity setup (Inter-layer)
2026-04-11 04:33:32 +0200: Memory Usage (461220K) : Starting SG13G2 LVS connectivity setup (Global)
2026-04-11 04:33:32 +0200: Memory Usage (461220K) : Starting LVS MOSFET CONNECTIONS
2026-04-11 04:33:32 +0200: Memory Usage (461220K) : Starting LVS RF-MOSFET CONNECTIONS
2026-04-11 04:33:32 +0200: Memory Usage (461220K) : Starting LVS BJT CONNECTIONS
2026-04-11 04:33:32 +0200: Memory Usage (461220K) : Starting LVS DIODE CONNECTIONS
2026-04-11 04:33:32 +0200: Memory Usage (461220K) : Starting RESISTOR CONNECTIONS
2026-04-11 04:33:32 +0200: Memory Usage (461220K) : Starting LVS CAP CONNECTIONS
2026-04-11 04:33:32 +0200: Memory Usage (461220K) : Starting ESD CONNECTIONS
2026-04-11 04:33:32 +0200: Memory Usage (461220K) : Starting Inductor CONNECTIONS
2026-04-11 04:33:32 +0200: Memory Usage (461220K) : Starting LVS Taps CONNECTIONS
2026-04-11 04:33:32 +0200: Memory Usage (461220K) : Starting SG13G2 LVS DEVICES EXTRACTION
2026-04-11 04:33:32 +0200: Memory Usage (461220K) : Starting MOSFET EXTRACTION
2026-04-11 04:33:32 +0200: Memory Usage (461220K) : Starting NMOS EXTRACTION
2026-04-11 04:33:32 +0200: Memory Usage (461220K) : Extraction of NMOS-LV transistor
2026-04-11 04:33:32 +0200: Memory Usage (461604K) : Extraction of NMOS-HV transistor
2026-04-11 04:33:32 +0200: Memory Usage (461732K) : Starting PMOS EXTRACTION
2026-04-11 04:33:32 +0200: Memory Usage (461732K) : Extraction of PMOS-LV transistor
2026-04-11 04:33:32 +0200: Memory Usage (461732K) : Extraction of PMOS-HV transistor
2026-04-11 04:33:32 +0200: Memory Usage (461732K) : Starting RF-MOSFET EXTRACTION
2026-04-11 04:33:32 +0200: Memory Usage (461732K) : Extraction of RF-NMOS-LV transistor
2026-04-11 04:33:32 +0200: Memory Usage (461732K) : Extraction of RF-NMOS-HV transistor
2026-04-11 04:33:32 +0200: Memory Usage (461732K) : Extraction of RF-PMOS-LV transistor
2026-04-11 04:33:32 +0200: Memory Usage (461732K) : Extraction of RF-PMOS-HV transistor
2026-04-11 04:33:32 +0200: Memory Usage (461732K) : Starting BJT EXTRACTION
2026-04-11 04:33:32 +0200: Memory Usage (461732K) : Starting NPN-BJT EXTRACTION
2026-04-11 04:33:32 +0200: Memory Usage (461732K) : Extraction of npn13G2 BJT transistor
2026-04-11 04:33:32 +0200: Memory Usage (461732K) : Extraction of npn13G2L BJT transistor
2026-04-11 04:33:32 +0200: Memory Usage (461732K) : Extraction of npn13G2V BJT transistor
2026-04-11 04:33:32 +0200: Memory Usage (461732K) : Starting PNP-BJT EXTRACTION
2026-04-11 04:33:32 +0200: Memory Usage (461732K) : Extracting pnpMPA BJT
2026-04-11 04:33:32 +0200: Memory Usage (461732K) : Starting DIODE EXTRACTION
2026-04-11 04:33:32 +0200: Memory Usage (461732K) : Extracting dantenna diode
2026-04-11 04:33:32 +0200: Memory Usage (461732K) : Extracting dpantenna diode
2026-04-11 04:33:32 +0200: Memory Usage (461732K) : Extracting schottky_nbl1 diode
2026-04-11 04:33:32 +0200: Memory Usage (461732K) : Extracting isolbox diode
2026-04-11 04:33:32 +0200: Memory Usage (461732K) : Starting RESISTOR EXTRACTION
2026-04-11 04:33:32 +0200: Memory Usage (461732K) : Extracting rsil resistor
2026-04-11 04:33:32 +0200: Memory Usage (461732K) : Extracting rppd resistor
2026-04-11 04:33:32 +0200: Memory Usage (461732K) : Extracting rhigh resistor
2026-04-11 04:33:32 +0200: Memory Usage (461732K) : Extracting res_metal1 resistor
2026-04-11 04:33:32 +0200: Memory Usage (461860K) : Extracting res_metal2 resistor
2026-04-11 04:33:32 +0200: Memory Usage (461860K) : Extracting res_metal3 resistor
2026-04-11 04:33:32 +0200: Memory Usage (461860K) : Extracting res_metal4 resistor
2026-04-11 04:33:32 +0200: Memory Usage (461860K) : Extracting res_metal5 resistor
2026-04-11 04:33:32 +0200: Memory Usage (461860K) : Extracting res_topmetal1 resistor
2026-04-11 04:33:32 +0200: Memory Usage (461860K) : Extracting res_topmetal2 resistor
2026-04-11 04:33:32 +0200: Memory Usage (461860K) : Starting CAP EXTRACTION
2026-04-11 04:33:32 +0200: Memory Usage (461860K) : Extracting cap_cmim device
2026-04-11 04:33:32 +0200: Memory Usage (461860K) : Extracting rfcmim device
2026-04-11 04:33:32 +0200: Memory Usage (461860K) : Extracting sg13_hv_svaricap varactor
2026-04-11 04:33:32 +0200: Memory Usage (461860K) : Starting ESD EXTRACTION
2026-04-11 04:33:32 +0200: Memory Usage (461860K) : Extracting diodevdd_2kv ESD device
2026-04-11 04:33:32 +0200: Memory Usage (461860K) : Extracting diodevdd_4kv ESD device
2026-04-11 04:33:32 +0200: Memory Usage (461860K) : Extracting diodevss_2kv ESD device
2026-04-11 04:33:32 +0200: Memory Usage (461860K) : Extracting diodevss_4kv ESD device
2026-04-11 04:33:32 +0200: Memory Usage (461860K) : Extracting idiodevdd_2kv ESD device
2026-04-11 04:33:32 +0200: Memory Usage (461860K) : Extracting idiodevdd_4kv ESD device
2026-04-11 04:33:32 +0200: Memory Usage (461860K) : Extracting idiodevss_2kv ESD device
2026-04-11 04:33:32 +0200: Memory Usage (461860K) : Extracting idiodevss_4kv ESD device
2026-04-11 04:33:32 +0200: Memory Usage (461860K) : Extracting nmoscl_2 ESD device
2026-04-11 04:33:32 +0200: Memory Usage (461860K) : Extracting nmoscl_4 ESD device
2026-04-11 04:33:32 +0200: Memory Usage (461860K) : Starting Inductor EXTRACTION
2026-04-11 04:33:32 +0200: Memory Usage (461860K) : Extracting Inductor2 device
2026-04-11 04:33:32 +0200: Memory Usage (461860K) : Extracting Inductor3 device
2026-04-11 04:33:32 +0200: Memory Usage (461860K) : Starting Taps EXTRACTION
2026-04-11 04:33:32 +0200: Memory Usage (461860K) : Extracting ntap1 device
2026-04-11 04:33:32 +0200: Memory Usage (461860K) : Extracting ptap1 device
2026-04-11 04:33:32 +0200: Memory Usage (461860K) : Starting SG13G2 LVS RF MOS Model Mapping
2026-04-11 04:33:32 +0200: Memory Usage (461860K) : [layout_netlist] Apply RF MOS model mapping and rfmode parameter.
2026-04-11 04:33:32 +0200: Memory Usage (461860K) : Starting SG13G2 LVS Options Preparations
2026-04-11 04:33:32 +0200: Memory Usage (461860K) : SG13G2 LVS flow: extraction -> alignment -> option preparation -> comparison.
2026-04-11 04:33:32 +0200: Memory Usage (461860K) : Starting SG13G2 LVS Alignment
2026-04-11 04:33:32 +0200: Memory Usage (461988K) : Starting SG13G2 LVS Simplification
2026-04-11 04:33:32 +0200: Memory Usage (461988K) : [layout_netlist] simplify: ENABLED
2026-04-11 04:33:32 +0200: Memory Usage (461988K) : [layout_netlist] make_top_level_pins: SKIPPED
2026-04-11 04:33:32 +0200: Memory Usage (461988K) : [layout_netlist] combine_devices: SKIPPED
2026-04-11 04:33:32 +0200: Memory Usage (461988K) : [layout_netlist] purge: SKIPPED
2026-04-11 04:33:32 +0200: Memory Usage (461988K) : [layout_netlist] purge_nets: SKIPPED
2026-04-11 04:33:32 +0200: Memory Usage (461988K) : [schematic_netlist] simplify: ENABLED
2026-04-11 04:33:32 +0200: Memory Usage (461988K) : [schematic_netlist] make_top_level_pins: SKIPPED
2026-04-11 04:33:32 +0200: Memory Usage (461988K) : [schematic_netlist] combine_devices: SKIPPED
2026-04-11 04:33:32 +0200: Memory Usage (461988K) : [schematic_netlist] purge: SKIPPED
2026-04-11 04:33:32 +0200: Memory Usage (461988K) : [schematic_netlist] purge_nets: SKIPPED
2026-04-11 04:33:32 +0200: Memory Usage (461988K) : Starting SG13G2 LVS Comparison in strict port mode.
2026-04-11 04:33:32 +0200: Memory Usage (461988K) : flag_missing_ports enabled: missing/mislabeled top-level ports are treated as errors.
2026-04-11 04:33:32 +0200: Memory Usage (461988K) : xxxxxxxxxxxxxxxxxxxxxxxxxxxxxxxxxxxxxxxxxx
2026-04-11 04:33:32 +0200: Memory Usage (461988K) : ERROR : Netlists don't match
2026-04-11 04:33:32 +0200: Memory Usage (461988K) : xxxxxxxxxxxxxxxxxxxxxxxxxxxxxxxxxxxxxxxxxx
2026-04-11 04:33:32 +0200: Memory Usage (461988K) : LVS Total Run time 1.873713 seconds
