# Logfile created on 2026-04-11 05:16:43 +0200 by logger.rb/v1.4.3
2026-04-11 05:16:43 +0200: Memory Usage (431088K) : Starting running SG13G2 Klayout LVS runset on /home/designer/shared/frac-n-pll-vco-unic_cass/layout/LC_VCO.gds
2026-04-11 05:16:43 +0200: Memory Usage (431088K) : Ruby Version for klayout: 3.0.2
2026-04-11 05:16:43 +0200: Memory Usage (432368K) : Loading database to memory is complete.
2026-04-11 05:16:43 +0200: Memory Usage (432368K) : SG13G2 Klayout LVS runset output at: /home/designer/shared/frac-n-pll-vco-unic_cass/lvs_run_LC_VCO_2026_04_11_05_16_40/LC_VCO.lvsdb
2026-04-11 05:16:43 +0200: Memory Usage (432368K) : Evaluate switches.
2026-04-11 05:16:43 +0200: Memory Usage (432368K) : Extracted netlist with net names: true
2026-04-11 05:16:43 +0200: Memory Usage (432368K) : Extracted netlist with comments in details: false
2026-04-11 05:16:43 +0200: Memory Usage (432368K) : Selected NET_ONLY option: false
2026-04-11 05:16:43 +0200: Memory Usage (432368K) : Selected LAYOUT_NETLIST option: (none)
2026-04-11 05:16:43 +0200: Memory Usage (432368K) : Selected IGNORE_TOP_PORTS_MISMATCH option: 
2026-04-11 05:16:43 +0200: Memory Usage (432368K) : Selected IMPLICIT_NETS option: (none)
2026-04-11 05:16:43 +0200: Memory Usage (432368K) : Selected TOP_LVL_PINS option: false
2026-04-11 05:16:43 +0200: Memory Usage (432368K) : Selected COMBINE DEVICES option: false
2026-04-11 05:16:43 +0200: Memory Usage (432368K) : Selected PURGE option: false
2026-04-11 05:16:43 +0200: Memory Usage (432368K) : Selected PURGE_NETS option: false
2026-04-11 05:16:43 +0200: Memory Usage (432368K) : Selected SIMPLIFY option: true
2026-04-11 05:16:43 +0200: Memory Usage (432368K) : Selected SERIES_RES option: true
2026-04-11 05:16:43 +0200: Memory Usage (432368K) : Selected PARALLEL_RES option: true
2026-04-11 05:16:43 +0200: Memory Usage (432368K) : flat  mode is enabled.
2026-04-11 05:16:43 +0200: Memory Usage (433520K) : Netlist file: /home/designer/shared/frac-n-pll-vco-unic_cass/schematic/lc-vco/simulations/LC_VCO.spice
2026-04-11 05:16:43 +0200: Memory Usage (433520K) : LVS extracted netlist at: /home/designer/shared/frac-n-pll-vco-unic_cass/lvs_run_LC_VCO_2026_04_11_05_16_40/LC_VCO_extracted.cir
2026-04-11 05:16:43 +0200: Memory Usage (433520K) : Applying SRAM integration support.
2026-04-11 05:16:43 +0200: Memory Usage (433520K) : Starting SG13G2 LVS runset
2026-04-11 05:16:43 +0200: Memory Usage (433520K) : Read in polygons from layers.
2026-04-11 05:16:43 +0200: Memory Usage (434416K) : activ_drw has 26 polygons
2026-04-11 05:16:43 +0200: Memory Usage (434416K) : activ_filler has 0 polygons
2026-04-11 05:16:43 +0200: Memory Usage (434416K) : activ has 26 polygons
2026-04-11 05:16:43 +0200: Memory Usage (434416K) : activ_pin has 0 polygons
2026-04-11 05:16:43 +0200: Memory Usage (434416K) : activ_mask has 0 polygons
2026-04-11 05:16:43 +0200: Memory Usage (434416K) : activ_nofill has 1 polygons
2026-04-11 05:16:43 +0200: Memory Usage (434416K) : activ_OPC has 0 polygons
2026-04-11 05:16:43 +0200: Memory Usage (434672K) : activ_iOPC has 0 polygons
2026-04-11 05:16:43 +0200: Memory Usage (434672K) : activ_noqrc has 1 polygons
2026-04-11 05:16:43 +0200: Memory Usage (434672K) : biwind_drw has 0 polygons
2026-04-11 05:16:43 +0200: Memory Usage (434672K) : biwind_OPC has 0 polygons
2026-04-11 05:16:43 +0200: Memory Usage (434800K) : gatpoly_drw has 14 polygons
2026-04-11 05:16:43 +0200: Memory Usage (434928K) : gatpoly_filler has 0 polygons
2026-04-11 05:16:43 +0200: Memory Usage (435056K) : gatpoly has 14 polygons
2026-04-11 05:16:43 +0200: Memory Usage (435184K) : gatpoly_pin has 6 polygons
2026-04-11 05:16:43 +0200: Memory Usage (435312K) : gatpoly_nofill has 0 polygons
2026-04-11 05:16:43 +0200: Memory Usage (435440K) : gatpoly_OPC has 0 polygons
2026-04-11 05:16:43 +0200: Memory Usage (435568K) : gatpoly_iOPC has 0 polygons
2026-04-11 05:16:43 +0200: Memory Usage (435696K) : gatpoly_noqrc has 0 polygons
2026-04-11 05:16:43 +0200: Memory Usage (436848K) : cont_drw has 4737 polygons
2026-04-11 05:16:43 +0200: Memory Usage (436848K) : cont_OPC has 0 polygons
2026-04-11 05:16:43 +0200: Memory Usage (436848K) : nsd_drw has 0 polygons
2026-04-11 05:16:43 +0200: Memory Usage (436848K) : nsd_block has 0 polygons
2026-04-11 05:16:43 +0200: Memory Usage (436848K) : metal1_drw has 45 polygons
2026-04-11 05:16:43 +0200: Memory Usage (436848K) : metal1_filler has 0 polygons
2026-04-11 05:16:43 +0200: Memory Usage (437104K) : metal1_slit has 0 polygons
2026-04-11 05:16:43 +0200: Memory Usage (437104K) : metal1 has 45 polygons
2026-04-11 05:16:43 +0200: Memory Usage (437104K) : metal1_pin has 25 polygons
2026-04-11 05:16:43 +0200: Memory Usage (437232K) : metal1_mask has 0 polygons
2026-04-11 05:16:43 +0200: Memory Usage (437360K) : metal1_nofill has 1 polygons
2026-04-11 05:16:43 +0200: Memory Usage (437360K) : metal1_text has 4 polygons
2026-04-11 05:16:43 +0200: Memory Usage (437488K) : metal1_OPC has 0 polygons
2026-04-11 05:16:43 +0200: Memory Usage (437616K) : metal1_noqrc has 1 polygons
2026-04-11 05:16:43 +0200: Memory Usage (437744K) : metal1_res has 0 polygons
2026-04-11 05:16:43 +0200: Memory Usage (437872K) : metal1_iprobe has 0 polygons
2026-04-11 05:16:43 +0200: Memory Usage (438128K) : metal1_diffprb has 0 polygons
2026-04-11 05:16:43 +0200: Memory Usage (438256K) : passiv_drw has 0 polygons
2026-04-11 05:16:43 +0200: Memory Usage (438256K) : passiv_pin has 0 polygons
2026-04-11 05:16:43 +0200: Memory Usage (438384K) : passiv_sbump has 0 polygons
2026-04-11 05:16:43 +0200: Memory Usage (438512K) : passiv_pillar has 0 polygons
2026-04-11 05:16:43 +0200: Memory Usage (438640K) : passiv_pdl has 0 polygons
2026-04-11 05:16:43 +0200: Memory Usage (438768K) : metal2_drw has 13 polygons
2026-04-11 05:16:43 +0200: Memory Usage (438896K) : metal2_filler has 0 polygons
2026-04-11 05:16:43 +0200: Memory Usage (439024K) : metal2_slit has 0 polygons
2026-04-11 05:16:43 +0200: Memory Usage (439152K) : metal2 has 13 polygons
2026-04-11 05:16:43 +0200: Memory Usage (439280K) : metal2_pin has 5 polygons
2026-04-11 05:16:43 +0200: Memory Usage (439408K) : metal2_mask has 0 polygons
2026-04-11 05:16:43 +0200: Memory Usage (439536K) : metal2_nofill has 1 polygons
2026-04-11 05:16:43 +0200: Memory Usage (439664K) : metal2_text has 5 polygons
2026-04-11 05:16:43 +0200: Memory Usage (439792K) : metal2_OPC has 0 polygons
2026-04-11 05:16:43 +0200: Memory Usage (439920K) : metal2_noqrc has 1 polygons
2026-04-11 05:16:43 +0200: Memory Usage (439920K) : metal2_res has 0 polygons
2026-04-11 05:16:43 +0200: Memory Usage (440048K) : metal2_iprobe has 0 polygons
2026-04-11 05:16:43 +0200: Memory Usage (440176K) : metal2_diffprb has 0 polygons
2026-04-11 05:16:43 +0200: Memory Usage (440304K) : baspoly_drw has 0 polygons
2026-04-11 05:16:43 +0200: Memory Usage (440432K) : baspoly_pin has 0 polygons
2026-04-11 05:16:43 +0200: Memory Usage (440560K) : psd_drw has 19 polygons
2026-04-11 05:16:43 +0200: Memory Usage (440688K) : nldb_drw has 0 polygons
2026-04-11 05:16:43 +0200: Memory Usage (440816K) : digibnd_drw has 0 polygons
2026-04-11 05:16:43 +0200: Memory Usage (441072K) : via1_drw has 46 polygons
2026-04-11 05:16:43 +0200: Memory Usage (441200K) : backmetal1_drw has 0 polygons
2026-04-11 05:16:43 +0200: Memory Usage (441328K) : backmetal1_pin has 0 polygons
2026-04-11 05:16:43 +0200: Memory Usage (441456K) : backmetal1_mask has 0 polygons
2026-04-11 05:16:43 +0200: Memory Usage (441584K) : backmetal1_filler has 0 polygons
2026-04-11 05:16:43 +0200: Memory Usage (441584K) : backmetal1_nofill has 0 polygons
2026-04-11 05:16:43 +0200: Memory Usage (441712K) : backmetal1_slit has 0 polygons
2026-04-11 05:16:43 +0200: Memory Usage (441840K) : backmetal1_text has 0 polygons
2026-04-11 05:16:43 +0200: Memory Usage (441968K) : backmetal1_OPC has 0 polygons
2026-04-11 05:16:43 +0200: Memory Usage (442096K) : backmetal1_noqrc has 0 polygons
2026-04-11 05:16:43 +0200: Memory Usage (442224K) : backmetal1_res has 0 polygons
2026-04-11 05:16:43 +0200: Memory Usage (442352K) : backmetal1_iprobe has 0 polygons
2026-04-11 05:16:43 +0200: Memory Usage (442480K) : backmetal1_diffprb has 0 polygons
2026-04-11 05:16:43 +0200: Memory Usage (442608K) : backpassiv_drw has 0 polygons
2026-04-11 05:16:43 +0200: Memory Usage (442736K) : res_drw has 0 polygons
2026-04-11 05:16:43 +0200: Memory Usage (442864K) : sram_drw has 0 polygons
2026-04-11 05:16:43 +0200: Memory Usage (442992K) : trans_drw has 0 polygons
2026-04-11 05:16:43 +0200: Memory Usage (443120K) : ind_drw has 2 polygons
2026-04-11 05:16:43 +0200: Memory Usage (443248K) : ind_pin has 2 polygons
2026-04-11 05:16:43 +0200: Memory Usage (443248K) : ind_text has 0 polygons
2026-04-11 05:16:43 +0200: Memory Usage (443376K) : salblock_drw has 0 polygons
2026-04-11 05:16:43 +0200: Memory Usage (443504K) : via2_drw has 134 polygons
2026-04-11 05:16:43 +0200: Memory Usage (443632K) : metal3_drw has 4 polygons
2026-04-11 05:16:43 +0200: Memory Usage (443760K) : metal3_filler has 0 polygons
2026-04-11 05:16:43 +0200: Memory Usage (443888K) : metal3_slit has 0 polygons
2026-04-11 05:16:43 +0200: Memory Usage (444016K) : metal3 has 4 polygons
2026-04-11 05:16:43 +0200: Memory Usage (444144K) : metal3_pin has 0 polygons
2026-04-11 05:16:43 +0200: Memory Usage (444272K) : metal3_mask has 0 polygons
2026-04-11 05:16:43 +0200: Memory Usage (444400K) : metal3_nofill has 1 polygons
2026-04-11 05:16:43 +0200: Memory Usage (444528K) : metal3_text has 0 polygons
2026-04-11 05:16:43 +0200: Memory Usage (444656K) : metal3_OPC has 0 polygons
2026-04-11 05:16:43 +0200: Memory Usage (444784K) : metal3_noqrc has 1 polygons
2026-04-11 05:16:43 +0200: Memory Usage (444912K) : metal3_res has 0 polygons
2026-04-11 05:16:43 +0200: Memory Usage (445040K) : metal3_iprobe has 0 polygons
2026-04-11 05:16:43 +0200: Memory Usage (445168K) : metal3_diffprb has 0 polygons
2026-04-11 05:16:43 +0200: Memory Usage (445296K) : nwell_drw has 7 polygons
2026-04-11 05:16:43 +0200: Memory Usage (445296K) : nwell_pin has 0 polygons
2026-04-11 05:16:43 +0200: Memory Usage (445296K) : nwell_text has 0 polygons
2026-04-11 05:16:43 +0200: Memory Usage (445552K) : nbulay_drw has 2 polygons
2026-04-11 05:16:43 +0200: Memory Usage (445680K) : nbulay_pin has 0 polygons
2026-04-11 05:16:43 +0200: Memory Usage (445808K) : nbulay_block has 0 polygons
2026-04-11 05:16:43 +0200: Memory Usage (445936K) : emwind_drw has 0 polygons
2026-04-11 05:16:43 +0200: Memory Usage (446064K) : emwind_OPC has 0 polygons
2026-04-11 05:16:43 +0200: Memory Usage (446192K) : deepco_drw has 0 polygons
2026-04-11 05:16:43 +0200: Memory Usage (446320K) : mim_drw has 1 polygons
2026-04-11 05:16:43 +0200: Memory Usage (446448K) : edgeseal_drw has 0 polygons
2026-04-11 05:16:43 +0200: Memory Usage (446576K) : substrate_drw has 7 polygons
2026-04-11 05:16:43 +0200: Memory Usage (446576K) : substrate_text has 0 polygons
2026-04-11 05:16:43 +0200: Memory Usage (446704K) : dfpad_drw has 0 polygons
2026-04-11 05:16:43 +0200: Memory Usage (446832K) : dfpad_pillar has 0 polygons
2026-04-11 05:16:43 +0200: Memory Usage (446960K) : dfpad_sbump has 0 polygons
2026-04-11 05:16:43 +0200: Memory Usage (447088K) : thickgateox_drw has 0 polygons
2026-04-11 05:16:43 +0200: Memory Usage (447216K) : pldb_drw has 0 polygons
2026-04-11 05:16:43 +0200: Memory Usage (447344K) : pwell_drw has 0 polygons
2026-04-11 05:16:43 +0200: Memory Usage (447472K) : pwell_pin has 0 polygons
2026-04-11 05:16:43 +0200: Memory Usage (447600K) : pwell_block has 1 polygons
2026-04-11 05:16:43 +0200: Memory Usage (447856K) : ic_drw has 0 polygons
2026-04-11 05:16:43 +0200: Memory Usage (447984K) : via3_drw has 134 polygons
2026-04-11 05:16:43 +0200: Memory Usage (448112K) : metal4_drw has 4 polygons
2026-04-11 05:16:43 +0200: Memory Usage (448240K) : metal4_filler has 0 polygons
2026-04-11 05:16:43 +0200: Memory Usage (448368K) : metal4_slit has 0 polygons
2026-04-11 05:16:43 +0200: Memory Usage (448496K) : metal4 has 4 polygons
2026-04-11 05:16:43 +0200: Memory Usage (448624K) : metal4_pin has 0 polygons
2026-04-11 05:16:43 +0200: Memory Usage (448752K) : metal4_mask has 0 polygons
2026-04-11 05:16:43 +0200: Memory Usage (448880K) : metal4_nofill has 1 polygons
2026-04-11 05:16:43 +0200: Memory Usage (448880K) : metal4_text has 0 polygons
2026-04-11 05:16:43 +0200: Memory Usage (449008K) : metal4_OPC has 0 polygons
2026-04-11 05:16:43 +0200: Memory Usage (449136K) : metal4_noqrc has 1 polygons
2026-04-11 05:16:43 +0200: Memory Usage (449264K) : metal4_res has 0 polygons
2026-04-11 05:16:43 +0200: Memory Usage (449392K) : metal4_iprobe has 0 polygons
2026-04-11 05:16:43 +0200: Memory Usage (449520K) : metal4_diffprb has 0 polygons
2026-04-11 05:16:43 +0200: Memory Usage (449648K) : heattrans_drw has 99 polygons
2026-04-11 05:16:43 +0200: Memory Usage (449776K) : heatres_drw has 0 polygons
2026-04-11 05:16:43 +0200: Memory Usage (449904K) : fbe_drw has 0 polygons
2026-04-11 05:16:43 +0200: Memory Usage (450032K) : empoly_drw has 0 polygons
2026-04-11 05:16:43 +0200: Memory Usage (450160K) : digisub_drw has 0 polygons
2026-04-11 05:16:43 +0200: Memory Usage (450160K) : text_drw has 18 polygons
2026-04-11 05:16:43 +0200: Memory Usage (450288K) : via4_drw has 134 polygons
2026-04-11 05:16:43 +0200: Memory Usage (450288K) : metal5_drw has 4 polygons
2026-04-11 05:16:43 +0200: Memory Usage (450288K) : metal5_filler has 0 polygons
2026-04-11 05:16:43 +0200: Memory Usage (450416K) : metal5_slit has 0 polygons
2026-04-11 05:16:43 +0200: Memory Usage (450544K) : metal5 has 4 polygons
2026-04-11 05:16:43 +0200: Memory Usage (450672K) : metal5_pin has 1 polygons
2026-04-11 05:16:43 +0200: Memory Usage (450800K) : metal5_mask has 0 polygons
2026-04-11 05:16:43 +0200: Memory Usage (450928K) : metal5_nofill has 1 polygons
2026-04-11 05:16:43 +0200: Memory Usage (450928K) : metal5_text has 0 polygons
2026-04-11 05:16:43 +0200: Memory Usage (451056K) : metal5_OPC has 0 polygons
2026-04-11 05:16:43 +0200: Memory Usage (451184K) : metal5_noqrc has 1 polygons
2026-04-11 05:16:43 +0200: Memory Usage (451312K) : metal5_res has 0 polygons
2026-04-11 05:16:43 +0200: Memory Usage (451440K) : metal5_iprobe has 0 polygons
2026-04-11 05:16:43 +0200: Memory Usage (451568K) : metal5_diffprb has 0 polygons
2026-04-11 05:16:43 +0200: Memory Usage (451696K) : radhard_drw has 0 polygons
2026-04-11 05:16:43 +0200: Memory Usage (451824K) : memcap_drw has 0 polygons
2026-04-11 05:16:43 +0200: Memory Usage (451952K) : varicap_drw has 0 polygons
2026-04-11 05:16:43 +0200: Memory Usage (452080K) : intbondvia_drw has 0 polygons
2026-04-11 05:16:43 +0200: Memory Usage (452208K) : intbondmet_drw has 0 polygons
2026-04-11 05:16:43 +0200: Memory Usage (452336K) : devbondvia_drw has 0 polygons
2026-04-11 05:16:43 +0200: Memory Usage (452464K) : devbondmet_drw has 0 polygons
2026-04-11 05:16:43 +0200: Memory Usage (452720K) : devtrench_drw has 0 polygons
2026-04-11 05:16:43 +0200: Memory Usage (452848K) : redist_drw has 0 polygons
2026-04-11 05:16:43 +0200: Memory Usage (452976K) : graphbot_drw has 0 polygons
2026-04-11 05:16:43 +0200: Memory Usage (453104K) : graphtop_drw has 0 polygons
2026-04-11 05:16:43 +0200: Memory Usage (453232K) : antvia1_drw has 0 polygons
2026-04-11 05:16:43 +0200: Memory Usage (453360K) : antmetal2_drw has 0 polygons
2026-04-11 05:16:43 +0200: Memory Usage (453488K) : graphcont_drw has 0 polygons
2026-04-11 05:16:43 +0200: Memory Usage (453616K) : siwg_drw has 0 polygons
2026-04-11 05:16:43 +0200: Memory Usage (453744K) : siwg_filler has 0 polygons
2026-04-11 05:16:43 +0200: Memory Usage (453872K) : siwg_nofill has 0 polygons
2026-04-11 05:16:43 +0200: Memory Usage (454000K) : sigrating_drw has 0 polygons
2026-04-11 05:16:43 +0200: Memory Usage (454128K) : singrating_drw has 0 polygons
2026-04-11 05:16:43 +0200: Memory Usage (454256K) : graphpas_drw has 0 polygons
2026-04-11 05:16:43 +0200: Memory Usage (454384K) : emwind3_drw has 0 polygons
2026-04-11 05:16:43 +0200: Memory Usage (454512K) : emwihv3_drw has 0 polygons
2026-04-11 05:16:43 +0200: Memory Usage (454640K) : redbulay_drw has 0 polygons
2026-04-11 05:16:43 +0200: Memory Usage (454768K) : smos_drw has 0 polygons
2026-04-11 05:16:43 +0200: Memory Usage (454896K) : graphpad_drw has 0 polygons
2026-04-11 05:16:43 +0200: Memory Usage (455024K) : polimide_drw has 0 polygons
2026-04-11 05:16:43 +0200: Memory Usage (455152K) : polimide_pin has 0 polygons
2026-04-11 05:16:43 +0200: Memory Usage (455280K) : recog_drw has 0 polygons
2026-04-11 05:16:43 +0200: Memory Usage (455408K) : recog_pin has 0 polygons
2026-04-11 05:16:43 +0200: Memory Usage (455536K) : recog_esd has 0 polygons
2026-04-11 05:16:43 +0200: Memory Usage (455664K) : recog_diode has 0 polygons
2026-04-11 05:16:43 +0200: Memory Usage (455792K) : recog_tsv has 0 polygons
2026-04-11 05:16:43 +0200: Memory Usage (448960K) : recog_iprobe has 0 polygons
2026-04-11 05:16:43 +0200: Memory Usage (448960K) : recog_diffprb has 0 polygons
2026-04-11 05:16:43 +0200: Memory Usage (448960K) : recog_pillar has 0 polygons
2026-04-11 05:16:43 +0200: Memory Usage (448960K) : recog_sbump has 0 polygons
2026-04-11 05:16:43 +0200: Memory Usage (448960K) : recog_otp has 0 polygons
2026-04-11 05:16:43 +0200: Memory Usage (448960K) : recog_pdiode has 0 polygons
2026-04-11 05:16:43 +0200: Memory Usage (448960K) : recog_mom has 0 polygons
2026-04-11 05:16:43 +0200: Memory Usage (448960K) : recog_pcm has 0 polygons
2026-04-11 05:16:43 +0200: Memory Usage (448960K) : colopen_drw has 0 polygons
2026-04-11 05:16:43 +0200: Memory Usage (448960K) : graphmetal1_drw has 0 polygons
2026-04-11 05:16:43 +0200: Memory Usage (448960K) : graphmetal1_filler has 0 polygons
2026-04-11 05:16:43 +0200: Memory Usage (448960K) : graphmetal1_nofill has 0 polygons
2026-04-11 05:16:43 +0200: Memory Usage (448960K) : graphmetal1_slit has 0 polygons
2026-04-11 05:16:43 +0200: Memory Usage (448960K) : graphmetal1_OPC has 0 polygons
2026-04-11 05:16:43 +0200: Memory Usage (448960K) : graphmet1l_drw has 0 polygons
2026-04-11 05:16:43 +0200: Memory Usage (448960K) : graphmet1l_filler has 0 polygons
2026-04-11 05:16:43 +0200: Memory Usage (448960K) : graphmet1l_nofill has 0 polygons
2026-04-11 05:16:43 +0200: Memory Usage (448960K) : graphmet1l_slit has 0 polygons
2026-04-11 05:16:43 +0200: Memory Usage (448960K) : graphmet1l_OPC has 0 polygons
2026-04-11 05:16:43 +0200: Memory Usage (448960K) : extblock_drw has 0 polygons
2026-04-11 05:16:43 +0200: Memory Usage (448960K) : nldd_drw has 0 polygons
2026-04-11 05:16:43 +0200: Memory Usage (448960K) : pldd_drw has 0 polygons
2026-04-11 05:16:43 +0200: Memory Usage (448960K) : next_drw has 0 polygons
2026-04-11 05:16:43 +0200: Memory Usage (448960K) : pext_drw has 0 polygons
2026-04-11 05:16:43 +0200: Memory Usage (448960K) : nexthv_drw has 0 polygons
2026-04-11 05:16:43 +0200: Memory Usage (448960K) : pexthv_drw has 0 polygons
2026-04-11 05:16:43 +0200: Memory Usage (448960K) : graphgate_drw has 0 polygons
2026-04-11 05:16:43 +0200: Memory Usage (448960K) : sinwg_drw has 0 polygons
2026-04-11 05:16:43 +0200: Memory Usage (448960K) : sinwg_filler has 0 polygons
2026-04-11 05:16:43 +0200: Memory Usage (448960K) : sinwg_nofill has 0 polygons
2026-04-11 05:16:43 +0200: Memory Usage (448960K) : mempad_drw has 0 polygons
2026-04-11 05:16:43 +0200: Memory Usage (448960K) : topvia1_drw has 129 polygons
2026-04-11 05:16:43 +0200: Memory Usage (448960K) : topmetal1_drw has 5 polygons
2026-04-11 05:16:43 +0200: Memory Usage (448960K) : topmetal1_filler has 0 polygons
2026-04-11 05:16:43 +0200: Memory Usage (448960K) : topmetal1_slit has 0 polygons
2026-04-11 05:16:43 +0200: Memory Usage (448960K) : topmetal1 has 5 polygons
2026-04-11 05:16:43 +0200: Memory Usage (448960K) : topmetal1_pin has 1 polygons
2026-04-11 05:16:43 +0200: Memory Usage (448960K) : topmetal1_mask has 0 polygons
2026-04-11 05:16:43 +0200: Memory Usage (448960K) : topmetal1_nofill has 1 polygons
2026-04-11 05:16:43 +0200: Memory Usage (448960K) : topmetal1_text has 0 polygons
2026-04-11 05:16:43 +0200: Memory Usage (448960K) : topmetal1_noqrc has 1 polygons
2026-04-11 05:16:43 +0200: Memory Usage (448960K) : topmetal1_res has 0 polygons
2026-04-11 05:16:43 +0200: Memory Usage (448960K) : topmetal1_iprobe has 0 polygons
2026-04-11 05:16:43 +0200: Memory Usage (448960K) : topmetal1_diffprb has 0 polygons
2026-04-11 05:16:43 +0200: Memory Usage (448960K) : inldpwl_drw has 0 polygons
2026-04-11 05:16:43 +0200: Memory Usage (448960K) : polyres_drw has 0 polygons
2026-04-11 05:16:43 +0200: Memory Usage (448960K) : polyres_pin has 0 polygons
2026-04-11 05:16:43 +0200: Memory Usage (448960K) : vmim_drw has 576 polygons
2026-04-11 05:16:43 +0200: Memory Usage (448960K) : nbulaycut_drw has 0 polygons
2026-04-11 05:16:43 +0200: Memory Usage (448960K) : antmetal1_drw has 0 polygons
2026-04-11 05:16:43 +0200: Memory Usage (448960K) : topvia2_drw has 488 polygons
2026-04-11 05:16:43 +0200: Memory Usage (449088K) : topmetal2_drw has 3 polygons
2026-04-11 05:16:43 +0200: Memory Usage (449088K) : topmetal2_filler has 0 polygons
2026-04-11 05:16:43 +0200: Memory Usage (449088K) : topmetal2_slit has 0 polygons
2026-04-11 05:16:43 +0200: Memory Usage (449088K) : topmetal2 has 3 polygons
2026-04-11 05:16:43 +0200: Memory Usage (449088K) : topmetal2_pin has 0 polygons
2026-04-11 05:16:43 +0200: Memory Usage (449088K) : topmetal2_mask has 0 polygons
2026-04-11 05:16:43 +0200: Memory Usage (449088K) : topmetal2_nofill has 1 polygons
2026-04-11 05:16:43 +0200: Memory Usage (449088K) : topmetal2_text has 0 polygons
2026-04-11 05:16:43 +0200: Memory Usage (449088K) : topmetal2_noqrc has 0 polygons
2026-04-11 05:16:43 +0200: Memory Usage (449088K) : topmetal2_res has 0 polygons
2026-04-11 05:16:43 +0200: Memory Usage (449088K) : topmetal2_iprobe has 0 polygons
2026-04-11 05:16:43 +0200: Memory Usage (449088K) : topmetal2_diffprb has 0 polygons
2026-04-11 05:16:43 +0200: Memory Usage (449088K) : snsring_drw has 0 polygons
2026-04-11 05:16:43 +0200: Memory Usage (449088K) : sensor_drw has 0 polygons
2026-04-11 05:16:43 +0200: Memory Usage (449088K) : snsarms_drw has 0 polygons
2026-04-11 05:16:43 +0200: Memory Usage (449088K) : snscmosvia_drw has 0 polygons
2026-04-11 05:16:43 +0200: Memory Usage (449088K) : colwind_drw has 0 polygons
2026-04-11 05:16:43 +0200: Memory Usage (449088K) : flm_drw has 0 polygons
2026-04-11 05:16:43 +0200: Memory Usage (449088K) : hafniumox_drw has 0 polygons
2026-04-11 05:16:43 +0200: Memory Usage (449088K) : memvia_drw has 0 polygons
2026-04-11 05:16:43 +0200: Memory Usage (449088K) : thinfilmres_drw has 0 polygons
2026-04-11 05:16:43 +0200: Memory Usage (449088K) : rfmem_drw has 0 polygons
2026-04-11 05:16:43 +0200: Memory Usage (449088K) : norcx_drw has 0 polygons
2026-04-11 05:16:43 +0200: Memory Usage (449088K) : norcx_m2m3 has 0 polygons
2026-04-11 05:16:43 +0200: Memory Usage (449088K) : norcx_m2m4 has 0 polygons
2026-04-11 05:16:43 +0200: Memory Usage (449088K) : norcx_m2m5 has 0 polygons
2026-04-11 05:16:43 +0200: Memory Usage (449088K) : norcx_m2tm1 has 0 polygons
2026-04-11 05:16:43 +0200: Memory Usage (449088K) : norcx_m2tm2 has 0 polygons
2026-04-11 05:16:43 +0200: Memory Usage (449088K) : norcx_m3m4 has 0 polygons
2026-04-11 05:16:43 +0200: Memory Usage (449088K) : norcx_m3m5 has 0 polygons
2026-04-11 05:16:43 +0200: Memory Usage (449088K) : norcx_m3tm1 has 0 polygons
2026-04-11 05:16:43 +0200: Memory Usage (449088K) : norcx_m3tm2 has 0 polygons
2026-04-11 05:16:43 +0200: Memory Usage (449088K) : norcx_m4m5 has 0 polygons
2026-04-11 05:16:43 +0200: Memory Usage (449088K) : norcx_m4tm1 has 0 polygons
2026-04-11 05:16:43 +0200: Memory Usage (449088K) : norcx_m4tm2 has 0 polygons
2026-04-11 05:16:43 +0200: Memory Usage (449088K) : norcx_m5tm1 has 0 polygons
2026-04-11 05:16:43 +0200: Memory Usage (449088K) : norcx_m5tm2 has 0 polygons
2026-04-11 05:16:43 +0200: Memory Usage (449088K) : norcx_tm1tm2 has 0 polygons
2026-04-11 05:16:43 +0200: Memory Usage (449088K) : norcx_m1sub has 0 polygons
2026-04-11 05:16:43 +0200: Memory Usage (449088K) : norcx_m2sub has 0 polygons
2026-04-11 05:16:43 +0200: Memory Usage (449088K) : norcx_m3sub has 0 polygons
2026-04-11 05:16:43 +0200: Memory Usage (449088K) : norcx_m4sub has 0 polygons
2026-04-11 05:16:43 +0200: Memory Usage (449088K) : norcx_m5sub has 0 polygons
2026-04-11 05:16:43 +0200: Memory Usage (449088K) : norcx_tm1sub has 0 polygons
2026-04-11 05:16:43 +0200: Memory Usage (449088K) : norcx_tm2sub has 0 polygons
2026-04-11 05:16:43 +0200: Memory Usage (449088K) : snsbotvia_drw has 0 polygons
2026-04-11 05:16:43 +0200: Memory Usage (449088K) : snstopvia_drw has 0 polygons
2026-04-11 05:16:43 +0200: Memory Usage (449088K) : deepvia_drw has 0 polygons
2026-04-11 05:16:43 +0200: Memory Usage (449088K) : fgetch_drw has 0 polygons
2026-04-11 05:16:43 +0200: Memory Usage (449088K) : ctrgat_drw has 0 polygons
2026-04-11 05:16:43 +0200: Memory Usage (449088K) : fgimp_drw has 0 polygons
2026-04-11 05:16:43 +0200: Memory Usage (449088K) : emwihv_drw has 0 polygons
2026-04-11 05:16:43 +0200: Memory Usage (449088K) : lbe_drw has 0 polygons
2026-04-11 05:16:43 +0200: Memory Usage (449088K) : alcustop_drw has 0 polygons
2026-04-11 05:16:43 +0200: Memory Usage (449088K) : nometfiller_drw has 0 polygons
2026-04-11 05:16:43 +0200: Memory Usage (449088K) : prboundary_drw has 0 polygons
2026-04-11 05:16:43 +0200: Memory Usage (449088K) : exchange0_drw has 0 polygons
2026-04-11 05:16:43 +0200: Memory Usage (449088K) : exchange0_pin has 0 polygons
2026-04-11 05:16:43 +0200: Memory Usage (449088K) : exchange0_text has 0 polygons
2026-04-11 05:16:43 +0200: Memory Usage (449088K) : exchange1_drw has 0 polygons
2026-04-11 05:16:43 +0200: Memory Usage (449088K) : exchange1_pin has 0 polygons
2026-04-11 05:16:43 +0200: Memory Usage (449088K) : exchange1_text has 0 polygons
2026-04-11 05:16:43 +0200: Memory Usage (449088K) : exchange2_drw has 0 polygons
2026-04-11 05:16:43 +0200: Memory Usage (449088K) : exchange2_pin has 0 polygons
2026-04-11 05:16:43 +0200: Memory Usage (449088K) : exchange2_text has 0 polygons
2026-04-11 05:16:43 +0200: Memory Usage (449088K) : exchange3_drw has 0 polygons
2026-04-11 05:16:43 +0200: Memory Usage (449088K) : exchange3_pin has 0 polygons
2026-04-11 05:16:43 +0200: Memory Usage (449088K) : exchange3_text has 0 polygons
2026-04-11 05:16:43 +0200: Memory Usage (449088K) : exchange4_drw has 0 polygons
2026-04-11 05:16:43 +0200: Memory Usage (449088K) : exchange4_pin has 0 polygons
2026-04-11 05:16:43 +0200: Memory Usage (449088K) : exchange4_text has 0 polygons
2026-04-11 05:16:43 +0200: Memory Usage (449088K) : isonwell_drw has 0 polygons
2026-04-11 05:16:43 +0200: Memory Usage (449088K) : Total no. of polygons in the design is 6716
2026-04-11 05:16:43 +0200: Memory Usage (449088K) : Starting base layers derivations
2026-04-11 05:16:43 +0200: Memory Usage (449088K) : Starting general LVS derivations
2026-04-11 05:16:43 +0200: Memory Usage (454208K) : Starting MOSFET DERIVATIONS
2026-04-11 05:16:43 +0200: Memory Usage (456384K) : Starting NMOS DERIVATIONS
2026-04-11 05:16:44 +0200: Memory Usage (456640K) : Starting PMOS DERIVATIONS
2026-04-11 05:16:44 +0200: Memory Usage (456640K) : Starting RF-MOSFET DERIVATIONS
2026-04-11 05:16:44 +0200: Memory Usage (456640K) : Starting RF-NMOS DERIVATIONS
2026-04-11 05:16:44 +0200: Memory Usage (456896K) : Starting RF-PMOS DERIVATIONS
2026-04-11 05:16:44 +0200: Memory Usage (457152K) : Starting BJT DERIVATIONS
2026-04-11 05:16:44 +0200: Memory Usage (457152K) : Starting NPN-BJT DERIVATIONS
2026-04-11 05:16:44 +0200: Memory Usage (449708K) : Starting PNP-BJT DERIVATIONS
2026-04-11 05:16:44 +0200: Memory Usage (449708K) : Starting DIODE DERIVATIONS
2026-04-11 05:16:44 +0200: Memory Usage (449708K) : Starting RESISTOR DERIVATIONS
2026-04-11 05:16:44 +0200: Memory Usage (449708K) : Starting CAP DERIVATIONS
2026-04-11 05:16:44 +0200: Memory Usage (450348K) : Starting ESD DERIVATIONS
2026-04-11 05:16:44 +0200: Memory Usage (460716K) : Starting Inductor DERIVATIONS
2026-04-11 05:16:44 +0200: Memory Usage (464684K) : Starting Taps DERIVATIONS
2026-04-11 05:16:44 +0200: Memory Usage (465836K) : Starting SG13G2 LVS connectivity setup
2026-04-11 05:16:44 +0200: Memory Usage (465836K) : Starting SG13G2 LVS connectivity setup (Inter-layer)
2026-04-11 05:16:44 +0200: Memory Usage (466220K) : Starting SG13G2 LVS connectivity setup (Global)
2026-04-11 05:16:44 +0200: Memory Usage (466220K) : Starting LVS MOSFET CONNECTIONS
2026-04-11 05:16:44 +0200: Memory Usage (466220K) : Starting LVS RF-MOSFET CONNECTIONS
2026-04-11 05:16:44 +0200: Memory Usage (466220K) : Starting LVS BJT CONNECTIONS
2026-04-11 05:16:44 +0200: Memory Usage (466220K) : Starting LVS DIODE CONNECTIONS
2026-04-11 05:16:44 +0200: Memory Usage (466220K) : Starting RESISTOR CONNECTIONS
2026-04-11 05:16:44 +0200: Memory Usage (466220K) : Starting LVS CAP CONNECTIONS
2026-04-11 05:16:44 +0200: Memory Usage (466220K) : Starting ESD CONNECTIONS
2026-04-11 05:16:44 +0200: Memory Usage (466220K) : Starting Inductor CONNECTIONS
2026-04-11 05:16:44 +0200: Memory Usage (466220K) : Starting LVS Taps CONNECTIONS
2026-04-11 05:16:44 +0200: Memory Usage (466220K) : Starting SG13G2 LVS DEVICES EXTRACTION
2026-04-11 05:16:44 +0200: Memory Usage (466220K) : Starting MOSFET EXTRACTION
2026-04-11 05:16:44 +0200: Memory Usage (466220K) : Starting NMOS EXTRACTION
2026-04-11 05:16:44 +0200: Memory Usage (466220K) : Extraction of NMOS-LV transistor
2026-04-11 05:16:44 +0200: Memory Usage (466604K) : Extraction of NMOS-HV transistor
2026-04-11 05:16:44 +0200: Memory Usage (466860K) : Starting PMOS EXTRACTION
2026-04-11 05:16:44 +0200: Memory Usage (466860K) : Extraction of PMOS-LV transistor
2026-04-11 05:16:44 +0200: Memory Usage (466860K) : Extraction of PMOS-HV transistor
2026-04-11 05:16:44 +0200: Memory Usage (466860K) : Starting RF-MOSFET EXTRACTION
2026-04-11 05:16:44 +0200: Memory Usage (466860K) : Extraction of RF-NMOS-LV transistor
2026-04-11 05:16:44 +0200: Memory Usage (466860K) : Extraction of RF-NMOS-HV transistor
2026-04-11 05:16:44 +0200: Memory Usage (466860K) : Extraction of RF-PMOS-LV transistor
2026-04-11 05:16:44 +0200: Memory Usage (466860K) : Extraction of RF-PMOS-HV transistor
2026-04-11 05:16:44 +0200: Memory Usage (466860K) : Starting BJT EXTRACTION
2026-04-11 05:16:44 +0200: Memory Usage (466860K) : Starting NPN-BJT EXTRACTION
2026-04-11 05:16:44 +0200: Memory Usage (466860K) : Extraction of npn13G2 BJT transistor
2026-04-11 05:16:44 +0200: Memory Usage (466860K) : Extraction of npn13G2L BJT transistor
2026-04-11 05:16:44 +0200: Memory Usage (466860K) : Extraction of npn13G2V BJT transistor
2026-04-11 05:16:44 +0200: Memory Usage (466860K) : Starting PNP-BJT EXTRACTION
2026-04-11 05:16:44 +0200: Memory Usage (466860K) : Extracting pnpMPA BJT
2026-04-11 05:16:44 +0200: Memory Usage (466860K) : Starting DIODE EXTRACTION
2026-04-11 05:16:44 +0200: Memory Usage (466860K) : Extracting dantenna diode
2026-04-11 05:16:44 +0200: Memory Usage (466860K) : Extracting dpantenna diode
2026-04-11 05:16:44 +0200: Memory Usage (466860K) : Extracting schottky_nbl1 diode
2026-04-11 05:16:44 +0200: Memory Usage (466860K) : Extracting isolbox diode
2026-04-11 05:16:44 +0200: Memory Usage (466860K) : Starting RESISTOR EXTRACTION
2026-04-11 05:16:44 +0200: Memory Usage (466860K) : Extracting rsil resistor
2026-04-11 05:16:44 +0200: Memory Usage (466860K) : Extracting rppd resistor
2026-04-11 05:16:44 +0200: Memory Usage (466860K) : Extracting rhigh resistor
2026-04-11 05:16:44 +0200: Memory Usage (466860K) : Extracting res_metal1 resistor
2026-04-11 05:16:44 +0200: Memory Usage (466988K) : Extracting res_metal2 resistor
2026-04-11 05:16:44 +0200: Memory Usage (466988K) : Extracting res_metal3 resistor
2026-04-11 05:16:44 +0200: Memory Usage (466988K) : Extracting res_metal4 resistor
2026-04-11 05:16:44 +0200: Memory Usage (466988K) : Extracting res_metal5 resistor
2026-04-11 05:16:44 +0200: Memory Usage (466988K) : Extracting res_topmetal1 resistor
2026-04-11 05:16:44 +0200: Memory Usage (466988K) : Extracting res_topmetal2 resistor
2026-04-11 05:16:44 +0200: Memory Usage (466988K) : Starting CAP EXTRACTION
2026-04-11 05:16:44 +0200: Memory Usage (466988K) : Extracting cap_cmim device
2026-04-11 05:16:44 +0200: Memory Usage (466988K) : Extracting rfcmim device
2026-04-11 05:16:44 +0200: Memory Usage (466988K) : Extracting sg13_hv_svaricap varactor
2026-04-11 05:16:44 +0200: Memory Usage (466988K) : Starting ESD EXTRACTION
2026-04-11 05:16:44 +0200: Memory Usage (466988K) : Extracting diodevdd_2kv ESD device
2026-04-11 05:16:44 +0200: Memory Usage (466988K) : Extracting diodevdd_4kv ESD device
2026-04-11 05:16:44 +0200: Memory Usage (466988K) : Extracting diodevss_2kv ESD device
2026-04-11 05:16:44 +0200: Memory Usage (466988K) : Extracting diodevss_4kv ESD device
2026-04-11 05:16:44 +0200: Memory Usage (466988K) : Extracting idiodevdd_2kv ESD device
2026-04-11 05:16:44 +0200: Memory Usage (466988K) : Extracting idiodevdd_4kv ESD device
2026-04-11 05:16:44 +0200: Memory Usage (466988K) : Extracting idiodevss_2kv ESD device
2026-04-11 05:16:44 +0200: Memory Usage (466988K) : Extracting idiodevss_4kv ESD device
2026-04-11 05:16:44 +0200: Memory Usage (466988K) : Extracting nmoscl_2 ESD device
2026-04-11 05:16:44 +0200: Memory Usage (466988K) : Extracting nmoscl_4 ESD device
2026-04-11 05:16:44 +0200: Memory Usage (466988K) : Starting Inductor EXTRACTION
2026-04-11 05:16:44 +0200: Memory Usage (466988K) : Extracting Inductor2 device
2026-04-11 05:16:44 +0200: Memory Usage (466988K) : Extracting Inductor3 device
2026-04-11 05:16:44 +0200: Memory Usage (466988K) : Starting Taps EXTRACTION
2026-04-11 05:16:44 +0200: Memory Usage (466988K) : Extracting ntap1 device
2026-04-11 05:16:44 +0200: Memory Usage (466988K) : Extracting ptap1 device
2026-04-11 05:16:44 +0200: Memory Usage (466988K) : Starting SG13G2 LVS RF MOS Model Mapping
2026-04-11 05:16:44 +0200: Memory Usage (466988K) : [layout_netlist] Apply RF MOS model mapping and rfmode parameter.
2026-04-11 05:16:44 +0200: Memory Usage (466988K) : Starting SG13G2 LVS Options Preparations
2026-04-11 05:16:44 +0200: Memory Usage (466988K) : SG13G2 LVS flow: extraction -> alignment -> option preparation -> comparison.
2026-04-11 05:16:44 +0200: Memory Usage (466988K) : Starting SG13G2 LVS Alignment
2026-04-11 05:16:44 +0200: Memory Usage (466988K) : Starting SG13G2 LVS Simplification
2026-04-11 05:16:44 +0200: Memory Usage (466988K) : [layout_netlist] simplify: ENABLED
2026-04-11 05:16:44 +0200: Memory Usage (466988K) : [layout_netlist] make_top_level_pins: SKIPPED
2026-04-11 05:16:44 +0200: Memory Usage (466988K) : [layout_netlist] combine_devices: SKIPPED
2026-04-11 05:16:44 +0200: Memory Usage (466988K) : [layout_netlist] purge: SKIPPED
2026-04-11 05:16:44 +0200: Memory Usage (466988K) : [layout_netlist] purge_nets: SKIPPED
2026-04-11 05:16:44 +0200: Memory Usage (466988K) : [schematic_netlist] simplify: ENABLED
2026-04-11 05:16:44 +0200: Memory Usage (466988K) : [schematic_netlist] make_top_level_pins: SKIPPED
2026-04-11 05:16:44 +0200: Memory Usage (466988K) : [schematic_netlist] combine_devices: SKIPPED
2026-04-11 05:16:44 +0200: Memory Usage (466988K) : [schematic_netlist] purge: SKIPPED
2026-04-11 05:16:44 +0200: Memory Usage (466988K) : [schematic_netlist] purge_nets: SKIPPED
2026-04-11 05:16:44 +0200: Memory Usage (466988K) : Starting SG13G2 LVS Comparison in strict port mode.
2026-04-11 05:16:44 +0200: Memory Usage (466988K) : flag_missing_ports enabled: missing/mislabeled top-level ports are treated as errors.
2026-04-11 05:16:44 +0200: Memory Usage (467116K) : xxxxxxxxxxxxxxxxxxxxxxxxxxxxxxxxxxxxxxxxxx
2026-04-11 05:16:44 +0200: Memory Usage (467116K) : ERROR : Netlists don't match
2026-04-11 05:16:44 +0200: Memory Usage (467116K) : xxxxxxxxxxxxxxxxxxxxxxxxxxxxxxxxxxxxxxxxxx
2026-04-11 05:16:44 +0200: Memory Usage (467116K) : LVS Total Run time 1.733426 seconds
