# Logfile created on 2026-04-11 04:30:52 +0200 by logger.rb/v1.4.3
2026-04-11 04:30:52 +0200: Memory Usage (429300K) : Starting running SG13G2 Klayout LVS runset on /home/designer/shared/frac-n-pll-vco-unic_cass/layout/LC_VCO.gds
2026-04-11 04:30:52 +0200: Memory Usage (429300K) : Ruby Version for klayout: 3.0.2
2026-04-11 04:30:52 +0200: Memory Usage (430324K) : Loading database to memory is complete.
2026-04-11 04:30:52 +0200: Memory Usage (430324K) : SG13G2 Klayout LVS runset output at: /home/designer/shared/frac-n-pll-vco-unic_cass/lvs_run_LC_VCO_2026_04_11_04_30_50/LC_VCO.lvsdb
2026-04-11 04:30:52 +0200: Memory Usage (430324K) : Evaluate switches.
2026-04-11 04:30:52 +0200: Memory Usage (430324K) : Extracted netlist with net names: true
2026-04-11 04:30:52 +0200: Memory Usage (430324K) : Extracted netlist with comments in details: false
2026-04-11 04:30:52 +0200: Memory Usage (430324K) : Selected NET_ONLY option: false
2026-04-11 04:30:52 +0200: Memory Usage (430324K) : Selected LAYOUT_NETLIST option: (none)
2026-04-11 04:30:52 +0200: Memory Usage (430324K) : Selected IGNORE_TOP_PORTS_MISMATCH option: 
2026-04-11 04:30:52 +0200: Memory Usage (430324K) : Selected IMPLICIT_NETS option: (none)
2026-04-11 04:30:52 +0200: Memory Usage (430324K) : Selected TOP_LVL_PINS option: false
2026-04-11 04:30:52 +0200: Memory Usage (430324K) : Selected COMBINE DEVICES option: false
2026-04-11 04:30:52 +0200: Memory Usage (430324K) : Selected PURGE option: false
2026-04-11 04:30:52 +0200: Memory Usage (430324K) : Selected PURGE_NETS option: false
2026-04-11 04:30:52 +0200: Memory Usage (430324K) : Selected SIMPLIFY option: true
2026-04-11 04:30:52 +0200: Memory Usage (430324K) : Selected SERIES_RES option: true
2026-04-11 04:30:52 +0200: Memory Usage (430324K) : Selected PARALLEL_RES option: true
2026-04-11 04:30:52 +0200: Memory Usage (430324K) : flat  mode is enabled.
2026-04-11 04:30:52 +0200: Memory Usage (431220K) : Netlist file: /home/designer/shared/frac-n-pll-vco-unic_cass/schematic/lc-vco/simulations/LC_VCO.spice
2026-04-11 04:30:52 +0200: Memory Usage (431220K) : LVS extracted netlist at: /home/designer/shared/frac-n-pll-vco-unic_cass/lvs_run_LC_VCO_2026_04_11_04_30_50/LC_VCO_extracted.cir
2026-04-11 04:30:52 +0200: Memory Usage (431220K) : Applying SRAM integration support.
2026-04-11 04:30:52 +0200: Memory Usage (431220K) : Starting SG13G2 LVS runset
2026-04-11 04:30:52 +0200: Memory Usage (431220K) : Read in polygons from layers.
2026-04-11 04:30:52 +0200: Memory Usage (432372K) : activ_drw has 26 polygons
2026-04-11 04:30:52 +0200: Memory Usage (432372K) : activ_filler has 0 polygons
2026-04-11 04:30:52 +0200: Memory Usage (432372K) : activ has 26 polygons
2026-04-11 04:30:52 +0200: Memory Usage (432372K) : activ_pin has 0 polygons
2026-04-11 04:30:52 +0200: Memory Usage (432372K) : activ_mask has 0 polygons
2026-04-11 04:30:52 +0200: Memory Usage (432372K) : activ_nofill has 1 polygons
2026-04-11 04:30:52 +0200: Memory Usage (432372K) : activ_OPC has 0 polygons
2026-04-11 04:30:52 +0200: Memory Usage (432372K) : activ_iOPC has 0 polygons
2026-04-11 04:30:52 +0200: Memory Usage (432372K) : activ_noqrc has 1 polygons
2026-04-11 04:30:52 +0200: Memory Usage (432372K) : biwind_drw has 0 polygons
2026-04-11 04:30:52 +0200: Memory Usage (432372K) : biwind_OPC has 0 polygons
2026-04-11 04:30:52 +0200: Memory Usage (432500K) : gatpoly_drw has 14 polygons
2026-04-11 04:30:52 +0200: Memory Usage (432628K) : gatpoly_filler has 0 polygons
2026-04-11 04:30:52 +0200: Memory Usage (432756K) : gatpoly has 14 polygons
2026-04-11 04:30:52 +0200: Memory Usage (432884K) : gatpoly_pin has 6 polygons
2026-04-11 04:30:52 +0200: Memory Usage (433012K) : gatpoly_nofill has 0 polygons
2026-04-11 04:30:52 +0200: Memory Usage (433140K) : gatpoly_OPC has 0 polygons
2026-04-11 04:30:52 +0200: Memory Usage (433268K) : gatpoly_iOPC has 0 polygons
2026-04-11 04:30:52 +0200: Memory Usage (433396K) : gatpoly_noqrc has 0 polygons
2026-04-11 04:30:52 +0200: Memory Usage (434036K) : cont_drw has 3865 polygons
2026-04-11 04:30:52 +0200: Memory Usage (434036K) : cont_OPC has 0 polygons
2026-04-11 04:30:52 +0200: Memory Usage (434036K) : nsd_drw has 0 polygons
2026-04-11 04:30:52 +0200: Memory Usage (434036K) : nsd_block has 0 polygons
2026-04-11 04:30:52 +0200: Memory Usage (434420K) : metal1_drw has 45 polygons
2026-04-11 04:30:52 +0200: Memory Usage (434420K) : metal1_filler has 0 polygons
2026-04-11 04:30:52 +0200: Memory Usage (434420K) : metal1_slit has 0 polygons
2026-04-11 04:30:52 +0200: Memory Usage (434548K) : metal1 has 45 polygons
2026-04-11 04:30:52 +0200: Memory Usage (434676K) : metal1_pin has 25 polygons
2026-04-11 04:30:52 +0200: Memory Usage (434804K) : metal1_mask has 0 polygons
2026-04-11 04:30:52 +0200: Memory Usage (434932K) : metal1_nofill has 1 polygons
2026-04-11 04:30:52 +0200: Memory Usage (435060K) : metal1_text has 4 polygons
2026-04-11 04:30:52 +0200: Memory Usage (435188K) : metal1_OPC has 0 polygons
2026-04-11 04:30:52 +0200: Memory Usage (435316K) : metal1_noqrc has 1 polygons
2026-04-11 04:30:52 +0200: Memory Usage (435444K) : metal1_res has 0 polygons
2026-04-11 04:30:52 +0200: Memory Usage (435572K) : metal1_iprobe has 0 polygons
2026-04-11 04:30:52 +0200: Memory Usage (435700K) : metal1_diffprb has 0 polygons
2026-04-11 04:30:52 +0200: Memory Usage (435828K) : passiv_drw has 0 polygons
2026-04-11 04:30:52 +0200: Memory Usage (435956K) : passiv_pin has 0 polygons
2026-04-11 04:30:52 +0200: Memory Usage (436084K) : passiv_sbump has 0 polygons
2026-04-11 04:30:52 +0200: Memory Usage (436212K) : passiv_pillar has 0 polygons
2026-04-11 04:30:52 +0200: Memory Usage (436340K) : passiv_pdl has 0 polygons
2026-04-11 04:30:52 +0200: Memory Usage (436468K) : metal2_drw has 13 polygons
2026-04-11 04:30:52 +0200: Memory Usage (436596K) : metal2_filler has 0 polygons
2026-04-11 04:30:52 +0200: Memory Usage (436724K) : metal2_slit has 0 polygons
2026-04-11 04:30:52 +0200: Memory Usage (436852K) : metal2 has 13 polygons
2026-04-11 04:30:52 +0200: Memory Usage (436980K) : metal2_pin has 5 polygons
2026-04-11 04:30:52 +0200: Memory Usage (437108K) : metal2_mask has 0 polygons
2026-04-11 04:30:52 +0200: Memory Usage (437236K) : metal2_nofill has 1 polygons
2026-04-11 04:30:52 +0200: Memory Usage (437364K) : metal2_text has 5 polygons
2026-04-11 04:30:52 +0200: Memory Usage (437492K) : metal2_OPC has 0 polygons
2026-04-11 04:30:52 +0200: Memory Usage (437492K) : metal2_noqrc has 1 polygons
2026-04-11 04:30:52 +0200: Memory Usage (437620K) : metal2_res has 0 polygons
2026-04-11 04:30:52 +0200: Memory Usage (437748K) : metal2_iprobe has 0 polygons
2026-04-11 04:30:52 +0200: Memory Usage (437876K) : metal2_diffprb has 0 polygons
2026-04-11 04:30:52 +0200: Memory Usage (438004K) : baspoly_drw has 0 polygons
2026-04-11 04:30:52 +0200: Memory Usage (438132K) : baspoly_pin has 0 polygons
2026-04-11 04:30:52 +0200: Memory Usage (438260K) : psd_drw has 15 polygons
2026-04-11 04:30:52 +0200: Memory Usage (438388K) : nldb_drw has 0 polygons
2026-04-11 04:30:52 +0200: Memory Usage (438516K) : digibnd_drw has 0 polygons
2026-04-11 04:30:52 +0200: Memory Usage (438644K) : via1_drw has 46 polygons
2026-04-11 04:30:52 +0200: Memory Usage (438772K) : backmetal1_drw has 0 polygons
2026-04-11 04:30:52 +0200: Memory Usage (438900K) : backmetal1_pin has 0 polygons
2026-04-11 04:30:52 +0200: Memory Usage (439028K) : backmetal1_mask has 0 polygons
2026-04-11 04:30:52 +0200: Memory Usage (439156K) : backmetal1_filler has 0 polygons
2026-04-11 04:30:52 +0200: Memory Usage (439284K) : backmetal1_nofill has 0 polygons
2026-04-11 04:30:52 +0200: Memory Usage (439412K) : backmetal1_slit has 0 polygons
2026-04-11 04:30:52 +0200: Memory Usage (439412K) : backmetal1_text has 0 polygons
2026-04-11 04:30:52 +0200: Memory Usage (439540K) : backmetal1_OPC has 0 polygons
2026-04-11 04:30:52 +0200: Memory Usage (439668K) : backmetal1_noqrc has 0 polygons
2026-04-11 04:30:52 +0200: Memory Usage (439796K) : backmetal1_res has 0 polygons
2026-04-11 04:30:52 +0200: Memory Usage (439924K) : backmetal1_iprobe has 0 polygons
2026-04-11 04:30:52 +0200: Memory Usage (440180K) : backmetal1_diffprb has 0 polygons
2026-04-11 04:30:52 +0200: Memory Usage (440308K) : backpassiv_drw has 0 polygons
2026-04-11 04:30:52 +0200: Memory Usage (440436K) : res_drw has 0 polygons
2026-04-11 04:30:52 +0200: Memory Usage (440564K) : sram_drw has 0 polygons
2026-04-11 04:30:52 +0200: Memory Usage (440692K) : trans_drw has 0 polygons
2026-04-11 04:30:52 +0200: Memory Usage (440820K) : ind_drw has 2 polygons
2026-04-11 04:30:52 +0200: Memory Usage (440948K) : ind_pin has 2 polygons
2026-04-11 04:30:52 +0200: Memory Usage (440948K) : ind_text has 0 polygons
2026-04-11 04:30:52 +0200: Memory Usage (441076K) : salblock_drw has 0 polygons
2026-04-11 04:30:52 +0200: Memory Usage (441204K) : via2_drw has 134 polygons
2026-04-11 04:30:52 +0200: Memory Usage (441332K) : metal3_drw has 4 polygons
2026-04-11 04:30:52 +0200: Memory Usage (441460K) : metal3_filler has 0 polygons
2026-04-11 04:30:52 +0200: Memory Usage (441588K) : metal3_slit has 0 polygons
2026-04-11 04:30:52 +0200: Memory Usage (441716K) : metal3 has 4 polygons
2026-04-11 04:30:52 +0200: Memory Usage (441844K) : metal3_pin has 0 polygons
2026-04-11 04:30:52 +0200: Memory Usage (441972K) : metal3_mask has 0 polygons
2026-04-11 04:30:52 +0200: Memory Usage (442100K) : metal3_nofill has 1 polygons
2026-04-11 04:30:52 +0200: Memory Usage (442100K) : metal3_text has 0 polygons
2026-04-11 04:30:52 +0200: Memory Usage (442228K) : metal3_OPC has 0 polygons
2026-04-11 04:30:52 +0200: Memory Usage (442356K) : metal3_noqrc has 1 polygons
2026-04-11 04:30:52 +0200: Memory Usage (442484K) : metal3_res has 0 polygons
2026-04-11 04:30:52 +0200: Memory Usage (442612K) : metal3_iprobe has 0 polygons
2026-04-11 04:30:52 +0200: Memory Usage (442740K) : metal3_diffprb has 0 polygons
2026-04-11 04:30:52 +0200: Memory Usage (442868K) : nwell_drw has 7 polygons
2026-04-11 04:30:52 +0200: Memory Usage (442996K) : nwell_pin has 0 polygons
2026-04-11 04:30:52 +0200: Memory Usage (442996K) : nwell_text has 0 polygons
2026-04-11 04:30:52 +0200: Memory Usage (443124K) : nbulay_drw has 2 polygons
2026-04-11 04:30:52 +0200: Memory Usage (443252K) : nbulay_pin has 0 polygons
2026-04-11 04:30:52 +0200: Memory Usage (443380K) : nbulay_block has 0 polygons
2026-04-11 04:30:52 +0200: Memory Usage (443508K) : emwind_drw has 0 polygons
2026-04-11 04:30:52 +0200: Memory Usage (443636K) : emwind_OPC has 0 polygons
2026-04-11 04:30:52 +0200: Memory Usage (443764K) : deepco_drw has 0 polygons
2026-04-11 04:30:52 +0200: Memory Usage (443892K) : mim_drw has 1 polygons
2026-04-11 04:30:52 +0200: Memory Usage (444020K) : edgeseal_drw has 0 polygons
2026-04-11 04:30:52 +0200: Memory Usage (444276K) : substrate_drw has 7 polygons
2026-04-11 04:30:52 +0200: Memory Usage (444276K) : substrate_text has 0 polygons
2026-04-11 04:30:52 +0200: Memory Usage (444404K) : dfpad_drw has 0 polygons
2026-04-11 04:30:52 +0200: Memory Usage (444532K) : dfpad_pillar has 0 polygons
2026-04-11 04:30:52 +0200: Memory Usage (444660K) : dfpad_sbump has 0 polygons
2026-04-11 04:30:52 +0200: Memory Usage (444788K) : thickgateox_drw has 0 polygons
2026-04-11 04:30:52 +0200: Memory Usage (444916K) : pldb_drw has 0 polygons
2026-04-11 04:30:52 +0200: Memory Usage (445044K) : pwell_drw has 0 polygons
2026-04-11 04:30:52 +0200: Memory Usage (445172K) : pwell_pin has 0 polygons
2026-04-11 04:30:52 +0200: Memory Usage (445300K) : pwell_block has 1 polygons
2026-04-11 04:30:52 +0200: Memory Usage (445428K) : ic_drw has 0 polygons
2026-04-11 04:30:52 +0200: Memory Usage (445556K) : via3_drw has 134 polygons
2026-04-11 04:30:52 +0200: Memory Usage (445684K) : metal4_drw has 4 polygons
2026-04-11 04:30:52 +0200: Memory Usage (445812K) : metal4_filler has 0 polygons
2026-04-11 04:30:52 +0200: Memory Usage (445940K) : metal4_slit has 0 polygons
2026-04-11 04:30:52 +0200: Memory Usage (446068K) : metal4 has 4 polygons
2026-04-11 04:30:52 +0200: Memory Usage (446196K) : metal4_pin has 0 polygons
2026-04-11 04:30:52 +0200: Memory Usage (446196K) : metal4_mask has 0 polygons
2026-04-11 04:30:52 +0200: Memory Usage (446196K) : metal4_nofill has 1 polygons
2026-04-11 04:30:52 +0200: Memory Usage (446196K) : metal4_text has 0 polygons
2026-04-11 04:30:52 +0200: Memory Usage (446196K) : metal4_OPC has 0 polygons
2026-04-11 04:30:52 +0200: Memory Usage (446196K) : metal4_noqrc has 1 polygons
2026-04-11 04:30:52 +0200: Memory Usage (446196K) : metal4_res has 0 polygons
2026-04-11 04:30:52 +0200: Memory Usage (446196K) : metal4_iprobe has 0 polygons
2026-04-11 04:30:52 +0200: Memory Usage (446196K) : metal4_diffprb has 0 polygons
2026-04-11 04:30:52 +0200: Memory Usage (446196K) : heattrans_drw has 99 polygons
2026-04-11 04:30:52 +0200: Memory Usage (446196K) : heatres_drw has 0 polygons
2026-04-11 04:30:52 +0200: Memory Usage (446196K) : fbe_drw has 0 polygons
2026-04-11 04:30:52 +0200: Memory Usage (446196K) : empoly_drw has 0 polygons
2026-04-11 04:30:53 +0200: Memory Usage (446196K) : digisub_drw has 0 polygons
2026-04-11 04:30:53 +0200: Memory Usage (446196K) : text_drw has 18 polygons
2026-04-11 04:30:53 +0200: Memory Usage (446196K) : via4_drw has 134 polygons
2026-04-11 04:30:53 +0200: Memory Usage (446196K) : metal5_drw has 4 polygons
2026-04-11 04:30:53 +0200: Memory Usage (446196K) : metal5_filler has 0 polygons
2026-04-11 04:30:53 +0200: Memory Usage (446196K) : metal5_slit has 0 polygons
2026-04-11 04:30:53 +0200: Memory Usage (446196K) : metal5 has 4 polygons
2026-04-11 04:30:53 +0200: Memory Usage (446196K) : metal5_pin has 1 polygons
2026-04-11 04:30:53 +0200: Memory Usage (446196K) : metal5_mask has 0 polygons
2026-04-11 04:30:53 +0200: Memory Usage (446196K) : metal5_nofill has 1 polygons
2026-04-11 04:30:53 +0200: Memory Usage (446196K) : metal5_text has 0 polygons
2026-04-11 04:30:53 +0200: Memory Usage (446196K) : metal5_OPC has 0 polygons
2026-04-11 04:30:53 +0200: Memory Usage (446196K) : metal5_noqrc has 1 polygons
2026-04-11 04:30:53 +0200: Memory Usage (446196K) : metal5_res has 0 polygons
2026-04-11 04:30:53 +0200: Memory Usage (446196K) : metal5_iprobe has 0 polygons
2026-04-11 04:30:53 +0200: Memory Usage (446196K) : metal5_diffprb has 0 polygons
2026-04-11 04:30:53 +0200: Memory Usage (446196K) : radhard_drw has 0 polygons
2026-04-11 04:30:53 +0200: Memory Usage (446196K) : memcap_drw has 0 polygons
2026-04-11 04:30:53 +0200: Memory Usage (446196K) : varicap_drw has 0 polygons
2026-04-11 04:30:53 +0200: Memory Usage (446196K) : intbondvia_drw has 0 polygons
2026-04-11 04:30:53 +0200: Memory Usage (446196K) : intbondmet_drw has 0 polygons
2026-04-11 04:30:53 +0200: Memory Usage (446196K) : devbondvia_drw has 0 polygons
2026-04-11 04:30:53 +0200: Memory Usage (446196K) : devbondmet_drw has 0 polygons
2026-04-11 04:30:53 +0200: Memory Usage (446196K) : devtrench_drw has 0 polygons
2026-04-11 04:30:53 +0200: Memory Usage (446196K) : redist_drw has 0 polygons
2026-04-11 04:30:53 +0200: Memory Usage (446196K) : graphbot_drw has 0 polygons
2026-04-11 04:30:53 +0200: Memory Usage (446196K) : graphtop_drw has 0 polygons
2026-04-11 04:30:53 +0200: Memory Usage (446196K) : antvia1_drw has 0 polygons
2026-04-11 04:30:53 +0200: Memory Usage (446196K) : antmetal2_drw has 0 polygons
2026-04-11 04:30:53 +0200: Memory Usage (446196K) : graphcont_drw has 0 polygons
2026-04-11 04:30:53 +0200: Memory Usage (446196K) : siwg_drw has 0 polygons
2026-04-11 04:30:53 +0200: Memory Usage (446196K) : siwg_filler has 0 polygons
2026-04-11 04:30:53 +0200: Memory Usage (446196K) : siwg_nofill has 0 polygons
2026-04-11 04:30:53 +0200: Memory Usage (446196K) : sigrating_drw has 0 polygons
2026-04-11 04:30:53 +0200: Memory Usage (446196K) : singrating_drw has 0 polygons
2026-04-11 04:30:53 +0200: Memory Usage (446196K) : graphpas_drw has 0 polygons
2026-04-11 04:30:53 +0200: Memory Usage (446196K) : emwind3_drw has 0 polygons
2026-04-11 04:30:53 +0200: Memory Usage (446196K) : emwihv3_drw has 0 polygons
2026-04-11 04:30:53 +0200: Memory Usage (446196K) : redbulay_drw has 0 polygons
2026-04-11 04:30:53 +0200: Memory Usage (446196K) : smos_drw has 0 polygons
2026-04-11 04:30:53 +0200: Memory Usage (446196K) : graphpad_drw has 0 polygons
2026-04-11 04:30:53 +0200: Memory Usage (446196K) : polimide_drw has 0 polygons
2026-04-11 04:30:53 +0200: Memory Usage (446196K) : polimide_pin has 0 polygons
2026-04-11 04:30:53 +0200: Memory Usage (446196K) : recog_drw has 0 polygons
2026-04-11 04:30:53 +0200: Memory Usage (446196K) : recog_pin has 0 polygons
2026-04-11 04:30:53 +0200: Memory Usage (446196K) : recog_esd has 0 polygons
2026-04-11 04:30:53 +0200: Memory Usage (446196K) : recog_diode has 0 polygons
2026-04-11 04:30:53 +0200: Memory Usage (446196K) : recog_tsv has 0 polygons
2026-04-11 04:30:53 +0200: Memory Usage (446196K) : recog_iprobe has 0 polygons
2026-04-11 04:30:53 +0200: Memory Usage (446196K) : recog_diffprb has 0 polygons
2026-04-11 04:30:53 +0200: Memory Usage (446196K) : recog_pillar has 0 polygons
2026-04-11 04:30:53 +0200: Memory Usage (446196K) : recog_sbump has 0 polygons
2026-04-11 04:30:53 +0200: Memory Usage (446196K) : recog_otp has 0 polygons
2026-04-11 04:30:53 +0200: Memory Usage (446196K) : recog_pdiode has 0 polygons
2026-04-11 04:30:53 +0200: Memory Usage (446196K) : recog_mom has 0 polygons
2026-04-11 04:30:53 +0200: Memory Usage (446196K) : recog_pcm has 0 polygons
2026-04-11 04:30:53 +0200: Memory Usage (446196K) : colopen_drw has 0 polygons
2026-04-11 04:30:53 +0200: Memory Usage (446196K) : graphmetal1_drw has 0 polygons
2026-04-11 04:30:53 +0200: Memory Usage (446196K) : graphmetal1_filler has 0 polygons
2026-04-11 04:30:53 +0200: Memory Usage (446196K) : graphmetal1_nofill has 0 polygons
2026-04-11 04:30:53 +0200: Memory Usage (446196K) : graphmetal1_slit has 0 polygons
2026-04-11 04:30:53 +0200: Memory Usage (446196K) : graphmetal1_OPC has 0 polygons
2026-04-11 04:30:53 +0200: Memory Usage (446196K) : graphmet1l_drw has 0 polygons
2026-04-11 04:30:53 +0200: Memory Usage (446196K) : graphmet1l_filler has 0 polygons
2026-04-11 04:30:53 +0200: Memory Usage (446196K) : graphmet1l_nofill has 0 polygons
2026-04-11 04:30:53 +0200: Memory Usage (446196K) : graphmet1l_slit has 0 polygons
2026-04-11 04:30:53 +0200: Memory Usage (446196K) : graphmet1l_OPC has 0 polygons
2026-04-11 04:30:53 +0200: Memory Usage (446196K) : extblock_drw has 0 polygons
2026-04-11 04:30:53 +0200: Memory Usage (446196K) : nldd_drw has 0 polygons
2026-04-11 04:30:53 +0200: Memory Usage (446196K) : pldd_drw has 0 polygons
2026-04-11 04:30:53 +0200: Memory Usage (446196K) : next_drw has 0 polygons
2026-04-11 04:30:53 +0200: Memory Usage (446196K) : pext_drw has 0 polygons
2026-04-11 04:30:53 +0200: Memory Usage (446196K) : nexthv_drw has 0 polygons
2026-04-11 04:30:53 +0200: Memory Usage (446196K) : pexthv_drw has 0 polygons
2026-04-11 04:30:53 +0200: Memory Usage (446196K) : graphgate_drw has 0 polygons
2026-04-11 04:30:53 +0200: Memory Usage (446196K) : sinwg_drw has 0 polygons
2026-04-11 04:30:53 +0200: Memory Usage (446196K) : sinwg_filler has 0 polygons
2026-04-11 04:30:53 +0200: Memory Usage (446196K) : sinwg_nofill has 0 polygons
2026-04-11 04:30:53 +0200: Memory Usage (446196K) : mempad_drw has 0 polygons
2026-04-11 04:30:53 +0200: Memory Usage (446196K) : topvia1_drw has 129 polygons
2026-04-11 04:30:53 +0200: Memory Usage (446196K) : topmetal1_drw has 5 polygons
2026-04-11 04:30:53 +0200: Memory Usage (446196K) : topmetal1_filler has 0 polygons
2026-04-11 04:30:53 +0200: Memory Usage (446196K) : topmetal1_slit has 0 polygons
2026-04-11 04:30:53 +0200: Memory Usage (446196K) : topmetal1 has 5 polygons
2026-04-11 04:30:53 +0200: Memory Usage (446196K) : topmetal1_pin has 1 polygons
2026-04-11 04:30:53 +0200: Memory Usage (446196K) : topmetal1_mask has 0 polygons
2026-04-11 04:30:53 +0200: Memory Usage (446196K) : topmetal1_nofill has 1 polygons
2026-04-11 04:30:53 +0200: Memory Usage (446196K) : topmetal1_text has 0 polygons
2026-04-11 04:30:53 +0200: Memory Usage (446196K) : topmetal1_noqrc has 1 polygons
2026-04-11 04:30:53 +0200: Memory Usage (446196K) : topmetal1_res has 0 polygons
2026-04-11 04:30:53 +0200: Memory Usage (446196K) : topmetal1_iprobe has 0 polygons
2026-04-11 04:30:53 +0200: Memory Usage (446196K) : topmetal1_diffprb has 0 polygons
2026-04-11 04:30:53 +0200: Memory Usage (446196K) : inldpwl_drw has 0 polygons
2026-04-11 04:30:53 +0200: Memory Usage (446196K) : polyres_drw has 0 polygons
2026-04-11 04:30:53 +0200: Memory Usage (446196K) : polyres_pin has 0 polygons
2026-04-11 04:30:53 +0200: Memory Usage (446196K) : vmim_drw has 576 polygons
2026-04-11 04:30:53 +0200: Memory Usage (446196K) : nbulaycut_drw has 0 polygons
2026-04-11 04:30:53 +0200: Memory Usage (446196K) : antmetal1_drw has 0 polygons
2026-04-11 04:30:53 +0200: Memory Usage (446196K) : topvia2_drw has 488 polygons
2026-04-11 04:30:53 +0200: Memory Usage (446324K) : topmetal2_drw has 3 polygons
2026-04-11 04:30:53 +0200: Memory Usage (446324K) : topmetal2_filler has 0 polygons
2026-04-11 04:30:53 +0200: Memory Usage (446324K) : topmetal2_slit has 0 polygons
2026-04-11 04:30:53 +0200: Memory Usage (446324K) : topmetal2 has 3 polygons
2026-04-11 04:30:53 +0200: Memory Usage (446324K) : topmetal2_pin has 0 polygons
2026-04-11 04:30:53 +0200: Memory Usage (446324K) : topmetal2_mask has 0 polygons
2026-04-11 04:30:53 +0200: Memory Usage (446324K) : topmetal2_nofill has 1 polygons
2026-04-11 04:30:53 +0200: Memory Usage (446324K) : topmetal2_text has 0 polygons
2026-04-11 04:30:53 +0200: Memory Usage (446324K) : topmetal2_noqrc has 0 polygons
2026-04-11 04:30:53 +0200: Memory Usage (446324K) : topmetal2_res has 0 polygons
2026-04-11 04:30:53 +0200: Memory Usage (446324K) : topmetal2_iprobe has 0 polygons
2026-04-11 04:30:53 +0200: Memory Usage (446324K) : topmetal2_diffprb has 0 polygons
2026-04-11 04:30:53 +0200: Memory Usage (446452K) : snsring_drw has 0 polygons
2026-04-11 04:30:53 +0200: Memory Usage (446580K) : sensor_drw has 0 polygons
2026-04-11 04:30:53 +0200: Memory Usage (446708K) : snsarms_drw has 0 polygons
2026-04-11 04:30:53 +0200: Memory Usage (446836K) : snscmosvia_drw has 0 polygons
2026-04-11 04:30:53 +0200: Memory Usage (446964K) : colwind_drw has 0 polygons
2026-04-11 04:30:53 +0200: Memory Usage (447092K) : flm_drw has 0 polygons
2026-04-11 04:30:53 +0200: Memory Usage (447220K) : hafniumox_drw has 0 polygons
2026-04-11 04:30:53 +0200: Memory Usage (447348K) : memvia_drw has 0 polygons
2026-04-11 04:30:53 +0200: Memory Usage (447476K) : thinfilmres_drw has 0 polygons
2026-04-11 04:30:53 +0200: Memory Usage (447604K) : rfmem_drw has 0 polygons
2026-04-11 04:30:53 +0200: Memory Usage (447732K) : norcx_drw has 0 polygons
2026-04-11 04:30:53 +0200: Memory Usage (447860K) : norcx_m2m3 has 0 polygons
2026-04-11 04:30:53 +0200: Memory Usage (447988K) : norcx_m2m4 has 0 polygons
2026-04-11 04:30:53 +0200: Memory Usage (448116K) : norcx_m2m5 has 0 polygons
2026-04-11 04:30:53 +0200: Memory Usage (448244K) : norcx_m2tm1 has 0 polygons
2026-04-11 04:30:53 +0200: Memory Usage (448372K) : norcx_m2tm2 has 0 polygons
2026-04-11 04:30:53 +0200: Memory Usage (448500K) : norcx_m3m4 has 0 polygons
2026-04-11 04:30:53 +0200: Memory Usage (448628K) : norcx_m3m5 has 0 polygons
2026-04-11 04:30:53 +0200: Memory Usage (448756K) : norcx_m3tm1 has 0 polygons
2026-04-11 04:30:53 +0200: Memory Usage (448884K) : norcx_m3tm2 has 0 polygons
2026-04-11 04:30:53 +0200: Memory Usage (449012K) : norcx_m4m5 has 0 polygons
2026-04-11 04:30:53 +0200: Memory Usage (449140K) : norcx_m4tm1 has 0 polygons
2026-04-11 04:30:53 +0200: Memory Usage (449268K) : norcx_m4tm2 has 0 polygons
2026-04-11 04:30:53 +0200: Memory Usage (449396K) : norcx_m5tm1 has 0 polygons
2026-04-11 04:30:53 +0200: Memory Usage (449524K) : norcx_m5tm2 has 0 polygons
2026-04-11 04:30:53 +0200: Memory Usage (449652K) : norcx_tm1tm2 has 0 polygons
2026-04-11 04:30:53 +0200: Memory Usage (449780K) : norcx_m1sub has 0 polygons
2026-04-11 04:30:53 +0200: Memory Usage (449908K) : norcx_m2sub has 0 polygons
2026-04-11 04:30:53 +0200: Memory Usage (450036K) : norcx_m3sub has 0 polygons
2026-04-11 04:30:53 +0200: Memory Usage (450164K) : norcx_m4sub has 0 polygons
2026-04-11 04:30:53 +0200: Memory Usage (450292K) : norcx_m5sub has 0 polygons
2026-04-11 04:30:53 +0200: Memory Usage (450420K) : norcx_tm1sub has 0 polygons
2026-04-11 04:30:53 +0200: Memory Usage (450548K) : norcx_tm2sub has 0 polygons
2026-04-11 04:30:53 +0200: Memory Usage (450676K) : snsbotvia_drw has 0 polygons
2026-04-11 04:30:53 +0200: Memory Usage (450804K) : snstopvia_drw has 0 polygons
2026-04-11 04:30:53 +0200: Memory Usage (450932K) : deepvia_drw has 0 polygons
2026-04-11 04:30:53 +0200: Memory Usage (451060K) : fgetch_drw has 0 polygons
2026-04-11 04:30:53 +0200: Memory Usage (451188K) : ctrgat_drw has 0 polygons
2026-04-11 04:30:53 +0200: Memory Usage (451316K) : fgimp_drw has 0 polygons
2026-04-11 04:30:53 +0200: Memory Usage (451444K) : emwihv_drw has 0 polygons
2026-04-11 04:30:53 +0200: Memory Usage (451572K) : lbe_drw has 0 polygons
2026-04-11 04:30:53 +0200: Memory Usage (451700K) : alcustop_drw has 0 polygons
2026-04-11 04:30:53 +0200: Memory Usage (451828K) : nometfiller_drw has 0 polygons
2026-04-11 04:30:53 +0200: Memory Usage (451956K) : prboundary_drw has 0 polygons
2026-04-11 04:30:53 +0200: Memory Usage (452084K) : exchange0_drw has 0 polygons
2026-04-11 04:30:53 +0200: Memory Usage (452212K) : exchange0_pin has 0 polygons
2026-04-11 04:30:53 +0200: Memory Usage (452340K) : exchange0_text has 0 polygons
2026-04-11 04:30:53 +0200: Memory Usage (452468K) : exchange1_drw has 0 polygons
2026-04-11 04:30:53 +0200: Memory Usage (452596K) : exchange1_pin has 0 polygons
2026-04-11 04:30:53 +0200: Memory Usage (452596K) : exchange1_text has 0 polygons
2026-04-11 04:30:53 +0200: Memory Usage (452724K) : exchange2_drw has 0 polygons
2026-04-11 04:30:53 +0200: Memory Usage (452852K) : exchange2_pin has 0 polygons
2026-04-11 04:30:53 +0200: Memory Usage (452980K) : exchange2_text has 0 polygons
2026-04-11 04:30:53 +0200: Memory Usage (453108K) : exchange3_drw has 0 polygons
2026-04-11 04:30:53 +0200: Memory Usage (453236K) : exchange3_pin has 0 polygons
2026-04-11 04:30:53 +0200: Memory Usage (453236K) : exchange3_text has 0 polygons
2026-04-11 04:30:53 +0200: Memory Usage (453364K) : exchange4_drw has 0 polygons
2026-04-11 04:30:53 +0200: Memory Usage (453492K) : exchange4_pin has 0 polygons
2026-04-11 04:30:53 +0200: Memory Usage (453620K) : exchange4_text has 0 polygons
2026-04-11 04:30:53 +0200: Memory Usage (453748K) : isonwell_drw has 0 polygons
2026-04-11 04:30:53 +0200: Memory Usage (453748K) : Total no. of polygons in the design is 5840
2026-04-11 04:30:53 +0200: Memory Usage (453748K) : Starting base layers derivations
2026-04-11 04:30:53 +0200: Memory Usage (453748K) : Starting general LVS derivations
2026-04-11 04:30:53 +0200: Memory Usage (448928K) : Starting MOSFET DERIVATIONS
2026-04-11 04:30:53 +0200: Memory Usage (448928K) : Starting NMOS DERIVATIONS
2026-04-11 04:30:53 +0200: Memory Usage (448928K) : Starting PMOS DERIVATIONS
2026-04-11 04:30:53 +0200: Memory Usage (448928K) : Starting RF-MOSFET DERIVATIONS
2026-04-11 04:30:53 +0200: Memory Usage (448928K) : Starting RF-NMOS DERIVATIONS
2026-04-11 04:30:53 +0200: Memory Usage (448928K) : Starting RF-PMOS DERIVATIONS
2026-04-11 04:30:53 +0200: Memory Usage (448928K) : Starting BJT DERIVATIONS
2026-04-11 04:30:53 +0200: Memory Usage (448928K) : Starting NPN-BJT DERIVATIONS
2026-04-11 04:30:53 +0200: Memory Usage (448928K) : Starting PNP-BJT DERIVATIONS
2026-04-11 04:30:53 +0200: Memory Usage (448928K) : Starting DIODE DERIVATIONS
2026-04-11 04:30:53 +0200: Memory Usage (448928K) : Starting RESISTOR DERIVATIONS
2026-04-11 04:30:53 +0200: Memory Usage (451872K) : Starting CAP DERIVATIONS
2026-04-11 04:30:53 +0200: Memory Usage (455200K) : Starting ESD DERIVATIONS
2026-04-11 04:30:54 +0200: Memory Usage (456352K) : Starting Inductor DERIVATIONS
2026-04-11 04:30:54 +0200: Memory Usage (456352K) : Starting Taps DERIVATIONS
2026-04-11 04:30:54 +0200: Memory Usage (456352K) : Starting SG13G2 LVS connectivity setup
2026-04-11 04:30:54 +0200: Memory Usage (456352K) : Starting SG13G2 LVS connectivity setup (Inter-layer)
2026-04-11 04:30:54 +0200: Memory Usage (456864K) : Starting SG13G2 LVS connectivity setup (Global)
2026-04-11 04:30:54 +0200: Memory Usage (456864K) : Starting LVS MOSFET CONNECTIONS
2026-04-11 04:30:54 +0200: Memory Usage (456864K) : Starting LVS RF-MOSFET CONNECTIONS
2026-04-11 04:30:54 +0200: Memory Usage (456864K) : Starting LVS BJT CONNECTIONS
2026-04-11 04:30:54 +0200: Memory Usage (456864K) : Starting LVS DIODE CONNECTIONS
2026-04-11 04:30:54 +0200: Memory Usage (456864K) : Starting RESISTOR CONNECTIONS
2026-04-11 04:30:54 +0200: Memory Usage (456864K) : Starting LVS CAP CONNECTIONS
2026-04-11 04:30:54 +0200: Memory Usage (456864K) : Starting ESD CONNECTIONS
2026-04-11 04:30:54 +0200: Memory Usage (456864K) : Starting Inductor CONNECTIONS
2026-04-11 04:30:54 +0200: Memory Usage (456864K) : Starting LVS Taps CONNECTIONS
2026-04-11 04:30:54 +0200: Memory Usage (456864K) : Starting SG13G2 LVS DEVICES EXTRACTION
2026-04-11 04:30:54 +0200: Memory Usage (456864K) : Starting MOSFET EXTRACTION
2026-04-11 04:30:54 +0200: Memory Usage (456864K) : Starting NMOS EXTRACTION
2026-04-11 04:30:54 +0200: Memory Usage (456864K) : Extraction of NMOS-LV transistor
2026-04-11 04:30:54 +0200: Memory Usage (457248K) : Extraction of NMOS-HV transistor
2026-04-11 04:30:54 +0200: Memory Usage (457248K) : Starting PMOS EXTRACTION
2026-04-11 04:30:54 +0200: Memory Usage (457248K) : Extraction of PMOS-LV transistor
2026-04-11 04:30:54 +0200: Memory Usage (457248K) : Extraction of PMOS-HV transistor
2026-04-11 04:30:54 +0200: Memory Usage (457248K) : Starting RF-MOSFET EXTRACTION
2026-04-11 04:30:54 +0200: Memory Usage (457248K) : Extraction of RF-NMOS-LV transistor
2026-04-11 04:30:54 +0200: Memory Usage (457248K) : Extraction of RF-NMOS-HV transistor
2026-04-11 04:30:54 +0200: Memory Usage (457248K) : Extraction of RF-PMOS-LV transistor
2026-04-11 04:30:54 +0200: Memory Usage (457248K) : Extraction of RF-PMOS-HV transistor
2026-04-11 04:30:54 +0200: Memory Usage (457248K) : Starting BJT EXTRACTION
2026-04-11 04:30:54 +0200: Memory Usage (457248K) : Starting NPN-BJT EXTRACTION
2026-04-11 04:30:54 +0200: Memory Usage (457248K) : Extraction of npn13G2 BJT transistor
2026-04-11 04:30:54 +0200: Memory Usage (457248K) : Extraction of npn13G2L BJT transistor
2026-04-11 04:30:54 +0200: Memory Usage (457248K) : Extraction of npn13G2V BJT transistor
2026-04-11 04:30:54 +0200: Memory Usage (457248K) : Starting PNP-BJT EXTRACTION
2026-04-11 04:30:54 +0200: Memory Usage (457248K) : Extracting pnpMPA BJT
2026-04-11 04:30:54 +0200: Memory Usage (457248K) : Starting DIODE EXTRACTION
2026-04-11 04:30:54 +0200: Memory Usage (457248K) : Extracting dantenna diode
2026-04-11 04:30:54 +0200: Memory Usage (457248K) : Extracting dpantenna diode
2026-04-11 04:30:54 +0200: Memory Usage (457248K) : Extracting schottky_nbl1 diode
2026-04-11 04:30:54 +0200: Memory Usage (457248K) : Extracting isolbox diode
2026-04-11 04:30:54 +0200: Memory Usage (457248K) : Starting RESISTOR EXTRACTION
2026-04-11 04:30:54 +0200: Memory Usage (457248K) : Extracting rsil resistor
2026-04-11 04:30:54 +0200: Memory Usage (457248K) : Extracting rppd resistor
2026-04-11 04:30:54 +0200: Memory Usage (457248K) : Extracting rhigh resistor
2026-04-11 04:30:54 +0200: Memory Usage (457248K) : Extracting res_metal1 resistor
2026-04-11 04:30:54 +0200: Memory Usage (457376K) : Extracting res_metal2 resistor
2026-04-11 04:30:54 +0200: Memory Usage (457376K) : Extracting res_metal3 resistor
2026-04-11 04:30:54 +0200: Memory Usage (457376K) : Extracting res_metal4 resistor
2026-04-11 04:30:54 +0200: Memory Usage (457376K) : Extracting res_metal5 resistor
2026-04-11 04:30:54 +0200: Memory Usage (457376K) : Extracting res_topmetal1 resistor
2026-04-11 04:30:54 +0200: Memory Usage (457376K) : Extracting res_topmetal2 resistor
2026-04-11 04:30:54 +0200: Memory Usage (457376K) : Starting CAP EXTRACTION
2026-04-11 04:30:54 +0200: Memory Usage (457376K) : Extracting cap_cmim device
2026-04-11 04:30:54 +0200: Memory Usage (457376K) : Extracting rfcmim device
2026-04-11 04:30:54 +0200: Memory Usage (457376K) : Extracting sg13_hv_svaricap varactor
2026-04-11 04:30:54 +0200: Memory Usage (457376K) : Starting ESD EXTRACTION
2026-04-11 04:30:54 +0200: Memory Usage (457376K) : Extracting diodevdd_2kv ESD device
2026-04-11 04:30:54 +0200: Memory Usage (457376K) : Extracting diodevdd_4kv ESD device
2026-04-11 04:30:54 +0200: Memory Usage (457376K) : Extracting diodevss_2kv ESD device
2026-04-11 04:30:54 +0200: Memory Usage (457376K) : Extracting diodevss_4kv ESD device
2026-04-11 04:30:54 +0200: Memory Usage (457376K) : Extracting idiodevdd_2kv ESD device
2026-04-11 04:30:54 +0200: Memory Usage (457376K) : Extracting idiodevdd_4kv ESD device
2026-04-11 04:30:54 +0200: Memory Usage (457376K) : Extracting idiodevss_2kv ESD device
2026-04-11 04:30:54 +0200: Memory Usage (457376K) : Extracting idiodevss_4kv ESD device
2026-04-11 04:30:54 +0200: Memory Usage (457376K) : Extracting nmoscl_2 ESD device
2026-04-11 04:30:54 +0200: Memory Usage (457376K) : Extracting nmoscl_4 ESD device
2026-04-11 04:30:54 +0200: Memory Usage (457376K) : Starting Inductor EXTRACTION
2026-04-11 04:30:54 +0200: Memory Usage (457376K) : Extracting Inductor2 device
2026-04-11 04:30:54 +0200: Memory Usage (457376K) : Extracting Inductor3 device
2026-04-11 04:30:54 +0200: Memory Usage (457376K) : Starting Taps EXTRACTION
2026-04-11 04:30:54 +0200: Memory Usage (457376K) : Extracting ntap1 device
2026-04-11 04:30:54 +0200: Memory Usage (457376K) : Extracting ptap1 device
2026-04-11 04:30:54 +0200: Memory Usage (457376K) : Starting SG13G2 LVS RF MOS Model Mapping
2026-04-11 04:30:54 +0200: Memory Usage (457376K) : [layout_netlist] Apply RF MOS model mapping and rfmode parameter.
2026-04-11 04:30:54 +0200: Memory Usage (457376K) : Starting SG13G2 LVS Options Preparations
2026-04-11 04:30:54 +0200: Memory Usage (457376K) : SG13G2 LVS flow: extraction -> alignment -> option preparation -> comparison.
2026-04-11 04:30:54 +0200: Memory Usage (457376K) : Starting SG13G2 LVS Alignment
2026-04-11 04:30:54 +0200: Memory Usage (457376K) : Starting SG13G2 LVS Simplification
2026-04-11 04:30:54 +0200: Memory Usage (457376K) : [layout_netlist] simplify: ENABLED
2026-04-11 04:30:54 +0200: Memory Usage (457376K) : [layout_netlist] make_top_level_pins: SKIPPED
2026-04-11 04:30:54 +0200: Memory Usage (457376K) : [layout_netlist] combine_devices: SKIPPED
2026-04-11 04:30:54 +0200: Memory Usage (457376K) : [layout_netlist] purge: SKIPPED
2026-04-11 04:30:54 +0200: Memory Usage (457376K) : [layout_netlist] purge_nets: SKIPPED
2026-04-11 04:30:54 +0200: Memory Usage (457376K) : [schematic_netlist] simplify: ENABLED
2026-04-11 04:30:54 +0200: Memory Usage (457376K) : [schematic_netlist] make_top_level_pins: SKIPPED
2026-04-11 04:30:54 +0200: Memory Usage (457376K) : [schematic_netlist] combine_devices: SKIPPED
2026-04-11 04:30:54 +0200: Memory Usage (457376K) : [schematic_netlist] purge: SKIPPED
2026-04-11 04:30:54 +0200: Memory Usage (457376K) : [schematic_netlist] purge_nets: SKIPPED
2026-04-11 04:30:54 +0200: Memory Usage (457376K) : Starting SG13G2 LVS Comparison in strict port mode.
2026-04-11 04:30:54 +0200: Memory Usage (457376K) : flag_missing_ports enabled: missing/mislabeled top-level ports are treated as errors.
2026-04-11 04:30:54 +0200: Memory Usage (457504K) : xxxxxxxxxxxxxxxxxxxxxxxxxxxxxxxxxxxxxxxxxx
2026-04-11 04:30:54 +0200: Memory Usage (457504K) : ERROR : Netlists don't match
2026-04-11 04:30:54 +0200: Memory Usage (457504K) : xxxxxxxxxxxxxxxxxxxxxxxxxxxxxxxxxxxxxxxxxx
2026-04-11 04:30:54 +0200: Memory Usage (457504K) : LVS Total Run time 2.030367 seconds
