# Logfile created on 2026-04-11 05:10:31 +0200 by logger.rb/v1.4.3
2026-04-11 05:10:31 +0200: Memory Usage (430344K) : Starting running SG13G2 Klayout LVS runset on /home/designer/shared/frac-n-pll-vco-unic_cass/layout/LC_VCO.gds
2026-04-11 05:10:31 +0200: Memory Usage (430344K) : Ruby Version for klayout: 3.0.2
2026-04-11 05:10:31 +0200: Memory Usage (431752K) : Loading database to memory is complete.
2026-04-11 05:10:31 +0200: Memory Usage (431752K) : SG13G2 Klayout LVS runset output at: /home/designer/shared/frac-n-pll-vco-unic_cass/lvs_run_LC_VCO_2026_04_11_05_10_29/LC_VCO.lvsdb
2026-04-11 05:10:31 +0200: Memory Usage (431752K) : Evaluate switches.
2026-04-11 05:10:31 +0200: Memory Usage (431752K) : Extracted netlist with net names: true
2026-04-11 05:10:31 +0200: Memory Usage (431752K) : Extracted netlist with comments in details: false
2026-04-11 05:10:31 +0200: Memory Usage (431752K) : Selected NET_ONLY option: false
2026-04-11 05:10:31 +0200: Memory Usage (431752K) : Selected LAYOUT_NETLIST option: (none)
2026-04-11 05:10:31 +0200: Memory Usage (431752K) : Selected IGNORE_TOP_PORTS_MISMATCH option: 
2026-04-11 05:10:31 +0200: Memory Usage (431752K) : Selected IMPLICIT_NETS option: (none)
2026-04-11 05:10:31 +0200: Memory Usage (431752K) : Selected TOP_LVL_PINS option: false
2026-04-11 05:10:31 +0200: Memory Usage (431752K) : Selected COMBINE DEVICES option: false
2026-04-11 05:10:31 +0200: Memory Usage (431752K) : Selected PURGE option: false
2026-04-11 05:10:31 +0200: Memory Usage (431752K) : Selected PURGE_NETS option: false
2026-04-11 05:10:31 +0200: Memory Usage (431752K) : Selected SIMPLIFY option: true
2026-04-11 05:10:31 +0200: Memory Usage (431752K) : Selected SERIES_RES option: true
2026-04-11 05:10:31 +0200: Memory Usage (431752K) : Selected PARALLEL_RES option: true
2026-04-11 05:10:31 +0200: Memory Usage (431752K) : flat  mode is enabled.
2026-04-11 05:10:31 +0200: Memory Usage (432904K) : Netlist file: /home/designer/shared/frac-n-pll-vco-unic_cass/schematic/lc-vco/simulations/LC_VCO.spice
2026-04-11 05:10:31 +0200: Memory Usage (432904K) : LVS extracted netlist at: /home/designer/shared/frac-n-pll-vco-unic_cass/lvs_run_LC_VCO_2026_04_11_05_10_29/LC_VCO_extracted.cir
2026-04-11 05:10:31 +0200: Memory Usage (432904K) : Applying SRAM integration support.
2026-04-11 05:10:31 +0200: Memory Usage (432904K) : Starting SG13G2 LVS runset
2026-04-11 05:10:31 +0200: Memory Usage (432904K) : Read in polygons from layers.
2026-04-11 05:10:31 +0200: Memory Usage (434056K) : activ_drw has 26 polygons
2026-04-11 05:10:31 +0200: Memory Usage (434056K) : activ_filler has 0 polygons
2026-04-11 05:10:31 +0200: Memory Usage (434056K) : activ has 26 polygons
2026-04-11 05:10:31 +0200: Memory Usage (434056K) : activ_pin has 0 polygons
2026-04-11 05:10:31 +0200: Memory Usage (434056K) : activ_mask has 0 polygons
2026-04-11 05:10:31 +0200: Memory Usage (434056K) : activ_nofill has 1 polygons
2026-04-11 05:10:31 +0200: Memory Usage (434056K) : activ_OPC has 0 polygons
2026-04-11 05:10:31 +0200: Memory Usage (434056K) : activ_iOPC has 0 polygons
2026-04-11 05:10:31 +0200: Memory Usage (434056K) : activ_noqrc has 1 polygons
2026-04-11 05:10:31 +0200: Memory Usage (434056K) : biwind_drw has 0 polygons
2026-04-11 05:10:31 +0200: Memory Usage (434056K) : biwind_OPC has 0 polygons
2026-04-11 05:10:31 +0200: Memory Usage (434056K) : gatpoly_drw has 14 polygons
2026-04-11 05:10:31 +0200: Memory Usage (434184K) : gatpoly_filler has 0 polygons
2026-04-11 05:10:31 +0200: Memory Usage (434312K) : gatpoly has 14 polygons
2026-04-11 05:10:31 +0200: Memory Usage (434440K) : gatpoly_pin has 6 polygons
2026-04-11 05:10:31 +0200: Memory Usage (434568K) : gatpoly_nofill has 0 polygons
2026-04-11 05:10:31 +0200: Memory Usage (434696K) : gatpoly_OPC has 0 polygons
2026-04-11 05:10:31 +0200: Memory Usage (434824K) : gatpoly_iOPC has 0 polygons
2026-04-11 05:10:31 +0200: Memory Usage (434952K) : gatpoly_noqrc has 0 polygons
2026-04-11 05:10:31 +0200: Memory Usage (436104K) : cont_drw has 4737 polygons
2026-04-11 05:10:31 +0200: Memory Usage (436104K) : cont_OPC has 0 polygons
2026-04-11 05:10:31 +0200: Memory Usage (436104K) : nsd_drw has 0 polygons
2026-04-11 05:10:31 +0200: Memory Usage (436104K) : nsd_block has 0 polygons
2026-04-11 05:10:31 +0200: Memory Usage (436104K) : metal1_drw has 45 polygons
2026-04-11 05:10:31 +0200: Memory Usage (436104K) : metal1_filler has 0 polygons
2026-04-11 05:10:31 +0200: Memory Usage (436488K) : metal1_slit has 0 polygons
2026-04-11 05:10:31 +0200: Memory Usage (436488K) : metal1 has 45 polygons
2026-04-11 05:10:31 +0200: Memory Usage (436488K) : metal1_pin has 25 polygons
2026-04-11 05:10:31 +0200: Memory Usage (436616K) : metal1_mask has 0 polygons
2026-04-11 05:10:31 +0200: Memory Usage (436744K) : metal1_nofill has 1 polygons
2026-04-11 05:10:31 +0200: Memory Usage (436744K) : metal1_text has 4 polygons
2026-04-11 05:10:31 +0200: Memory Usage (436872K) : metal1_OPC has 0 polygons
2026-04-11 05:10:31 +0200: Memory Usage (437000K) : metal1_noqrc has 1 polygons
2026-04-11 05:10:31 +0200: Memory Usage (437128K) : metal1_res has 0 polygons
2026-04-11 05:10:31 +0200: Memory Usage (437256K) : metal1_iprobe has 0 polygons
2026-04-11 05:10:31 +0200: Memory Usage (437384K) : metal1_diffprb has 0 polygons
2026-04-11 05:10:31 +0200: Memory Usage (437512K) : passiv_drw has 0 polygons
2026-04-11 05:10:31 +0200: Memory Usage (437640K) : passiv_pin has 0 polygons
2026-04-11 05:10:31 +0200: Memory Usage (437768K) : passiv_sbump has 0 polygons
2026-04-11 05:10:31 +0200: Memory Usage (437896K) : passiv_pillar has 0 polygons
2026-04-11 05:10:31 +0200: Memory Usage (438024K) : passiv_pdl has 0 polygons
2026-04-11 05:10:31 +0200: Memory Usage (438152K) : metal2_drw has 13 polygons
2026-04-11 05:10:31 +0200: Memory Usage (438280K) : metal2_filler has 0 polygons
2026-04-11 05:10:31 +0200: Memory Usage (438408K) : metal2_slit has 0 polygons
2026-04-11 05:10:31 +0200: Memory Usage (438536K) : metal2 has 13 polygons
2026-04-11 05:10:31 +0200: Memory Usage (438664K) : metal2_pin has 5 polygons
2026-04-11 05:10:31 +0200: Memory Usage (438792K) : metal2_mask has 0 polygons
2026-04-11 05:10:31 +0200: Memory Usage (438920K) : metal2_nofill has 1 polygons
2026-04-11 05:10:31 +0200: Memory Usage (439048K) : metal2_text has 5 polygons
2026-04-11 05:10:31 +0200: Memory Usage (439048K) : metal2_OPC has 0 polygons
2026-04-11 05:10:31 +0200: Memory Usage (439176K) : metal2_noqrc has 1 polygons
2026-04-11 05:10:31 +0200: Memory Usage (439304K) : metal2_res has 0 polygons
2026-04-11 05:10:31 +0200: Memory Usage (439432K) : metal2_iprobe has 0 polygons
2026-04-11 05:10:31 +0200: Memory Usage (439560K) : metal2_diffprb has 0 polygons
2026-04-11 05:10:31 +0200: Memory Usage (439688K) : baspoly_drw has 0 polygons
2026-04-11 05:10:31 +0200: Memory Usage (439816K) : baspoly_pin has 0 polygons
2026-04-11 05:10:31 +0200: Memory Usage (439944K) : psd_drw has 19 polygons
2026-04-11 05:10:31 +0200: Memory Usage (440072K) : nldb_drw has 0 polygons
2026-04-11 05:10:31 +0200: Memory Usage (440200K) : digibnd_drw has 0 polygons
2026-04-11 05:10:31 +0200: Memory Usage (440328K) : via1_drw has 46 polygons
2026-04-11 05:10:31 +0200: Memory Usage (440456K) : backmetal1_drw has 0 polygons
2026-04-11 05:10:31 +0200: Memory Usage (440584K) : backmetal1_pin has 0 polygons
2026-04-11 05:10:31 +0200: Memory Usage (440712K) : backmetal1_mask has 0 polygons
2026-04-11 05:10:31 +0200: Memory Usage (440840K) : backmetal1_filler has 0 polygons
2026-04-11 05:10:31 +0200: Memory Usage (440968K) : backmetal1_nofill has 0 polygons
2026-04-11 05:10:31 +0200: Memory Usage (441096K) : backmetal1_slit has 0 polygons
2026-04-11 05:10:31 +0200: Memory Usage (441096K) : backmetal1_text has 0 polygons
2026-04-11 05:10:31 +0200: Memory Usage (441224K) : backmetal1_OPC has 0 polygons
2026-04-11 05:10:31 +0200: Memory Usage (441352K) : backmetal1_noqrc has 0 polygons
2026-04-11 05:10:31 +0200: Memory Usage (441480K) : backmetal1_res has 0 polygons
2026-04-11 05:10:31 +0200: Memory Usage (441608K) : backmetal1_iprobe has 0 polygons
2026-04-11 05:10:31 +0200: Memory Usage (441736K) : backmetal1_diffprb has 0 polygons
2026-04-11 05:10:31 +0200: Memory Usage (441864K) : backpassiv_drw has 0 polygons
2026-04-11 05:10:31 +0200: Memory Usage (441992K) : res_drw has 0 polygons
2026-04-11 05:10:31 +0200: Memory Usage (442120K) : sram_drw has 0 polygons
2026-04-11 05:10:31 +0200: Memory Usage (442248K) : trans_drw has 0 polygons
2026-04-11 05:10:31 +0200: Memory Usage (442376K) : ind_drw has 2 polygons
2026-04-11 05:10:31 +0200: Memory Usage (442504K) : ind_pin has 2 polygons
2026-04-11 05:10:31 +0200: Memory Usage (442632K) : ind_text has 0 polygons
2026-04-11 05:10:31 +0200: Memory Usage (442632K) : salblock_drw has 0 polygons
2026-04-11 05:10:31 +0200: Memory Usage (442760K) : via2_drw has 134 polygons
2026-04-11 05:10:31 +0200: Memory Usage (442888K) : metal3_drw has 4 polygons
2026-04-11 05:10:31 +0200: Memory Usage (443144K) : metal3_filler has 0 polygons
2026-04-11 05:10:31 +0200: Memory Usage (443272K) : metal3_slit has 0 polygons
2026-04-11 05:10:31 +0200: Memory Usage (443272K) : metal3 has 4 polygons
2026-04-11 05:10:31 +0200: Memory Usage (443400K) : metal3_pin has 0 polygons
2026-04-11 05:10:31 +0200: Memory Usage (443528K) : metal3_mask has 0 polygons
2026-04-11 05:10:31 +0200: Memory Usage (443784K) : metal3_nofill has 1 polygons
2026-04-11 05:10:31 +0200: Memory Usage (443784K) : metal3_text has 0 polygons
2026-04-11 05:10:31 +0200: Memory Usage (443912K) : metal3_OPC has 0 polygons
2026-04-11 05:10:31 +0200: Memory Usage (444040K) : metal3_noqrc has 1 polygons
2026-04-11 05:10:31 +0200: Memory Usage (444168K) : metal3_res has 0 polygons
2026-04-11 05:10:31 +0200: Memory Usage (444296K) : metal3_iprobe has 0 polygons
2026-04-11 05:10:31 +0200: Memory Usage (444424K) : metal3_diffprb has 0 polygons
2026-04-11 05:10:31 +0200: Memory Usage (444552K) : nwell_drw has 7 polygons
2026-04-11 05:10:31 +0200: Memory Usage (444680K) : nwell_pin has 0 polygons
2026-04-11 05:10:31 +0200: Memory Usage (444680K) : nwell_text has 0 polygons
2026-04-11 05:10:31 +0200: Memory Usage (444808K) : nbulay_drw has 2 polygons
2026-04-11 05:10:31 +0200: Memory Usage (444936K) : nbulay_pin has 0 polygons
2026-04-11 05:10:31 +0200: Memory Usage (445064K) : nbulay_block has 0 polygons
2026-04-11 05:10:31 +0200: Memory Usage (445192K) : emwind_drw has 0 polygons
2026-04-11 05:10:31 +0200: Memory Usage (445320K) : emwind_OPC has 0 polygons
2026-04-11 05:10:31 +0200: Memory Usage (445448K) : deepco_drw has 0 polygons
2026-04-11 05:10:31 +0200: Memory Usage (445576K) : mim_drw has 1 polygons
2026-04-11 05:10:31 +0200: Memory Usage (445704K) : edgeseal_drw has 0 polygons
2026-04-11 05:10:31 +0200: Memory Usage (445832K) : substrate_drw has 7 polygons
2026-04-11 05:10:31 +0200: Memory Usage (445960K) : substrate_text has 0 polygons
2026-04-11 05:10:31 +0200: Memory Usage (446088K) : dfpad_drw has 0 polygons
2026-04-11 05:10:31 +0200: Memory Usage (446216K) : dfpad_pillar has 0 polygons
2026-04-11 05:10:31 +0200: Memory Usage (446344K) : dfpad_sbump has 0 polygons
2026-04-11 05:10:31 +0200: Memory Usage (446472K) : thickgateox_drw has 0 polygons
2026-04-11 05:10:31 +0200: Memory Usage (446600K) : pldb_drw has 0 polygons
2026-04-11 05:10:31 +0200: Memory Usage (446728K) : pwell_drw has 0 polygons
2026-04-11 05:10:31 +0200: Memory Usage (446856K) : pwell_pin has 0 polygons
2026-04-11 05:10:31 +0200: Memory Usage (446984K) : pwell_block has 1 polygons
2026-04-11 05:10:31 +0200: Memory Usage (447112K) : ic_drw has 0 polygons
2026-04-11 05:10:31 +0200: Memory Usage (447240K) : via3_drw has 134 polygons
2026-04-11 05:10:31 +0200: Memory Usage (447368K) : metal4_drw has 4 polygons
2026-04-11 05:10:31 +0200: Memory Usage (447496K) : metal4_filler has 0 polygons
2026-04-11 05:10:31 +0200: Memory Usage (447624K) : metal4_slit has 0 polygons
2026-04-11 05:10:31 +0200: Memory Usage (447752K) : metal4 has 4 polygons
2026-04-11 05:10:31 +0200: Memory Usage (447880K) : metal4_pin has 0 polygons
2026-04-11 05:10:31 +0200: Memory Usage (448008K) : metal4_mask has 0 polygons
2026-04-11 05:10:31 +0200: Memory Usage (448136K) : metal4_nofill has 1 polygons
2026-04-11 05:10:31 +0200: Memory Usage (448264K) : metal4_text has 0 polygons
2026-04-11 05:10:31 +0200: Memory Usage (448392K) : metal4_OPC has 0 polygons
2026-04-11 05:10:31 +0200: Memory Usage (448520K) : metal4_noqrc has 1 polygons
2026-04-11 05:10:31 +0200: Memory Usage (448648K) : metal4_res has 0 polygons
2026-04-11 05:10:31 +0200: Memory Usage (448776K) : metal4_iprobe has 0 polygons
2026-04-11 05:10:31 +0200: Memory Usage (448904K) : metal4_diffprb has 0 polygons
2026-04-11 05:10:31 +0200: Memory Usage (449032K) : heattrans_drw has 99 polygons
2026-04-11 05:10:31 +0200: Memory Usage (449160K) : heatres_drw has 0 polygons
2026-04-11 05:10:31 +0200: Memory Usage (449288K) : fbe_drw has 0 polygons
2026-04-11 05:10:31 +0200: Memory Usage (449416K) : empoly_drw has 0 polygons
2026-04-11 05:10:31 +0200: Memory Usage (449544K) : digisub_drw has 0 polygons
2026-04-11 05:10:31 +0200: Memory Usage (449544K) : text_drw has 18 polygons
2026-04-11 05:10:31 +0200: Memory Usage (449672K) : via4_drw has 134 polygons
2026-04-11 05:10:31 +0200: Memory Usage (449672K) : metal5_drw has 4 polygons
2026-04-11 05:10:31 +0200: Memory Usage (449672K) : metal5_filler has 0 polygons
2026-04-11 05:10:31 +0200: Memory Usage (449672K) : metal5_slit has 0 polygons
2026-04-11 05:10:31 +0200: Memory Usage (449800K) : metal5 has 4 polygons
2026-04-11 05:10:31 +0200: Memory Usage (449928K) : metal5_pin has 1 polygons
2026-04-11 05:10:31 +0200: Memory Usage (450056K) : metal5_mask has 0 polygons
2026-04-11 05:10:31 +0200: Memory Usage (450184K) : metal5_nofill has 1 polygons
2026-04-11 05:10:31 +0200: Memory Usage (450312K) : metal5_text has 0 polygons
2026-04-11 05:10:31 +0200: Memory Usage (450440K) : metal5_OPC has 0 polygons
2026-04-11 05:10:31 +0200: Memory Usage (450568K) : metal5_noqrc has 1 polygons
2026-04-11 05:10:31 +0200: Memory Usage (450696K) : metal5_res has 0 polygons
2026-04-11 05:10:31 +0200: Memory Usage (450824K) : metal5_iprobe has 0 polygons
2026-04-11 05:10:31 +0200: Memory Usage (450952K) : metal5_diffprb has 0 polygons
2026-04-11 05:10:31 +0200: Memory Usage (451080K) : radhard_drw has 0 polygons
2026-04-11 05:10:31 +0200: Memory Usage (451208K) : memcap_drw has 0 polygons
2026-04-11 05:10:31 +0200: Memory Usage (451336K) : varicap_drw has 0 polygons
2026-04-11 05:10:31 +0200: Memory Usage (451464K) : intbondvia_drw has 0 polygons
2026-04-11 05:10:31 +0200: Memory Usage (451592K) : intbondmet_drw has 0 polygons
2026-04-11 05:10:31 +0200: Memory Usage (451720K) : devbondvia_drw has 0 polygons
2026-04-11 05:10:31 +0200: Memory Usage (451848K) : devbondmet_drw has 0 polygons
2026-04-11 05:10:31 +0200: Memory Usage (451976K) : devtrench_drw has 0 polygons
2026-04-11 05:10:31 +0200: Memory Usage (452104K) : redist_drw has 0 polygons
2026-04-11 05:10:31 +0200: Memory Usage (452232K) : graphbot_drw has 0 polygons
2026-04-11 05:10:31 +0200: Memory Usage (452360K) : graphtop_drw has 0 polygons
2026-04-11 05:10:31 +0200: Memory Usage (452488K) : antvia1_drw has 0 polygons
2026-04-11 05:10:31 +0200: Memory Usage (452616K) : antmetal2_drw has 0 polygons
2026-04-11 05:10:31 +0200: Memory Usage (452744K) : graphcont_drw has 0 polygons
2026-04-11 05:10:31 +0200: Memory Usage (452872K) : siwg_drw has 0 polygons
2026-04-11 05:10:31 +0200: Memory Usage (453000K) : siwg_filler has 0 polygons
2026-04-11 05:10:31 +0200: Memory Usage (453128K) : siwg_nofill has 0 polygons
2026-04-11 05:10:31 +0200: Memory Usage (453256K) : sigrating_drw has 0 polygons
2026-04-11 05:10:31 +0200: Memory Usage (453512K) : singrating_drw has 0 polygons
2026-04-11 05:10:32 +0200: Memory Usage (448192K) : graphpas_drw has 0 polygons
2026-04-11 05:10:32 +0200: Memory Usage (448192K) : emwind3_drw has 0 polygons
2026-04-11 05:10:32 +0200: Memory Usage (448192K) : emwihv3_drw has 0 polygons
2026-04-11 05:10:32 +0200: Memory Usage (448192K) : redbulay_drw has 0 polygons
2026-04-11 05:10:32 +0200: Memory Usage (448192K) : smos_drw has 0 polygons
2026-04-11 05:10:32 +0200: Memory Usage (448192K) : graphpad_drw has 0 polygons
2026-04-11 05:10:32 +0200: Memory Usage (448192K) : polimide_drw has 0 polygons
2026-04-11 05:10:32 +0200: Memory Usage (448192K) : polimide_pin has 0 polygons
2026-04-11 05:10:32 +0200: Memory Usage (448192K) : recog_drw has 0 polygons
2026-04-11 05:10:32 +0200: Memory Usage (448192K) : recog_pin has 0 polygons
2026-04-11 05:10:32 +0200: Memory Usage (448192K) : recog_esd has 0 polygons
2026-04-11 05:10:32 +0200: Memory Usage (448192K) : recog_diode has 0 polygons
2026-04-11 05:10:32 +0200: Memory Usage (448192K) : recog_tsv has 0 polygons
2026-04-11 05:10:32 +0200: Memory Usage (448192K) : recog_iprobe has 0 polygons
2026-04-11 05:10:32 +0200: Memory Usage (448192K) : recog_diffprb has 0 polygons
2026-04-11 05:10:32 +0200: Memory Usage (448192K) : recog_pillar has 0 polygons
2026-04-11 05:10:32 +0200: Memory Usage (448192K) : recog_sbump has 0 polygons
2026-04-11 05:10:32 +0200: Memory Usage (448192K) : recog_otp has 0 polygons
2026-04-11 05:10:32 +0200: Memory Usage (448192K) : recog_pdiode has 0 polygons
2026-04-11 05:10:32 +0200: Memory Usage (448192K) : recog_mom has 0 polygons
2026-04-11 05:10:32 +0200: Memory Usage (448192K) : recog_pcm has 0 polygons
2026-04-11 05:10:32 +0200: Memory Usage (448192K) : colopen_drw has 0 polygons
2026-04-11 05:10:32 +0200: Memory Usage (448192K) : graphmetal1_drw has 0 polygons
2026-04-11 05:10:32 +0200: Memory Usage (448192K) : graphmetal1_filler has 0 polygons
2026-04-11 05:10:32 +0200: Memory Usage (448192K) : graphmetal1_nofill has 0 polygons
2026-04-11 05:10:32 +0200: Memory Usage (448192K) : graphmetal1_slit has 0 polygons
2026-04-11 05:10:32 +0200: Memory Usage (448192K) : graphmetal1_OPC has 0 polygons
2026-04-11 05:10:32 +0200: Memory Usage (448192K) : graphmet1l_drw has 0 polygons
2026-04-11 05:10:32 +0200: Memory Usage (448192K) : graphmet1l_filler has 0 polygons
2026-04-11 05:10:32 +0200: Memory Usage (448192K) : graphmet1l_nofill has 0 polygons
2026-04-11 05:10:32 +0200: Memory Usage (448192K) : graphmet1l_slit has 0 polygons
2026-04-11 05:10:32 +0200: Memory Usage (448192K) : graphmet1l_OPC has 0 polygons
2026-04-11 05:10:32 +0200: Memory Usage (448192K) : extblock_drw has 0 polygons
2026-04-11 05:10:32 +0200: Memory Usage (448192K) : nldd_drw has 0 polygons
2026-04-11 05:10:32 +0200: Memory Usage (448192K) : pldd_drw has 0 polygons
2026-04-11 05:10:32 +0200: Memory Usage (448192K) : next_drw has 0 polygons
2026-04-11 05:10:32 +0200: Memory Usage (448192K) : pext_drw has 0 polygons
2026-04-11 05:10:32 +0200: Memory Usage (448192K) : nexthv_drw has 0 polygons
2026-04-11 05:10:32 +0200: Memory Usage (448192K) : pexthv_drw has 0 polygons
2026-04-11 05:10:32 +0200: Memory Usage (448192K) : graphgate_drw has 0 polygons
2026-04-11 05:10:32 +0200: Memory Usage (448192K) : sinwg_drw has 0 polygons
2026-04-11 05:10:32 +0200: Memory Usage (448192K) : sinwg_filler has 0 polygons
2026-04-11 05:10:32 +0200: Memory Usage (448192K) : sinwg_nofill has 0 polygons
2026-04-11 05:10:32 +0200: Memory Usage (448192K) : mempad_drw has 0 polygons
2026-04-11 05:10:32 +0200: Memory Usage (448192K) : topvia1_drw has 129 polygons
2026-04-11 05:10:32 +0200: Memory Usage (448192K) : topmetal1_drw has 5 polygons
2026-04-11 05:10:32 +0200: Memory Usage (448192K) : topmetal1_filler has 0 polygons
2026-04-11 05:10:32 +0200: Memory Usage (448192K) : topmetal1_slit has 0 polygons
2026-04-11 05:10:32 +0200: Memory Usage (448192K) : topmetal1 has 5 polygons
2026-04-11 05:10:32 +0200: Memory Usage (448192K) : topmetal1_pin has 1 polygons
2026-04-11 05:10:32 +0200: Memory Usage (448192K) : topmetal1_mask has 0 polygons
2026-04-11 05:10:32 +0200: Memory Usage (448192K) : topmetal1_nofill has 1 polygons
2026-04-11 05:10:32 +0200: Memory Usage (448192K) : topmetal1_text has 0 polygons
2026-04-11 05:10:32 +0200: Memory Usage (448192K) : topmetal1_noqrc has 1 polygons
2026-04-11 05:10:32 +0200: Memory Usage (448192K) : topmetal1_res has 0 polygons
2026-04-11 05:10:32 +0200: Memory Usage (448192K) : topmetal1_iprobe has 0 polygons
2026-04-11 05:10:32 +0200: Memory Usage (448192K) : topmetal1_diffprb has 0 polygons
2026-04-11 05:10:32 +0200: Memory Usage (448192K) : inldpwl_drw has 0 polygons
2026-04-11 05:10:32 +0200: Memory Usage (448192K) : polyres_drw has 0 polygons
2026-04-11 05:10:32 +0200: Memory Usage (448192K) : polyres_pin has 0 polygons
2026-04-11 05:10:32 +0200: Memory Usage (448192K) : vmim_drw has 576 polygons
2026-04-11 05:10:32 +0200: Memory Usage (448192K) : nbulaycut_drw has 0 polygons
2026-04-11 05:10:32 +0200: Memory Usage (448192K) : antmetal1_drw has 0 polygons
2026-04-11 05:10:32 +0200: Memory Usage (448192K) : topvia2_drw has 488 polygons
2026-04-11 05:10:32 +0200: Memory Usage (448320K) : topmetal2_drw has 3 polygons
2026-04-11 05:10:32 +0200: Memory Usage (448320K) : topmetal2_filler has 0 polygons
2026-04-11 05:10:32 +0200: Memory Usage (448320K) : topmetal2_slit has 0 polygons
2026-04-11 05:10:32 +0200: Memory Usage (448320K) : topmetal2 has 3 polygons
2026-04-11 05:10:32 +0200: Memory Usage (448320K) : topmetal2_pin has 0 polygons
2026-04-11 05:10:32 +0200: Memory Usage (448320K) : topmetal2_mask has 0 polygons
2026-04-11 05:10:32 +0200: Memory Usage (448320K) : topmetal2_nofill has 1 polygons
2026-04-11 05:10:32 +0200: Memory Usage (448320K) : topmetal2_text has 0 polygons
2026-04-11 05:10:32 +0200: Memory Usage (448320K) : topmetal2_noqrc has 0 polygons
2026-04-11 05:10:32 +0200: Memory Usage (448320K) : topmetal2_res has 0 polygons
2026-04-11 05:10:32 +0200: Memory Usage (448320K) : topmetal2_iprobe has 0 polygons
2026-04-11 05:10:32 +0200: Memory Usage (448320K) : topmetal2_diffprb has 0 polygons
2026-04-11 05:10:32 +0200: Memory Usage (448320K) : snsring_drw has 0 polygons
2026-04-11 05:10:32 +0200: Memory Usage (448320K) : sensor_drw has 0 polygons
2026-04-11 05:10:32 +0200: Memory Usage (448320K) : snsarms_drw has 0 polygons
2026-04-11 05:10:32 +0200: Memory Usage (448320K) : snscmosvia_drw has 0 polygons
2026-04-11 05:10:32 +0200: Memory Usage (448320K) : colwind_drw has 0 polygons
2026-04-11 05:10:32 +0200: Memory Usage (448320K) : flm_drw has 0 polygons
2026-04-11 05:10:32 +0200: Memory Usage (448320K) : hafniumox_drw has 0 polygons
2026-04-11 05:10:32 +0200: Memory Usage (448320K) : memvia_drw has 0 polygons
2026-04-11 05:10:32 +0200: Memory Usage (448320K) : thinfilmres_drw has 0 polygons
2026-04-11 05:10:32 +0200: Memory Usage (448320K) : rfmem_drw has 0 polygons
2026-04-11 05:10:32 +0200: Memory Usage (448320K) : norcx_drw has 0 polygons
2026-04-11 05:10:32 +0200: Memory Usage (448320K) : norcx_m2m3 has 0 polygons
2026-04-11 05:10:32 +0200: Memory Usage (448320K) : norcx_m2m4 has 0 polygons
2026-04-11 05:10:32 +0200: Memory Usage (448320K) : norcx_m2m5 has 0 polygons
2026-04-11 05:10:32 +0200: Memory Usage (448320K) : norcx_m2tm1 has 0 polygons
2026-04-11 05:10:32 +0200: Memory Usage (448320K) : norcx_m2tm2 has 0 polygons
2026-04-11 05:10:32 +0200: Memory Usage (448320K) : norcx_m3m4 has 0 polygons
2026-04-11 05:10:32 +0200: Memory Usage (448320K) : norcx_m3m5 has 0 polygons
2026-04-11 05:10:32 +0200: Memory Usage (448320K) : norcx_m3tm1 has 0 polygons
2026-04-11 05:10:32 +0200: Memory Usage (448320K) : norcx_m3tm2 has 0 polygons
2026-04-11 05:10:32 +0200: Memory Usage (448320K) : norcx_m4m5 has 0 polygons
2026-04-11 05:10:32 +0200: Memory Usage (448320K) : norcx_m4tm1 has 0 polygons
2026-04-11 05:10:32 +0200: Memory Usage (448320K) : norcx_m4tm2 has 0 polygons
2026-04-11 05:10:32 +0200: Memory Usage (448320K) : norcx_m5tm1 has 0 polygons
2026-04-11 05:10:32 +0200: Memory Usage (448320K) : norcx_m5tm2 has 0 polygons
2026-04-11 05:10:32 +0200: Memory Usage (448320K) : norcx_tm1tm2 has 0 polygons
2026-04-11 05:10:32 +0200: Memory Usage (448320K) : norcx_m1sub has 0 polygons
2026-04-11 05:10:32 +0200: Memory Usage (448320K) : norcx_m2sub has 0 polygons
2026-04-11 05:10:32 +0200: Memory Usage (448320K) : norcx_m3sub has 0 polygons
2026-04-11 05:10:32 +0200: Memory Usage (448320K) : norcx_m4sub has 0 polygons
2026-04-11 05:10:32 +0200: Memory Usage (448320K) : norcx_m5sub has 0 polygons
2026-04-11 05:10:32 +0200: Memory Usage (448320K) : norcx_tm1sub has 0 polygons
2026-04-11 05:10:32 +0200: Memory Usage (448320K) : norcx_tm2sub has 0 polygons
2026-04-11 05:10:32 +0200: Memory Usage (448320K) : snsbotvia_drw has 0 polygons
2026-04-11 05:10:32 +0200: Memory Usage (448320K) : snstopvia_drw has 0 polygons
2026-04-11 05:10:32 +0200: Memory Usage (448320K) : deepvia_drw has 0 polygons
2026-04-11 05:10:32 +0200: Memory Usage (448320K) : fgetch_drw has 0 polygons
2026-04-11 05:10:32 +0200: Memory Usage (448320K) : ctrgat_drw has 0 polygons
2026-04-11 05:10:32 +0200: Memory Usage (448320K) : fgimp_drw has 0 polygons
2026-04-11 05:10:32 +0200: Memory Usage (448320K) : emwihv_drw has 0 polygons
2026-04-11 05:10:32 +0200: Memory Usage (448320K) : lbe_drw has 0 polygons
2026-04-11 05:10:32 +0200: Memory Usage (448320K) : alcustop_drw has 0 polygons
2026-04-11 05:10:32 +0200: Memory Usage (448320K) : nometfiller_drw has 0 polygons
2026-04-11 05:10:32 +0200: Memory Usage (448320K) : prboundary_drw has 0 polygons
2026-04-11 05:10:32 +0200: Memory Usage (448320K) : exchange0_drw has 0 polygons
2026-04-11 05:10:32 +0200: Memory Usage (448448K) : exchange0_pin has 0 polygons
2026-04-11 05:10:32 +0200: Memory Usage (448448K) : exchange0_text has 0 polygons
2026-04-11 05:10:32 +0200: Memory Usage (448448K) : exchange1_drw has 0 polygons
2026-04-11 05:10:32 +0200: Memory Usage (448448K) : exchange1_pin has 0 polygons
2026-04-11 05:10:32 +0200: Memory Usage (448576K) : exchange1_text has 0 polygons
2026-04-11 05:10:32 +0200: Memory Usage (448704K) : exchange2_drw has 0 polygons
2026-04-11 05:10:32 +0200: Memory Usage (448832K) : exchange2_pin has 0 polygons
2026-04-11 05:10:32 +0200: Memory Usage (448832K) : exchange2_text has 0 polygons
2026-04-11 05:10:32 +0200: Memory Usage (448960K) : exchange3_drw has 0 polygons
2026-04-11 05:10:32 +0200: Memory Usage (449088K) : exchange3_pin has 0 polygons
2026-04-11 05:10:32 +0200: Memory Usage (449216K) : exchange3_text has 0 polygons
2026-04-11 05:10:32 +0200: Memory Usage (449344K) : exchange4_drw has 0 polygons
2026-04-11 05:10:32 +0200: Memory Usage (449472K) : exchange4_pin has 0 polygons
2026-04-11 05:10:32 +0200: Memory Usage (449472K) : exchange4_text has 0 polygons
2026-04-11 05:10:32 +0200: Memory Usage (449600K) : isonwell_drw has 0 polygons
2026-04-11 05:10:32 +0200: Memory Usage (449600K) : Total no. of polygons in the design is 6716
2026-04-11 05:10:32 +0200: Memory Usage (449600K) : Starting base layers derivations
2026-04-11 05:10:32 +0200: Memory Usage (449600K) : Starting general LVS derivations
2026-04-11 05:10:32 +0200: Memory Usage (455232K) : Starting MOSFET DERIVATIONS
2026-04-11 05:10:32 +0200: Memory Usage (457408K) : Starting NMOS DERIVATIONS
2026-04-11 05:10:32 +0200: Memory Usage (457664K) : Starting PMOS DERIVATIONS
2026-04-11 05:10:32 +0200: Memory Usage (457792K) : Starting RF-MOSFET DERIVATIONS
2026-04-11 05:10:32 +0200: Memory Usage (457792K) : Starting RF-NMOS DERIVATIONS
2026-04-11 05:10:32 +0200: Memory Usage (458048K) : Starting RF-PMOS DERIVATIONS
2026-04-11 05:10:32 +0200: Memory Usage (458176K) : Starting BJT DERIVATIONS
2026-04-11 05:10:32 +0200: Memory Usage (458176K) : Starting NPN-BJT DERIVATIONS
2026-04-11 05:10:32 +0200: Memory Usage (450836K) : Starting PNP-BJT DERIVATIONS
2026-04-11 05:10:32 +0200: Memory Usage (450836K) : Starting DIODE DERIVATIONS
2026-04-11 05:10:32 +0200: Memory Usage (450836K) : Starting RESISTOR DERIVATIONS
2026-04-11 05:10:32 +0200: Memory Usage (450836K) : Starting CAP DERIVATIONS
2026-04-11 05:10:32 +0200: Memory Usage (451220K) : Starting ESD DERIVATIONS
2026-04-11 05:10:32 +0200: Memory Usage (460948K) : Starting Inductor DERIVATIONS
2026-04-11 05:10:32 +0200: Memory Usage (464916K) : Starting Taps DERIVATIONS
2026-04-11 05:10:32 +0200: Memory Usage (466068K) : Starting SG13G2 LVS connectivity setup
2026-04-11 05:10:32 +0200: Memory Usage (466068K) : Starting SG13G2 LVS connectivity setup (Inter-layer)
2026-04-11 05:10:32 +0200: Memory Usage (466452K) : Starting SG13G2 LVS connectivity setup (Global)
2026-04-11 05:10:32 +0200: Memory Usage (466452K) : Starting LVS MOSFET CONNECTIONS
2026-04-11 05:10:32 +0200: Memory Usage (466452K) : Starting LVS RF-MOSFET CONNECTIONS
2026-04-11 05:10:32 +0200: Memory Usage (466452K) : Starting LVS BJT CONNECTIONS
2026-04-11 05:10:32 +0200: Memory Usage (466452K) : Starting LVS DIODE CONNECTIONS
2026-04-11 05:10:33 +0200: Memory Usage (466452K) : Starting RESISTOR CONNECTIONS
2026-04-11 05:10:33 +0200: Memory Usage (466452K) : Starting LVS CAP CONNECTIONS
2026-04-11 05:10:33 +0200: Memory Usage (466452K) : Starting ESD CONNECTIONS
2026-04-11 05:10:33 +0200: Memory Usage (466452K) : Starting Inductor CONNECTIONS
2026-04-11 05:10:33 +0200: Memory Usage (466452K) : Starting LVS Taps CONNECTIONS
2026-04-11 05:10:33 +0200: Memory Usage (466452K) : Starting SG13G2 LVS DEVICES EXTRACTION
2026-04-11 05:10:33 +0200: Memory Usage (466452K) : Starting MOSFET EXTRACTION
2026-04-11 05:10:33 +0200: Memory Usage (466452K) : Starting NMOS EXTRACTION
2026-04-11 05:10:33 +0200: Memory Usage (466452K) : Extraction of NMOS-LV transistor
2026-04-11 05:10:33 +0200: Memory Usage (467220K) : Extraction of NMOS-HV transistor
2026-04-11 05:10:33 +0200: Memory Usage (467220K) : Starting PMOS EXTRACTION
2026-04-11 05:10:33 +0200: Memory Usage (467220K) : Extraction of PMOS-LV transistor
2026-04-11 05:10:33 +0200: Memory Usage (467220K) : Extraction of PMOS-HV transistor
2026-04-11 05:10:33 +0200: Memory Usage (467348K) : Starting RF-MOSFET EXTRACTION
2026-04-11 05:10:33 +0200: Memory Usage (467348K) : Extraction of RF-NMOS-LV transistor
2026-04-11 05:10:33 +0200: Memory Usage (467348K) : Extraction of RF-NMOS-HV transistor
2026-04-11 05:10:33 +0200: Memory Usage (467476K) : Extraction of RF-PMOS-LV transistor
2026-04-11 05:10:33 +0200: Memory Usage (467476K) : Extraction of RF-PMOS-HV transistor
2026-04-11 05:10:33 +0200: Memory Usage (467476K) : Starting BJT EXTRACTION
2026-04-11 05:10:33 +0200: Memory Usage (467476K) : Starting NPN-BJT EXTRACTION
2026-04-11 05:10:33 +0200: Memory Usage (467476K) : Extraction of npn13G2 BJT transistor
2026-04-11 05:10:33 +0200: Memory Usage (467476K) : Extraction of npn13G2L BJT transistor
2026-04-11 05:10:33 +0200: Memory Usage (467476K) : Extraction of npn13G2V BJT transistor
2026-04-11 05:10:33 +0200: Memory Usage (467476K) : Starting PNP-BJT EXTRACTION
2026-04-11 05:10:33 +0200: Memory Usage (467476K) : Extracting pnpMPA BJT
2026-04-11 05:10:33 +0200: Memory Usage (467476K) : Starting DIODE EXTRACTION
2026-04-11 05:10:33 +0200: Memory Usage (467476K) : Extracting dantenna diode
2026-04-11 05:10:33 +0200: Memory Usage (467476K) : Extracting dpantenna diode
2026-04-11 05:10:33 +0200: Memory Usage (467476K) : Extracting schottky_nbl1 diode
2026-04-11 05:10:33 +0200: Memory Usage (467476K) : Extracting isolbox diode
2026-04-11 05:10:33 +0200: Memory Usage (467476K) : Starting RESISTOR EXTRACTION
2026-04-11 05:10:33 +0200: Memory Usage (467476K) : Extracting rsil resistor
2026-04-11 05:10:33 +0200: Memory Usage (467476K) : Extracting rppd resistor
2026-04-11 05:10:33 +0200: Memory Usage (467476K) : Extracting rhigh resistor
2026-04-11 05:10:33 +0200: Memory Usage (467476K) : Extracting res_metal1 resistor
2026-04-11 05:10:33 +0200: Memory Usage (467604K) : Extracting res_metal2 resistor
2026-04-11 05:10:33 +0200: Memory Usage (467604K) : Extracting res_metal3 resistor
2026-04-11 05:10:33 +0200: Memory Usage (467604K) : Extracting res_metal4 resistor
2026-04-11 05:10:33 +0200: Memory Usage (467604K) : Extracting res_metal5 resistor
2026-04-11 05:10:33 +0200: Memory Usage (467604K) : Extracting res_topmetal1 resistor
2026-04-11 05:10:33 +0200: Memory Usage (467604K) : Extracting res_topmetal2 resistor
2026-04-11 05:10:33 +0200: Memory Usage (467604K) : Starting CAP EXTRACTION
2026-04-11 05:10:33 +0200: Memory Usage (467604K) : Extracting cap_cmim device
2026-04-11 05:10:33 +0200: Memory Usage (467604K) : Extracting rfcmim device
2026-04-11 05:10:33 +0200: Memory Usage (467604K) : Extracting sg13_hv_svaricap varactor
2026-04-11 05:10:33 +0200: Memory Usage (467604K) : Starting ESD EXTRACTION
2026-04-11 05:10:33 +0200: Memory Usage (467604K) : Extracting diodevdd_2kv ESD device
2026-04-11 05:10:33 +0200: Memory Usage (467604K) : Extracting diodevdd_4kv ESD device
2026-04-11 05:10:33 +0200: Memory Usage (467604K) : Extracting diodevss_2kv ESD device
2026-04-11 05:10:33 +0200: Memory Usage (467604K) : Extracting diodevss_4kv ESD device
2026-04-11 05:10:33 +0200: Memory Usage (467604K) : Extracting idiodevdd_2kv ESD device
2026-04-11 05:10:33 +0200: Memory Usage (467604K) : Extracting idiodevdd_4kv ESD device
2026-04-11 05:10:33 +0200: Memory Usage (467604K) : Extracting idiodevss_2kv ESD device
2026-04-11 05:10:33 +0200: Memory Usage (467604K) : Extracting idiodevss_4kv ESD device
2026-04-11 05:10:33 +0200: Memory Usage (467604K) : Extracting nmoscl_2 ESD device
2026-04-11 05:10:33 +0200: Memory Usage (467604K) : Extracting nmoscl_4 ESD device
2026-04-11 05:10:33 +0200: Memory Usage (467604K) : Starting Inductor EXTRACTION
2026-04-11 05:10:33 +0200: Memory Usage (467604K) : Extracting Inductor2 device
2026-04-11 05:10:33 +0200: Memory Usage (467604K) : Extracting Inductor3 device
2026-04-11 05:10:33 +0200: Memory Usage (467604K) : Starting Taps EXTRACTION
2026-04-11 05:10:33 +0200: Memory Usage (467604K) : Extracting ntap1 device
2026-04-11 05:10:33 +0200: Memory Usage (467604K) : Extracting ptap1 device
2026-04-11 05:10:33 +0200: Memory Usage (467604K) : Starting SG13G2 LVS RF MOS Model Mapping
2026-04-11 05:10:33 +0200: Memory Usage (467604K) : [layout_netlist] Apply RF MOS model mapping and rfmode parameter.
2026-04-11 05:10:33 +0200: Memory Usage (467604K) : Starting SG13G2 LVS Options Preparations
2026-04-11 05:10:33 +0200: Memory Usage (467604K) : SG13G2 LVS flow: extraction -> alignment -> option preparation -> comparison.
2026-04-11 05:10:33 +0200: Memory Usage (467604K) : Starting SG13G2 LVS Alignment
2026-04-11 05:10:33 +0200: Memory Usage (467604K) : Starting SG13G2 LVS Simplification
2026-04-11 05:10:33 +0200: Memory Usage (467604K) : [layout_netlist] simplify: ENABLED
2026-04-11 05:10:33 +0200: Memory Usage (467604K) : [layout_netlist] make_top_level_pins: SKIPPED
2026-04-11 05:10:33 +0200: Memory Usage (467604K) : [layout_netlist] combine_devices: SKIPPED
2026-04-11 05:10:33 +0200: Memory Usage (467604K) : [layout_netlist] purge: SKIPPED
2026-04-11 05:10:33 +0200: Memory Usage (467604K) : [layout_netlist] purge_nets: SKIPPED
2026-04-11 05:10:33 +0200: Memory Usage (467604K) : [schematic_netlist] simplify: ENABLED
2026-04-11 05:10:33 +0200: Memory Usage (467604K) : [schematic_netlist] make_top_level_pins: SKIPPED
2026-04-11 05:10:33 +0200: Memory Usage (467604K) : [schematic_netlist] combine_devices: SKIPPED
2026-04-11 05:10:33 +0200: Memory Usage (467604K) : [schematic_netlist] purge: SKIPPED
2026-04-11 05:10:33 +0200: Memory Usage (467604K) : [schematic_netlist] purge_nets: SKIPPED
2026-04-11 05:10:33 +0200: Memory Usage (467604K) : Starting SG13G2 LVS Comparison in strict port mode.
2026-04-11 05:10:33 +0200: Memory Usage (467604K) : flag_missing_ports enabled: missing/mislabeled top-level ports are treated as errors.
2026-04-11 05:10:33 +0200: Memory Usage (467732K) : xxxxxxxxxxxxxxxxxxxxxxxxxxxxxxxxxxxxxxxxxx
2026-04-11 05:10:33 +0200: Memory Usage (467732K) : ERROR : Netlists don't match
2026-04-11 05:10:33 +0200: Memory Usage (467732K) : xxxxxxxxxxxxxxxxxxxxxxxxxxxxxxxxxxxxxxxxxx
2026-04-11 05:10:33 +0200: Memory Usage (467732K) : LVS Total Run time 1.726556 seconds
