# Logfile created on 2026-04-11 04:23:50 +0200 by logger.rb/v1.4.3
2026-04-11 04:23:50 +0200: Memory Usage (431244K) : Starting running IHP-SG13G2 KLayout DRC runset on /home/designer/shared/frac-n-pll-vco-unic_cass/layout/Final_Inductor_Layout.gds
2026-04-11 04:23:50 +0200: Memory Usage (431244K) : Ruby Version for klayout: 3.0.2
2026-04-11 04:23:50 +0200: Memory Usage (432268K) : Loading database to memory is complete.
2026-04-11 04:23:50 +0200: Memory Usage (432268K) : IHP-SG13G2 KLayout DRC runset output at: /home/designer/shared/frac-n-pll-vco-unic_cass/drc_run_Final_Inductor_Layoutstruct/Final_Inductor_Layout_Final_Inductor_Layoutstruct_main.lyrdb
2026-04-11 04:23:50 +0200: Memory Usage (432396K) : Evaluate switches.
2026-04-11 04:23:50 +0200: Memory Usage (432396K) : tables selected: main
2026-04-11 04:23:50 +0200: Memory Usage (432396K) : KLayout will use 1 thread(s) in tiling mode.
2026-04-11 04:23:50 +0200: Memory Usage (432396K) : deep mode is enabled.
2026-04-11 04:23:50 +0200: Memory Usage (432396K) : FEOL enabled: true
2026-04-11 04:23:50 +0200: Memory Usage (432396K) : BEOL enabled: true
2026-04-11 04:23:50 +0200: Memory Usage (432396K) : OFFGRID enabled: true
2026-04-11 04:23:50 +0200: Memory Usage (432396K) : ANGLE enabled: true
2026-04-11 04:23:50 +0200: Memory Usage (432396K) : PIN enabled: true
2026-04-11 04:23:50 +0200: Memory Usage (432396K) : FORBIDDEN enabled: true
2026-04-11 04:23:50 +0200: Memory Usage (432396K) : RECOMMENDED enabled: true
2026-04-11 04:23:50 +0200: Memory Usage (432396K) : PreCheck DRC enabled: false
2026-04-11 04:23:50 +0200: Memory Usage (432396K) : CONNECTIVITY_RULES enabled: true.
2026-04-11 04:23:50 +0200: Memory Usage (432396K) : Read in polygons from layers.
2026-04-11 04:23:50 +0200: Memory Usage (432780K) : activ_drw has 0 polygons
2026-04-11 04:23:50 +0200: Memory Usage (432780K) : activ_pin has 0 polygons
2026-04-11 04:23:50 +0200: Memory Usage (432780K) : activ_mask has 0 polygons
2026-04-11 04:23:50 +0200: Memory Usage (432780K) : activ_filler has 0 polygons
2026-04-11 04:23:50 +0200: Memory Usage (432780K) : activ_nofill has 0 polygons
2026-04-11 04:23:50 +0200: Memory Usage (432780K) : activ_opc has 0 polygons
2026-04-11 04:23:50 +0200: Memory Usage (432780K) : activ_iopc has 0 polygons
2026-04-11 04:23:50 +0200: Memory Usage (432780K) : activ_noqrc has 0 polygons
2026-04-11 04:23:50 +0200: Memory Usage (432780K) : biwind_drw has 0 polygons
2026-04-11 04:23:50 +0200: Memory Usage (432780K) : biwind_opc has 0 polygons
2026-04-11 04:23:50 +0200: Memory Usage (432780K) : pemwind_drw has 0 polygons
2026-04-11 04:23:50 +0200: Memory Usage (432780K) : gatpoly_drw has 0 polygons
2026-04-11 04:23:50 +0200: Memory Usage (432780K) : gatpoly_pin has 0 polygons
2026-04-11 04:23:50 +0200: Memory Usage (432780K) : gatpoly_filler has 0 polygons
2026-04-11 04:23:50 +0200: Memory Usage (432780K) : gatpoly_nofill has 0 polygons
2026-04-11 04:23:50 +0200: Memory Usage (432780K) : gatpoly_opc has 0 polygons
2026-04-11 04:23:50 +0200: Memory Usage (432780K) : gatpoly_iopc has 0 polygons
2026-04-11 04:23:50 +0200: Memory Usage (432780K) : gatpoly_noqrc has 0 polygons
2026-04-11 04:23:50 +0200: Memory Usage (432780K) : cont_drw has 0 polygons
2026-04-11 04:23:50 +0200: Memory Usage (432780K) : cont_opc has 0 polygons
2026-04-11 04:23:50 +0200: Memory Usage (432780K) : nsd_drw has 0 polygons
2026-04-11 04:23:50 +0200: Memory Usage (432780K) : nsd_block has 0 polygons
2026-04-11 04:23:50 +0200: Memory Usage (433292K) : metal1_drw has 2 polygons
2026-04-11 04:23:50 +0200: Memory Usage (433292K) : metal1_pin has 0 polygons
2026-04-11 04:23:50 +0200: Memory Usage (433420K) : metal1_mask has 0 polygons
2026-04-11 04:23:50 +0200: Memory Usage (433420K) : metal1_filler has 0 polygons
2026-04-11 04:23:50 +0200: Memory Usage (433420K) : metal1_nofill has 0 polygons
2026-04-11 04:23:50 +0200: Memory Usage (433420K) : metal1_slit has 0 polygons
2026-04-11 04:23:50 +0200: Memory Usage (433548K) : metal1_text has 0 polygons
2026-04-11 04:23:50 +0200: Memory Usage (433548K) : metal1_opc has 0 polygons
2026-04-11 04:23:50 +0200: Memory Usage (433548K) : metal1_noqrc has 0 polygons
2026-04-11 04:23:50 +0200: Memory Usage (433676K) : metal1_res has 0 polygons
2026-04-11 04:23:50 +0200: Memory Usage (433676K) : metal1_iprobe has 0 polygons
2026-04-11 04:23:50 +0200: Memory Usage (433676K) : metal1_diffprb has 0 polygons
2026-04-11 04:23:50 +0200: Memory Usage (433676K) : passiv_drw has 0 polygons
2026-04-11 04:23:50 +0200: Memory Usage (433804K) : passiv_pin has 0 polygons
2026-04-11 04:23:50 +0200: Memory Usage (433804K) : passiv_sbump has 0 polygons
2026-04-11 04:23:50 +0200: Memory Usage (433804K) : passiv_pillar has 0 polygons
2026-04-11 04:23:50 +0200: Memory Usage (433932K) : passiv_pdl has 0 polygons
2026-04-11 04:23:50 +0200: Memory Usage (433932K) : metal2_drw has 2 polygons
2026-04-11 04:23:50 +0200: Memory Usage (433932K) : metal2_pin has 0 polygons
2026-04-11 04:23:50 +0200: Memory Usage (434060K) : metal2_mask has 0 polygons
2026-04-11 04:23:50 +0200: Memory Usage (434060K) : metal2_filler has 0 polygons
2026-04-11 04:23:50 +0200: Memory Usage (434188K) : metal2_nofill has 0 polygons
2026-04-11 04:23:50 +0200: Memory Usage (434188K) : metal2_slit has 0 polygons
2026-04-11 04:23:50 +0200: Memory Usage (434316K) : metal2_text has 0 polygons
2026-04-11 04:23:50 +0200: Memory Usage (434316K) : metal2_opc has 0 polygons
2026-04-11 04:23:50 +0200: Memory Usage (434316K) : metal2_noqrc has 0 polygons
2026-04-11 04:23:50 +0200: Memory Usage (434444K) : metal2_res has 0 polygons
2026-04-11 04:23:50 +0200: Memory Usage (434444K) : metal2_iprobe has 0 polygons
2026-04-11 04:23:50 +0200: Memory Usage (434444K) : metal2_diffprb has 0 polygons
2026-04-11 04:23:50 +0200: Memory Usage (434572K) : baspoly_drw has 0 polygons
2026-04-11 04:23:50 +0200: Memory Usage (434572K) : baspoly_pin has 0 polygons
2026-04-11 04:23:50 +0200: Memory Usage (434572K) : psd_drw has 0 polygons
2026-04-11 04:23:50 +0200: Memory Usage (434700K) : nldb_drw has 0 polygons
2026-04-11 04:23:50 +0200: Memory Usage (434700K) : digibnd_drw has 0 polygons
2026-04-11 04:23:50 +0200: Memory Usage (434828K) : via1_drw has 128 polygons
2026-04-11 04:23:50 +0200: Memory Usage (434828K) : backmetal1_drw has 0 polygons
2026-04-11 04:23:50 +0200: Memory Usage (434956K) : backmetal1_pin has 0 polygons
2026-04-11 04:23:50 +0200: Memory Usage (434956K) : backmetal1_mask has 0 polygons
2026-04-11 04:23:50 +0200: Memory Usage (434956K) : backmetal1_filler has 0 polygons
2026-04-11 04:23:50 +0200: Memory Usage (435084K) : backmetal1_nofill has 0 polygons
2026-04-11 04:23:50 +0200: Memory Usage (435084K) : backmetal1_slit has 0 polygons
2026-04-11 04:23:50 +0200: Memory Usage (435212K) : backmetal1_text has 0 polygons
2026-04-11 04:23:50 +0200: Memory Usage (435212K) : backmetal1_opc has 0 polygons
2026-04-11 04:23:50 +0200: Memory Usage (435212K) : backmetal1_noqrc has 0 polygons
2026-04-11 04:23:50 +0200: Memory Usage (435340K) : backmetal1_res has 0 polygons
2026-04-11 04:23:50 +0200: Memory Usage (435340K) : backmetal1_iprobe has 0 polygons
2026-04-11 04:23:50 +0200: Memory Usage (435468K) : backmetal1_diffprb has 0 polygons
2026-04-11 04:23:50 +0200: Memory Usage (435468K) : backpassiv_drw has 0 polygons
2026-04-11 04:23:50 +0200: Memory Usage (435468K) : res_drw has 0 polygons
2026-04-11 04:23:50 +0200: Memory Usage (435596K) : sram_drw has 0 polygons
2026-04-11 04:23:50 +0200: Memory Usage (435596K) : trans_drw has 0 polygons
2026-04-11 04:23:50 +0200: Memory Usage (435596K) : ind_drw has 0 polygons
2026-04-11 04:23:50 +0200: Memory Usage (435596K) : ind_pin has 0 polygons
2026-04-11 04:23:50 +0200: Memory Usage (435724K) : ind_text has 0 polygons
2026-04-11 04:23:50 +0200: Memory Usage (435724K) : salblock_drw has 0 polygons
2026-04-11 04:23:50 +0200: Memory Usage (435852K) : via2_drw has 128 polygons
2026-04-11 04:23:50 +0200: Memory Usage (435852K) : metal3_drw has 2 polygons
2026-04-11 04:23:50 +0200: Memory Usage (435852K) : metal3_pin has 0 polygons
2026-04-11 04:23:50 +0200: Memory Usage (435980K) : metal3_mask has 0 polygons
2026-04-11 04:23:50 +0200: Memory Usage (435980K) : metal3_filler has 0 polygons
2026-04-11 04:23:50 +0200: Memory Usage (436108K) : metal3_nofill has 0 polygons
2026-04-11 04:23:50 +0200: Memory Usage (436108K) : metal3_slit has 0 polygons
2026-04-11 04:23:50 +0200: Memory Usage (436108K) : metal3_text has 0 polygons
2026-04-11 04:23:50 +0200: Memory Usage (436108K) : metal3_opc has 0 polygons
2026-04-11 04:23:50 +0200: Memory Usage (436108K) : metal3_noqrc has 0 polygons
2026-04-11 04:23:50 +0200: Memory Usage (436236K) : metal3_res has 0 polygons
2026-04-11 04:23:50 +0200: Memory Usage (436236K) : metal3_iprobe has 0 polygons
2026-04-11 04:23:50 +0200: Memory Usage (436364K) : metal3_diffprb has 0 polygons
2026-04-11 04:23:50 +0200: Memory Usage (436364K) : nwell_drw has 0 polygons
2026-04-11 04:23:50 +0200: Memory Usage (436364K) : nwell_pin has 0 polygons
2026-04-11 04:23:50 +0200: Memory Usage (436492K) : nbulay_drw has 0 polygons
2026-04-11 04:23:50 +0200: Memory Usage (436492K) : nbulay_pin has 0 polygons
2026-04-11 04:23:50 +0200: Memory Usage (436492K) : nbulay_block has 0 polygons
2026-04-11 04:23:50 +0200: Memory Usage (436492K) : emwind_drw has 0 polygons
2026-04-11 04:23:50 +0200: Memory Usage (436492K) : emwind_opc has 0 polygons
2026-04-11 04:23:50 +0200: Memory Usage (436620K) : deepco_drw has 0 polygons
2026-04-11 04:23:50 +0200: Memory Usage (436620K) : deepco_drw has 0 polygons
2026-04-11 04:23:50 +0200: Memory Usage (436748K) : mim_drw has 0 polygons
2026-04-11 04:23:50 +0200: Memory Usage (436748K) : edgeseal_drw has 0 polygons
2026-04-11 04:23:50 +0200: Memory Usage (436748K) : edgeseal_bound has 0 polygons
2026-04-11 04:23:50 +0200: Memory Usage (436876K) : substrate_drw has 0 polygons
2026-04-11 04:23:50 +0200: Memory Usage (436876K) : substrate_text has 0 polygons
2026-04-11 04:23:50 +0200: Memory Usage (437004K) : dfpad_drw has 0 polygons
2026-04-11 04:23:50 +0200: Memory Usage (437004K) : dfpad_pillar has 0 polygons
2026-04-11 04:23:50 +0200: Memory Usage (437004K) : dfpad_sbump has 0 polygons
2026-04-11 04:23:50 +0200: Memory Usage (437132K) : thickgateox_drw has 0 polygons
2026-04-11 04:23:50 +0200: Memory Usage (437132K) : pldb_drw has 0 polygons
2026-04-11 04:23:50 +0200: Memory Usage (437260K) : pwell_drw has 0 polygons
2026-04-11 04:23:50 +0200: Memory Usage (437260K) : pwell_pin has 0 polygons
2026-04-11 04:23:50 +0200: Memory Usage (437260K) : pwell_block has 0 polygons
2026-04-11 04:23:50 +0200: Memory Usage (437388K) : ic_drw has 0 polygons
2026-04-11 04:23:50 +0200: Memory Usage (437388K) : via3_drw has 128 polygons
2026-04-11 04:23:50 +0200: Memory Usage (437516K) : metal4_drw has 2 polygons
2026-04-11 04:23:50 +0200: Memory Usage (437516K) : metal4_pin has 0 polygons
2026-04-11 04:23:50 +0200: Memory Usage (437516K) : metal4_mask has 0 polygons
2026-04-11 04:23:50 +0200: Memory Usage (437644K) : metal4_filler has 0 polygons
2026-04-11 04:23:50 +0200: Memory Usage (437644K) : metal4_nofill has 0 polygons
2026-04-11 04:23:50 +0200: Memory Usage (437772K) : metal4_slit has 0 polygons
2026-04-11 04:23:50 +0200: Memory Usage (437772K) : metal4_text has 0 polygons
2026-04-11 04:23:50 +0200: Memory Usage (437772K) : metal4_opc has 0 polygons
2026-04-11 04:23:50 +0200: Memory Usage (437772K) : metal4_noqrc has 0 polygons
2026-04-11 04:23:50 +0200: Memory Usage (437900K) : metal4_res has 0 polygons
2026-04-11 04:23:50 +0200: Memory Usage (437900K) : metal4_iprobe has 0 polygons
2026-04-11 04:23:50 +0200: Memory Usage (438028K) : metal4_diffprb has 0 polygons
2026-04-11 04:23:50 +0200: Memory Usage (438028K) : heattrans_drw has 0 polygons
2026-04-11 04:23:50 +0200: Memory Usage (438028K) : heatres_drw has 0 polygons
2026-04-11 04:23:50 +0200: Memory Usage (438156K) : pempoly_drw has 0 polygons
2026-04-11 04:23:50 +0200: Memory Usage (438156K) : fbe_drw has 0 polygons
2026-04-11 04:23:50 +0200: Memory Usage (438284K) : empoly_drw has 0 polygons
2026-04-11 04:23:50 +0200: Memory Usage (438284K) : ldmos_drw has 0 polygons
2026-04-11 04:23:50 +0200: Memory Usage (438284K) : pbiwind_drw has 0 polygons
2026-04-11 04:23:50 +0200: Memory Usage (438412K) : digisub_drw has 0 polygons
2026-04-11 04:23:50 +0200: Memory Usage (438412K) : nodrc_drw has 0 polygons
2026-04-11 04:23:50 +0200: Memory Usage (438540K) : text_drw has 0 polygons
2026-04-11 04:23:50 +0200: Memory Usage (438540K) : via4_drw has 128 polygons
2026-04-11 04:23:50 +0200: Memory Usage (438540K) : metal5_drw has 2 polygons
2026-04-11 04:23:50 +0200: Memory Usage (438668K) : metal5_pin has 0 polygons
2026-04-11 04:23:50 +0200: Memory Usage (438668K) : metal5_mask has 0 polygons
2026-04-11 04:23:50 +0200: Memory Usage (438796K) : metal5_filler has 0 polygons
2026-04-11 04:23:50 +0200: Memory Usage (438796K) : metal5_nofill has 0 polygons
2026-04-11 04:23:50 +0200: Memory Usage (438924K) : metal5_slit has 0 polygons
2026-04-11 04:23:50 +0200: Memory Usage (438924K) : metal5_text has 0 polygons
2026-04-11 04:23:50 +0200: Memory Usage (438924K) : metal5_opc has 0 polygons
2026-04-11 04:23:50 +0200: Memory Usage (438924K) : metal5_noqrc has 0 polygons
2026-04-11 04:23:50 +0200: Memory Usage (438924K) : metal5_res has 0 polygons
2026-04-11 04:23:50 +0200: Memory Usage (439052K) : metal5_iprobe has 0 polygons
2026-04-11 04:23:50 +0200: Memory Usage (439052K) : metal5_diffprb has 0 polygons
2026-04-11 04:23:50 +0200: Memory Usage (439180K) : radhard_drw has 0 polygons
2026-04-11 04:23:50 +0200: Memory Usage (439180K) : memcap_drw has 0 polygons
2026-04-11 04:23:50 +0200: Memory Usage (439180K) : varicap_drw has 0 polygons
2026-04-11 04:23:50 +0200: Memory Usage (439308K) : flash_drw has 0 polygons
2026-04-11 04:23:50 +0200: Memory Usage (439308K) : intbondvia_drw has 0 polygons
2026-04-11 04:23:50 +0200: Memory Usage (439436K) : intbondmet_drw has 0 polygons
2026-04-11 04:23:50 +0200: Memory Usage (439436K) : devbondvia_drw has 0 polygons
2026-04-11 04:23:50 +0200: Memory Usage (439436K) : devbondmet_drw has 0 polygons
2026-04-11 04:23:50 +0200: Memory Usage (439564K) : devtrench_drw has 0 polygons
2026-04-11 04:23:50 +0200: Memory Usage (439564K) : redist_drw has 0 polygons
2026-04-11 04:23:50 +0200: Memory Usage (439692K) : graphbot_drw has 0 polygons
2026-04-11 04:23:50 +0200: Memory Usage (439692K) : graphtop_drw has 0 polygons
2026-04-11 04:23:50 +0200: Memory Usage (439820K) : antvia1_drw has 0 polygons
2026-04-11 04:23:50 +0200: Memory Usage (439820K) : antmetal2_drw has 0 polygons
2026-04-11 04:23:50 +0200: Memory Usage (439820K) : graphcont_drw has 0 polygons
2026-04-11 04:23:50 +0200: Memory Usage (439948K) : siwg_drw has 0 polygons
2026-04-11 04:23:50 +0200: Memory Usage (439948K) : siwg_filler has 0 polygons
2026-04-11 04:23:50 +0200: Memory Usage (440076K) : siwg_nofill has 0 polygons
2026-04-11 04:23:50 +0200: Memory Usage (440076K) : sigrating_drw has 0 polygons
2026-04-11 04:23:50 +0200: Memory Usage (440076K) : singrating_drw has 0 polygons
2026-04-11 04:23:50 +0200: Memory Usage (440204K) : graphpas_drw has 0 polygons
2026-04-11 04:23:50 +0200: Memory Usage (440204K) : emwind3_drw has 0 polygons
2026-04-11 04:23:50 +0200: Memory Usage (440332K) : emwihv3_drw has 0 polygons
2026-04-11 04:23:50 +0200: Memory Usage (440332K) : redbulay_drw has 0 polygons
2026-04-11 04:23:50 +0200: Memory Usage (440460K) : smos_drw has 0 polygons
2026-04-11 04:23:50 +0200: Memory Usage (440460K) : graphpad_drw has 0 polygons
2026-04-11 04:23:50 +0200: Memory Usage (440460K) : polimide_drw has 0 polygons
2026-04-11 04:23:50 +0200: Memory Usage (440588K) : polimide_pin has 0 polygons
2026-04-11 04:23:50 +0200: Memory Usage (440588K) : recog_drw has 0 polygons
2026-04-11 04:23:50 +0200: Memory Usage (440716K) : recog_pin has 0 polygons
2026-04-11 04:23:50 +0200: Memory Usage (440716K) : recog_esd has 0 polygons
2026-04-11 04:23:50 +0200: Memory Usage (440716K) : recog_diode has 0 polygons
2026-04-11 04:23:50 +0200: Memory Usage (440844K) : recog_tsv has 0 polygons
2026-04-11 04:23:50 +0200: Memory Usage (440844K) : recog_iprobe has 0 polygons
2026-04-11 04:23:50 +0200: Memory Usage (440972K) : recog_diffprb has 0 polygons
2026-04-11 04:23:50 +0200: Memory Usage (440972K) : recog_pillar has 0 polygons
2026-04-11 04:23:50 +0200: Memory Usage (440972K) : recog_sbump has 0 polygons
2026-04-11 04:23:50 +0200: Memory Usage (441100K) : recog_otp has 0 polygons
2026-04-11 04:23:50 +0200: Memory Usage (441100K) : recog_pdiode has 0 polygons
2026-04-11 04:23:50 +0200: Memory Usage (441228K) : recog_mom has 0 polygons
2026-04-11 04:23:50 +0200: Memory Usage (441228K) : recog_pcm has 0 polygons
2026-04-11 04:23:50 +0200: Memory Usage (441228K) : colopen_drw has 0 polygons
2026-04-11 04:23:50 +0200: Memory Usage (441356K) : graphmetal1_drw has 0 polygons
2026-04-11 04:23:50 +0200: Memory Usage (441356K) : graphmetal1_filler has 0 polygons
2026-04-11 04:23:50 +0200: Memory Usage (441484K) : graphmetal1_nofill has 0 polygons
2026-04-11 04:23:50 +0200: Memory Usage (441484K) : graphmetal1_slit has 0 polygons
2026-04-11 04:23:50 +0200: Memory Usage (441612K) : graphmetal1_opc has 0 polygons
2026-04-11 04:23:50 +0200: Memory Usage (441612K) : graphmet1l_drw has 0 polygons
2026-04-11 04:23:50 +0200: Memory Usage (441612K) : graphmet1l_filler has 0 polygons
2026-04-11 04:23:50 +0200: Memory Usage (441740K) : graphmet1l_nofill has 0 polygons
2026-04-11 04:23:50 +0200: Memory Usage (441740K) : graphmet1l_slit has 0 polygons
2026-04-11 04:23:50 +0200: Memory Usage (441868K) : graphmet1l_opc has 0 polygons
2026-04-11 04:23:50 +0200: Memory Usage (441868K) : extblock_drw has 0 polygons
2026-04-11 04:23:50 +0200: Memory Usage (441868K) : nldd_drw has 0 polygons
2026-04-11 04:23:50 +0200: Memory Usage (441996K) : pldd_drw has 0 polygons
2026-04-11 04:23:50 +0200: Memory Usage (441996K) : next_drw has 0 polygons
2026-04-11 04:23:50 +0200: Memory Usage (442124K) : pext_drw has 0 polygons
2026-04-11 04:23:50 +0200: Memory Usage (442124K) : nexthv_drw has 0 polygons
2026-04-11 04:23:50 +0200: Memory Usage (442124K) : pexthv_drw has 0 polygons
2026-04-11 04:23:50 +0200: Memory Usage (442252K) : graphgate_drw has 0 polygons
2026-04-11 04:23:50 +0200: Memory Usage (442252K) : sinwg_drw has 0 polygons
2026-04-11 04:23:50 +0200: Memory Usage (442380K) : sinwg_filler has 0 polygons
2026-04-11 04:23:50 +0200: Memory Usage (442380K) : sinwg_nofill has 0 polygons
2026-04-11 04:23:50 +0200: Memory Usage (442380K) : mempad_drw has 0 polygons
2026-04-11 04:23:50 +0200: Memory Usage (442508K) : topvia1_drw has 128 polygons
2026-04-11 04:23:50 +0200: Memory Usage (442508K) : topmetal1_drw has 2 polygons
2026-04-11 04:23:50 +0200: Memory Usage (442636K) : topmetal1_pin has 0 polygons
2026-04-11 04:23:50 +0200: Memory Usage (442636K) : topmetal1_mask has 0 polygons
2026-04-11 04:23:50 +0200: Memory Usage (442636K) : topmetal1_filler has 0 polygons
2026-04-11 04:23:50 +0200: Memory Usage (442764K) : topmetal1_nofill has 0 polygons
2026-04-11 04:23:50 +0200: Memory Usage (442764K) : topmetal1_slit has 0 polygons
2026-04-11 04:23:50 +0200: Memory Usage (442892K) : topmetal1_text has 0 polygons
2026-04-11 04:23:50 +0200: Memory Usage (442892K) : topmetal1_noqrc has 0 polygons
2026-04-11 04:23:50 +0200: Memory Usage (442892K) : topmetal1_res has 0 polygons
2026-04-11 04:23:50 +0200: Memory Usage (443020K) : topmetal1_iprobe has 0 polygons
2026-04-11 04:23:50 +0200: Memory Usage (443020K) : topmetal1_diffprb has 0 polygons
2026-04-11 04:23:50 +0200: Memory Usage (443148K) : inldpwl_drw has 0 polygons
2026-04-11 04:23:50 +0200: Memory Usage (443148K) : polyres_drw has 0 polygons
2026-04-11 04:23:50 +0200: Memory Usage (443148K) : polyres_pin has 0 polygons
2026-04-11 04:23:50 +0200: Memory Usage (443276K) : vmim_drw has 0 polygons
2026-04-11 04:23:50 +0200: Memory Usage (443276K) : nbulaycut_drw has 0 polygons
2026-04-11 04:23:50 +0200: Memory Usage (443404K) : antmetal1_drw has 0 polygons
2026-04-11 04:23:50 +0200: Memory Usage (443404K) : topvia2_drw has 360 polygons
2026-04-11 04:23:50 +0200: Memory Usage (443532K) : topmetal2_drw has 11 polygons
2026-04-11 04:23:50 +0200: Memory Usage (443532K) : topmetal2_pin has 0 polygons
2026-04-11 04:23:50 +0200: Memory Usage (443532K) : topmetal2_mask has 0 polygons
2026-04-11 04:23:50 +0200: Memory Usage (443660K) : topmetal2_filler has 0 polygons
2026-04-11 04:23:50 +0200: Memory Usage (443660K) : topmetal2_nofill has 0 polygons
2026-04-11 04:23:50 +0200: Memory Usage (443660K) : topmetal2_slit has 0 polygons
2026-04-11 04:23:50 +0200: Memory Usage (443660K) : topmetal2_text has 0 polygons
2026-04-11 04:23:50 +0200: Memory Usage (443660K) : topmetal2_noqrc has 0 polygons
2026-04-11 04:23:50 +0200: Memory Usage (443660K) : topmetal2_res has 0 polygons
2026-04-11 04:23:50 +0200: Memory Usage (443788K) : topmetal2_iprobe has 0 polygons
2026-04-11 04:23:50 +0200: Memory Usage (443788K) : topmetal2_diffprb has 0 polygons
2026-04-11 04:23:50 +0200: Memory Usage (443788K) : snsring_drw has 0 polygons
2026-04-11 04:23:50 +0200: Memory Usage (443916K) : sensor_drw has 0 polygons
2026-04-11 04:23:50 +0200: Memory Usage (443916K) : snsarms_drw has 0 polygons
2026-04-11 04:23:50 +0200: Memory Usage (444044K) : snscmosvia_drw has 0 polygons
2026-04-11 04:23:50 +0200: Memory Usage (444044K) : colwind_drw has 0 polygons
2026-04-11 04:23:50 +0200: Memory Usage (444044K) : flm_drw has 0 polygons
2026-04-11 04:23:50 +0200: Memory Usage (444172K) : hafniumox_drw has 0 polygons
2026-04-11 04:23:50 +0200: Memory Usage (444172K) : memvia_drw has 0 polygons
2026-04-11 04:23:50 +0200: Memory Usage (444300K) : thinfilmres_drw has 0 polygons
2026-04-11 04:23:50 +0200: Memory Usage (444300K) : rfmem_drw has 0 polygons
2026-04-11 04:23:50 +0200: Memory Usage (444300K) : norcx_drw has 0 polygons
2026-04-11 04:23:50 +0200: Memory Usage (444428K) : norcx_m2m3 has 0 polygons
2026-04-11 04:23:50 +0200: Memory Usage (444428K) : norcx_m2m4 has 0 polygons
2026-04-11 04:23:50 +0200: Memory Usage (444556K) : norcx_m2m5 has 0 polygons
2026-04-11 04:23:50 +0200: Memory Usage (444556K) : norcx_m2tm1 has 0 polygons
2026-04-11 04:23:50 +0200: Memory Usage (444684K) : norcx_m2tm2 has 0 polygons
2026-04-11 04:23:50 +0200: Memory Usage (444684K) : norcx_m3m4 has 0 polygons
2026-04-11 04:23:50 +0200: Memory Usage (444684K) : norcx_m3m5 has 0 polygons
2026-04-11 04:23:50 +0200: Memory Usage (444812K) : norcx_m3tm1 has 0 polygons
2026-04-11 04:23:50 +0200: Memory Usage (444812K) : norcx_m3tm2 has 0 polygons
2026-04-11 04:23:50 +0200: Memory Usage (444812K) : norcx_m4m5 has 0 polygons
2026-04-11 04:23:50 +0200: Memory Usage (444940K) : norcx_m4tm1 has 0 polygons
2026-04-11 04:23:50 +0200: Memory Usage (444940K) : norcx_m4tm2 has 0 polygons
2026-04-11 04:23:50 +0200: Memory Usage (445068K) : norcx_m5tm1 has 0 polygons
2026-04-11 04:23:50 +0200: Memory Usage (445068K) : norcx_m5tm2 has 0 polygons
2026-04-11 04:23:50 +0200: Memory Usage (445068K) : norcx_tm1tm2 has 0 polygons
2026-04-11 04:23:50 +0200: Memory Usage (445068K) : norcx_m1sub has 0 polygons
2026-04-11 04:23:50 +0200: Memory Usage (445068K) : norcx_m2sub has 0 polygons
2026-04-11 04:23:50 +0200: Memory Usage (445068K) : norcx_m3sub has 0 polygons
2026-04-11 04:23:50 +0200: Memory Usage (445068K) : norcx_m4sub has 0 polygons
2026-04-11 04:23:50 +0200: Memory Usage (445068K) : norcx_m5sub has 0 polygons
2026-04-11 04:23:50 +0200: Memory Usage (445068K) : norcx_tm1sub has 0 polygons
2026-04-11 04:23:50 +0200: Memory Usage (445068K) : norcx_tm2sub has 0 polygons
2026-04-11 04:23:50 +0200: Memory Usage (445068K) : snsbotvia_drw has 0 polygons
2026-04-11 04:23:50 +0200: Memory Usage (445068K) : snstopvia_drw has 0 polygons
2026-04-11 04:23:50 +0200: Memory Usage (445068K) : deepvia_drw has 0 polygons
2026-04-11 04:23:50 +0200: Memory Usage (445068K) : fgetch_drw has 0 polygons
2026-04-11 04:23:50 +0200: Memory Usage (445068K) : ctrgat_drw has 0 polygons
2026-04-11 04:23:50 +0200: Memory Usage (445068K) : fgimp_drw has 0 polygons
2026-04-11 04:23:50 +0200: Memory Usage (445068K) : emwihv_drw has 0 polygons
2026-04-11 04:23:50 +0200: Memory Usage (445068K) : lbe_drw has 0 polygons
2026-04-11 04:23:50 +0200: Memory Usage (445068K) : alcustop_drw has 0 polygons
2026-04-11 04:23:50 +0200: Memory Usage (445068K) : nometfiller_drw has 0 polygons
2026-04-11 04:23:50 +0200: Memory Usage (445068K) : prboundary_drw has 0 polygons
2026-04-11 04:23:50 +0200: Memory Usage (445068K) : exchange0_drw has 0 polygons
2026-04-11 04:23:50 +0200: Memory Usage (445068K) : exchange0_pin has 0 polygons
2026-04-11 04:23:50 +0200: Memory Usage (445068K) : exchange0_text has 0 polygons
2026-04-11 04:23:50 +0200: Memory Usage (445068K) : exchange1_drw has 0 polygons
2026-04-11 04:23:50 +0200: Memory Usage (445068K) : exchange1_pin has 0 polygons
2026-04-11 04:23:50 +0200: Memory Usage (445068K) : exchange1_text has 0 polygons
2026-04-11 04:23:50 +0200: Memory Usage (445068K) : exchange2_drw has 0 polygons
2026-04-11 04:23:50 +0200: Memory Usage (445068K) : exchange2_pin has 0 polygons
2026-04-11 04:23:50 +0200: Memory Usage (445068K) : exchange2_text has 0 polygons
2026-04-11 04:23:50 +0200: Memory Usage (445068K) : exchange3_drw has 0 polygons
2026-04-11 04:23:50 +0200: Memory Usage (445068K) : exchange3_pin has 0 polygons
2026-04-11 04:23:50 +0200: Memory Usage (445068K) : exchange3_text has 0 polygons
2026-04-11 04:23:50 +0200: Memory Usage (445068K) : exchange4_drw has 0 polygons
2026-04-11 04:23:50 +0200: Memory Usage (445068K) : exchange4_pin has 0 polygons
2026-04-11 04:23:50 +0200: Memory Usage (445068K) : exchange4_text has 0 polygons
2026-04-11 04:23:50 +0200: Memory Usage (445068K) : isonwell_drw has 0 polygons
2026-04-11 04:23:50 +0200: Memory Usage (445068K) : Total no. of polygons in the design is 1023
2026-04-11 04:23:50 +0200: Memory Usage (445068K) : Loaded TECH DRC rules values from /opt/pdks/ihp-sg13g2/libs.tech/klayout/python/sg13g2_pycell_lib/sg13g2_tech_mod.json
2026-04-11 04:23:50 +0200: Memory Usage (445068K) : Loaded default DRC rules values from /opt/pdks/ihp-sg13g2/libs.tech/klayout/tech/drc/rule_decks/sg13g2_tech_default.json
2026-04-11 04:23:50 +0200: Memory Usage (445068K) : The following rules values were missing in tech json and default values were used:
2026-04-11 04:23:50 +0200: Memory Usage (445068K) :   - NW_f1_digibnd
2026-04-11 04:23:50 +0200: Memory Usage (445068K) :   - Cnt_c_digibnd
2026-04-11 04:23:50 +0200: Memory Usage (445068K) :   - Cnt_c_sram
2026-04-11 04:23:50 +0200: Memory Usage (445068K) :   - Sdiod_b
2026-04-11 04:23:50 +0200: Memory Usage (445068K) :   - Sdiod_c
2026-04-11 04:23:50 +0200: Memory Usage (446092K) : Total area of the design is 231136.0 um^2.
2026-04-11 04:23:50 +0200: Memory Usage (446092K) : The design dimensions are 466.0 µm * 496.0 µm.
2026-04-11 04:23:50 +0200: Memory Usage (446092K) : Starting general IHP-SG13G2 derivations.
2026-04-11 04:23:50 +0200: Memory Usage (446092K) : Starting Pwell derivations
2026-04-11 04:23:50 +0200: Memory Usage (446092K) : Starting n-Activ derivations
2026-04-11 04:23:50 +0200: Memory Usage (446092K) : Starting p-Activ derivations
2026-04-11 04:23:50 +0200: Memory Usage (446092K) : Starting ptap derivations
2026-04-11 04:23:50 +0200: Memory Usage (446092K) : Starting ntap derivations
2026-04-11 04:23:50 +0200: Memory Usage (446092K) : Starting pact FET derivations
2026-04-11 04:23:50 +0200: Memory Usage (446092K) : Starting nact FET derivations
2026-04-11 04:23:50 +0200: Memory Usage (446092K) : Starting Gate derivations
2026-04-11 04:23:50 +0200: Memory Usage (446092K) : Starting cont/contbar general derivations
2026-04-11 04:23:50 +0200: Memory Usage (446092K) : Starting pad general derivations
2026-04-11 04:23:50 +0200: Memory Usage (446092K) : Starting schottky_nbl general derivations
2026-04-11 04:23:50 +0200: Memory Usage (446092K) : Starting SVaricap general derivations
2026-04-11 04:23:50 +0200: Memory Usage (446092K) : Starting HBT general derivations
2026-04-11 04:23:50 +0200: Memory Usage (446092K) : Starting IHP-SG13G2 DRC connectivity related derivations.
2026-04-11 04:23:50 +0200: Memory Usage (446092K) : Starting IHP-SG13G2 DRC connectivity setup
2026-04-11 04:23:50 +0200: Memory Usage (446604K) : Starting IHP-SG13G2 DRC rules.
2026-04-11 04:23:50 +0200: Memory Usage (446604K) : Running all FEOL rules
2026-04-11 04:23:50 +0200: Memory Usage (446604K) : Running all BEOL rules
2026-04-11 04:23:50 +0200: Memory Usage (446604K) : Running all PIN rules
2026-04-11 04:23:50 +0200: Memory Usage (446604K) : Running all FORBIDDEN rules
2026-04-11 04:23:50 +0200: Memory Usage (446604K) : Starting 5.1 NWell table
2026-04-11 04:23:50 +0200: Memory Usage (446604K) : Executing rule NW.b
2026-04-11 04:23:50 +0200: Memory Usage (446860K) : Executing rule NW.b1
2026-04-11 04:23:50 +0200: Memory Usage (446860K) : Executing rule NW.f1
2026-04-11 04:23:50 +0200: Memory Usage (446860K) : Executing rule NW.f1.digibnd
2026-04-11 04:23:50 +0200: Memory Usage (446860K) : Starting 5.2 PWell:block
2026-04-11 04:23:50 +0200: Memory Usage (446860K) : Executing rule PWB.e
2026-04-11 04:23:50 +0200: Memory Usage (446860K) : Executing rule PWB.e1
2026-04-11 04:23:50 +0200: Memory Usage (446860K) : Executing rule PWB.f
2026-04-11 04:23:50 +0200: Memory Usage (446860K) : Executing rule PWB.f1
2026-04-11 04:23:50 +0200: Memory Usage (446860K) : Starting 5.3 nBuLay table
2026-04-11 04:23:50 +0200: Memory Usage (446860K) : Executing rule NBL.b
2026-04-11 04:23:50 +0200: Memory Usage (446860K) : Executing rule NBL.c
2026-04-11 04:23:50 +0200: Memory Usage (446860K) : Executing rule NBL.d
2026-04-11 04:23:50 +0200: Memory Usage (446860K) : Executing rule NBL.e
2026-04-11 04:23:50 +0200: Memory Usage (446860K) : Executing rule NBL.f
2026-04-11 04:23:50 +0200: Memory Usage (446860K) : Starting 5.5. Activ table
2026-04-11 04:23:50 +0200: Memory Usage (446860K) : Executing rule Act.a
2026-04-11 04:23:50 +0200: Memory Usage (446860K) : Executing rule Act.b
2026-04-11 04:23:50 +0200: Memory Usage (446860K) : Starting 5.6 Activ:filler table
2026-04-11 04:23:50 +0200: Memory Usage (446860K) : Executing rule AFil.c1
2026-04-11 04:23:50 +0200: Memory Usage (446860K) : Executing rule AFil.c
2026-04-11 04:23:50 +0200: Memory Usage (446860K) : Executing rule AFil.d
2026-04-11 04:23:50 +0200: Memory Usage (446860K) : Executing rule AFil.e
2026-04-11 04:23:51 +0200: Memory Usage (446860K) : Executing rule AFil.j
2026-04-11 04:23:51 +0200: Memory Usage (446860K) : Starting 5.7. ThickGateOx table
2026-04-11 04:23:51 +0200: Memory Usage (446860K) : Executing rule TGO.f
2026-04-11 04:23:51 +0200: Memory Usage (446860K) : Starting 5.8. GatPoly table
2026-04-11 04:23:51 +0200: Memory Usage (446860K) : Executing rule Gat.a
2026-04-11 04:23:51 +0200: Memory Usage (446860K) : Executing rule Gat.b
2026-04-11 04:23:51 +0200: Memory Usage (446860K) : Executing rule Gat.d
2026-04-11 04:23:51 +0200: Memory Usage (446860K) : Executing rule Gat.a1
2026-04-11 04:23:51 +0200: Memory Usage (448268K) : Executing rule Gat.a2
2026-04-11 04:23:51 +0200: Memory Usage (448268K) : Executing rule Gat.g
2026-04-11 04:23:51 +0200: Memory Usage (448268K) : Starting 5.9 GatPoly:filler
2026-04-11 04:23:51 +0200: Memory Usage (448268K) : Executing rule GFil.d
2026-04-11 04:23:51 +0200: Memory Usage (448268K) : Executing rule GFil.e
2026-04-11 04:23:51 +0200: Memory Usage (448268K) : Executing rule GFil.i
2026-04-11 04:23:51 +0200: Memory Usage (448268K) : Starting 5.10 pSD table
2026-04-11 04:23:51 +0200: Memory Usage (448268K) : Executing rule pSD.c1
2026-04-11 04:23:51 +0200: Memory Usage (448268K) : Starting 5.14. Cont table
2026-04-11 04:23:51 +0200: Memory Usage (448268K) : Executing rule Cnt.a
2026-04-11 04:23:51 +0200: Memory Usage (448268K) : Executing rule Cnt.b
2026-04-11 04:23:51 +0200: Memory Usage (448268K) : Executing rule Cnt.c
2026-04-11 04:23:51 +0200: Memory Usage (448268K) : Executing rule Cnt.c.digibnd
2026-04-11 04:23:51 +0200: Memory Usage (448268K) : Executing rule Cnt.c.SRAM
2026-04-11 04:23:51 +0200: Memory Usage (448268K) : Executing rule Cnt.d
2026-04-11 04:23:51 +0200: Memory Usage (448268K) : Executing rule Cnt.e
2026-04-11 04:23:51 +0200: Memory Usage (448268K) : Executing rule Cnt.g1
2026-04-11 04:23:51 +0200: Memory Usage (448268K) : Executing rule Cnt.g2
2026-04-11 04:23:51 +0200: Memory Usage (448268K) : Starting 5.15. ContBar table
2026-04-11 04:23:51 +0200: Memory Usage (448268K) : Executing rule CntB.b1
2026-04-11 04:23:51 +0200: Memory Usage (448268K) : Executing rule CntB.h1
2026-04-11 04:23:51 +0200: Memory Usage (448268K) : Starting 6.1.3 NPN Substrate-Tie table
2026-04-11 04:23:51 +0200: Memory Usage (448268K) : Executing rule npn13G2.bR 
2026-04-11 04:23:51 +0200: Memory Usage (448268K) : Executing rule npn13G2L.cR 
2026-04-11 04:23:51 +0200: Memory Usage (448268K) : Executing rule npn13G2V.cR 
2026-04-11 04:23:51 +0200: Memory Usage (448268K) : Starting 6.7 Schottky diode table
2026-04-11 04:23:51 +0200: Memory Usage (448268K) : Executing rule Sdiod.b
2026-04-11 04:23:51 +0200: Memory Usage (448396K) : Executing rule Sdiod.c
2026-04-11 04:23:51 +0200: Memory Usage (448652K) : Executing rule Sdiod.d
2026-04-11 04:23:51 +0200: Memory Usage (448780K) : Executing rule Sdiod.e
2026-04-11 04:23:51 +0200: Memory Usage (448908K) : Starting 7.2 Latch-up table
2026-04-11 04:23:51 +0200: Memory Usage (448908K) : Executing rule LU.b
2026-04-11 04:23:51 +0200: Memory Usage (450828K) : Starting 5.16. Metal1 table
2026-04-11 04:23:51 +0200: Memory Usage (450828K) : Executing rule M1.a
2026-04-11 04:23:51 +0200: Memory Usage (450956K) : Executing rule M1.b
2026-04-11 04:23:51 +0200: Memory Usage (451596K) : Executing rule M1.e
2026-04-11 04:23:51 +0200: Memory Usage (451596K) : Executing rule M1.f
2026-04-11 04:23:51 +0200: Memory Usage (451596K) : Executing rule M1.g
2026-04-11 04:23:51 +0200: Memory Usage (451596K) : Executing rule M1.i
2026-04-11 04:23:51 +0200: Memory Usage (451596K) : Starting 5.17 Metaln table
2026-04-11 04:23:51 +0200: Memory Usage (451596K) : Executing rule M2.a
2026-04-11 04:23:51 +0200: Memory Usage (451596K) : Executing rule M2.b
2026-04-11 04:23:51 +0200: Memory Usage (451596K) : Executing rule M2.e
2026-04-11 04:23:51 +0200: Memory Usage (451596K) : Executing rule M2.f
2026-04-11 04:23:51 +0200: Memory Usage (451596K) : Executing rule M2.g
2026-04-11 04:23:51 +0200: Memory Usage (451596K) : Executing rule M2.i
2026-04-11 04:23:51 +0200: Memory Usage (451596K) : Executing rule M3.a
2026-04-11 04:23:51 +0200: Memory Usage (451596K) : Executing rule M3.b
2026-04-11 04:23:51 +0200: Memory Usage (451596K) : Executing rule M3.e
2026-04-11 04:23:51 +0200: Memory Usage (451596K) : Executing rule M3.f
2026-04-11 04:23:51 +0200: Memory Usage (451596K) : Executing rule M3.g
2026-04-11 04:23:51 +0200: Memory Usage (451596K) : Executing rule M3.i
2026-04-11 04:23:51 +0200: Memory Usage (451596K) : Executing rule M4.a
2026-04-11 04:23:51 +0200: Memory Usage (451596K) : Executing rule M4.b
2026-04-11 04:23:51 +0200: Memory Usage (451596K) : Executing rule M4.e
2026-04-11 04:23:51 +0200: Memory Usage (451596K) : Executing rule M4.f
2026-04-11 04:23:51 +0200: Memory Usage (451596K) : Executing rule M4.g
2026-04-11 04:23:51 +0200: Memory Usage (451596K) : Executing rule M4.i
2026-04-11 04:23:51 +0200: Memory Usage (451596K) : Executing rule M5.a
2026-04-11 04:23:51 +0200: Memory Usage (451596K) : Executing rule M5.b
2026-04-11 04:23:51 +0200: Memory Usage (451596K) : Executing rule M5.e
2026-04-11 04:23:51 +0200: Memory Usage (451596K) : Executing rule M5.f
2026-04-11 04:23:51 +0200: Memory Usage (451596K) : Executing rule M5.g
2026-04-11 04:23:51 +0200: Memory Usage (451596K) : Executing rule M5.i
2026-04-11 04:23:51 +0200: Memory Usage (451596K) : Starting 5.18 Metaln:filler table
2026-04-11 04:23:51 +0200: Memory Usage (451596K) : Executing rule M1Fil.c
2026-04-11 04:23:51 +0200: Memory Usage (451596K) : Executing rule M1Fil.a2
2026-04-11 04:23:51 +0200: Memory Usage (451596K) : Executing rule M2Fil.c
2026-04-11 04:23:51 +0200: Memory Usage (451596K) : Executing rule M2Fil.a2
2026-04-11 04:23:51 +0200: Memory Usage (451596K) : Executing rule M3Fil.c
2026-04-11 04:23:51 +0200: Memory Usage (451596K) : Executing rule M3Fil.a2
2026-04-11 04:23:51 +0200: Memory Usage (451596K) : Executing rule M4Fil.c
2026-04-11 04:23:51 +0200: Memory Usage (451596K) : Executing rule M4Fil.a2
2026-04-11 04:23:51 +0200: Memory Usage (451596K) : Executing rule M5Fil.c
2026-04-11 04:23:51 +0200: Memory Usage (451596K) : Executing rule M5Fil.a2
2026-04-11 04:23:51 +0200: Memory Usage (451596K) : Starting 5.19. Via1 table
2026-04-11 04:23:51 +0200: Memory Usage (451596K) : Starting 5.19. Via1 table derivations
2026-04-11 04:23:51 +0200: Memory Usage (451596K) : Executing rule V1.a
2026-04-11 04:23:51 +0200: Memory Usage (451724K) : Executing rule V1.b
2026-04-11 04:23:51 +0200: Memory Usage (451852K) : Executing rule V1.c
2026-04-11 04:23:51 +0200: Memory Usage (451980K) : Starting 5.20. Vian table
2026-04-11 04:23:51 +0200: Memory Usage (451980K) : Executing rule V2.a
2026-04-11 04:23:51 +0200: Memory Usage (451980K) : Executing rule V2.b
2026-04-11 04:23:51 +0200: Memory Usage (451980K) : Executing rule V2.c
2026-04-11 04:23:51 +0200: Memory Usage (451980K) : Executing rule V3.a
2026-04-11 04:23:51 +0200: Memory Usage (451980K) : Executing rule V3.b
2026-04-11 04:23:51 +0200: Memory Usage (451980K) : Executing rule V3.c
2026-04-11 04:23:51 +0200: Memory Usage (451980K) : Executing rule V4.a
2026-04-11 04:23:51 +0200: Memory Usage (451980K) : Executing rule V4.b
2026-04-11 04:23:51 +0200: Memory Usage (451980K) : Executing rule V4.c
2026-04-11 04:23:51 +0200: Memory Usage (451980K) : Starting 5.21. TopVia1 table
2026-04-11 04:23:51 +0200: Memory Usage (451980K) : Executing rule TV1.a
2026-04-11 04:23:51 +0200: Memory Usage (451980K) : Executing rule TV1.b
2026-04-11 04:23:51 +0200: Memory Usage (451980K) : Executing rule TV1.c
2026-04-11 04:23:51 +0200: Memory Usage (451980K) : Executing rule TV1.d
2026-04-11 04:23:51 +0200: Memory Usage (451980K) : Starting 5.22. TopMetal1 table
2026-04-11 04:23:51 +0200: Memory Usage (451980K) : Executing rule TM1.a
2026-04-11 04:23:51 +0200: Memory Usage (451980K) : Executing rule TM1.b
2026-04-11 04:23:51 +0200: Memory Usage (451980K) : Starting 5.23 TopMetal1:filler table
2026-04-11 04:23:51 +0200: Memory Usage (451980K) : Executing rule TM1Fil.c
2026-04-11 04:23:51 +0200: Memory Usage (451980K) : Executing rule TM1Fil.a1
2026-04-11 04:23:51 +0200: Memory Usage (451980K) : Starting 5.24. TopVia2 table
2026-04-11 04:23:51 +0200: Memory Usage (451980K) : Executing rule TV2.a
2026-04-11 04:23:51 +0200: Memory Usage (451980K) : Executing rule TV2.b
2026-04-11 04:23:51 +0200: Memory Usage (451980K) : Executing rule TV2.c
2026-04-11 04:23:51 +0200: Memory Usage (452108K) : Executing rule TV2.d
2026-04-11 04:23:51 +0200: Memory Usage (452236K) : Starting 5.25. TopMetal2 table
2026-04-11 04:23:51 +0200: Memory Usage (452236K) : Executing rule TM2.a
2026-04-11 04:23:51 +0200: Memory Usage (452236K) : Executing rule TM2.b
2026-04-11 04:23:51 +0200: Memory Usage (452364K) : Executing rule TM2.bR
2026-04-11 04:23:51 +0200: Memory Usage (452364K) : Starting 5.26 TopMetal2:filler table
2026-04-11 04:23:51 +0200: Memory Usage (452364K) : Executing rule TM2Fil.c
2026-04-11 04:23:51 +0200: Memory Usage (452364K) : Executing rule TM2Fil.a1
2026-04-11 04:23:51 +0200: Memory Usage (452364K) : Starting 5.27. Passiv table
2026-04-11 04:23:51 +0200: Memory Usage (452364K) : Executing rule Pas.a
2026-04-11 04:23:51 +0200: Memory Usage (452364K) : Executing rule Pas.b
2026-04-11 04:23:51 +0200: Memory Usage (452364K) : Executing rule Pas.c
2026-04-11 04:23:51 +0200: Memory Usage (452364K) : Starting 6.9.2 Copper Pillar table
2026-04-11 04:23:51 +0200: Memory Usage (452364K) : Executing rule Padc.a
2026-04-11 04:23:51 +0200: Memory Usage (452364K) : Executing rule Padc.b
2026-04-11 04:23:51 +0200: Memory Usage (452364K) : Executing rule Padc.c
2026-04-11 04:23:51 +0200: Memory Usage (452364K) : Executing rule Padb.f
2026-04-11 04:23:51 +0200: Memory Usage (452364K) : Starting 6.9 Pad table
2026-04-11 04:23:51 +0200: Memory Usage (452364K) : Executing rule Pad.m
2026-04-11 04:23:51 +0200: Memory Usage (452364K) : Executing rule Pad.fR_M1
2026-04-11 04:23:51 +0200: Memory Usage (452364K) : Executing rule Pad.fR_M2
2026-04-11 04:23:51 +0200: Memory Usage (452364K) : Executing rule Pad.fR_M3
2026-04-11 04:23:51 +0200: Memory Usage (452364K) : Executing rule Pad.fR_M4
2026-04-11 04:23:51 +0200: Memory Usage (452364K) : Executing rule Pad.fR_M5
2026-04-11 04:23:51 +0200: Memory Usage (452364K) : Executing rule Pad.fR_TM1
2026-04-11 04:23:51 +0200: Memory Usage (452364K) : Executing rule Pad.fR_TM2
2026-04-11 04:23:51 +0200: Memory Usage (452364K) : Executing rule Pad.i
2026-04-11 04:23:51 +0200: Memory Usage (452364K) : Starting 6.9.1 Solder Bump
2026-04-11 04:23:51 +0200: Memory Usage (452364K) : Executing rule Padb.a
2026-04-11 04:23:51 +0200: Memory Usage (452364K) : Executing rule Padb.b
2026-04-11 04:23:51 +0200: Memory Usage (452364K) : Executing rule Padb.c
2026-04-11 04:23:51 +0200: Memory Usage (452492K) : Executing rule Padb.f
2026-04-11 04:23:51 +0200: Memory Usage (453388K) : Executing rule Padb.d
2026-04-11 04:23:51 +0200: Memory Usage (453516K) : Starting 6.10 Sealring table
2026-04-11 04:23:51 +0200: Memory Usage (453516K) : Executing rule Seal.l
2026-04-11 04:23:51 +0200: Memory Usage (453516K) : Executing rule Seal.n
2026-04-11 04:23:51 +0200: Memory Usage (453516K) : Executing rule seal.b_metal1
2026-04-11 04:23:51 +0200: Memory Usage (453516K) : Executing rule seal.b_metal2
2026-04-11 04:23:51 +0200: Memory Usage (453516K) : Executing rule seal.b_metal3
2026-04-11 04:23:51 +0200: Memory Usage (453516K) : Executing rule seal.b_metal4
2026-04-11 04:23:51 +0200: Memory Usage (453516K) : Executing rule seal.b_metal5
2026-04-11 04:23:51 +0200: Memory Usage (453516K) : Executing rule seal.b_topmetal1
2026-04-11 04:23:51 +0200: Memory Usage (453516K) : Executing rule seal.b_topmetal2
2026-04-11 04:23:51 +0200: Memory Usage (453516K) : Executing rule seal.b_activ
2026-04-11 04:23:51 +0200: Memory Usage (453516K) : Executing rule seal.b_psd
2026-04-11 04:23:51 +0200: Memory Usage (453516K) : Executing rule Seal.k
2026-04-11 04:23:51 +0200: Memory Usage (453516K) : Executing rule Seal.m
2026-04-11 04:23:51 +0200: Memory Usage (453516K) : Starting 6.11 MIM table
2026-04-11 04:23:51 +0200: Memory Usage (453516K) : Executing rule MIM.c
2026-04-11 04:23:51 +0200: Memory Usage (453516K) : Executing rule MIM.d
2026-04-11 04:23:51 +0200: Memory Usage (453516K) : Executing rule MIM.gR
2026-04-11 04:23:51 +0200: Memory Usage (453516K) : Starting 7.3 Metal Slits table
2026-04-11 04:23:51 +0200: Memory Usage (453516K) : Executing rule Slt.e1_M1
2026-04-11 04:23:51 +0200: Memory Usage (453516K) : Executing rule Slt.e1_M2
2026-04-11 04:23:51 +0200: Memory Usage (453516K) : Executing rule Slt.e1_M3
2026-04-11 04:23:51 +0200: Memory Usage (453516K) : Executing rule Slt.e1_M4
2026-04-11 04:23:51 +0200: Memory Usage (453516K) : Executing rule Slt.e1_M5
2026-04-11 04:23:51 +0200: Memory Usage (453516K) : Executing rule Slt.e1_TM1
2026-04-11 04:23:51 +0200: Memory Usage (453516K) : Executing rule Slt.e1_TM2
2026-04-11 04:23:51 +0200: Memory Usage (453516K) : Starting 9.1. LBE table
2026-04-11 04:23:51 +0200: Memory Usage (453516K) : Executing rule LBE.a
2026-04-11 04:23:51 +0200: Memory Usage (453516K) : Executing rule LBE.b
2026-04-11 04:23:51 +0200: Memory Usage (453516K) : Executing rule LBE.b1
2026-04-11 04:23:51 +0200: Memory Usage (453516K) : Executing rule LBE.c
2026-04-11 04:23:51 +0200: Memory Usage (453516K) : Executing rule LBE.d
2026-04-11 04:23:51 +0200: Memory Usage (453516K) : Executing rule LBE.h
2026-04-11 04:23:51 +0200: Memory Usage (453516K) : Starting 7.4. PIN table
2026-04-11 04:23:51 +0200: Memory Usage (453516K) : Executing rule Pin.a
2026-04-11 04:23:51 +0200: Memory Usage (453516K) : Executing rule Pin.b
2026-04-11 04:23:51 +0200: Memory Usage (453516K) : Executing rule Pin.e
2026-04-11 04:23:51 +0200: Memory Usage (453516K) : Executing rule Pin.f_M2
2026-04-11 04:23:51 +0200: Memory Usage (453516K) : Executing rule Pin.f_M3
2026-04-11 04:23:51 +0200: Memory Usage (453516K) : Executing rule Pin.f_M4
2026-04-11 04:23:51 +0200: Memory Usage (453516K) : Executing rule Pin.f_M5
2026-04-11 04:23:51 +0200: Memory Usage (453516K) : Executing rule Pin.g
2026-04-11 04:23:51 +0200: Memory Usage (453516K) : Executing rule Pin.h
2026-04-11 04:23:51 +0200: Memory Usage (453516K) : Starting 3.1. offgrid table
2026-04-11 04:23:51 +0200: Memory Usage (453516K) : Executing rule activ_drw_Offgrid
2026-04-11 04:23:51 +0200: Memory Usage (453516K) : Executing rule activ_pin_Offgrid
2026-04-11 04:23:51 +0200: Memory Usage (453516K) : Executing rule activ_mask_Offgrid
2026-04-11 04:23:51 +0200: Memory Usage (453516K) : Executing rule activ_filler_Offgrid
2026-04-11 04:23:51 +0200: Memory Usage (453516K) : Executing rule activ_nofill_Offgrid
2026-04-11 04:23:51 +0200: Memory Usage (453516K) : Executing rule activ_opc_Offgrid
2026-04-11 04:23:51 +0200: Memory Usage (453516K) : Executing rule activ_iopc_Offgrid
2026-04-11 04:23:51 +0200: Memory Usage (453516K) : Executing rule activ_noqrc_Offgrid
2026-04-11 04:23:51 +0200: Memory Usage (453516K) : Executing rule biwind_drw_Offgrid
2026-04-11 04:23:51 +0200: Memory Usage (453516K) : Executing rule biwind_opc_Offgrid
2026-04-11 04:23:51 +0200: Memory Usage (453516K) : Executing rule pemwind_drw_Offgrid
2026-04-11 04:23:51 +0200: Memory Usage (453516K) : Executing rule gatpoly_drw_Offgrid
2026-04-11 04:23:51 +0200: Memory Usage (453516K) : Executing rule gatpoly_pin_Offgrid
2026-04-11 04:23:52 +0200: Memory Usage (453516K) : Executing rule gatpoly_filler_Offgrid
2026-04-11 04:23:52 +0200: Memory Usage (453516K) : Executing rule gatpoly_nofill_Offgrid
2026-04-11 04:23:52 +0200: Memory Usage (453516K) : Executing rule gatpoly_opc_Offgrid
2026-04-11 04:23:52 +0200: Memory Usage (453516K) : Executing rule gatpoly_iopc_Offgrid
2026-04-11 04:23:52 +0200: Memory Usage (453516K) : Executing rule gatpoly_noqrc_Offgrid
2026-04-11 04:23:52 +0200: Memory Usage (453516K) : Executing rule cont_drw_Offgrid
2026-04-11 04:23:52 +0200: Memory Usage (453516K) : Executing rule cont_opc_Offgrid
2026-04-11 04:23:52 +0200: Memory Usage (453516K) : Executing rule nsd_drw_Offgrid
2026-04-11 04:23:52 +0200: Memory Usage (453516K) : Executing rule nsd_block_Offgrid
2026-04-11 04:23:52 +0200: Memory Usage (453516K) : Executing rule metal1_drw_Offgrid
2026-04-11 04:23:52 +0200: Memory Usage (453772K) : Executing rule metal1_pin_Offgrid
2026-04-11 04:23:52 +0200: Memory Usage (453772K) : Executing rule metal1_mask_Offgrid
2026-04-11 04:23:52 +0200: Memory Usage (453772K) : Executing rule metal1_filler_Offgrid
2026-04-11 04:23:52 +0200: Memory Usage (453772K) : Executing rule metal1_nofill_Offgrid
2026-04-11 04:23:52 +0200: Memory Usage (453772K) : Executing rule metal1_slit_Offgrid
2026-04-11 04:23:52 +0200: Memory Usage (453772K) : Executing rule metal1_opc_Offgrid
2026-04-11 04:23:52 +0200: Memory Usage (454028K) : Executing rule metal1_noqrc_Offgrid
2026-04-11 04:23:52 +0200: Memory Usage (454412K) : Executing rule metal1_res_Offgrid
2026-04-11 04:23:52 +0200: Memory Usage (454924K) : Executing rule metal1_iprobe_Offgrid
2026-04-11 04:23:52 +0200: Memory Usage (455308K) : Executing rule metal1_diffprb_Offgrid
2026-04-11 04:23:52 +0200: Memory Usage (455820K) : Executing rule passiv_drw_Offgrid
2026-04-11 04:23:52 +0200: Memory Usage (456204K) : Executing rule passiv_pin_Offgrid
2026-04-11 04:23:52 +0200: Memory Usage (456716K) : Executing rule passiv_pillar_Offgrid
2026-04-11 04:23:52 +0200: Memory Usage (457100K) : Executing rule passiv_sbump_Offgrid
2026-04-11 04:23:52 +0200: Memory Usage (457612K) : Executing rule passiv_pdl_Offgrid
2026-04-11 04:23:52 +0200: Memory Usage (457996K) : Executing rule metal2_drw_Offgrid
2026-04-11 04:23:52 +0200: Memory Usage (458508K) : Executing rule metal2_pin_Offgrid
2026-04-11 04:23:52 +0200: Memory Usage (458892K) : Executing rule metal2_mask_Offgrid
2026-04-11 04:23:52 +0200: Memory Usage (459404K) : Executing rule metal2_filler_Offgrid
2026-04-11 04:23:52 +0200: Memory Usage (459788K) : Executing rule metal2_nofill_Offgrid
2026-04-11 04:23:52 +0200: Memory Usage (460300K) : Executing rule metal2_slit_Offgrid
2026-04-11 04:23:52 +0200: Memory Usage (460812K) : Executing rule metal2_opc_Offgrid
2026-04-11 04:23:52 +0200: Memory Usage (461196K) : Executing rule metal2_noqrc_Offgrid
2026-04-11 04:23:52 +0200: Memory Usage (461708K) : Executing rule metal2_res_Offgrid
2026-04-11 04:23:52 +0200: Memory Usage (462092K) : Executing rule metal2_iprobe_Offgrid
2026-04-11 04:23:52 +0200: Memory Usage (462604K) : Executing rule metal2_diffprb_Offgrid
2026-04-11 04:23:52 +0200: Memory Usage (462988K) : Executing rule baspoly_drw_Offgrid
2026-04-11 04:23:52 +0200: Memory Usage (463500K) : Executing rule baspoly_pin_Offgrid
2026-04-11 04:23:52 +0200: Memory Usage (463884K) : Executing rule psd_drw_Offgrid
2026-04-11 04:23:52 +0200: Memory Usage (464396K) : Executing rule nldb_drw_Offgrid
2026-04-11 04:23:52 +0200: Memory Usage (464780K) : Executing rule via1_drw_Offgrid
2026-04-11 04:23:52 +0200: Memory Usage (465292K) : Executing rule backmetal1_drw_Offgrid
2026-04-11 04:23:52 +0200: Memory Usage (465676K) : Executing rule backmetal1_pin_Offgrid
2026-04-11 04:23:52 +0200: Memory Usage (466188K) : Executing rule backmetal1_mask_Offgrid
2026-04-11 04:23:52 +0200: Memory Usage (466188K) : Executing rule backmetal1_filler_Offgrid
2026-04-11 04:23:52 +0200: Memory Usage (466188K) : Executing rule backmetal1_nofill_Offgrid
2026-04-11 04:23:52 +0200: Memory Usage (466188K) : Executing rule backmetal1_slit_Offgrid
2026-04-11 04:23:52 +0200: Memory Usage (466316K) : Executing rule backmetal1_opc_Offgrid
2026-04-11 04:23:52 +0200: Memory Usage (466316K) : Executing rule backmetal1_noqrc_Offgrid
2026-04-11 04:23:52 +0200: Memory Usage (466316K) : Executing rule backmetal1_res_Offgrid
2026-04-11 04:23:52 +0200: Memory Usage (466316K) : Executing rule backmetal1_iprobe_Offgrid
2026-04-11 04:23:52 +0200: Memory Usage (466316K) : Executing rule backmetal1_diffprb_Offgrid
2026-04-11 04:23:52 +0200: Memory Usage (466316K) : Executing rule backpassiv_drw_Offgrid
2026-04-11 04:23:52 +0200: Memory Usage (466316K) : Executing rule salblock_drw_Offgrid
2026-04-11 04:23:52 +0200: Memory Usage (466316K) : Executing rule via2_drw_Offgrid
2026-04-11 04:23:52 +0200: Memory Usage (466316K) : Executing rule metal3_drw_Offgrid
2026-04-11 04:23:52 +0200: Memory Usage (466316K) : Executing rule metal3_pin_Offgrid
2026-04-11 04:23:52 +0200: Memory Usage (466316K) : Executing rule metal3_mask_Offgrid
2026-04-11 04:23:52 +0200: Memory Usage (466316K) : Executing rule metal3_filler_Offgrid
2026-04-11 04:23:52 +0200: Memory Usage (466316K) : Executing rule metal3_nofill_Offgrid
2026-04-11 04:23:52 +0200: Memory Usage (466316K) : Executing rule metal3_slit_Offgrid
2026-04-11 04:23:52 +0200: Memory Usage (466316K) : Executing rule metal3_opc_Offgrid
2026-04-11 04:23:52 +0200: Memory Usage (466316K) : Executing rule metal3_noqrc_Offgrid
2026-04-11 04:23:52 +0200: Memory Usage (466316K) : Executing rule metal3_res_Offgrid
2026-04-11 04:23:52 +0200: Memory Usage (466316K) : Executing rule metal3_iprobe_Offgrid
2026-04-11 04:23:52 +0200: Memory Usage (466316K) : Executing rule metal3_diffprb_Offgrid
2026-04-11 04:23:52 +0200: Memory Usage (466316K) : Executing rule nwell_drw_Offgrid
2026-04-11 04:23:52 +0200: Memory Usage (466316K) : Executing rule nwell_pin_Offgrid
2026-04-11 04:23:52 +0200: Memory Usage (466316K) : Executing rule nbulay_drw_Offgrid
2026-04-11 04:23:52 +0200: Memory Usage (466316K) : Executing rule nbulay_pin_Offgrid
2026-04-11 04:23:52 +0200: Memory Usage (466316K) : Executing rule nbulay_block_Offgrid
2026-04-11 04:23:52 +0200: Memory Usage (466316K) : Executing rule pwell_drw_Offgrid
2026-04-11 04:23:52 +0200: Memory Usage (466316K) : Executing rule pwell_pin_Offgrid
2026-04-11 04:23:52 +0200: Memory Usage (466316K) : Executing rule pwell_block_Offgrid
2026-04-11 04:23:52 +0200: Memory Usage (466316K) : Executing rule emwind_drw_Offgrid
2026-04-11 04:23:52 +0200: Memory Usage (466316K) : Executing rule emwind_opc_Offgrid
2026-04-11 04:23:52 +0200: Memory Usage (466316K) : Executing rule deepco_drw_Offgrid
2026-04-11 04:23:52 +0200: Memory Usage (466316K) : Executing rule mim_drw_Offgrid
2026-04-11 04:23:52 +0200: Memory Usage (466316K) : Executing rule substrate_drw_Offgrid
2026-04-11 04:23:52 +0200: Memory Usage (466316K) : Executing rule ic_drw_Offgrid
2026-04-11 04:23:52 +0200: Memory Usage (466316K) : Executing rule via3_drw_Offgrid
2026-04-11 04:23:52 +0200: Memory Usage (466316K) : Executing rule pldb_drw_Offgrid
2026-04-11 04:23:52 +0200: Memory Usage (466316K) : Executing rule metal4_drw_Offgrid
2026-04-11 04:23:52 +0200: Memory Usage (466316K) : Executing rule metal4_pin_Offgrid
2026-04-11 04:23:52 +0200: Memory Usage (466316K) : Executing rule metal4_mask_Offgrid
2026-04-11 04:23:52 +0200: Memory Usage (466316K) : Executing rule metal4_filler_Offgrid
2026-04-11 04:23:52 +0200: Memory Usage (466316K) : Executing rule metal4_nofill_Offgrid
2026-04-11 04:23:52 +0200: Memory Usage (466316K) : Executing rule metal4_slit_Offgrid
2026-04-11 04:23:52 +0200: Memory Usage (466316K) : Executing rule metal4_opc_Offgrid
2026-04-11 04:23:52 +0200: Memory Usage (466316K) : Executing rule metal4_noqrc_Offgrid
2026-04-11 04:23:52 +0200: Memory Usage (466316K) : Executing rule metal4_res_Offgrid
2026-04-11 04:23:52 +0200: Memory Usage (466316K) : Executing rule metal4_iprobe_Offgrid
2026-04-11 04:23:52 +0200: Memory Usage (466316K) : Executing rule metal4_diffprb_Offgrid
2026-04-11 04:23:52 +0200: Memory Usage (466316K) : Executing rule via4_drw_Offgrid
2026-04-11 04:23:52 +0200: Memory Usage (466316K) : Executing rule metal5_drw_Offgrid
2026-04-11 04:23:52 +0200: Memory Usage (466316K) : Executing rule metal5_pin_Offgrid
2026-04-11 04:23:52 +0200: Memory Usage (466316K) : Executing rule metal5_mask_Offgrid
2026-04-11 04:23:52 +0200: Memory Usage (466316K) : Executing rule metal5_filler_Offgrid
2026-04-11 04:23:52 +0200: Memory Usage (466316K) : Executing rule metal5_nofill_Offgrid
2026-04-11 04:23:52 +0200: Memory Usage (466316K) : Executing rule metal5_slit_Offgrid
2026-04-11 04:23:52 +0200: Memory Usage (466316K) : Executing rule metal5_opc_Offgrid
2026-04-11 04:23:52 +0200: Memory Usage (466316K) : Executing rule metal5_noqrc_Offgrid
2026-04-11 04:23:52 +0200: Memory Usage (466316K) : Executing rule metal5_res_Offgrid
2026-04-11 04:23:52 +0200: Memory Usage (466316K) : Executing rule metal5_iprobe_Offgrid
2026-04-11 04:23:52 +0200: Memory Usage (466316K) : Executing rule metal5_diffprb_Offgrid
2026-04-11 04:23:52 +0200: Memory Usage (466316K) : Executing rule prboundary_drw_Offgrid
2026-04-11 04:23:52 +0200: Memory Usage (466316K) : Executing rule exchange0_drw_Offgrid
2026-04-11 04:23:52 +0200: Memory Usage (466316K) : Executing rule exchange0_pin_Offgrid
2026-04-11 04:23:52 +0200: Memory Usage (466316K) : Executing rule exchange1_drw_Offgrid
2026-04-11 04:23:52 +0200: Memory Usage (466316K) : Executing rule exchange1_pin_Offgrid
2026-04-11 04:23:52 +0200: Memory Usage (466316K) : Executing rule exchange2_drw_Offgrid
2026-04-11 04:23:52 +0200: Memory Usage (466316K) : Executing rule exchange2_pin_Offgrid
2026-04-11 04:23:52 +0200: Memory Usage (466316K) : Executing rule exchange3_drw_Offgrid
2026-04-11 04:23:52 +0200: Memory Usage (466316K) : Executing rule exchange3_pin_Offgrid
2026-04-11 04:23:52 +0200: Memory Usage (466316K) : Executing rule exchange4_drw_Offgrid
2026-04-11 04:23:52 +0200: Memory Usage (466316K) : Executing rule exchange4_pin_Offgrid
2026-04-11 04:23:52 +0200: Memory Usage (466316K) : Executing rule isonwell_drw_Offgrid
2026-04-11 04:23:52 +0200: Memory Usage (466316K) : Executing rule thickgateox_drw_Offgrid
2026-04-11 04:23:52 +0200: Memory Usage (466316K) : Executing rule pempoly_drw_Offgrid
2026-04-11 04:23:52 +0200: Memory Usage (466316K) : Executing rule fbe_drw_Offgrid
2026-04-11 04:23:52 +0200: Memory Usage (466316K) : Executing rule empoly_drw_Offgrid
2026-04-11 04:23:52 +0200: Memory Usage (466316K) : Executing rule ldmos_drw_Offgrid
2026-04-11 04:23:52 +0200: Memory Usage (466316K) : Executing rule pbiwind_drw_Offgrid
2026-04-11 04:23:53 +0200: Memory Usage (466316K) : Executing rule colopen_drw_Offgrid
2026-04-11 04:23:53 +0200: Memory Usage (466316K) : Executing rule extblock_drw_Offgrid
2026-04-11 04:23:53 +0200: Memory Usage (466316K) : Executing rule nldd_drw_Offgrid
2026-04-11 04:23:53 +0200: Memory Usage (466316K) : Executing rule pldd_drw_Offgrid
2026-04-11 04:23:53 +0200: Memory Usage (466316K) : Executing rule next_drw_Offgrid
2026-04-11 04:23:53 +0200: Memory Usage (466316K) : Executing rule pext_drw_Offgrid
2026-04-11 04:23:53 +0200: Memory Usage (466316K) : Executing rule nexthv_drw_Offgrid
2026-04-11 04:23:53 +0200: Memory Usage (466316K) : Executing rule pexthv_drw_Offgrid
2026-04-11 04:23:53 +0200: Memory Usage (466316K) : Executing rule graphgate_drw_Offgrid
2026-04-11 04:23:53 +0200: Memory Usage (466316K) : Executing rule mempad_drw_Offgrid
2026-04-11 04:23:53 +0200: Memory Usage (466316K) : Executing rule topvia1_drw_Offgrid
2026-04-11 04:23:53 +0200: Memory Usage (466316K) : Executing rule topmetal1_drw_Offgrid
2026-04-11 04:23:53 +0200: Memory Usage (466316K) : Executing rule topmetal1_pin_Offgrid
2026-04-11 04:23:53 +0200: Memory Usage (466316K) : Executing rule topmetal1_mask_Offgrid
2026-04-11 04:23:53 +0200: Memory Usage (466316K) : Executing rule topmetal1_filler_Offgrid
2026-04-11 04:23:53 +0200: Memory Usage (466316K) : Executing rule topmetal1_nofill_Offgrid
2026-04-11 04:23:53 +0200: Memory Usage (466316K) : Executing rule topmetal1_slit_Offgrid
2026-04-11 04:23:53 +0200: Memory Usage (466316K) : Executing rule topmetal1_noqrc_Offgrid
2026-04-11 04:23:53 +0200: Memory Usage (466316K) : Executing rule topmetal1_res_Offgrid
2026-04-11 04:23:53 +0200: Memory Usage (466316K) : Executing rule topmetal1_iprobe_Offgrid
2026-04-11 04:23:53 +0200: Memory Usage (466316K) : Executing rule topmetal1_diffprb_Offgrid
2026-04-11 04:23:53 +0200: Memory Usage (466316K) : Executing rule inldpwl_drw_Offgrid
2026-04-11 04:23:53 +0200: Memory Usage (466316K) : Executing rule polyres_drw_Offgrid
2026-04-11 04:23:53 +0200: Memory Usage (466316K) : Executing rule polyres_pin_Offgrid
2026-04-11 04:23:53 +0200: Memory Usage (466316K) : Executing rule vmim_drw_Offgrid
2026-04-11 04:23:53 +0200: Memory Usage (466316K) : Executing rule nbulaycut_drw_Offgrid
2026-04-11 04:23:53 +0200: Memory Usage (466316K) : Executing rule antmetal1_drw_Offgrid
2026-04-11 04:23:53 +0200: Memory Usage (466316K) : Executing rule topvia2_drw_Offgrid
2026-04-11 04:23:53 +0200: Memory Usage (466316K) : Executing rule topmetal2_drw_Offgrid
2026-04-11 04:23:53 +0200: Memory Usage (466316K) : Executing rule topmetal2_pin_Offgrid
2026-04-11 04:23:53 +0200: Memory Usage (466316K) : Executing rule topmetal2_mask_Offgrid
2026-04-11 04:23:53 +0200: Memory Usage (466316K) : Executing rule topmetal2_filler_Offgrid
2026-04-11 04:23:53 +0200: Memory Usage (466316K) : Executing rule topmetal2_nofill_Offgrid
2026-04-11 04:23:53 +0200: Memory Usage (466316K) : Executing rule topmetal2_slit_Offgrid
2026-04-11 04:23:53 +0200: Memory Usage (466316K) : Executing rule topmetal2_noqrc_Offgrid
2026-04-11 04:23:53 +0200: Memory Usage (466316K) : Executing rule topmetal2_res_Offgrid
2026-04-11 04:23:53 +0200: Memory Usage (466316K) : Executing rule topmetal2_iprobe_Offgrid
2026-04-11 04:23:53 +0200: Memory Usage (466316K) : Executing rule topmetal2_diffprb_Offgrid
2026-04-11 04:23:53 +0200: Memory Usage (466316K) : Executing rule snsring_drw_Offgrid
2026-04-11 04:23:53 +0200: Memory Usage (466316K) : Executing rule sensor_drw_Offgrid
2026-04-11 04:23:53 +0200: Memory Usage (466316K) : Executing rule snsarms_drw_Offgrid
2026-04-11 04:23:53 +0200: Memory Usage (466316K) : Executing rule snscmosvia_drw_Offgrid
2026-04-11 04:23:53 +0200: Memory Usage (466316K) : Executing rule colwind_drw_Offgrid
2026-04-11 04:23:53 +0200: Memory Usage (466316K) : Executing rule flm_drw_Offgrid
2026-04-11 04:23:53 +0200: Memory Usage (466316K) : Executing rule hafniumox_drw_Offgrid
2026-04-11 04:23:53 +0200: Memory Usage (466316K) : Executing rule memvia_drw_Offgrid
2026-04-11 04:23:53 +0200: Memory Usage (466316K) : Executing rule thinfilmres_drw_Offgrid
2026-04-11 04:23:53 +0200: Memory Usage (466316K) : Executing rule rfmem_drw_Offgrid
2026-04-11 04:23:53 +0200: Memory Usage (466316K) : Executing rule snsbotvia_drw_Offgrid
2026-04-11 04:23:53 +0200: Memory Usage (466316K) : Executing rule snstopvia_drw_Offgrid
2026-04-11 04:23:53 +0200: Memory Usage (466316K) : Executing rule deepvia_drw_Offgrid
2026-04-11 04:23:53 +0200: Memory Usage (466316K) : Executing rule fgetch_drw_Offgrid
2026-04-11 04:23:53 +0200: Memory Usage (466316K) : Executing rule ctrgat_drw_Offgrid
2026-04-11 04:23:53 +0200: Memory Usage (466316K) : Executing rule fgimp_drw_Offgrid
2026-04-11 04:23:53 +0200: Memory Usage (466316K) : Executing rule emwihv_drw_Offgrid
2026-04-11 04:23:53 +0200: Memory Usage (466316K) : Executing rule lbe_drw_Offgrid
2026-04-11 04:23:53 +0200: Memory Usage (466316K) : Executing rule alcustop_drw_Offgrid
2026-04-11 04:23:53 +0200: Memory Usage (466316K) : Starting 3.2. angle table
2026-04-11 04:23:53 +0200: Memory Usage (466316K) : Executing rule activ_drw_Acute
2026-04-11 04:23:53 +0200: Memory Usage (466316K) : Executing rule activ_pin_Acute
2026-04-11 04:23:53 +0200: Memory Usage (466316K) : Executing rule activ_mask_Acute
2026-04-11 04:23:53 +0200: Memory Usage (466316K) : Executing rule activ_filler_Acute
2026-04-11 04:23:53 +0200: Memory Usage (466316K) : Executing rule activ_nofill_Acute
2026-04-11 04:23:53 +0200: Memory Usage (466316K) : Executing rule activ_opc_Acute
2026-04-11 04:23:53 +0200: Memory Usage (466316K) : Executing rule activ_iopc_Acute
2026-04-11 04:23:53 +0200: Memory Usage (466316K) : Executing rule activ_noqrc_Acute
2026-04-11 04:23:53 +0200: Memory Usage (466316K) : Executing rule biwind_drw_Acute
2026-04-11 04:23:53 +0200: Memory Usage (466316K) : Executing rule biwind_opc_Acute
2026-04-11 04:23:53 +0200: Memory Usage (466316K) : Executing rule pemwind_drw_Acute
2026-04-11 04:23:53 +0200: Memory Usage (466316K) : Executing rule gatpoly_drw_Acute
2026-04-11 04:23:53 +0200: Memory Usage (466316K) : Executing rule gatpoly_pin_Acute
2026-04-11 04:23:53 +0200: Memory Usage (466316K) : Executing rule gatpoly_filler_Acute
2026-04-11 04:23:53 +0200: Memory Usage (466316K) : Executing rule gatpoly_nofill_Acute
2026-04-11 04:23:53 +0200: Memory Usage (466316K) : Executing rule gatpoly_opc_Acute
2026-04-11 04:23:53 +0200: Memory Usage (466316K) : Executing rule gatpoly_iopc_Acute
2026-04-11 04:23:53 +0200: Memory Usage (466316K) : Executing rule gatpoly_noqrc_Acute
2026-04-11 04:23:53 +0200: Memory Usage (466316K) : Executing rule cont_drw_Acute
2026-04-11 04:23:53 +0200: Memory Usage (466316K) : Executing rule cont_opc_Acute
2026-04-11 04:23:53 +0200: Memory Usage (466316K) : Executing rule nsd_drw_Acute
2026-04-11 04:23:53 +0200: Memory Usage (466316K) : Executing rule nsd_block_Acute
2026-04-11 04:23:53 +0200: Memory Usage (466316K) : Executing rule metal1_drw_Acute
2026-04-11 04:23:53 +0200: Memory Usage (466316K) : Executing rule metal1_pin_Acute
2026-04-11 04:23:53 +0200: Memory Usage (466316K) : Executing rule metal1_mask_Acute
2026-04-11 04:23:53 +0200: Memory Usage (466316K) : Executing rule metal1_filler_Acute
2026-04-11 04:23:53 +0200: Memory Usage (466316K) : Executing rule metal1_nofill_Acute
2026-04-11 04:23:53 +0200: Memory Usage (466316K) : Executing rule metal1_slit_Acute
2026-04-11 04:23:53 +0200: Memory Usage (466316K) : Executing rule metal1_opc_Acute
2026-04-11 04:23:53 +0200: Memory Usage (466316K) : Executing rule metal1_noqrc_Acute
2026-04-11 04:23:53 +0200: Memory Usage (466316K) : Executing rule metal1_res_Acute
2026-04-11 04:23:53 +0200: Memory Usage (466316K) : Executing rule metal1_iprobe_Acute
2026-04-11 04:23:53 +0200: Memory Usage (466316K) : Executing rule metal1_diffprb_Acute
2026-04-11 04:23:53 +0200: Memory Usage (466316K) : Executing rule passiv_drw_Acute
2026-04-11 04:23:53 +0200: Memory Usage (466316K) : Executing rule passiv_pin_Acute
2026-04-11 04:23:53 +0200: Memory Usage (466316K) : Executing rule passiv_pillar_Acute
2026-04-11 04:23:53 +0200: Memory Usage (466316K) : Executing rule passiv_sbump_Acute
2026-04-11 04:23:53 +0200: Memory Usage (466316K) : Executing rule passiv_pdl_Acute
2026-04-11 04:23:53 +0200: Memory Usage (466316K) : Executing rule metal2_drw_Acute
2026-04-11 04:23:53 +0200: Memory Usage (466316K) : Executing rule metal2_pin_Acute
2026-04-11 04:23:53 +0200: Memory Usage (466316K) : Executing rule metal2_mask_Acute
2026-04-11 04:23:53 +0200: Memory Usage (466316K) : Executing rule metal2_filler_Acute
2026-04-11 04:23:53 +0200: Memory Usage (466316K) : Executing rule metal2_nofill_Acute
2026-04-11 04:23:53 +0200: Memory Usage (466316K) : Executing rule metal2_slit_Acute
2026-04-11 04:23:53 +0200: Memory Usage (466316K) : Executing rule metal2_opc_Acute
2026-04-11 04:23:53 +0200: Memory Usage (466316K) : Executing rule metal2_noqrc_Acute
2026-04-11 04:23:53 +0200: Memory Usage (466316K) : Executing rule metal2_res_Acute
2026-04-11 04:23:53 +0200: Memory Usage (466316K) : Executing rule metal2_iprobe_Acute
2026-04-11 04:23:53 +0200: Memory Usage (466316K) : Executing rule metal2_diffprb_Acute
2026-04-11 04:23:53 +0200: Memory Usage (466316K) : Executing rule baspoly_drw_Acute
2026-04-11 04:23:53 +0200: Memory Usage (466316K) : Executing rule baspoly_pin_Acute
2026-04-11 04:23:53 +0200: Memory Usage (466316K) : Executing rule psd_drw_Acute
2026-04-11 04:23:53 +0200: Memory Usage (466316K) : Executing rule nldb_drw_Acute
2026-04-11 04:23:53 +0200: Memory Usage (466316K) : Executing rule via1_drw_Acute
2026-04-11 04:23:53 +0200: Memory Usage (466316K) : Executing rule backmetal1_drw_Acute
2026-04-11 04:23:53 +0200: Memory Usage (466316K) : Executing rule backmetal1_pin_Acute
2026-04-11 04:23:53 +0200: Memory Usage (466316K) : Executing rule backmetal1_mask_Acute
2026-04-11 04:23:53 +0200: Memory Usage (466316K) : Executing rule backmetal1_filler_Acute
2026-04-11 04:23:53 +0200: Memory Usage (466316K) : Executing rule backmetal1_nofill_Acute
2026-04-11 04:23:53 +0200: Memory Usage (466316K) : Executing rule backmetal1_slit_Acute
2026-04-11 04:23:53 +0200: Memory Usage (466316K) : Executing rule backmetal1_opc_Acute
2026-04-11 04:23:53 +0200: Memory Usage (466316K) : Executing rule backmetal1_noqrc_Acute
2026-04-11 04:23:54 +0200: Memory Usage (466316K) : Executing rule backmetal1_res_Acute
2026-04-11 04:23:54 +0200: Memory Usage (466316K) : Executing rule backmetal1_iprobe_Acute
2026-04-11 04:23:54 +0200: Memory Usage (466316K) : Executing rule backmetal1_diffprb_Acute
2026-04-11 04:23:54 +0200: Memory Usage (466316K) : Executing rule backpassiv_drw_Acute
2026-04-11 04:23:54 +0200: Memory Usage (466316K) : Executing rule salblock_drw_Acute
2026-04-11 04:23:54 +0200: Memory Usage (466316K) : Executing rule via2_drw_Acute
2026-04-11 04:23:54 +0200: Memory Usage (466316K) : Executing rule metal3_drw_Acute
2026-04-11 04:23:54 +0200: Memory Usage (466316K) : Executing rule metal3_pin_Acute
2026-04-11 04:23:54 +0200: Memory Usage (466316K) : Executing rule metal3_mask_Acute
2026-04-11 04:23:54 +0200: Memory Usage (466316K) : Executing rule metal3_filler_Acute
2026-04-11 04:23:54 +0200: Memory Usage (466316K) : Executing rule metal3_nofill_Acute
2026-04-11 04:23:54 +0200: Memory Usage (466316K) : Executing rule metal3_slit_Acute
2026-04-11 04:23:54 +0200: Memory Usage (466316K) : Executing rule metal3_opc_Acute
2026-04-11 04:23:54 +0200: Memory Usage (466316K) : Executing rule metal3_noqrc_Acute
2026-04-11 04:23:54 +0200: Memory Usage (466316K) : Executing rule metal3_res_Acute
2026-04-11 04:23:54 +0200: Memory Usage (466316K) : Executing rule metal3_iprobe_Acute
2026-04-11 04:23:54 +0200: Memory Usage (466316K) : Executing rule metal3_diffprb_Acute
2026-04-11 04:23:54 +0200: Memory Usage (466316K) : Executing rule nwell_drw_Acute
2026-04-11 04:23:54 +0200: Memory Usage (466316K) : Executing rule nwell_pin_Acute
2026-04-11 04:23:54 +0200: Memory Usage (466316K) : Executing rule nbulay_drw_Acute
2026-04-11 04:23:54 +0200: Memory Usage (466316K) : Executing rule nbulay_pin_Acute
2026-04-11 04:23:54 +0200: Memory Usage (466316K) : Executing rule nbulay_block_Acute
2026-04-11 04:23:54 +0200: Memory Usage (466316K) : Executing rule pwell_drw_Acute
2026-04-11 04:23:54 +0200: Memory Usage (466316K) : Executing rule pwell_pin_Acute
2026-04-11 04:23:54 +0200: Memory Usage (466316K) : Executing rule pwell_block_Acute
2026-04-11 04:23:54 +0200: Memory Usage (466316K) : Executing rule emwind_drw_Acute
2026-04-11 04:23:54 +0200: Memory Usage (466316K) : Executing rule emwind_opc_Acute
2026-04-11 04:23:54 +0200: Memory Usage (466316K) : Executing rule deepco_drw_Acute
2026-04-11 04:23:54 +0200: Memory Usage (466316K) : Executing rule mim_drw_Acute
2026-04-11 04:23:54 +0200: Memory Usage (466316K) : Executing rule substrate_drw_Acute
2026-04-11 04:23:54 +0200: Memory Usage (466316K) : Executing rule ic_drw_Acute
2026-04-11 04:23:54 +0200: Memory Usage (466316K) : Executing rule via3_drw_Acute
2026-04-11 04:23:54 +0200: Memory Usage (466316K) : Executing rule pldb_drw_Acute
2026-04-11 04:23:54 +0200: Memory Usage (466316K) : Executing rule metal4_drw_Acute
2026-04-11 04:23:54 +0200: Memory Usage (466316K) : Executing rule metal4_pin_Acute
2026-04-11 04:23:54 +0200: Memory Usage (466316K) : Executing rule metal4_mask_Acute
2026-04-11 04:23:54 +0200: Memory Usage (466316K) : Executing rule metal4_filler_Acute
2026-04-11 04:23:54 +0200: Memory Usage (466316K) : Executing rule metal4_nofill_Acute
2026-04-11 04:23:54 +0200: Memory Usage (466316K) : Executing rule metal4_slit_Acute
2026-04-11 04:23:54 +0200: Memory Usage (466316K) : Executing rule metal4_opc_Acute
2026-04-11 04:23:54 +0200: Memory Usage (466316K) : Executing rule metal4_noqrc_Acute
2026-04-11 04:23:54 +0200: Memory Usage (466316K) : Executing rule metal4_res_Acute
2026-04-11 04:23:54 +0200: Memory Usage (466316K) : Executing rule metal4_iprobe_Acute
2026-04-11 04:23:54 +0200: Memory Usage (466316K) : Executing rule metal4_diffprb_Acute
2026-04-11 04:23:54 +0200: Memory Usage (466316K) : Executing rule via4_drw_Acute
2026-04-11 04:23:54 +0200: Memory Usage (466316K) : Executing rule metal5_drw_Acute
2026-04-11 04:23:54 +0200: Memory Usage (466316K) : Executing rule metal5_pin_Acute
2026-04-11 04:23:54 +0200: Memory Usage (466316K) : Executing rule metal5_mask_Acute
2026-04-11 04:23:54 +0200: Memory Usage (466316K) : Executing rule metal5_filler_Acute
2026-04-11 04:23:54 +0200: Memory Usage (466316K) : Executing rule metal5_nofill_Acute
2026-04-11 04:23:54 +0200: Memory Usage (466316K) : Executing rule metal5_slit_Acute
2026-04-11 04:23:54 +0200: Memory Usage (466316K) : Executing rule metal5_opc_Acute
2026-04-11 04:23:54 +0200: Memory Usage (466316K) : Executing rule metal5_noqrc_Acute
2026-04-11 04:23:54 +0200: Memory Usage (466316K) : Executing rule metal5_res_Acute
2026-04-11 04:23:54 +0200: Memory Usage (466316K) : Executing rule metal5_iprobe_Acute
2026-04-11 04:23:54 +0200: Memory Usage (466316K) : Executing rule metal5_diffprb_Acute
2026-04-11 04:23:54 +0200: Memory Usage (466316K) : Executing rule prboundary_drw_Acute
2026-04-11 04:23:54 +0200: Memory Usage (466316K) : Executing rule exchange0_drw_Acute
2026-04-11 04:23:54 +0200: Memory Usage (466316K) : Executing rule exchange0_pin_Acute
2026-04-11 04:23:54 +0200: Memory Usage (466316K) : Executing rule exchange1_drw_Acute
2026-04-11 04:23:54 +0200: Memory Usage (466316K) : Executing rule exchange1_pin_Acute
2026-04-11 04:23:54 +0200: Memory Usage (466316K) : Executing rule exchange2_drw_Acute
2026-04-11 04:23:54 +0200: Memory Usage (466316K) : Executing rule exchange2_pin_Acute
2026-04-11 04:23:54 +0200: Memory Usage (466316K) : Executing rule exchange3_drw_Acute
2026-04-11 04:23:54 +0200: Memory Usage (466316K) : Executing rule exchange3_pin_Acute
2026-04-11 04:23:54 +0200: Memory Usage (466316K) : Executing rule exchange4_drw_Acute
2026-04-11 04:23:54 +0200: Memory Usage (466316K) : Executing rule exchange4_pin_Acute
2026-04-11 04:23:54 +0200: Memory Usage (466316K) : Executing rule isonwell_drw_Acute
2026-04-11 04:23:54 +0200: Memory Usage (466316K) : Executing rule thickgateox_drw_Acute
2026-04-11 04:23:54 +0200: Memory Usage (466316K) : Executing rule pempoly_drw_Acute
2026-04-11 04:23:54 +0200: Memory Usage (466316K) : Executing rule fbe_drw_Acute
2026-04-11 04:23:54 +0200: Memory Usage (466316K) : Executing rule empoly_drw_Acute
2026-04-11 04:23:54 +0200: Memory Usage (466316K) : Executing rule ldmos_drw_Acute
2026-04-11 04:23:54 +0200: Memory Usage (466316K) : Executing rule pbiwind_drw_Acute
2026-04-11 04:23:54 +0200: Memory Usage (466316K) : Executing rule colopen_drw_Acute
2026-04-11 04:23:54 +0200: Memory Usage (466316K) : Executing rule extblock_drw_Acute
2026-04-11 04:23:54 +0200: Memory Usage (466316K) : Executing rule nldd_drw_Acute
2026-04-11 04:23:54 +0200: Memory Usage (466316K) : Executing rule pldd_drw_Acute
2026-04-11 04:23:54 +0200: Memory Usage (466316K) : Executing rule next_drw_Acute
2026-04-11 04:23:54 +0200: Memory Usage (466316K) : Executing rule pext_drw_Acute
2026-04-11 04:23:54 +0200: Memory Usage (466316K) : Executing rule nexthv_drw_Acute
2026-04-11 04:23:54 +0200: Memory Usage (466316K) : Executing rule pexthv_drw_Acute
2026-04-11 04:23:54 +0200: Memory Usage (466316K) : Executing rule graphgate_drw_Acute
2026-04-11 04:23:54 +0200: Memory Usage (466316K) : Executing rule mempad_drw_Acute
2026-04-11 04:23:54 +0200: Memory Usage (466316K) : Executing rule topvia1_drw_Acute
2026-04-11 04:23:54 +0200: Memory Usage (466316K) : Executing rule topmetal1_drw_Acute
2026-04-11 04:23:54 +0200: Memory Usage (466316K) : Executing rule topmetal1_pin_Acute
2026-04-11 04:23:54 +0200: Memory Usage (466316K) : Executing rule topmetal1_mask_Acute
2026-04-11 04:23:54 +0200: Memory Usage (466316K) : Executing rule topmetal1_filler_Acute
2026-04-11 04:23:54 +0200: Memory Usage (466316K) : Executing rule topmetal1_nofill_Acute
2026-04-11 04:23:54 +0200: Memory Usage (466316K) : Executing rule topmetal1_slit_Acute
2026-04-11 04:23:54 +0200: Memory Usage (466316K) : Executing rule topmetal1_noqrc_Acute
2026-04-11 04:23:54 +0200: Memory Usage (466316K) : Executing rule topmetal1_res_Acute
2026-04-11 04:23:54 +0200: Memory Usage (466316K) : Executing rule topmetal1_iprobe_Acute
2026-04-11 04:23:54 +0200: Memory Usage (466316K) : Executing rule topmetal1_diffprb_Acute
2026-04-11 04:23:54 +0200: Memory Usage (466316K) : Executing rule inldpwl_drw_Acute
2026-04-11 04:23:54 +0200: Memory Usage (466316K) : Executing rule polyres_drw_Acute
2026-04-11 04:23:54 +0200: Memory Usage (466316K) : Executing rule polyres_pin_Acute
2026-04-11 04:23:54 +0200: Memory Usage (466316K) : Executing rule vmim_drw_Acute
2026-04-11 04:23:54 +0200: Memory Usage (466316K) : Executing rule nbulaycut_drw_Acute
2026-04-11 04:23:54 +0200: Memory Usage (466316K) : Executing rule antmetal1_drw_Acute
2026-04-11 04:23:54 +0200: Memory Usage (466316K) : Executing rule topvia2_drw_Acute
2026-04-11 04:23:54 +0200: Memory Usage (466316K) : Executing rule topmetal2_drw_Acute
2026-04-11 04:23:54 +0200: Memory Usage (466316K) : Executing rule topmetal2_pin_Acute
2026-04-11 04:23:54 +0200: Memory Usage (466316K) : Executing rule topmetal2_mask_Acute
2026-04-11 04:23:54 +0200: Memory Usage (466316K) : Executing rule topmetal2_filler_Acute
2026-04-11 04:23:54 +0200: Memory Usage (466316K) : Executing rule topmetal2_nofill_Acute
2026-04-11 04:23:54 +0200: Memory Usage (466316K) : Executing rule topmetal2_slit_Acute
2026-04-11 04:23:54 +0200: Memory Usage (466316K) : Executing rule topmetal2_noqrc_Acute
2026-04-11 04:23:54 +0200: Memory Usage (466316K) : Executing rule topmetal2_res_Acute
2026-04-11 04:23:54 +0200: Memory Usage (466316K) : Executing rule topmetal2_iprobe_Acute
2026-04-11 04:23:54 +0200: Memory Usage (466316K) : Executing rule topmetal2_diffprb_Acute
2026-04-11 04:23:54 +0200: Memory Usage (466316K) : Executing rule snsring_drw_Acute
2026-04-11 04:23:54 +0200: Memory Usage (466316K) : Executing rule sensor_drw_Acute
2026-04-11 04:23:54 +0200: Memory Usage (466316K) : Executing rule snsarms_drw_Acute
2026-04-11 04:23:54 +0200: Memory Usage (466316K) : Executing rule snscmosvia_drw_Acute
2026-04-11 04:23:54 +0200: Memory Usage (466316K) : Executing rule colwind_drw_Acute
2026-04-11 04:23:54 +0200: Memory Usage (466316K) : Executing rule flm_drw_Acute
2026-04-11 04:23:54 +0200: Memory Usage (466316K) : Executing rule hafniumox_drw_Acute
2026-04-11 04:23:54 +0200: Memory Usage (466316K) : Executing rule memvia_drw_Acute
2026-04-11 04:23:54 +0200: Memory Usage (466316K) : Executing rule thinfilmres_drw_Acute
2026-04-11 04:23:54 +0200: Memory Usage (466316K) : Executing rule rfmem_drw_Acute
2026-04-11 04:23:54 +0200: Memory Usage (466316K) : Executing rule snsbotvia_drw_Acute
2026-04-11 04:23:55 +0200: Memory Usage (466316K) : Executing rule snstopvia_drw_Acute
2026-04-11 04:23:55 +0200: Memory Usage (466316K) : Executing rule deepvia_drw_Acute
2026-04-11 04:23:55 +0200: Memory Usage (466316K) : Executing rule fgetch_drw_Acute
2026-04-11 04:23:55 +0200: Memory Usage (466316K) : Executing rule ctrgat_drw_Acute
2026-04-11 04:23:55 +0200: Memory Usage (466316K) : Executing rule fgimp_drw_Acute
2026-04-11 04:23:55 +0200: Memory Usage (466316K) : Executing rule emwihv_drw_Acute
2026-04-11 04:23:55 +0200: Memory Usage (466316K) : Executing rule lbe_drw_Acute
2026-04-11 04:23:55 +0200: Memory Usage (466316K) : Executing rule alcustop_drw_Acute
2026-04-11 04:23:55 +0200: Memory Usage (466316K) : Executing rule cont_drw_Angle90
2026-04-11 04:23:55 +0200: Memory Usage (466316K) : Executing rule via1_drw_Angle90
2026-04-11 04:23:55 +0200: Memory Usage (466572K) : Executing rule via2_drw_Angle90
2026-04-11 04:23:55 +0200: Memory Usage (466572K) : Executing rule via3_drw_Angle90
2026-04-11 04:23:55 +0200: Memory Usage (466572K) : Executing rule via4_drw_Angle90
2026-04-11 04:23:55 +0200: Memory Usage (466572K) : Executing rule vmim_drw_Angle90
2026-04-11 04:23:55 +0200: Memory Usage (466572K) : Executing rule topvia1_drw_Angle90
2026-04-11 04:23:55 +0200: Memory Usage (466572K) : Executing rule topvia2_drw_Angle90
2026-04-11 04:23:55 +0200: Memory Usage (466572K) : Executing rule gatpoly_drw_Angle45
2026-04-11 04:23:55 +0200: Memory Usage (466572K) : Executing rule activ_drw_Angle45
2026-04-11 04:23:55 +0200: Memory Usage (466572K) : Executing rule metal1_drw_Angle45
2026-04-11 04:23:55 +0200: Memory Usage (466572K) : Executing rule metal2_drw_Angle45
2026-04-11 04:23:55 +0200: Memory Usage (466572K) : Executing rule metal3_drw_Angle45
2026-04-11 04:23:55 +0200: Memory Usage (466572K) : Executing rule metal4_drw_Angle45
2026-04-11 04:23:55 +0200: Memory Usage (466572K) : Executing rule metal5_drw_Angle45
2026-04-11 04:23:55 +0200: Memory Usage (466572K) : Executing rule topmetal1_drw_Angle45
2026-04-11 04:23:55 +0200: Memory Usage (466572K) : Executing rule topmetal2_drw_Angle45
2026-04-11 04:23:55 +0200: Memory Usage (466572K) : Starting 3.2. FORBIDDEN table
2026-04-11 04:23:55 +0200: Memory Usage (466572K) : Executing rule forbidden.biwind
2026-04-11 04:23:55 +0200: Memory Usage (466572K) : Executing rule forbidden.pemwind
2026-04-11 04:23:55 +0200: Memory Usage (466572K) : Executing rule forbidden.baspoly
2026-04-11 04:23:55 +0200: Memory Usage (466572K) : Executing rule forbidden.deepco
2026-04-11 04:23:55 +0200: Memory Usage (466572K) : Executing rule forbidden.pempoly
2026-04-11 04:23:55 +0200: Memory Usage (466572K) : Executing rule forbidden.empoly
2026-04-11 04:23:55 +0200: Memory Usage (466572K) : Executing rule forbidden.ldmos
2026-04-11 04:23:55 +0200: Memory Usage (466572K) : Executing rule forbidden.pbiwind
2026-04-11 04:23:55 +0200: Memory Usage (466572K) : Executing rule forbidden.nodrc
2026-04-11 04:23:55 +0200: Memory Usage (466572K) : Executing rule forbidden.flash
2026-04-11 04:23:55 +0200: Memory Usage (466572K) : Executing rule forbidden.colwind
2026-04-11 04:23:55 +0200: Memory Usage (466572K) : KLayout DRC run for tables 'main' completed in 5.13 seconds
