# Logfile created on 2026-04-11 04:54:18 +0200 by logger.rb/v1.4.3
2026-04-11 04:54:18 +0200: Memory Usage (430848K) : Starting running SG13G2 Klayout LVS runset on /home/designer/shared/frac-n-pll-vco-unic_cass/layout/LC_VCO.gds
2026-04-11 04:54:18 +0200: Memory Usage (430848K) : Ruby Version for klayout: 3.0.2
2026-04-11 04:54:18 +0200: Memory Usage (432000K) : Loading database to memory is complete.
2026-04-11 04:54:18 +0200: Memory Usage (432000K) : SG13G2 Klayout LVS runset output at: /home/designer/shared/frac-n-pll-vco-unic_cass/lvs_run_LC_VCO_2026_04_11_04_54_16/LC_VCO.lvsdb
2026-04-11 04:54:18 +0200: Memory Usage (432000K) : Evaluate switches.
2026-04-11 04:54:18 +0200: Memory Usage (432000K) : Extracted netlist with net names: true
2026-04-11 04:54:18 +0200: Memory Usage (432000K) : Extracted netlist with comments in details: false
2026-04-11 04:54:18 +0200: Memory Usage (432000K) : Selected NET_ONLY option: false
2026-04-11 04:54:18 +0200: Memory Usage (432000K) : Selected LAYOUT_NETLIST option: (none)
2026-04-11 04:54:18 +0200: Memory Usage (432000K) : Selected IGNORE_TOP_PORTS_MISMATCH option: 
2026-04-11 04:54:18 +0200: Memory Usage (432000K) : Selected IMPLICIT_NETS option: (none)
2026-04-11 04:54:18 +0200: Memory Usage (432000K) : Selected TOP_LVL_PINS option: false
2026-04-11 04:54:18 +0200: Memory Usage (432000K) : Selected COMBINE DEVICES option: false
2026-04-11 04:54:18 +0200: Memory Usage (432000K) : Selected PURGE option: false
2026-04-11 04:54:18 +0200: Memory Usage (432000K) : Selected PURGE_NETS option: false
2026-04-11 04:54:18 +0200: Memory Usage (432000K) : Selected SIMPLIFY option: true
2026-04-11 04:54:18 +0200: Memory Usage (432000K) : Selected SERIES_RES option: true
2026-04-11 04:54:18 +0200: Memory Usage (432000K) : Selected PARALLEL_RES option: true
2026-04-11 04:54:18 +0200: Memory Usage (432000K) : flat  mode is enabled.
2026-04-11 04:54:18 +0200: Memory Usage (433152K) : Netlist file: /home/designer/shared/frac-n-pll-vco-unic_cass/schematic/lc-vco/simulations/LC_VCO.spice
2026-04-11 04:54:18 +0200: Memory Usage (433152K) : LVS extracted netlist at: /home/designer/shared/frac-n-pll-vco-unic_cass/lvs_run_LC_VCO_2026_04_11_04_54_16/LC_VCO_extracted.cir
2026-04-11 04:54:18 +0200: Memory Usage (433152K) : Applying SRAM integration support.
2026-04-11 04:54:18 +0200: Memory Usage (433152K) : Starting SG13G2 LVS runset
2026-04-11 04:54:18 +0200: Memory Usage (433152K) : Read in polygons from layers.
2026-04-11 04:54:18 +0200: Memory Usage (433920K) : activ_drw has 27 polygons
2026-04-11 04:54:18 +0200: Memory Usage (433920K) : activ_filler has 0 polygons
2026-04-11 04:54:18 +0200: Memory Usage (433920K) : activ has 27 polygons
2026-04-11 04:54:18 +0200: Memory Usage (433920K) : activ_pin has 0 polygons
2026-04-11 04:54:18 +0200: Memory Usage (433920K) : activ_mask has 0 polygons
2026-04-11 04:54:18 +0200: Memory Usage (433920K) : activ_nofill has 1 polygons
2026-04-11 04:54:18 +0200: Memory Usage (433920K) : activ_OPC has 0 polygons
2026-04-11 04:54:18 +0200: Memory Usage (434176K) : activ_iOPC has 0 polygons
2026-04-11 04:54:18 +0200: Memory Usage (434304K) : activ_noqrc has 1 polygons
2026-04-11 04:54:18 +0200: Memory Usage (434304K) : biwind_drw has 0 polygons
2026-04-11 04:54:18 +0200: Memory Usage (434304K) : biwind_OPC has 0 polygons
2026-04-11 04:54:18 +0200: Memory Usage (434304K) : gatpoly_drw has 14 polygons
2026-04-11 04:54:18 +0200: Memory Usage (434432K) : gatpoly_filler has 0 polygons
2026-04-11 04:54:18 +0200: Memory Usage (434560K) : gatpoly has 14 polygons
2026-04-11 04:54:18 +0200: Memory Usage (434688K) : gatpoly_pin has 6 polygons
2026-04-11 04:54:18 +0200: Memory Usage (434816K) : gatpoly_nofill has 0 polygons
2026-04-11 04:54:18 +0200: Memory Usage (434944K) : gatpoly_OPC has 0 polygons
2026-04-11 04:54:18 +0200: Memory Usage (435072K) : gatpoly_iOPC has 0 polygons
2026-04-11 04:54:18 +0200: Memory Usage (435200K) : gatpoly_noqrc has 0 polygons
2026-04-11 04:54:18 +0200: Memory Usage (436224K) : cont_drw has 4271 polygons
2026-04-11 04:54:18 +0200: Memory Usage (436224K) : cont_OPC has 0 polygons
2026-04-11 04:54:18 +0200: Memory Usage (436224K) : nsd_drw has 0 polygons
2026-04-11 04:54:18 +0200: Memory Usage (436224K) : nsd_block has 0 polygons
2026-04-11 04:54:18 +0200: Memory Usage (436224K) : metal1_drw has 43 polygons
2026-04-11 04:54:18 +0200: Memory Usage (436480K) : metal1_filler has 0 polygons
2026-04-11 04:54:18 +0200: Memory Usage (436480K) : metal1_slit has 0 polygons
2026-04-11 04:54:18 +0200: Memory Usage (436480K) : metal1 has 43 polygons
2026-04-11 04:54:18 +0200: Memory Usage (436480K) : metal1_pin has 25 polygons
2026-04-11 04:54:18 +0200: Memory Usage (436608K) : metal1_mask has 0 polygons
2026-04-11 04:54:18 +0200: Memory Usage (436736K) : metal1_nofill has 1 polygons
2026-04-11 04:54:18 +0200: Memory Usage (436992K) : metal1_text has 4 polygons
2026-04-11 04:54:18 +0200: Memory Usage (437120K) : metal1_OPC has 0 polygons
2026-04-11 04:54:18 +0200: Memory Usage (437248K) : metal1_noqrc has 1 polygons
2026-04-11 04:54:18 +0200: Memory Usage (437376K) : metal1_res has 0 polygons
2026-04-11 04:54:18 +0200: Memory Usage (437504K) : metal1_iprobe has 0 polygons
2026-04-11 04:54:18 +0200: Memory Usage (437504K) : metal1_diffprb has 0 polygons
2026-04-11 04:54:18 +0200: Memory Usage (437632K) : passiv_drw has 0 polygons
2026-04-11 04:54:18 +0200: Memory Usage (437760K) : passiv_pin has 0 polygons
2026-04-11 04:54:18 +0200: Memory Usage (437888K) : passiv_sbump has 0 polygons
2026-04-11 04:54:18 +0200: Memory Usage (438144K) : passiv_pillar has 0 polygons
2026-04-11 04:54:18 +0200: Memory Usage (438272K) : passiv_pdl has 0 polygons
2026-04-11 04:54:18 +0200: Memory Usage (438400K) : metal2_drw has 13 polygons
2026-04-11 04:54:18 +0200: Memory Usage (438528K) : metal2_filler has 0 polygons
2026-04-11 04:54:18 +0200: Memory Usage (438656K) : metal2_slit has 0 polygons
2026-04-11 04:54:18 +0200: Memory Usage (438784K) : metal2 has 13 polygons
2026-04-11 04:54:18 +0200: Memory Usage (438912K) : metal2_pin has 5 polygons
2026-04-11 04:54:18 +0200: Memory Usage (439040K) : metal2_mask has 0 polygons
2026-04-11 04:54:18 +0200: Memory Usage (439168K) : metal2_nofill has 1 polygons
2026-04-11 04:54:18 +0200: Memory Usage (439168K) : metal2_text has 5 polygons
2026-04-11 04:54:18 +0200: Memory Usage (439296K) : metal2_OPC has 0 polygons
2026-04-11 04:54:18 +0200: Memory Usage (439296K) : metal2_noqrc has 1 polygons
2026-04-11 04:54:18 +0200: Memory Usage (439424K) : metal2_res has 0 polygons
2026-04-11 04:54:18 +0200: Memory Usage (439552K) : metal2_iprobe has 0 polygons
2026-04-11 04:54:18 +0200: Memory Usage (439808K) : metal2_diffprb has 0 polygons
2026-04-11 04:54:18 +0200: Memory Usage (439936K) : baspoly_drw has 0 polygons
2026-04-11 04:54:18 +0200: Memory Usage (440064K) : baspoly_pin has 0 polygons
2026-04-11 04:54:18 +0200: Memory Usage (440192K) : psd_drw has 17 polygons
2026-04-11 04:54:18 +0200: Memory Usage (440320K) : nldb_drw has 0 polygons
2026-04-11 04:54:18 +0200: Memory Usage (440448K) : digibnd_drw has 0 polygons
2026-04-11 04:54:18 +0200: Memory Usage (440576K) : via1_drw has 46 polygons
2026-04-11 04:54:18 +0200: Memory Usage (440704K) : backmetal1_drw has 0 polygons
2026-04-11 04:54:18 +0200: Memory Usage (440832K) : backmetal1_pin has 0 polygons
2026-04-11 04:54:18 +0200: Memory Usage (440960K) : backmetal1_mask has 0 polygons
2026-04-11 04:54:18 +0200: Memory Usage (440960K) : backmetal1_filler has 0 polygons
2026-04-11 04:54:18 +0200: Memory Usage (441088K) : backmetal1_nofill has 0 polygons
2026-04-11 04:54:18 +0200: Memory Usage (441216K) : backmetal1_slit has 0 polygons
2026-04-11 04:54:18 +0200: Memory Usage (441344K) : backmetal1_text has 0 polygons
2026-04-11 04:54:18 +0200: Memory Usage (441472K) : backmetal1_OPC has 0 polygons
2026-04-11 04:54:18 +0200: Memory Usage (441600K) : backmetal1_noqrc has 0 polygons
2026-04-11 04:54:18 +0200: Memory Usage (441728K) : backmetal1_res has 0 polygons
2026-04-11 04:54:18 +0200: Memory Usage (441856K) : backmetal1_iprobe has 0 polygons
2026-04-11 04:54:18 +0200: Memory Usage (441984K) : backmetal1_diffprb has 0 polygons
2026-04-11 04:54:18 +0200: Memory Usage (442112K) : backpassiv_drw has 0 polygons
2026-04-11 04:54:18 +0200: Memory Usage (442240K) : res_drw has 0 polygons
2026-04-11 04:54:18 +0200: Memory Usage (442368K) : sram_drw has 0 polygons
2026-04-11 04:54:18 +0200: Memory Usage (442496K) : trans_drw has 0 polygons
2026-04-11 04:54:18 +0200: Memory Usage (442624K) : ind_drw has 2 polygons
2026-04-11 04:54:18 +0200: Memory Usage (442752K) : ind_pin has 2 polygons
2026-04-11 04:54:18 +0200: Memory Usage (442880K) : ind_text has 0 polygons
2026-04-11 04:54:18 +0200: Memory Usage (442880K) : salblock_drw has 0 polygons
2026-04-11 04:54:18 +0200: Memory Usage (443008K) : via2_drw has 134 polygons
2026-04-11 04:54:18 +0200: Memory Usage (443136K) : metal3_drw has 4 polygons
2026-04-11 04:54:18 +0200: Memory Usage (443264K) : metal3_filler has 0 polygons
2026-04-11 04:54:18 +0200: Memory Usage (443392K) : metal3_slit has 0 polygons
2026-04-11 04:54:18 +0200: Memory Usage (443520K) : metal3 has 4 polygons
2026-04-11 04:54:18 +0200: Memory Usage (443648K) : metal3_pin has 0 polygons
2026-04-11 04:54:18 +0200: Memory Usage (443776K) : metal3_mask has 0 polygons
2026-04-11 04:54:18 +0200: Memory Usage (443904K) : metal3_nofill has 1 polygons
2026-04-11 04:54:18 +0200: Memory Usage (444032K) : metal3_text has 0 polygons
2026-04-11 04:54:18 +0200: Memory Usage (444160K) : metal3_OPC has 0 polygons
2026-04-11 04:54:18 +0200: Memory Usage (444288K) : metal3_noqrc has 1 polygons
2026-04-11 04:54:18 +0200: Memory Usage (444416K) : metal3_res has 0 polygons
2026-04-11 04:54:18 +0200: Memory Usage (444544K) : metal3_iprobe has 0 polygons
2026-04-11 04:54:18 +0200: Memory Usage (444672K) : metal3_diffprb has 0 polygons
2026-04-11 04:54:18 +0200: Memory Usage (444672K) : nwell_drw has 7 polygons
2026-04-11 04:54:18 +0200: Memory Usage (444800K) : nwell_pin has 0 polygons
2026-04-11 04:54:18 +0200: Memory Usage (444928K) : nwell_text has 0 polygons
2026-04-11 04:54:18 +0200: Memory Usage (445056K) : nbulay_drw has 2 polygons
2026-04-11 04:54:18 +0200: Memory Usage (445184K) : nbulay_pin has 0 polygons
2026-04-11 04:54:18 +0200: Memory Usage (445312K) : nbulay_block has 0 polygons
2026-04-11 04:54:18 +0200: Memory Usage (445440K) : emwind_drw has 0 polygons
2026-04-11 04:54:18 +0200: Memory Usage (445568K) : emwind_OPC has 0 polygons
2026-04-11 04:54:18 +0200: Memory Usage (445696K) : deepco_drw has 0 polygons
2026-04-11 04:54:18 +0200: Memory Usage (445824K) : mim_drw has 1 polygons
2026-04-11 04:54:18 +0200: Memory Usage (445952K) : edgeseal_drw has 0 polygons
2026-04-11 04:54:18 +0200: Memory Usage (446080K) : substrate_drw has 7 polygons
2026-04-11 04:54:18 +0200: Memory Usage (446080K) : substrate_text has 0 polygons
2026-04-11 04:54:18 +0200: Memory Usage (446208K) : dfpad_drw has 0 polygons
2026-04-11 04:54:18 +0200: Memory Usage (446336K) : dfpad_pillar has 0 polygons
2026-04-11 04:54:18 +0200: Memory Usage (446464K) : dfpad_sbump has 0 polygons
2026-04-11 04:54:18 +0200: Memory Usage (446592K) : thickgateox_drw has 0 polygons
2026-04-11 04:54:18 +0200: Memory Usage (446720K) : pldb_drw has 0 polygons
2026-04-11 04:54:18 +0200: Memory Usage (446848K) : pwell_drw has 0 polygons
2026-04-11 04:54:18 +0200: Memory Usage (446976K) : pwell_pin has 0 polygons
2026-04-11 04:54:18 +0200: Memory Usage (447232K) : pwell_block has 1 polygons
2026-04-11 04:54:18 +0200: Memory Usage (447360K) : ic_drw has 0 polygons
2026-04-11 04:54:18 +0200: Memory Usage (447488K) : via3_drw has 134 polygons
2026-04-11 04:54:18 +0200: Memory Usage (447616K) : metal4_drw has 4 polygons
2026-04-11 04:54:18 +0200: Memory Usage (447744K) : metal4_filler has 0 polygons
2026-04-11 04:54:18 +0200: Memory Usage (447872K) : metal4_slit has 0 polygons
2026-04-11 04:54:18 +0200: Memory Usage (448000K) : metal4 has 4 polygons
2026-04-11 04:54:18 +0200: Memory Usage (448128K) : metal4_pin has 0 polygons
2026-04-11 04:54:18 +0200: Memory Usage (448256K) : metal4_mask has 0 polygons
2026-04-11 04:54:18 +0200: Memory Usage (448384K) : metal4_nofill has 1 polygons
2026-04-11 04:54:18 +0200: Memory Usage (448384K) : metal4_text has 0 polygons
2026-04-11 04:54:18 +0200: Memory Usage (448512K) : metal4_OPC has 0 polygons
2026-04-11 04:54:18 +0200: Memory Usage (448640K) : metal4_noqrc has 1 polygons
2026-04-11 04:54:18 +0200: Memory Usage (448768K) : metal4_res has 0 polygons
2026-04-11 04:54:18 +0200: Memory Usage (448896K) : metal4_iprobe has 0 polygons
2026-04-11 04:54:18 +0200: Memory Usage (449024K) : metal4_diffprb has 0 polygons
2026-04-11 04:54:18 +0200: Memory Usage (449152K) : heattrans_drw has 99 polygons
2026-04-11 04:54:18 +0200: Memory Usage (449280K) : heatres_drw has 0 polygons
2026-04-11 04:54:18 +0200: Memory Usage (449408K) : fbe_drw has 0 polygons
2026-04-11 04:54:18 +0200: Memory Usage (449536K) : empoly_drw has 0 polygons
2026-04-11 04:54:18 +0200: Memory Usage (449664K) : digisub_drw has 0 polygons
2026-04-11 04:54:18 +0200: Memory Usage (449792K) : text_drw has 18 polygons
2026-04-11 04:54:18 +0200: Memory Usage (449792K) : via4_drw has 134 polygons
2026-04-11 04:54:18 +0200: Memory Usage (449792K) : metal5_drw has 4 polygons
2026-04-11 04:54:18 +0200: Memory Usage (449920K) : metal5_filler has 0 polygons
2026-04-11 04:54:18 +0200: Memory Usage (449920K) : metal5_slit has 0 polygons
2026-04-11 04:54:18 +0200: Memory Usage (450048K) : metal5 has 4 polygons
2026-04-11 04:54:18 +0200: Memory Usage (450176K) : metal5_pin has 1 polygons
2026-04-11 04:54:18 +0200: Memory Usage (450304K) : metal5_mask has 0 polygons
2026-04-11 04:54:18 +0200: Memory Usage (450432K) : metal5_nofill has 1 polygons
2026-04-11 04:54:18 +0200: Memory Usage (450560K) : metal5_text has 0 polygons
2026-04-11 04:54:18 +0200: Memory Usage (450560K) : metal5_OPC has 0 polygons
2026-04-11 04:54:18 +0200: Memory Usage (450816K) : metal5_noqrc has 1 polygons
2026-04-11 04:54:18 +0200: Memory Usage (450944K) : metal5_res has 0 polygons
2026-04-11 04:54:18 +0200: Memory Usage (451072K) : metal5_iprobe has 0 polygons
2026-04-11 04:54:18 +0200: Memory Usage (451200K) : metal5_diffprb has 0 polygons
2026-04-11 04:54:18 +0200: Memory Usage (449888K) : radhard_drw has 0 polygons
2026-04-11 04:54:18 +0200: Memory Usage (449888K) : memcap_drw has 0 polygons
2026-04-11 04:54:18 +0200: Memory Usage (449888K) : varicap_drw has 0 polygons
2026-04-11 04:54:18 +0200: Memory Usage (449888K) : intbondvia_drw has 0 polygons
2026-04-11 04:54:18 +0200: Memory Usage (449888K) : intbondmet_drw has 0 polygons
2026-04-11 04:54:18 +0200: Memory Usage (449888K) : devbondvia_drw has 0 polygons
2026-04-11 04:54:18 +0200: Memory Usage (449888K) : devbondmet_drw has 0 polygons
2026-04-11 04:54:18 +0200: Memory Usage (449888K) : devtrench_drw has 0 polygons
2026-04-11 04:54:18 +0200: Memory Usage (449888K) : redist_drw has 0 polygons
2026-04-11 04:54:18 +0200: Memory Usage (449888K) : graphbot_drw has 0 polygons
2026-04-11 04:54:18 +0200: Memory Usage (449888K) : graphtop_drw has 0 polygons
2026-04-11 04:54:18 +0200: Memory Usage (449888K) : antvia1_drw has 0 polygons
2026-04-11 04:54:18 +0200: Memory Usage (449888K) : antmetal2_drw has 0 polygons
2026-04-11 04:54:18 +0200: Memory Usage (449888K) : graphcont_drw has 0 polygons
2026-04-11 04:54:18 +0200: Memory Usage (449888K) : siwg_drw has 0 polygons
2026-04-11 04:54:18 +0200: Memory Usage (449888K) : siwg_filler has 0 polygons
2026-04-11 04:54:18 +0200: Memory Usage (449888K) : siwg_nofill has 0 polygons
2026-04-11 04:54:18 +0200: Memory Usage (449888K) : sigrating_drw has 0 polygons
2026-04-11 04:54:18 +0200: Memory Usage (449888K) : singrating_drw has 0 polygons
2026-04-11 04:54:18 +0200: Memory Usage (449888K) : graphpas_drw has 0 polygons
2026-04-11 04:54:18 +0200: Memory Usage (449888K) : emwind3_drw has 0 polygons
2026-04-11 04:54:18 +0200: Memory Usage (449888K) : emwihv3_drw has 0 polygons
2026-04-11 04:54:18 +0200: Memory Usage (449888K) : redbulay_drw has 0 polygons
2026-04-11 04:54:18 +0200: Memory Usage (449888K) : smos_drw has 0 polygons
2026-04-11 04:54:18 +0200: Memory Usage (449888K) : graphpad_drw has 0 polygons
2026-04-11 04:54:18 +0200: Memory Usage (449888K) : polimide_drw has 0 polygons
2026-04-11 04:54:18 +0200: Memory Usage (449888K) : polimide_pin has 0 polygons
2026-04-11 04:54:18 +0200: Memory Usage (449888K) : recog_drw has 0 polygons
2026-04-11 04:54:18 +0200: Memory Usage (449888K) : recog_pin has 0 polygons
2026-04-11 04:54:18 +0200: Memory Usage (449888K) : recog_esd has 0 polygons
2026-04-11 04:54:18 +0200: Memory Usage (449888K) : recog_diode has 0 polygons
2026-04-11 04:54:18 +0200: Memory Usage (449888K) : recog_tsv has 0 polygons
2026-04-11 04:54:18 +0200: Memory Usage (449888K) : recog_iprobe has 0 polygons
2026-04-11 04:54:18 +0200: Memory Usage (449888K) : recog_diffprb has 0 polygons
2026-04-11 04:54:18 +0200: Memory Usage (449888K) : recog_pillar has 0 polygons
2026-04-11 04:54:18 +0200: Memory Usage (449888K) : recog_sbump has 0 polygons
2026-04-11 04:54:18 +0200: Memory Usage (449888K) : recog_otp has 0 polygons
2026-04-11 04:54:18 +0200: Memory Usage (449888K) : recog_pdiode has 0 polygons
2026-04-11 04:54:18 +0200: Memory Usage (449888K) : recog_mom has 0 polygons
2026-04-11 04:54:18 +0200: Memory Usage (449888K) : recog_pcm has 0 polygons
2026-04-11 04:54:18 +0200: Memory Usage (449888K) : colopen_drw has 0 polygons
2026-04-11 04:54:18 +0200: Memory Usage (449888K) : graphmetal1_drw has 0 polygons
2026-04-11 04:54:18 +0200: Memory Usage (449888K) : graphmetal1_filler has 0 polygons
2026-04-11 04:54:18 +0200: Memory Usage (449888K) : graphmetal1_nofill has 0 polygons
2026-04-11 04:54:18 +0200: Memory Usage (449888K) : graphmetal1_slit has 0 polygons
2026-04-11 04:54:18 +0200: Memory Usage (449888K) : graphmetal1_OPC has 0 polygons
2026-04-11 04:54:18 +0200: Memory Usage (449888K) : graphmet1l_drw has 0 polygons
2026-04-11 04:54:18 +0200: Memory Usage (449888K) : graphmet1l_filler has 0 polygons
2026-04-11 04:54:18 +0200: Memory Usage (449888K) : graphmet1l_nofill has 0 polygons
2026-04-11 04:54:18 +0200: Memory Usage (449888K) : graphmet1l_slit has 0 polygons
2026-04-11 04:54:19 +0200: Memory Usage (449888K) : graphmet1l_OPC has 0 polygons
2026-04-11 04:54:19 +0200: Memory Usage (449888K) : extblock_drw has 0 polygons
2026-04-11 04:54:19 +0200: Memory Usage (449888K) : nldd_drw has 0 polygons
2026-04-11 04:54:19 +0200: Memory Usage (449888K) : pldd_drw has 0 polygons
2026-04-11 04:54:19 +0200: Memory Usage (449888K) : next_drw has 0 polygons
2026-04-11 04:54:19 +0200: Memory Usage (449888K) : pext_drw has 0 polygons
2026-04-11 04:54:19 +0200: Memory Usage (449888K) : nexthv_drw has 0 polygons
2026-04-11 04:54:19 +0200: Memory Usage (449888K) : pexthv_drw has 0 polygons
2026-04-11 04:54:19 +0200: Memory Usage (449888K) : graphgate_drw has 0 polygons
2026-04-11 04:54:19 +0200: Memory Usage (449888K) : sinwg_drw has 0 polygons
2026-04-11 04:54:19 +0200: Memory Usage (449888K) : sinwg_filler has 0 polygons
2026-04-11 04:54:19 +0200: Memory Usage (449888K) : sinwg_nofill has 0 polygons
2026-04-11 04:54:19 +0200: Memory Usage (449888K) : mempad_drw has 0 polygons
2026-04-11 04:54:19 +0200: Memory Usage (449888K) : topvia1_drw has 129 polygons
2026-04-11 04:54:19 +0200: Memory Usage (449888K) : topmetal1_drw has 5 polygons
2026-04-11 04:54:19 +0200: Memory Usage (449888K) : topmetal1_filler has 0 polygons
2026-04-11 04:54:19 +0200: Memory Usage (449888K) : topmetal1_slit has 0 polygons
2026-04-11 04:54:19 +0200: Memory Usage (449888K) : topmetal1 has 5 polygons
2026-04-11 04:54:19 +0200: Memory Usage (449888K) : topmetal1_pin has 1 polygons
2026-04-11 04:54:19 +0200: Memory Usage (449888K) : topmetal1_mask has 0 polygons
2026-04-11 04:54:19 +0200: Memory Usage (449888K) : topmetal1_nofill has 1 polygons
2026-04-11 04:54:19 +0200: Memory Usage (449888K) : topmetal1_text has 0 polygons
2026-04-11 04:54:19 +0200: Memory Usage (449888K) : topmetal1_noqrc has 1 polygons
2026-04-11 04:54:19 +0200: Memory Usage (449888K) : topmetal1_res has 0 polygons
2026-04-11 04:54:19 +0200: Memory Usage (449888K) : topmetal1_iprobe has 0 polygons
2026-04-11 04:54:19 +0200: Memory Usage (449888K) : topmetal1_diffprb has 0 polygons
2026-04-11 04:54:19 +0200: Memory Usage (449888K) : inldpwl_drw has 0 polygons
2026-04-11 04:54:19 +0200: Memory Usage (449888K) : polyres_drw has 0 polygons
2026-04-11 04:54:19 +0200: Memory Usage (449888K) : polyres_pin has 0 polygons
2026-04-11 04:54:19 +0200: Memory Usage (449888K) : vmim_drw has 576 polygons
2026-04-11 04:54:19 +0200: Memory Usage (449888K) : nbulaycut_drw has 0 polygons
2026-04-11 04:54:19 +0200: Memory Usage (449888K) : antmetal1_drw has 0 polygons
2026-04-11 04:54:19 +0200: Memory Usage (449888K) : topvia2_drw has 488 polygons
2026-04-11 04:54:19 +0200: Memory Usage (449888K) : topmetal2_drw has 3 polygons
2026-04-11 04:54:19 +0200: Memory Usage (449888K) : topmetal2_filler has 0 polygons
2026-04-11 04:54:19 +0200: Memory Usage (449888K) : topmetal2_slit has 0 polygons
2026-04-11 04:54:19 +0200: Memory Usage (449888K) : topmetal2 has 3 polygons
2026-04-11 04:54:19 +0200: Memory Usage (449888K) : topmetal2_pin has 0 polygons
2026-04-11 04:54:19 +0200: Memory Usage (449888K) : topmetal2_mask has 0 polygons
2026-04-11 04:54:19 +0200: Memory Usage (449888K) : topmetal2_nofill has 1 polygons
2026-04-11 04:54:19 +0200: Memory Usage (449888K) : topmetal2_text has 0 polygons
2026-04-11 04:54:19 +0200: Memory Usage (449888K) : topmetal2_noqrc has 0 polygons
2026-04-11 04:54:19 +0200: Memory Usage (449888K) : topmetal2_res has 0 polygons
2026-04-11 04:54:19 +0200: Memory Usage (449888K) : topmetal2_iprobe has 0 polygons
2026-04-11 04:54:19 +0200: Memory Usage (449888K) : topmetal2_diffprb has 0 polygons
2026-04-11 04:54:19 +0200: Memory Usage (449888K) : snsring_drw has 0 polygons
2026-04-11 04:54:19 +0200: Memory Usage (449888K) : sensor_drw has 0 polygons
2026-04-11 04:54:19 +0200: Memory Usage (449888K) : snsarms_drw has 0 polygons
2026-04-11 04:54:19 +0200: Memory Usage (449888K) : snscmosvia_drw has 0 polygons
2026-04-11 04:54:19 +0200: Memory Usage (449888K) : colwind_drw has 0 polygons
2026-04-11 04:54:19 +0200: Memory Usage (449888K) : flm_drw has 0 polygons
2026-04-11 04:54:19 +0200: Memory Usage (449888K) : hafniumox_drw has 0 polygons
2026-04-11 04:54:19 +0200: Memory Usage (449888K) : memvia_drw has 0 polygons
2026-04-11 04:54:19 +0200: Memory Usage (449888K) : thinfilmres_drw has 0 polygons
2026-04-11 04:54:19 +0200: Memory Usage (449888K) : rfmem_drw has 0 polygons
2026-04-11 04:54:19 +0200: Memory Usage (449888K) : norcx_drw has 0 polygons
2026-04-11 04:54:19 +0200: Memory Usage (449888K) : norcx_m2m3 has 0 polygons
2026-04-11 04:54:19 +0200: Memory Usage (449888K) : norcx_m2m4 has 0 polygons
2026-04-11 04:54:19 +0200: Memory Usage (449888K) : norcx_m2m5 has 0 polygons
2026-04-11 04:54:19 +0200: Memory Usage (449888K) : norcx_m2tm1 has 0 polygons
2026-04-11 04:54:19 +0200: Memory Usage (449888K) : norcx_m2tm2 has 0 polygons
2026-04-11 04:54:19 +0200: Memory Usage (449888K) : norcx_m3m4 has 0 polygons
2026-04-11 04:54:19 +0200: Memory Usage (449888K) : norcx_m3m5 has 0 polygons
2026-04-11 04:54:19 +0200: Memory Usage (449888K) : norcx_m3tm1 has 0 polygons
2026-04-11 04:54:19 +0200: Memory Usage (449888K) : norcx_m3tm2 has 0 polygons
2026-04-11 04:54:19 +0200: Memory Usage (449888K) : norcx_m4m5 has 0 polygons
2026-04-11 04:54:19 +0200: Memory Usage (449888K) : norcx_m4tm1 has 0 polygons
2026-04-11 04:54:19 +0200: Memory Usage (449888K) : norcx_m4tm2 has 0 polygons
2026-04-11 04:54:19 +0200: Memory Usage (449888K) : norcx_m5tm1 has 0 polygons
2026-04-11 04:54:19 +0200: Memory Usage (449888K) : norcx_m5tm2 has 0 polygons
2026-04-11 04:54:19 +0200: Memory Usage (449888K) : norcx_tm1tm2 has 0 polygons
2026-04-11 04:54:19 +0200: Memory Usage (449888K) : norcx_m1sub has 0 polygons
2026-04-11 04:54:19 +0200: Memory Usage (449888K) : norcx_m2sub has 0 polygons
2026-04-11 04:54:19 +0200: Memory Usage (449888K) : norcx_m3sub has 0 polygons
2026-04-11 04:54:19 +0200: Memory Usage (449888K) : norcx_m4sub has 0 polygons
2026-04-11 04:54:19 +0200: Memory Usage (449888K) : norcx_m5sub has 0 polygons
2026-04-11 04:54:19 +0200: Memory Usage (449888K) : norcx_tm1sub has 0 polygons
2026-04-11 04:54:19 +0200: Memory Usage (449888K) : norcx_tm2sub has 0 polygons
2026-04-11 04:54:19 +0200: Memory Usage (449888K) : snsbotvia_drw has 0 polygons
2026-04-11 04:54:19 +0200: Memory Usage (449888K) : snstopvia_drw has 0 polygons
2026-04-11 04:54:19 +0200: Memory Usage (449888K) : deepvia_drw has 0 polygons
2026-04-11 04:54:19 +0200: Memory Usage (449888K) : fgetch_drw has 0 polygons
2026-04-11 04:54:19 +0200: Memory Usage (449888K) : ctrgat_drw has 0 polygons
2026-04-11 04:54:19 +0200: Memory Usage (449888K) : fgimp_drw has 0 polygons
2026-04-11 04:54:19 +0200: Memory Usage (449888K) : emwihv_drw has 0 polygons
2026-04-11 04:54:19 +0200: Memory Usage (450016K) : lbe_drw has 0 polygons
2026-04-11 04:54:19 +0200: Memory Usage (450144K) : alcustop_drw has 0 polygons
2026-04-11 04:54:19 +0200: Memory Usage (450272K) : nometfiller_drw has 0 polygons
2026-04-11 04:54:19 +0200: Memory Usage (450400K) : prboundary_drw has 0 polygons
2026-04-11 04:54:19 +0200: Memory Usage (450528K) : exchange0_drw has 0 polygons
2026-04-11 04:54:19 +0200: Memory Usage (450656K) : exchange0_pin has 0 polygons
2026-04-11 04:54:19 +0200: Memory Usage (450784K) : exchange0_text has 0 polygons
2026-04-11 04:54:19 +0200: Memory Usage (450912K) : exchange1_drw has 0 polygons
2026-04-11 04:54:19 +0200: Memory Usage (451040K) : exchange1_pin has 0 polygons
2026-04-11 04:54:19 +0200: Memory Usage (451040K) : exchange1_text has 0 polygons
2026-04-11 04:54:19 +0200: Memory Usage (451168K) : exchange2_drw has 0 polygons
2026-04-11 04:54:19 +0200: Memory Usage (451296K) : exchange2_pin has 0 polygons
2026-04-11 04:54:19 +0200: Memory Usage (451424K) : exchange2_text has 0 polygons
2026-04-11 04:54:19 +0200: Memory Usage (451552K) : exchange3_drw has 0 polygons
2026-04-11 04:54:19 +0200: Memory Usage (451680K) : exchange3_pin has 0 polygons
2026-04-11 04:54:19 +0200: Memory Usage (451680K) : exchange3_text has 0 polygons
2026-04-11 04:54:19 +0200: Memory Usage (451808K) : exchange4_drw has 0 polygons
2026-04-11 04:54:19 +0200: Memory Usage (451936K) : exchange4_pin has 0 polygons
2026-04-11 04:54:19 +0200: Memory Usage (452064K) : exchange4_text has 0 polygons
2026-04-11 04:54:19 +0200: Memory Usage (452192K) : isonwell_drw has 0 polygons
2026-04-11 04:54:19 +0200: Memory Usage (452192K) : Total no. of polygons in the design is 6247
2026-04-11 04:54:19 +0200: Memory Usage (452192K) : Starting base layers derivations
2026-04-11 04:54:19 +0200: Memory Usage (452192K) : Starting general LVS derivations
2026-04-11 04:54:19 +0200: Memory Usage (457696K) : Starting MOSFET DERIVATIONS
2026-04-11 04:54:19 +0200: Memory Usage (449660K) : Starting NMOS DERIVATIONS
2026-04-11 04:54:19 +0200: Memory Usage (449660K) : Starting PMOS DERIVATIONS
2026-04-11 04:54:19 +0200: Memory Usage (449660K) : Starting RF-MOSFET DERIVATIONS
2026-04-11 04:54:19 +0200: Memory Usage (449660K) : Starting RF-NMOS DERIVATIONS
2026-04-11 04:54:19 +0200: Memory Usage (449660K) : Starting RF-PMOS DERIVATIONS
2026-04-11 04:54:19 +0200: Memory Usage (449660K) : Starting BJT DERIVATIONS
2026-04-11 04:54:19 +0200: Memory Usage (449660K) : Starting NPN-BJT DERIVATIONS
2026-04-11 04:54:19 +0200: Memory Usage (449660K) : Starting PNP-BJT DERIVATIONS
2026-04-11 04:54:19 +0200: Memory Usage (449660K) : Starting DIODE DERIVATIONS
2026-04-11 04:54:19 +0200: Memory Usage (449660K) : Starting RESISTOR DERIVATIONS
2026-04-11 04:54:19 +0200: Memory Usage (449788K) : Starting CAP DERIVATIONS
2026-04-11 04:54:19 +0200: Memory Usage (453372K) : Starting ESD DERIVATIONS
2026-04-11 04:54:19 +0200: Memory Usage (456944K) : Starting Inductor DERIVATIONS
2026-04-11 04:54:20 +0200: Memory Usage (457072K) : Starting Taps DERIVATIONS
2026-04-11 04:54:20 +0200: Memory Usage (457072K) : Starting SG13G2 LVS connectivity setup
2026-04-11 04:54:20 +0200: Memory Usage (457072K) : Starting SG13G2 LVS connectivity setup (Inter-layer)
2026-04-11 04:54:20 +0200: Memory Usage (457456K) : Starting SG13G2 LVS connectivity setup (Global)
2026-04-11 04:54:20 +0200: Memory Usage (457456K) : Starting LVS MOSFET CONNECTIONS
2026-04-11 04:54:20 +0200: Memory Usage (457456K) : Starting LVS RF-MOSFET CONNECTIONS
2026-04-11 04:54:20 +0200: Memory Usage (457456K) : Starting LVS BJT CONNECTIONS
2026-04-11 04:54:20 +0200: Memory Usage (457456K) : Starting LVS DIODE CONNECTIONS
2026-04-11 04:54:20 +0200: Memory Usage (457456K) : Starting RESISTOR CONNECTIONS
2026-04-11 04:54:20 +0200: Memory Usage (457456K) : Starting LVS CAP CONNECTIONS
2026-04-11 04:54:20 +0200: Memory Usage (457456K) : Starting ESD CONNECTIONS
2026-04-11 04:54:20 +0200: Memory Usage (457456K) : Starting Inductor CONNECTIONS
2026-04-11 04:54:20 +0200: Memory Usage (457456K) : Starting LVS Taps CONNECTIONS
2026-04-11 04:54:20 +0200: Memory Usage (457456K) : Starting SG13G2 LVS DEVICES EXTRACTION
2026-04-11 04:54:20 +0200: Memory Usage (457456K) : Starting MOSFET EXTRACTION
2026-04-11 04:54:20 +0200: Memory Usage (457456K) : Starting NMOS EXTRACTION
2026-04-11 04:54:20 +0200: Memory Usage (457456K) : Extraction of NMOS-LV transistor
2026-04-11 04:54:20 +0200: Memory Usage (457712K) : Extraction of NMOS-HV transistor
2026-04-11 04:54:20 +0200: Memory Usage (457840K) : Starting PMOS EXTRACTION
2026-04-11 04:54:20 +0200: Memory Usage (457840K) : Extraction of PMOS-LV transistor
2026-04-11 04:54:20 +0200: Memory Usage (457840K) : Extraction of PMOS-HV transistor
2026-04-11 04:54:20 +0200: Memory Usage (457840K) : Starting RF-MOSFET EXTRACTION
2026-04-11 04:54:20 +0200: Memory Usage (457840K) : Extraction of RF-NMOS-LV transistor
2026-04-11 04:54:20 +0200: Memory Usage (457840K) : Extraction of RF-NMOS-HV transistor
2026-04-11 04:54:20 +0200: Memory Usage (457840K) : Extraction of RF-PMOS-LV transistor
2026-04-11 04:54:20 +0200: Memory Usage (457840K) : Extraction of RF-PMOS-HV transistor
2026-04-11 04:54:20 +0200: Memory Usage (457840K) : Starting BJT EXTRACTION
2026-04-11 04:54:20 +0200: Memory Usage (457840K) : Starting NPN-BJT EXTRACTION
2026-04-11 04:54:20 +0200: Memory Usage (457840K) : Extraction of npn13G2 BJT transistor
2026-04-11 04:54:20 +0200: Memory Usage (457840K) : Extraction of npn13G2L BJT transistor
2026-04-11 04:54:20 +0200: Memory Usage (457840K) : Extraction of npn13G2V BJT transistor
2026-04-11 04:54:20 +0200: Memory Usage (457840K) : Starting PNP-BJT EXTRACTION
2026-04-11 04:54:20 +0200: Memory Usage (457840K) : Extracting pnpMPA BJT
2026-04-11 04:54:20 +0200: Memory Usage (457840K) : Starting DIODE EXTRACTION
2026-04-11 04:54:20 +0200: Memory Usage (457840K) : Extracting dantenna diode
2026-04-11 04:54:20 +0200: Memory Usage (457840K) : Extracting dpantenna diode
2026-04-11 04:54:20 +0200: Memory Usage (457840K) : Extracting schottky_nbl1 diode
2026-04-11 04:54:20 +0200: Memory Usage (457840K) : Extracting isolbox diode
2026-04-11 04:54:20 +0200: Memory Usage (457840K) : Starting RESISTOR EXTRACTION
2026-04-11 04:54:20 +0200: Memory Usage (457840K) : Extracting rsil resistor
2026-04-11 04:54:20 +0200: Memory Usage (457840K) : Extracting rppd resistor
2026-04-11 04:54:20 +0200: Memory Usage (457840K) : Extracting rhigh resistor
2026-04-11 04:54:20 +0200: Memory Usage (457840K) : Extracting res_metal1 resistor
2026-04-11 04:54:20 +0200: Memory Usage (457968K) : Extracting res_metal2 resistor
2026-04-11 04:54:20 +0200: Memory Usage (457968K) : Extracting res_metal3 resistor
2026-04-11 04:54:20 +0200: Memory Usage (457968K) : Extracting res_metal4 resistor
2026-04-11 04:54:20 +0200: Memory Usage (457968K) : Extracting res_metal5 resistor
2026-04-11 04:54:20 +0200: Memory Usage (457968K) : Extracting res_topmetal1 resistor
2026-04-11 04:54:20 +0200: Memory Usage (457968K) : Extracting res_topmetal2 resistor
2026-04-11 04:54:20 +0200: Memory Usage (457968K) : Starting CAP EXTRACTION
2026-04-11 04:54:20 +0200: Memory Usage (457968K) : Extracting cap_cmim device
2026-04-11 04:54:20 +0200: Memory Usage (457968K) : Extracting rfcmim device
2026-04-11 04:54:20 +0200: Memory Usage (457968K) : Extracting sg13_hv_svaricap varactor
2026-04-11 04:54:20 +0200: Memory Usage (458096K) : Starting ESD EXTRACTION
2026-04-11 04:54:20 +0200: Memory Usage (458096K) : Extracting diodevdd_2kv ESD device
2026-04-11 04:54:20 +0200: Memory Usage (458096K) : Extracting diodevdd_4kv ESD device
2026-04-11 04:54:20 +0200: Memory Usage (458096K) : Extracting diodevss_2kv ESD device
2026-04-11 04:54:20 +0200: Memory Usage (458096K) : Extracting diodevss_4kv ESD device
2026-04-11 04:54:20 +0200: Memory Usage (458096K) : Extracting idiodevdd_2kv ESD device
2026-04-11 04:54:20 +0200: Memory Usage (458096K) : Extracting idiodevdd_4kv ESD device
2026-04-11 04:54:20 +0200: Memory Usage (458096K) : Extracting idiodevss_2kv ESD device
2026-04-11 04:54:20 +0200: Memory Usage (458096K) : Extracting idiodevss_4kv ESD device
2026-04-11 04:54:20 +0200: Memory Usage (458096K) : Extracting nmoscl_2 ESD device
2026-04-11 04:54:20 +0200: Memory Usage (458096K) : Extracting nmoscl_4 ESD device
2026-04-11 04:54:20 +0200: Memory Usage (458096K) : Starting Inductor EXTRACTION
2026-04-11 04:54:20 +0200: Memory Usage (458096K) : Extracting Inductor2 device
2026-04-11 04:54:20 +0200: Memory Usage (458096K) : Extracting Inductor3 device
2026-04-11 04:54:20 +0200: Memory Usage (458096K) : Starting Taps EXTRACTION
2026-04-11 04:54:20 +0200: Memory Usage (458096K) : Extracting ntap1 device
2026-04-11 04:54:20 +0200: Memory Usage (458096K) : Extracting ptap1 device
2026-04-11 04:54:20 +0200: Memory Usage (458096K) : Starting SG13G2 LVS RF MOS Model Mapping
2026-04-11 04:54:20 +0200: Memory Usage (458096K) : [layout_netlist] Apply RF MOS model mapping and rfmode parameter.
2026-04-11 04:54:20 +0200: Memory Usage (458096K) : Starting SG13G2 LVS Options Preparations
2026-04-11 04:54:20 +0200: Memory Usage (458096K) : SG13G2 LVS flow: extraction -> alignment -> option preparation -> comparison.
2026-04-11 04:54:20 +0200: Memory Usage (458096K) : Starting SG13G2 LVS Alignment
2026-04-11 04:54:20 +0200: Memory Usage (458096K) : Starting SG13G2 LVS Simplification
2026-04-11 04:54:20 +0200: Memory Usage (458096K) : [layout_netlist] simplify: ENABLED
2026-04-11 04:54:20 +0200: Memory Usage (458096K) : [layout_netlist] make_top_level_pins: SKIPPED
2026-04-11 04:54:20 +0200: Memory Usage (458096K) : [layout_netlist] combine_devices: SKIPPED
2026-04-11 04:54:20 +0200: Memory Usage (458096K) : [layout_netlist] purge: SKIPPED
2026-04-11 04:54:20 +0200: Memory Usage (458096K) : [layout_netlist] purge_nets: SKIPPED
2026-04-11 04:54:20 +0200: Memory Usage (458096K) : [schematic_netlist] simplify: ENABLED
2026-04-11 04:54:20 +0200: Memory Usage (458096K) : [schematic_netlist] make_top_level_pins: SKIPPED
2026-04-11 04:54:20 +0200: Memory Usage (458096K) : [schematic_netlist] combine_devices: SKIPPED
2026-04-11 04:54:20 +0200: Memory Usage (458096K) : [schematic_netlist] purge: SKIPPED
2026-04-11 04:54:20 +0200: Memory Usage (458096K) : [schematic_netlist] purge_nets: SKIPPED
2026-04-11 04:54:20 +0200: Memory Usage (458096K) : Starting SG13G2 LVS Comparison in strict port mode.
2026-04-11 04:54:20 +0200: Memory Usage (458096K) : flag_missing_ports enabled: missing/mislabeled top-level ports are treated as errors.
2026-04-11 04:54:20 +0200: Memory Usage (458224K) : xxxxxxxxxxxxxxxxxxxxxxxxxxxxxxxxxxxxxxxxxx
2026-04-11 04:54:20 +0200: Memory Usage (458224K) : ERROR : Netlists don't match
2026-04-11 04:54:20 +0200: Memory Usage (458224K) : xxxxxxxxxxxxxxxxxxxxxxxxxxxxxxxxxxxxxxxxxx
2026-04-11 04:54:20 +0200: Memory Usage (458224K) : LVS Total Run time 1.884806 seconds
