# Logfile created on 2026-04-11 05:16:01 +0200 by logger.rb/v1.4.3
2026-04-11 05:16:01 +0200: Memory Usage (428652K) : Starting running SG13G2 Klayout LVS runset on /home/designer/shared/frac-n-pll-vco-unic_cass/layout/LC_VCO.gds
2026-04-11 05:16:01 +0200: Memory Usage (428652K) : Ruby Version for klayout: 3.0.2
2026-04-11 05:16:01 +0200: Memory Usage (429804K) : Loading database to memory is complete.
2026-04-11 05:16:01 +0200: Memory Usage (429804K) : SG13G2 Klayout LVS runset output at: /home/designer/shared/frac-n-pll-vco-unic_cass/lvs_run_LC_VCO_2026_04_11_05_15_59/LC_VCO.lvsdb
2026-04-11 05:16:01 +0200: Memory Usage (429804K) : Evaluate switches.
2026-04-11 05:16:01 +0200: Memory Usage (429804K) : Extracted netlist with net names: true
2026-04-11 05:16:01 +0200: Memory Usage (429804K) : Extracted netlist with comments in details: false
2026-04-11 05:16:01 +0200: Memory Usage (429804K) : Selected NET_ONLY option: false
2026-04-11 05:16:01 +0200: Memory Usage (429804K) : Selected LAYOUT_NETLIST option: (none)
2026-04-11 05:16:01 +0200: Memory Usage (429804K) : Selected IGNORE_TOP_PORTS_MISMATCH option: 
2026-04-11 05:16:01 +0200: Memory Usage (429804K) : Selected IMPLICIT_NETS option: (none)
2026-04-11 05:16:01 +0200: Memory Usage (429804K) : Selected TOP_LVL_PINS option: false
2026-04-11 05:16:01 +0200: Memory Usage (429804K) : Selected COMBINE DEVICES option: false
2026-04-11 05:16:01 +0200: Memory Usage (429804K) : Selected PURGE option: false
2026-04-11 05:16:01 +0200: Memory Usage (429804K) : Selected PURGE_NETS option: false
2026-04-11 05:16:01 +0200: Memory Usage (429804K) : Selected SIMPLIFY option: true
2026-04-11 05:16:01 +0200: Memory Usage (429804K) : Selected SERIES_RES option: true
2026-04-11 05:16:01 +0200: Memory Usage (429804K) : Selected PARALLEL_RES option: true
2026-04-11 05:16:01 +0200: Memory Usage (429804K) : flat  mode is enabled.
2026-04-11 05:16:01 +0200: Memory Usage (430956K) : Netlist file: /home/designer/shared/frac-n-pll-vco-unic_cass/schematic/lc-vco/simulations/LC_VCO.spice
2026-04-11 05:16:01 +0200: Memory Usage (430956K) : LVS extracted netlist at: /home/designer/shared/frac-n-pll-vco-unic_cass/lvs_run_LC_VCO_2026_04_11_05_15_59/LC_VCO_extracted.cir
2026-04-11 05:16:01 +0200: Memory Usage (430956K) : Applying SRAM integration support.
2026-04-11 05:16:01 +0200: Memory Usage (430956K) : Starting SG13G2 LVS runset
2026-04-11 05:16:01 +0200: Memory Usage (430956K) : Read in polygons from layers.
2026-04-11 05:16:01 +0200: Memory Usage (432108K) : activ_drw has 26 polygons
2026-04-11 05:16:01 +0200: Memory Usage (432108K) : activ_filler has 0 polygons
2026-04-11 05:16:01 +0200: Memory Usage (432108K) : activ has 26 polygons
2026-04-11 05:16:01 +0200: Memory Usage (432108K) : activ_pin has 0 polygons
2026-04-11 05:16:01 +0200: Memory Usage (432108K) : activ_mask has 0 polygons
2026-04-11 05:16:01 +0200: Memory Usage (432108K) : activ_nofill has 1 polygons
2026-04-11 05:16:01 +0200: Memory Usage (432108K) : activ_OPC has 0 polygons
2026-04-11 05:16:01 +0200: Memory Usage (432364K) : activ_iOPC has 0 polygons
2026-04-11 05:16:01 +0200: Memory Usage (432492K) : activ_noqrc has 1 polygons
2026-04-11 05:16:01 +0200: Memory Usage (432492K) : biwind_drw has 0 polygons
2026-04-11 05:16:01 +0200: Memory Usage (432492K) : biwind_OPC has 0 polygons
2026-04-11 05:16:01 +0200: Memory Usage (432620K) : gatpoly_drw has 14 polygons
2026-04-11 05:16:01 +0200: Memory Usage (432748K) : gatpoly_filler has 0 polygons
2026-04-11 05:16:01 +0200: Memory Usage (432748K) : gatpoly has 14 polygons
2026-04-11 05:16:01 +0200: Memory Usage (432876K) : gatpoly_pin has 6 polygons
2026-04-11 05:16:01 +0200: Memory Usage (433004K) : gatpoly_nofill has 0 polygons
2026-04-11 05:16:01 +0200: Memory Usage (433132K) : gatpoly_OPC has 0 polygons
2026-04-11 05:16:01 +0200: Memory Usage (433260K) : gatpoly_iOPC has 0 polygons
2026-04-11 05:16:01 +0200: Memory Usage (433388K) : gatpoly_noqrc has 0 polygons
2026-04-11 05:16:01 +0200: Memory Usage (434540K) : cont_drw has 4737 polygons
2026-04-11 05:16:02 +0200: Memory Usage (434540K) : cont_OPC has 0 polygons
2026-04-11 05:16:02 +0200: Memory Usage (434540K) : nsd_drw has 0 polygons
2026-04-11 05:16:02 +0200: Memory Usage (434540K) : nsd_block has 0 polygons
2026-04-11 05:16:02 +0200: Memory Usage (434540K) : metal1_drw has 45 polygons
2026-04-11 05:16:02 +0200: Memory Usage (434540K) : metal1_filler has 0 polygons
2026-04-11 05:16:02 +0200: Memory Usage (434796K) : metal1_slit has 0 polygons
2026-04-11 05:16:02 +0200: Memory Usage (434796K) : metal1 has 45 polygons
2026-04-11 05:16:02 +0200: Memory Usage (434796K) : metal1_pin has 25 polygons
2026-04-11 05:16:02 +0200: Memory Usage (434924K) : metal1_mask has 0 polygons
2026-04-11 05:16:02 +0200: Memory Usage (435052K) : metal1_nofill has 1 polygons
2026-04-11 05:16:02 +0200: Memory Usage (435180K) : metal1_text has 4 polygons
2026-04-11 05:16:02 +0200: Memory Usage (435308K) : metal1_OPC has 0 polygons
2026-04-11 05:16:02 +0200: Memory Usage (435436K) : metal1_noqrc has 1 polygons
2026-04-11 05:16:02 +0200: Memory Usage (435564K) : metal1_res has 0 polygons
2026-04-11 05:16:02 +0200: Memory Usage (435692K) : metal1_iprobe has 0 polygons
2026-04-11 05:16:02 +0200: Memory Usage (435820K) : metal1_diffprb has 0 polygons
2026-04-11 05:16:02 +0200: Memory Usage (435948K) : passiv_drw has 0 polygons
2026-04-11 05:16:02 +0200: Memory Usage (436076K) : passiv_pin has 0 polygons
2026-04-11 05:16:02 +0200: Memory Usage (436204K) : passiv_sbump has 0 polygons
2026-04-11 05:16:02 +0200: Memory Usage (436332K) : passiv_pillar has 0 polygons
2026-04-11 05:16:02 +0200: Memory Usage (436460K) : passiv_pdl has 0 polygons
2026-04-11 05:16:02 +0200: Memory Usage (436588K) : metal2_drw has 13 polygons
2026-04-11 05:16:02 +0200: Memory Usage (436716K) : metal2_filler has 0 polygons
2026-04-11 05:16:02 +0200: Memory Usage (436844K) : metal2_slit has 0 polygons
2026-04-11 05:16:02 +0200: Memory Usage (436972K) : metal2 has 13 polygons
2026-04-11 05:16:02 +0200: Memory Usage (437100K) : metal2_pin has 5 polygons
2026-04-11 05:16:02 +0200: Memory Usage (437228K) : metal2_mask has 0 polygons
2026-04-11 05:16:02 +0200: Memory Usage (437356K) : metal2_nofill has 1 polygons
2026-04-11 05:16:02 +0200: Memory Usage (437484K) : metal2_text has 5 polygons
2026-04-11 05:16:02 +0200: Memory Usage (437612K) : metal2_OPC has 0 polygons
2026-04-11 05:16:02 +0200: Memory Usage (437612K) : metal2_noqrc has 1 polygons
2026-04-11 05:16:02 +0200: Memory Usage (437740K) : metal2_res has 0 polygons
2026-04-11 05:16:02 +0200: Memory Usage (437868K) : metal2_iprobe has 0 polygons
2026-04-11 05:16:02 +0200: Memory Usage (437996K) : metal2_diffprb has 0 polygons
2026-04-11 05:16:02 +0200: Memory Usage (438124K) : baspoly_drw has 0 polygons
2026-04-11 05:16:02 +0200: Memory Usage (438252K) : baspoly_pin has 0 polygons
2026-04-11 05:16:02 +0200: Memory Usage (438380K) : psd_drw has 19 polygons
2026-04-11 05:16:02 +0200: Memory Usage (438508K) : nldb_drw has 0 polygons
2026-04-11 05:16:02 +0200: Memory Usage (438636K) : digibnd_drw has 0 polygons
2026-04-11 05:16:02 +0200: Memory Usage (438764K) : via1_drw has 46 polygons
2026-04-11 05:16:02 +0200: Memory Usage (438892K) : backmetal1_drw has 0 polygons
2026-04-11 05:16:02 +0200: Memory Usage (439020K) : backmetal1_pin has 0 polygons
2026-04-11 05:16:02 +0200: Memory Usage (439148K) : backmetal1_mask has 0 polygons
2026-04-11 05:16:02 +0200: Memory Usage (439276K) : backmetal1_filler has 0 polygons
2026-04-11 05:16:02 +0200: Memory Usage (439404K) : backmetal1_nofill has 0 polygons
2026-04-11 05:16:02 +0200: Memory Usage (439532K) : backmetal1_slit has 0 polygons
2026-04-11 05:16:02 +0200: Memory Usage (439660K) : backmetal1_text has 0 polygons
2026-04-11 05:16:02 +0200: Memory Usage (439660K) : backmetal1_OPC has 0 polygons
2026-04-11 05:16:02 +0200: Memory Usage (439916K) : backmetal1_noqrc has 0 polygons
2026-04-11 05:16:02 +0200: Memory Usage (440044K) : backmetal1_res has 0 polygons
2026-04-11 05:16:02 +0200: Memory Usage (440172K) : backmetal1_iprobe has 0 polygons
2026-04-11 05:16:02 +0200: Memory Usage (440300K) : backmetal1_diffprb has 0 polygons
2026-04-11 05:16:02 +0200: Memory Usage (440428K) : backpassiv_drw has 0 polygons
2026-04-11 05:16:02 +0200: Memory Usage (440556K) : res_drw has 0 polygons
2026-04-11 05:16:02 +0200: Memory Usage (440684K) : sram_drw has 0 polygons
2026-04-11 05:16:02 +0200: Memory Usage (440812K) : trans_drw has 0 polygons
2026-04-11 05:16:02 +0200: Memory Usage (440940K) : ind_drw has 2 polygons
2026-04-11 05:16:02 +0200: Memory Usage (441068K) : ind_pin has 2 polygons
2026-04-11 05:16:02 +0200: Memory Usage (441068K) : ind_text has 0 polygons
2026-04-11 05:16:02 +0200: Memory Usage (441196K) : salblock_drw has 0 polygons
2026-04-11 05:16:02 +0200: Memory Usage (441324K) : via2_drw has 134 polygons
2026-04-11 05:16:02 +0200: Memory Usage (441452K) : metal3_drw has 4 polygons
2026-04-11 05:16:02 +0200: Memory Usage (441580K) : metal3_filler has 0 polygons
2026-04-11 05:16:02 +0200: Memory Usage (441708K) : metal3_slit has 0 polygons
2026-04-11 05:16:02 +0200: Memory Usage (441836K) : metal3 has 4 polygons
2026-04-11 05:16:02 +0200: Memory Usage (441964K) : metal3_pin has 0 polygons
2026-04-11 05:16:02 +0200: Memory Usage (442092K) : metal3_mask has 0 polygons
2026-04-11 05:16:02 +0200: Memory Usage (442220K) : metal3_nofill has 1 polygons
2026-04-11 05:16:02 +0200: Memory Usage (442220K) : metal3_text has 0 polygons
2026-04-11 05:16:02 +0200: Memory Usage (442348K) : metal3_OPC has 0 polygons
2026-04-11 05:16:02 +0200: Memory Usage (442476K) : metal3_noqrc has 1 polygons
2026-04-11 05:16:02 +0200: Memory Usage (442604K) : metal3_res has 0 polygons
2026-04-11 05:16:02 +0200: Memory Usage (442732K) : metal3_iprobe has 0 polygons
2026-04-11 05:16:02 +0200: Memory Usage (442988K) : metal3_diffprb has 0 polygons
2026-04-11 05:16:02 +0200: Memory Usage (442988K) : nwell_drw has 7 polygons
2026-04-11 05:16:02 +0200: Memory Usage (443116K) : nwell_pin has 0 polygons
2026-04-11 05:16:02 +0200: Memory Usage (443116K) : nwell_text has 0 polygons
2026-04-11 05:16:02 +0200: Memory Usage (443244K) : nbulay_drw has 2 polygons
2026-04-11 05:16:02 +0200: Memory Usage (443372K) : nbulay_pin has 0 polygons
2026-04-11 05:16:02 +0200: Memory Usage (443500K) : nbulay_block has 0 polygons
2026-04-11 05:16:02 +0200: Memory Usage (443628K) : emwind_drw has 0 polygons
2026-04-11 05:16:02 +0200: Memory Usage (443756K) : emwind_OPC has 0 polygons
2026-04-11 05:16:02 +0200: Memory Usage (443884K) : deepco_drw has 0 polygons
2026-04-11 05:16:02 +0200: Memory Usage (444140K) : mim_drw has 1 polygons
2026-04-11 05:16:02 +0200: Memory Usage (444268K) : edgeseal_drw has 0 polygons
2026-04-11 05:16:02 +0200: Memory Usage (444396K) : substrate_drw has 7 polygons
2026-04-11 05:16:02 +0200: Memory Usage (444396K) : substrate_text has 0 polygons
2026-04-11 05:16:02 +0200: Memory Usage (444524K) : dfpad_drw has 0 polygons
2026-04-11 05:16:02 +0200: Memory Usage (444652K) : dfpad_pillar has 0 polygons
2026-04-11 05:16:02 +0200: Memory Usage (444780K) : dfpad_sbump has 0 polygons
2026-04-11 05:16:02 +0200: Memory Usage (444908K) : thickgateox_drw has 0 polygons
2026-04-11 05:16:02 +0200: Memory Usage (445036K) : pldb_drw has 0 polygons
2026-04-11 05:16:02 +0200: Memory Usage (445164K) : pwell_drw has 0 polygons
2026-04-11 05:16:02 +0200: Memory Usage (445292K) : pwell_pin has 0 polygons
2026-04-11 05:16:02 +0200: Memory Usage (445420K) : pwell_block has 1 polygons
2026-04-11 05:16:02 +0200: Memory Usage (445548K) : ic_drw has 0 polygons
2026-04-11 05:16:02 +0200: Memory Usage (445676K) : via3_drw has 134 polygons
2026-04-11 05:16:02 +0200: Memory Usage (445804K) : metal4_drw has 4 polygons
2026-04-11 05:16:02 +0200: Memory Usage (445932K) : metal4_filler has 0 polygons
2026-04-11 05:16:02 +0200: Memory Usage (446188K) : metal4_slit has 0 polygons
2026-04-11 05:16:02 +0200: Memory Usage (446188K) : metal4 has 4 polygons
2026-04-11 05:16:02 +0200: Memory Usage (446316K) : metal4_pin has 0 polygons
2026-04-11 05:16:02 +0200: Memory Usage (446444K) : metal4_mask has 0 polygons
2026-04-11 05:16:02 +0200: Memory Usage (446572K) : metal4_nofill has 1 polygons
2026-04-11 05:16:02 +0200: Memory Usage (446700K) : metal4_text has 0 polygons
2026-04-11 05:16:02 +0200: Memory Usage (446828K) : metal4_OPC has 0 polygons
2026-04-11 05:16:02 +0200: Memory Usage (446956K) : metal4_noqrc has 1 polygons
2026-04-11 05:16:02 +0200: Memory Usage (447084K) : metal4_res has 0 polygons
2026-04-11 05:16:02 +0200: Memory Usage (447212K) : metal4_iprobe has 0 polygons
2026-04-11 05:16:02 +0200: Memory Usage (447340K) : metal4_diffprb has 0 polygons
2026-04-11 05:16:02 +0200: Memory Usage (447468K) : heattrans_drw has 99 polygons
2026-04-11 05:16:02 +0200: Memory Usage (447596K) : heatres_drw has 0 polygons
2026-04-11 05:16:02 +0200: Memory Usage (447724K) : fbe_drw has 0 polygons
2026-04-11 05:16:02 +0200: Memory Usage (447852K) : empoly_drw has 0 polygons
2026-04-11 05:16:02 +0200: Memory Usage (447980K) : digisub_drw has 0 polygons
2026-04-11 05:16:02 +0200: Memory Usage (448108K) : text_drw has 18 polygons
2026-04-11 05:16:02 +0200: Memory Usage (448108K) : via4_drw has 134 polygons
2026-04-11 05:16:02 +0200: Memory Usage (448108K) : metal5_drw has 4 polygons
2026-04-11 05:16:02 +0200: Memory Usage (448108K) : metal5_filler has 0 polygons
2026-04-11 05:16:02 +0200: Memory Usage (448236K) : metal5_slit has 0 polygons
2026-04-11 05:16:02 +0200: Memory Usage (448364K) : metal5 has 4 polygons
2026-04-11 05:16:02 +0200: Memory Usage (448492K) : metal5_pin has 1 polygons
2026-04-11 05:16:02 +0200: Memory Usage (448620K) : metal5_mask has 0 polygons
2026-04-11 05:16:02 +0200: Memory Usage (448748K) : metal5_nofill has 1 polygons
2026-04-11 05:16:02 +0200: Memory Usage (448748K) : metal5_text has 0 polygons
2026-04-11 05:16:02 +0200: Memory Usage (448876K) : metal5_OPC has 0 polygons
2026-04-11 05:16:02 +0200: Memory Usage (449004K) : metal5_noqrc has 1 polygons
2026-04-11 05:16:02 +0200: Memory Usage (449132K) : metal5_res has 0 polygons
2026-04-11 05:16:02 +0200: Memory Usage (449260K) : metal5_iprobe has 0 polygons
2026-04-11 05:16:02 +0200: Memory Usage (449388K) : metal5_diffprb has 0 polygons
2026-04-11 05:16:02 +0200: Memory Usage (449516K) : radhard_drw has 0 polygons
2026-04-11 05:16:02 +0200: Memory Usage (449644K) : memcap_drw has 0 polygons
2026-04-11 05:16:02 +0200: Memory Usage (449772K) : varicap_drw has 0 polygons
2026-04-11 05:16:02 +0200: Memory Usage (449900K) : intbondvia_drw has 0 polygons
2026-04-11 05:16:02 +0200: Memory Usage (450028K) : intbondmet_drw has 0 polygons
2026-04-11 05:16:02 +0200: Memory Usage (450156K) : devbondvia_drw has 0 polygons
2026-04-11 05:16:02 +0200: Memory Usage (450412K) : devbondmet_drw has 0 polygons
2026-04-11 05:16:02 +0200: Memory Usage (450540K) : devtrench_drw has 0 polygons
2026-04-11 05:16:02 +0200: Memory Usage (450668K) : redist_drw has 0 polygons
2026-04-11 05:16:02 +0200: Memory Usage (450796K) : graphbot_drw has 0 polygons
2026-04-11 05:16:02 +0200: Memory Usage (450924K) : graphtop_drw has 0 polygons
2026-04-11 05:16:02 +0200: Memory Usage (451052K) : antvia1_drw has 0 polygons
2026-04-11 05:16:02 +0200: Memory Usage (451180K) : antmetal2_drw has 0 polygons
2026-04-11 05:16:02 +0200: Memory Usage (451308K) : graphcont_drw has 0 polygons
2026-04-11 05:16:02 +0200: Memory Usage (451436K) : siwg_drw has 0 polygons
2026-04-11 05:16:02 +0200: Memory Usage (451564K) : siwg_filler has 0 polygons
2026-04-11 05:16:02 +0200: Memory Usage (451692K) : siwg_nofill has 0 polygons
2026-04-11 05:16:02 +0200: Memory Usage (451820K) : sigrating_drw has 0 polygons
2026-04-11 05:16:02 +0200: Memory Usage (451948K) : singrating_drw has 0 polygons
2026-04-11 05:16:02 +0200: Memory Usage (452076K) : graphpas_drw has 0 polygons
2026-04-11 05:16:02 +0200: Memory Usage (452204K) : emwind3_drw has 0 polygons
2026-04-11 05:16:02 +0200: Memory Usage (452332K) : emwihv3_drw has 0 polygons
2026-04-11 05:16:02 +0200: Memory Usage (452460K) : redbulay_drw has 0 polygons
2026-04-11 05:16:02 +0200: Memory Usage (452588K) : smos_drw has 0 polygons
2026-04-11 05:16:02 +0200: Memory Usage (452716K) : graphpad_drw has 0 polygons
2026-04-11 05:16:02 +0200: Memory Usage (452844K) : polimide_drw has 0 polygons
2026-04-11 05:16:02 +0200: Memory Usage (452972K) : polimide_pin has 0 polygons
2026-04-11 05:16:02 +0200: Memory Usage (453100K) : recog_drw has 0 polygons
2026-04-11 05:16:02 +0200: Memory Usage (453228K) : recog_pin has 0 polygons
2026-04-11 05:16:02 +0200: Memory Usage (453356K) : recog_esd has 0 polygons
2026-04-11 05:16:02 +0200: Memory Usage (453484K) : recog_diode has 0 polygons
2026-04-11 05:16:02 +0200: Memory Usage (453612K) : recog_tsv has 0 polygons
2026-04-11 05:16:02 +0200: Memory Usage (453740K) : recog_iprobe has 0 polygons
2026-04-11 05:16:02 +0200: Memory Usage (453868K) : recog_diffprb has 0 polygons
2026-04-11 05:16:02 +0200: Memory Usage (453996K) : recog_pillar has 0 polygons
2026-04-11 05:16:02 +0200: Memory Usage (454124K) : recog_sbump has 0 polygons
2026-04-11 05:16:02 +0200: Memory Usage (454252K) : recog_otp has 0 polygons
2026-04-11 05:16:02 +0200: Memory Usage (454380K) : recog_pdiode has 0 polygons
2026-04-11 05:16:02 +0200: Memory Usage (454636K) : recog_mom has 0 polygons
2026-04-11 05:16:02 +0200: Memory Usage (454764K) : recog_pcm has 0 polygons
2026-04-11 05:16:02 +0200: Memory Usage (454892K) : colopen_drw has 0 polygons
2026-04-11 05:16:02 +0200: Memory Usage (446820K) : graphmetal1_drw has 0 polygons
2026-04-11 05:16:02 +0200: Memory Usage (446820K) : graphmetal1_filler has 0 polygons
2026-04-11 05:16:02 +0200: Memory Usage (446820K) : graphmetal1_nofill has 0 polygons
2026-04-11 05:16:02 +0200: Memory Usage (446820K) : graphmetal1_slit has 0 polygons
2026-04-11 05:16:02 +0200: Memory Usage (446820K) : graphmetal1_OPC has 0 polygons
2026-04-11 05:16:02 +0200: Memory Usage (446820K) : graphmet1l_drw has 0 polygons
2026-04-11 05:16:02 +0200: Memory Usage (446820K) : graphmet1l_filler has 0 polygons
2026-04-11 05:16:02 +0200: Memory Usage (446820K) : graphmet1l_nofill has 0 polygons
2026-04-11 05:16:02 +0200: Memory Usage (446820K) : graphmet1l_slit has 0 polygons
2026-04-11 05:16:02 +0200: Memory Usage (446820K) : graphmet1l_OPC has 0 polygons
2026-04-11 05:16:02 +0200: Memory Usage (446820K) : extblock_drw has 0 polygons
2026-04-11 05:16:02 +0200: Memory Usage (446820K) : nldd_drw has 0 polygons
2026-04-11 05:16:02 +0200: Memory Usage (446820K) : pldd_drw has 0 polygons
2026-04-11 05:16:02 +0200: Memory Usage (446820K) : next_drw has 0 polygons
2026-04-11 05:16:02 +0200: Memory Usage (446820K) : pext_drw has 0 polygons
2026-04-11 05:16:02 +0200: Memory Usage (446820K) : nexthv_drw has 0 polygons
2026-04-11 05:16:02 +0200: Memory Usage (446820K) : pexthv_drw has 0 polygons
2026-04-11 05:16:02 +0200: Memory Usage (446820K) : graphgate_drw has 0 polygons
2026-04-11 05:16:02 +0200: Memory Usage (446820K) : sinwg_drw has 0 polygons
2026-04-11 05:16:02 +0200: Memory Usage (446820K) : sinwg_filler has 0 polygons
2026-04-11 05:16:02 +0200: Memory Usage (446820K) : sinwg_nofill has 0 polygons
2026-04-11 05:16:02 +0200: Memory Usage (446820K) : mempad_drw has 0 polygons
2026-04-11 05:16:02 +0200: Memory Usage (446820K) : topvia1_drw has 129 polygons
2026-04-11 05:16:02 +0200: Memory Usage (446820K) : topmetal1_drw has 5 polygons
2026-04-11 05:16:02 +0200: Memory Usage (446820K) : topmetal1_filler has 0 polygons
2026-04-11 05:16:02 +0200: Memory Usage (446820K) : topmetal1_slit has 0 polygons
2026-04-11 05:16:02 +0200: Memory Usage (446820K) : topmetal1 has 5 polygons
2026-04-11 05:16:02 +0200: Memory Usage (446820K) : topmetal1_pin has 1 polygons
2026-04-11 05:16:02 +0200: Memory Usage (446820K) : topmetal1_mask has 0 polygons
2026-04-11 05:16:02 +0200: Memory Usage (446820K) : topmetal1_nofill has 1 polygons
2026-04-11 05:16:02 +0200: Memory Usage (446820K) : topmetal1_text has 0 polygons
2026-04-11 05:16:02 +0200: Memory Usage (446820K) : topmetal1_noqrc has 1 polygons
2026-04-11 05:16:02 +0200: Memory Usage (446820K) : topmetal1_res has 0 polygons
2026-04-11 05:16:02 +0200: Memory Usage (446820K) : topmetal1_iprobe has 0 polygons
2026-04-11 05:16:02 +0200: Memory Usage (446820K) : topmetal1_diffprb has 0 polygons
2026-04-11 05:16:02 +0200: Memory Usage (446820K) : inldpwl_drw has 0 polygons
2026-04-11 05:16:02 +0200: Memory Usage (446820K) : polyres_drw has 0 polygons
2026-04-11 05:16:02 +0200: Memory Usage (446820K) : polyres_pin has 0 polygons
2026-04-11 05:16:02 +0200: Memory Usage (446820K) : vmim_drw has 576 polygons
2026-04-11 05:16:02 +0200: Memory Usage (446820K) : nbulaycut_drw has 0 polygons
2026-04-11 05:16:02 +0200: Memory Usage (446820K) : antmetal1_drw has 0 polygons
2026-04-11 05:16:02 +0200: Memory Usage (446820K) : topvia2_drw has 488 polygons
2026-04-11 05:16:02 +0200: Memory Usage (446820K) : topmetal2_drw has 3 polygons
2026-04-11 05:16:02 +0200: Memory Usage (446820K) : topmetal2_filler has 0 polygons
2026-04-11 05:16:02 +0200: Memory Usage (446820K) : topmetal2_slit has 0 polygons
2026-04-11 05:16:02 +0200: Memory Usage (446820K) : topmetal2 has 3 polygons
2026-04-11 05:16:02 +0200: Memory Usage (446820K) : topmetal2_pin has 0 polygons
2026-04-11 05:16:02 +0200: Memory Usage (446820K) : topmetal2_mask has 0 polygons
2026-04-11 05:16:02 +0200: Memory Usage (446820K) : topmetal2_nofill has 1 polygons
2026-04-11 05:16:02 +0200: Memory Usage (446820K) : topmetal2_text has 0 polygons
2026-04-11 05:16:02 +0200: Memory Usage (446820K) : topmetal2_noqrc has 0 polygons
2026-04-11 05:16:02 +0200: Memory Usage (446820K) : topmetal2_res has 0 polygons
2026-04-11 05:16:02 +0200: Memory Usage (446820K) : topmetal2_iprobe has 0 polygons
2026-04-11 05:16:02 +0200: Memory Usage (446820K) : topmetal2_diffprb has 0 polygons
2026-04-11 05:16:02 +0200: Memory Usage (446820K) : snsring_drw has 0 polygons
2026-04-11 05:16:02 +0200: Memory Usage (446820K) : sensor_drw has 0 polygons
2026-04-11 05:16:02 +0200: Memory Usage (446820K) : snsarms_drw has 0 polygons
2026-04-11 05:16:02 +0200: Memory Usage (446820K) : snscmosvia_drw has 0 polygons
2026-04-11 05:16:02 +0200: Memory Usage (446820K) : colwind_drw has 0 polygons
2026-04-11 05:16:02 +0200: Memory Usage (446820K) : flm_drw has 0 polygons
2026-04-11 05:16:02 +0200: Memory Usage (446820K) : hafniumox_drw has 0 polygons
2026-04-11 05:16:02 +0200: Memory Usage (446820K) : memvia_drw has 0 polygons
2026-04-11 05:16:02 +0200: Memory Usage (446820K) : thinfilmres_drw has 0 polygons
2026-04-11 05:16:02 +0200: Memory Usage (446820K) : rfmem_drw has 0 polygons
2026-04-11 05:16:02 +0200: Memory Usage (446820K) : norcx_drw has 0 polygons
2026-04-11 05:16:02 +0200: Memory Usage (446820K) : norcx_m2m3 has 0 polygons
2026-04-11 05:16:02 +0200: Memory Usage (446820K) : norcx_m2m4 has 0 polygons
2026-04-11 05:16:02 +0200: Memory Usage (446820K) : norcx_m2m5 has 0 polygons
2026-04-11 05:16:02 +0200: Memory Usage (446820K) : norcx_m2tm1 has 0 polygons
2026-04-11 05:16:02 +0200: Memory Usage (446820K) : norcx_m2tm2 has 0 polygons
2026-04-11 05:16:02 +0200: Memory Usage (446820K) : norcx_m3m4 has 0 polygons
2026-04-11 05:16:02 +0200: Memory Usage (446820K) : norcx_m3m5 has 0 polygons
2026-04-11 05:16:02 +0200: Memory Usage (446820K) : norcx_m3tm1 has 0 polygons
2026-04-11 05:16:02 +0200: Memory Usage (446820K) : norcx_m3tm2 has 0 polygons
2026-04-11 05:16:02 +0200: Memory Usage (446820K) : norcx_m4m5 has 0 polygons
2026-04-11 05:16:02 +0200: Memory Usage (446820K) : norcx_m4tm1 has 0 polygons
2026-04-11 05:16:02 +0200: Memory Usage (446820K) : norcx_m4tm2 has 0 polygons
2026-04-11 05:16:02 +0200: Memory Usage (446820K) : norcx_m5tm1 has 0 polygons
2026-04-11 05:16:02 +0200: Memory Usage (446820K) : norcx_m5tm2 has 0 polygons
2026-04-11 05:16:02 +0200: Memory Usage (446820K) : norcx_tm1tm2 has 0 polygons
2026-04-11 05:16:02 +0200: Memory Usage (446820K) : norcx_m1sub has 0 polygons
2026-04-11 05:16:02 +0200: Memory Usage (446820K) : norcx_m2sub has 0 polygons
2026-04-11 05:16:02 +0200: Memory Usage (446820K) : norcx_m3sub has 0 polygons
2026-04-11 05:16:02 +0200: Memory Usage (446820K) : norcx_m4sub has 0 polygons
2026-04-11 05:16:02 +0200: Memory Usage (446820K) : norcx_m5sub has 0 polygons
2026-04-11 05:16:02 +0200: Memory Usage (446820K) : norcx_tm1sub has 0 polygons
2026-04-11 05:16:02 +0200: Memory Usage (446820K) : norcx_tm2sub has 0 polygons
2026-04-11 05:16:02 +0200: Memory Usage (446820K) : snsbotvia_drw has 0 polygons
2026-04-11 05:16:02 +0200: Memory Usage (446820K) : snstopvia_drw has 0 polygons
2026-04-11 05:16:02 +0200: Memory Usage (446820K) : deepvia_drw has 0 polygons
2026-04-11 05:16:02 +0200: Memory Usage (446820K) : fgetch_drw has 0 polygons
2026-04-11 05:16:02 +0200: Memory Usage (446820K) : ctrgat_drw has 0 polygons
2026-04-11 05:16:02 +0200: Memory Usage (446820K) : fgimp_drw has 0 polygons
2026-04-11 05:16:02 +0200: Memory Usage (446820K) : emwihv_drw has 0 polygons
2026-04-11 05:16:02 +0200: Memory Usage (446820K) : lbe_drw has 0 polygons
2026-04-11 05:16:02 +0200: Memory Usage (446820K) : alcustop_drw has 0 polygons
2026-04-11 05:16:02 +0200: Memory Usage (446820K) : nometfiller_drw has 0 polygons
2026-04-11 05:16:02 +0200: Memory Usage (446820K) : prboundary_drw has 0 polygons
2026-04-11 05:16:02 +0200: Memory Usage (446820K) : exchange0_drw has 0 polygons
2026-04-11 05:16:02 +0200: Memory Usage (446820K) : exchange0_pin has 0 polygons
2026-04-11 05:16:02 +0200: Memory Usage (446820K) : exchange0_text has 0 polygons
2026-04-11 05:16:02 +0200: Memory Usage (446820K) : exchange1_drw has 0 polygons
2026-04-11 05:16:02 +0200: Memory Usage (446820K) : exchange1_pin has 0 polygons
2026-04-11 05:16:02 +0200: Memory Usage (446820K) : exchange1_text has 0 polygons
2026-04-11 05:16:02 +0200: Memory Usage (446820K) : exchange2_drw has 0 polygons
2026-04-11 05:16:02 +0200: Memory Usage (446820K) : exchange2_pin has 0 polygons
2026-04-11 05:16:02 +0200: Memory Usage (446820K) : exchange2_text has 0 polygons
2026-04-11 05:16:02 +0200: Memory Usage (446820K) : exchange3_drw has 0 polygons
2026-04-11 05:16:02 +0200: Memory Usage (446820K) : exchange3_pin has 0 polygons
2026-04-11 05:16:02 +0200: Memory Usage (446820K) : exchange3_text has 0 polygons
2026-04-11 05:16:02 +0200: Memory Usage (446820K) : exchange4_drw has 0 polygons
2026-04-11 05:16:02 +0200: Memory Usage (446820K) : exchange4_pin has 0 polygons
2026-04-11 05:16:02 +0200: Memory Usage (446820K) : exchange4_text has 0 polygons
2026-04-11 05:16:02 +0200: Memory Usage (446820K) : isonwell_drw has 0 polygons
2026-04-11 05:16:02 +0200: Memory Usage (446820K) : Total no. of polygons in the design is 6716
2026-04-11 05:16:02 +0200: Memory Usage (446820K) : Starting base layers derivations
2026-04-11 05:16:02 +0200: Memory Usage (446820K) : Starting general LVS derivations
2026-04-11 05:16:02 +0200: Memory Usage (450660K) : Starting MOSFET DERIVATIONS
2026-04-11 05:16:02 +0200: Memory Usage (452836K) : Starting NMOS DERIVATIONS
2026-04-11 05:16:02 +0200: Memory Usage (453220K) : Starting PMOS DERIVATIONS
2026-04-11 05:16:02 +0200: Memory Usage (453220K) : Starting RF-MOSFET DERIVATIONS
2026-04-11 05:16:02 +0200: Memory Usage (453220K) : Starting RF-NMOS DERIVATIONS
2026-04-11 05:16:02 +0200: Memory Usage (453476K) : Starting RF-PMOS DERIVATIONS
2026-04-11 05:16:02 +0200: Memory Usage (453604K) : Starting BJT DERIVATIONS
2026-04-11 05:16:02 +0200: Memory Usage (453604K) : Starting NPN-BJT DERIVATIONS
2026-04-11 05:16:02 +0200: Memory Usage (458852K) : Starting PNP-BJT DERIVATIONS
2026-04-11 05:16:02 +0200: Memory Usage (460132K) : Starting DIODE DERIVATIONS
2026-04-11 05:16:02 +0200: Memory Usage (462692K) : Starting RESISTOR DERIVATIONS
2026-04-11 05:16:03 +0200: Memory Usage (462692K) : Starting CAP DERIVATIONS
2026-04-11 05:16:03 +0200: Memory Usage (463204K) : Starting ESD DERIVATIONS
2026-04-11 05:16:03 +0200: Memory Usage (463204K) : Starting Inductor DERIVATIONS
2026-04-11 05:16:03 +0200: Memory Usage (463332K) : Starting Taps DERIVATIONS
2026-04-11 05:16:03 +0200: Memory Usage (463332K) : Starting SG13G2 LVS connectivity setup
2026-04-11 05:16:03 +0200: Memory Usage (463332K) : Starting SG13G2 LVS connectivity setup (Inter-layer)
2026-04-11 05:16:03 +0200: Memory Usage (463972K) : Starting SG13G2 LVS connectivity setup (Global)
2026-04-11 05:16:03 +0200: Memory Usage (463972K) : Starting LVS MOSFET CONNECTIONS
2026-04-11 05:16:03 +0200: Memory Usage (463972K) : Starting LVS RF-MOSFET CONNECTIONS
2026-04-11 05:16:03 +0200: Memory Usage (463972K) : Starting LVS BJT CONNECTIONS
2026-04-11 05:16:03 +0200: Memory Usage (463972K) : Starting LVS DIODE CONNECTIONS
2026-04-11 05:16:03 +0200: Memory Usage (463972K) : Starting RESISTOR CONNECTIONS
2026-04-11 05:16:03 +0200: Memory Usage (463972K) : Starting LVS CAP CONNECTIONS
2026-04-11 05:16:03 +0200: Memory Usage (463972K) : Starting ESD CONNECTIONS
2026-04-11 05:16:03 +0200: Memory Usage (463972K) : Starting Inductor CONNECTIONS
2026-04-11 05:16:03 +0200: Memory Usage (463972K) : Starting LVS Taps CONNECTIONS
2026-04-11 05:16:03 +0200: Memory Usage (463972K) : Starting SG13G2 LVS DEVICES EXTRACTION
2026-04-11 05:16:03 +0200: Memory Usage (463972K) : Starting MOSFET EXTRACTION
2026-04-11 05:16:03 +0200: Memory Usage (463972K) : Starting NMOS EXTRACTION
2026-04-11 05:16:03 +0200: Memory Usage (463972K) : Extraction of NMOS-LV transistor
2026-04-11 05:16:03 +0200: Memory Usage (464356K) : Extraction of NMOS-HV transistor
2026-04-11 05:16:03 +0200: Memory Usage (464356K) : Starting PMOS EXTRACTION
2026-04-11 05:16:03 +0200: Memory Usage (464356K) : Extraction of PMOS-LV transistor
2026-04-11 05:16:03 +0200: Memory Usage (464356K) : Extraction of PMOS-HV transistor
2026-04-11 05:16:03 +0200: Memory Usage (464356K) : Starting RF-MOSFET EXTRACTION
2026-04-11 05:16:03 +0200: Memory Usage (464356K) : Extraction of RF-NMOS-LV transistor
2026-04-11 05:16:03 +0200: Memory Usage (464356K) : Extraction of RF-NMOS-HV transistor
2026-04-11 05:16:03 +0200: Memory Usage (464356K) : Extraction of RF-PMOS-LV transistor
2026-04-11 05:16:03 +0200: Memory Usage (464356K) : Extraction of RF-PMOS-HV transistor
2026-04-11 05:16:03 +0200: Memory Usage (464356K) : Starting BJT EXTRACTION
2026-04-11 05:16:03 +0200: Memory Usage (464356K) : Starting NPN-BJT EXTRACTION
2026-04-11 05:16:03 +0200: Memory Usage (464356K) : Extraction of npn13G2 BJT transistor
2026-04-11 05:16:03 +0200: Memory Usage (464356K) : Extraction of npn13G2L BJT transistor
2026-04-11 05:16:03 +0200: Memory Usage (464356K) : Extraction of npn13G2V BJT transistor
2026-04-11 05:16:03 +0200: Memory Usage (464356K) : Starting PNP-BJT EXTRACTION
2026-04-11 05:16:03 +0200: Memory Usage (464356K) : Extracting pnpMPA BJT
2026-04-11 05:16:03 +0200: Memory Usage (464356K) : Starting DIODE EXTRACTION
2026-04-11 05:16:03 +0200: Memory Usage (464356K) : Extracting dantenna diode
2026-04-11 05:16:03 +0200: Memory Usage (464356K) : Extracting dpantenna diode
2026-04-11 05:16:03 +0200: Memory Usage (464356K) : Extracting schottky_nbl1 diode
2026-04-11 05:16:03 +0200: Memory Usage (464356K) : Extracting isolbox diode
2026-04-11 05:16:03 +0200: Memory Usage (464356K) : Starting RESISTOR EXTRACTION
2026-04-11 05:16:03 +0200: Memory Usage (464356K) : Extracting rsil resistor
2026-04-11 05:16:03 +0200: Memory Usage (464356K) : Extracting rppd resistor
2026-04-11 05:16:03 +0200: Memory Usage (464356K) : Extracting rhigh resistor
2026-04-11 05:16:03 +0200: Memory Usage (464356K) : Extracting res_metal1 resistor
2026-04-11 05:16:03 +0200: Memory Usage (464484K) : Extracting res_metal2 resistor
2026-04-11 05:16:03 +0200: Memory Usage (464484K) : Extracting res_metal3 resistor
2026-04-11 05:16:03 +0200: Memory Usage (464484K) : Extracting res_metal4 resistor
2026-04-11 05:16:03 +0200: Memory Usage (464484K) : Extracting res_metal5 resistor
2026-04-11 05:16:03 +0200: Memory Usage (464484K) : Extracting res_topmetal1 resistor
2026-04-11 05:16:03 +0200: Memory Usage (464484K) : Extracting res_topmetal2 resistor
2026-04-11 05:16:03 +0200: Memory Usage (464484K) : Starting CAP EXTRACTION
2026-04-11 05:16:03 +0200: Memory Usage (464484K) : Extracting cap_cmim device
2026-04-11 05:16:03 +0200: Memory Usage (464484K) : Extracting rfcmim device
2026-04-11 05:16:03 +0200: Memory Usage (464484K) : Extracting sg13_hv_svaricap varactor
2026-04-11 05:16:03 +0200: Memory Usage (464484K) : Starting ESD EXTRACTION
2026-04-11 05:16:03 +0200: Memory Usage (464484K) : Extracting diodevdd_2kv ESD device
2026-04-11 05:16:03 +0200: Memory Usage (464484K) : Extracting diodevdd_4kv ESD device
2026-04-11 05:16:03 +0200: Memory Usage (464484K) : Extracting diodevss_2kv ESD device
2026-04-11 05:16:03 +0200: Memory Usage (464484K) : Extracting diodevss_4kv ESD device
2026-04-11 05:16:03 +0200: Memory Usage (464484K) : Extracting idiodevdd_2kv ESD device
2026-04-11 05:16:03 +0200: Memory Usage (464484K) : Extracting idiodevdd_4kv ESD device
2026-04-11 05:16:03 +0200: Memory Usage (464484K) : Extracting idiodevss_2kv ESD device
2026-04-11 05:16:03 +0200: Memory Usage (464484K) : Extracting idiodevss_4kv ESD device
2026-04-11 05:16:03 +0200: Memory Usage (464484K) : Extracting nmoscl_2 ESD device
2026-04-11 05:16:03 +0200: Memory Usage (464484K) : Extracting nmoscl_4 ESD device
2026-04-11 05:16:03 +0200: Memory Usage (464484K) : Starting Inductor EXTRACTION
2026-04-11 05:16:03 +0200: Memory Usage (464484K) : Extracting Inductor2 device
2026-04-11 05:16:03 +0200: Memory Usage (464484K) : Extracting Inductor3 device
2026-04-11 05:16:03 +0200: Memory Usage (464484K) : Starting Taps EXTRACTION
2026-04-11 05:16:03 +0200: Memory Usage (464484K) : Extracting ntap1 device
2026-04-11 05:16:03 +0200: Memory Usage (464484K) : Extracting ptap1 device
2026-04-11 05:16:03 +0200: Memory Usage (464484K) : Starting SG13G2 LVS RF MOS Model Mapping
2026-04-11 05:16:03 +0200: Memory Usage (464484K) : [layout_netlist] Apply RF MOS model mapping and rfmode parameter.
2026-04-11 05:16:03 +0200: Memory Usage (464484K) : Starting SG13G2 LVS Options Preparations
2026-04-11 05:16:03 +0200: Memory Usage (464484K) : SG13G2 LVS flow: extraction -> alignment -> option preparation -> comparison.
2026-04-11 05:16:03 +0200: Memory Usage (464484K) : Starting SG13G2 LVS Alignment
2026-04-11 05:16:03 +0200: Memory Usage (464612K) : Starting SG13G2 LVS Simplification
2026-04-11 05:16:03 +0200: Memory Usage (464612K) : [layout_netlist] simplify: ENABLED
2026-04-11 05:16:03 +0200: Memory Usage (464612K) : [layout_netlist] make_top_level_pins: SKIPPED
2026-04-11 05:16:03 +0200: Memory Usage (464612K) : [layout_netlist] combine_devices: SKIPPED
2026-04-11 05:16:03 +0200: Memory Usage (464612K) : [layout_netlist] purge: SKIPPED
2026-04-11 05:16:03 +0200: Memory Usage (464612K) : [layout_netlist] purge_nets: SKIPPED
2026-04-11 05:16:03 +0200: Memory Usage (464612K) : [schematic_netlist] simplify: ENABLED
2026-04-11 05:16:03 +0200: Memory Usage (464612K) : [schematic_netlist] make_top_level_pins: SKIPPED
2026-04-11 05:16:03 +0200: Memory Usage (464612K) : [schematic_netlist] combine_devices: SKIPPED
2026-04-11 05:16:03 +0200: Memory Usage (464612K) : [schematic_netlist] purge: SKIPPED
2026-04-11 05:16:03 +0200: Memory Usage (464612K) : [schematic_netlist] purge_nets: SKIPPED
2026-04-11 05:16:03 +0200: Memory Usage (464612K) : Starting SG13G2 LVS Comparison in strict port mode.
2026-04-11 05:16:03 +0200: Memory Usage (464612K) : flag_missing_ports enabled: missing/mislabeled top-level ports are treated as errors.
2026-04-11 05:16:03 +0200: Memory Usage (464740K) : xxxxxxxxxxxxxxxxxxxxxxxxxxxxxxxxxxxxxxxxxx
2026-04-11 05:16:03 +0200: Memory Usage (464740K) : ERROR : Netlists don't match
2026-04-11 05:16:03 +0200: Memory Usage (464740K) : xxxxxxxxxxxxxxxxxxxxxxxxxxxxxxxxxxxxxxxxxx
2026-04-11 05:16:03 +0200: Memory Usage (464740K) : LVS Total Run time 1.627011 seconds
