# Logfile created on 2026-04-11 05:13:40 +0200 by logger.rb/v1.4.3
2026-04-11 05:13:40 +0200: Memory Usage (430780K) : Starting running SG13G2 Klayout LVS runset on /home/designer/shared/frac-n-pll-vco-unic_cass/layout/LC_VCO.gds
2026-04-11 05:13:40 +0200: Memory Usage (430780K) : Ruby Version for klayout: 3.0.2
2026-04-11 05:13:40 +0200: Memory Usage (431932K) : Loading database to memory is complete.
2026-04-11 05:13:40 +0200: Memory Usage (431932K) : SG13G2 Klayout LVS runset output at: /home/designer/shared/frac-n-pll-vco-unic_cass/lvs_run_LC_VCO_2026_04_11_05_13_38/LC_VCO.lvsdb
2026-04-11 05:13:40 +0200: Memory Usage (431932K) : Evaluate switches.
2026-04-11 05:13:40 +0200: Memory Usage (431932K) : Extracted netlist with net names: true
2026-04-11 05:13:40 +0200: Memory Usage (431932K) : Extracted netlist with comments in details: false
2026-04-11 05:13:40 +0200: Memory Usage (431932K) : Selected NET_ONLY option: false
2026-04-11 05:13:40 +0200: Memory Usage (431932K) : Selected LAYOUT_NETLIST option: (none)
2026-04-11 05:13:40 +0200: Memory Usage (431932K) : Selected IGNORE_TOP_PORTS_MISMATCH option: 
2026-04-11 05:13:40 +0200: Memory Usage (431932K) : Selected IMPLICIT_NETS option: (none)
2026-04-11 05:13:40 +0200: Memory Usage (431932K) : Selected TOP_LVL_PINS option: false
2026-04-11 05:13:40 +0200: Memory Usage (431932K) : Selected COMBINE DEVICES option: false
2026-04-11 05:13:40 +0200: Memory Usage (431932K) : Selected PURGE option: false
2026-04-11 05:13:40 +0200: Memory Usage (431932K) : Selected PURGE_NETS option: false
2026-04-11 05:13:40 +0200: Memory Usage (431932K) : Selected SIMPLIFY option: true
2026-04-11 05:13:40 +0200: Memory Usage (431932K) : Selected SERIES_RES option: true
2026-04-11 05:13:40 +0200: Memory Usage (431932K) : Selected PARALLEL_RES option: true
2026-04-11 05:13:40 +0200: Memory Usage (431932K) : flat  mode is enabled.
2026-04-11 05:13:40 +0200: Memory Usage (432956K) : Netlist file: /home/designer/shared/frac-n-pll-vco-unic_cass/schematic/lc-vco/simulations/LC_VCO.spice
2026-04-11 05:13:40 +0200: Memory Usage (432956K) : LVS extracted netlist at: /home/designer/shared/frac-n-pll-vco-unic_cass/lvs_run_LC_VCO_2026_04_11_05_13_38/LC_VCO_extracted.cir
2026-04-11 05:13:40 +0200: Memory Usage (432956K) : Applying SRAM integration support.
2026-04-11 05:13:40 +0200: Memory Usage (432956K) : Starting SG13G2 LVS runset
2026-04-11 05:13:40 +0200: Memory Usage (432956K) : Read in polygons from layers.
2026-04-11 05:13:40 +0200: Memory Usage (433724K) : activ_drw has 24 polygons
2026-04-11 05:13:40 +0200: Memory Usage (433724K) : activ_filler has 0 polygons
2026-04-11 05:13:40 +0200: Memory Usage (433724K) : activ has 24 polygons
2026-04-11 05:13:40 +0200: Memory Usage (433724K) : activ_pin has 0 polygons
2026-04-11 05:13:40 +0200: Memory Usage (433724K) : activ_mask has 0 polygons
2026-04-11 05:13:40 +0200: Memory Usage (433724K) : activ_nofill has 1 polygons
2026-04-11 05:13:40 +0200: Memory Usage (433724K) : activ_OPC has 0 polygons
2026-04-11 05:13:40 +0200: Memory Usage (433980K) : activ_iOPC has 0 polygons
2026-04-11 05:13:40 +0200: Memory Usage (433980K) : activ_noqrc has 1 polygons
2026-04-11 05:13:40 +0200: Memory Usage (433980K) : biwind_drw has 0 polygons
2026-04-11 05:13:40 +0200: Memory Usage (433980K) : biwind_OPC has 0 polygons
2026-04-11 05:13:40 +0200: Memory Usage (434108K) : gatpoly_drw has 14 polygons
2026-04-11 05:13:40 +0200: Memory Usage (434236K) : gatpoly_filler has 0 polygons
2026-04-11 05:13:40 +0200: Memory Usage (434236K) : gatpoly has 14 polygons
2026-04-11 05:13:40 +0200: Memory Usage (434364K) : gatpoly_pin has 6 polygons
2026-04-11 05:13:40 +0200: Memory Usage (434492K) : gatpoly_nofill has 0 polygons
2026-04-11 05:13:40 +0200: Memory Usage (434620K) : gatpoly_OPC has 0 polygons
2026-04-11 05:13:40 +0200: Memory Usage (434748K) : gatpoly_iOPC has 0 polygons
2026-04-11 05:13:40 +0200: Memory Usage (434876K) : gatpoly_noqrc has 0 polygons
2026-04-11 05:13:40 +0200: Memory Usage (436156K) : cont_drw has 4643 polygons
2026-04-11 05:13:40 +0200: Memory Usage (436156K) : cont_OPC has 0 polygons
2026-04-11 05:13:40 +0200: Memory Usage (436156K) : nsd_drw has 0 polygons
2026-04-11 05:13:40 +0200: Memory Usage (436156K) : nsd_block has 0 polygons
2026-04-11 05:13:40 +0200: Memory Usage (436156K) : metal1_drw has 40 polygons
2026-04-11 05:13:40 +0200: Memory Usage (436156K) : metal1_filler has 0 polygons
2026-04-11 05:13:40 +0200: Memory Usage (436412K) : metal1_slit has 0 polygons
2026-04-11 05:13:40 +0200: Memory Usage (436412K) : metal1 has 40 polygons
2026-04-11 05:13:40 +0200: Memory Usage (436412K) : metal1_pin has 25 polygons
2026-04-11 05:13:40 +0200: Memory Usage (436540K) : metal1_mask has 0 polygons
2026-04-11 05:13:40 +0200: Memory Usage (436668K) : metal1_nofill has 1 polygons
2026-04-11 05:13:40 +0200: Memory Usage (436668K) : metal1_text has 4 polygons
2026-04-11 05:13:40 +0200: Memory Usage (436796K) : metal1_OPC has 0 polygons
2026-04-11 05:13:40 +0200: Memory Usage (436924K) : metal1_noqrc has 1 polygons
2026-04-11 05:13:40 +0200: Memory Usage (437052K) : metal1_res has 0 polygons
2026-04-11 05:13:40 +0200: Memory Usage (437180K) : metal1_iprobe has 0 polygons
2026-04-11 05:13:40 +0200: Memory Usage (437308K) : metal1_diffprb has 0 polygons
2026-04-11 05:13:40 +0200: Memory Usage (437436K) : passiv_drw has 0 polygons
2026-04-11 05:13:40 +0200: Memory Usage (437564K) : passiv_pin has 0 polygons
2026-04-11 05:13:40 +0200: Memory Usage (437692K) : passiv_sbump has 0 polygons
2026-04-11 05:13:40 +0200: Memory Usage (437820K) : passiv_pillar has 0 polygons
2026-04-11 05:13:40 +0200: Memory Usage (437948K) : passiv_pdl has 0 polygons
2026-04-11 05:13:40 +0200: Memory Usage (438076K) : metal2_drw has 13 polygons
2026-04-11 05:13:40 +0200: Memory Usage (438204K) : metal2_filler has 0 polygons
2026-04-11 05:13:40 +0200: Memory Usage (438332K) : metal2_slit has 0 polygons
2026-04-11 05:13:40 +0200: Memory Usage (438460K) : metal2 has 13 polygons
2026-04-11 05:13:40 +0200: Memory Usage (438588K) : metal2_pin has 5 polygons
2026-04-11 05:13:40 +0200: Memory Usage (438716K) : metal2_mask has 0 polygons
2026-04-11 05:13:40 +0200: Memory Usage (438844K) : metal2_nofill has 1 polygons
2026-04-11 05:13:40 +0200: Memory Usage (438972K) : metal2_text has 5 polygons
2026-04-11 05:13:40 +0200: Memory Usage (439100K) : metal2_OPC has 0 polygons
2026-04-11 05:13:40 +0200: Memory Usage (439100K) : metal2_noqrc has 1 polygons
2026-04-11 05:13:40 +0200: Memory Usage (439228K) : metal2_res has 0 polygons
2026-04-11 05:13:40 +0200: Memory Usage (439356K) : metal2_iprobe has 0 polygons
2026-04-11 05:13:40 +0200: Memory Usage (439484K) : metal2_diffprb has 0 polygons
2026-04-11 05:13:40 +0200: Memory Usage (439612K) : baspoly_drw has 0 polygons
2026-04-11 05:13:40 +0200: Memory Usage (439740K) : baspoly_pin has 0 polygons
2026-04-11 05:13:40 +0200: Memory Usage (439868K) : psd_drw has 19 polygons
2026-04-11 05:13:40 +0200: Memory Usage (439996K) : nldb_drw has 0 polygons
2026-04-11 05:13:40 +0200: Memory Usage (440124K) : digibnd_drw has 0 polygons
2026-04-11 05:13:40 +0200: Memory Usage (440252K) : via1_drw has 45 polygons
2026-04-11 05:13:40 +0200: Memory Usage (440380K) : backmetal1_drw has 0 polygons
2026-04-11 05:13:40 +0200: Memory Usage (440508K) : backmetal1_pin has 0 polygons
2026-04-11 05:13:40 +0200: Memory Usage (440636K) : backmetal1_mask has 0 polygons
2026-04-11 05:13:40 +0200: Memory Usage (440764K) : backmetal1_filler has 0 polygons
2026-04-11 05:13:40 +0200: Memory Usage (440892K) : backmetal1_nofill has 0 polygons
2026-04-11 05:13:40 +0200: Memory Usage (441020K) : backmetal1_slit has 0 polygons
2026-04-11 05:13:40 +0200: Memory Usage (441020K) : backmetal1_text has 0 polygons
2026-04-11 05:13:40 +0200: Memory Usage (441148K) : backmetal1_OPC has 0 polygons
2026-04-11 05:13:40 +0200: Memory Usage (441276K) : backmetal1_noqrc has 0 polygons
2026-04-11 05:13:40 +0200: Memory Usage (441404K) : backmetal1_res has 0 polygons
2026-04-11 05:13:40 +0200: Memory Usage (441660K) : backmetal1_iprobe has 0 polygons
2026-04-11 05:13:40 +0200: Memory Usage (441788K) : backmetal1_diffprb has 0 polygons
2026-04-11 05:13:40 +0200: Memory Usage (441916K) : backpassiv_drw has 0 polygons
2026-04-11 05:13:40 +0200: Memory Usage (442044K) : res_drw has 0 polygons
2026-04-11 05:13:40 +0200: Memory Usage (442172K) : sram_drw has 0 polygons
2026-04-11 05:13:40 +0200: Memory Usage (442300K) : trans_drw has 0 polygons
2026-04-11 05:13:40 +0200: Memory Usage (442428K) : ind_drw has 2 polygons
2026-04-11 05:13:40 +0200: Memory Usage (442556K) : ind_pin has 2 polygons
2026-04-11 05:13:40 +0200: Memory Usage (442556K) : ind_text has 0 polygons
2026-04-11 05:13:40 +0200: Memory Usage (442684K) : salblock_drw has 0 polygons
2026-04-11 05:13:40 +0200: Memory Usage (442812K) : via2_drw has 134 polygons
2026-04-11 05:13:40 +0200: Memory Usage (442940K) : metal3_drw has 4 polygons
2026-04-11 05:13:40 +0200: Memory Usage (443068K) : metal3_filler has 0 polygons
2026-04-11 05:13:40 +0200: Memory Usage (443196K) : metal3_slit has 0 polygons
2026-04-11 05:13:40 +0200: Memory Usage (443324K) : metal3 has 4 polygons
2026-04-11 05:13:41 +0200: Memory Usage (443452K) : metal3_pin has 0 polygons
2026-04-11 05:13:41 +0200: Memory Usage (443580K) : metal3_mask has 0 polygons
2026-04-11 05:13:41 +0200: Memory Usage (443708K) : metal3_nofill has 1 polygons
2026-04-11 05:13:41 +0200: Memory Usage (443708K) : metal3_text has 0 polygons
2026-04-11 05:13:41 +0200: Memory Usage (443836K) : metal3_OPC has 0 polygons
2026-04-11 05:13:41 +0200: Memory Usage (443964K) : metal3_noqrc has 1 polygons
2026-04-11 05:13:41 +0200: Memory Usage (444092K) : metal3_res has 0 polygons
2026-04-11 05:13:41 +0200: Memory Usage (444220K) : metal3_iprobe has 0 polygons
2026-04-11 05:13:41 +0200: Memory Usage (444348K) : metal3_diffprb has 0 polygons
2026-04-11 05:13:41 +0200: Memory Usage (444476K) : nwell_drw has 7 polygons
2026-04-11 05:13:41 +0200: Memory Usage (444604K) : nwell_pin has 0 polygons
2026-04-11 05:13:41 +0200: Memory Usage (444604K) : nwell_text has 0 polygons
2026-04-11 05:13:41 +0200: Memory Usage (444732K) : nbulay_drw has 2 polygons
2026-04-11 05:13:41 +0200: Memory Usage (444860K) : nbulay_pin has 0 polygons
2026-04-11 05:13:41 +0200: Memory Usage (444988K) : nbulay_block has 0 polygons
2026-04-11 05:13:41 +0200: Memory Usage (445116K) : emwind_drw has 0 polygons
2026-04-11 05:13:41 +0200: Memory Usage (445244K) : emwind_OPC has 0 polygons
2026-04-11 05:13:41 +0200: Memory Usage (445372K) : deepco_drw has 0 polygons
2026-04-11 05:13:41 +0200: Memory Usage (445500K) : mim_drw has 1 polygons
2026-04-11 05:13:41 +0200: Memory Usage (445756K) : edgeseal_drw has 0 polygons
2026-04-11 05:13:41 +0200: Memory Usage (445884K) : substrate_drw has 5 polygons
2026-04-11 05:13:41 +0200: Memory Usage (445884K) : substrate_text has 0 polygons
2026-04-11 05:13:41 +0200: Memory Usage (446012K) : dfpad_drw has 0 polygons
2026-04-11 05:13:41 +0200: Memory Usage (446140K) : dfpad_pillar has 0 polygons
2026-04-11 05:13:41 +0200: Memory Usage (446268K) : dfpad_sbump has 0 polygons
2026-04-11 05:13:41 +0200: Memory Usage (446396K) : thickgateox_drw has 0 polygons
2026-04-11 05:13:41 +0200: Memory Usage (446524K) : pldb_drw has 0 polygons
2026-04-11 05:13:41 +0200: Memory Usage (446652K) : pwell_drw has 0 polygons
2026-04-11 05:13:41 +0200: Memory Usage (446780K) : pwell_pin has 0 polygons
2026-04-11 05:13:41 +0200: Memory Usage (446908K) : pwell_block has 1 polygons
2026-04-11 05:13:41 +0200: Memory Usage (447036K) : ic_drw has 0 polygons
2026-04-11 05:13:41 +0200: Memory Usage (447164K) : via3_drw has 134 polygons
2026-04-11 05:13:41 +0200: Memory Usage (447292K) : metal4_drw has 4 polygons
2026-04-11 05:13:41 +0200: Memory Usage (447420K) : metal4_filler has 0 polygons
2026-04-11 05:13:41 +0200: Memory Usage (447548K) : metal4_slit has 0 polygons
2026-04-11 05:13:41 +0200: Memory Usage (447676K) : metal4 has 4 polygons
2026-04-11 05:13:41 +0200: Memory Usage (447804K) : metal4_pin has 0 polygons
2026-04-11 05:13:41 +0200: Memory Usage (447932K) : metal4_mask has 0 polygons
2026-04-11 05:13:41 +0200: Memory Usage (448060K) : metal4_nofill has 1 polygons
2026-04-11 05:13:41 +0200: Memory Usage (448060K) : metal4_text has 0 polygons
2026-04-11 05:13:41 +0200: Memory Usage (448188K) : metal4_OPC has 0 polygons
2026-04-11 05:13:41 +0200: Memory Usage (448316K) : metal4_noqrc has 1 polygons
2026-04-11 05:13:41 +0200: Memory Usage (448444K) : metal4_res has 0 polygons
2026-04-11 05:13:41 +0200: Memory Usage (448572K) : metal4_iprobe has 0 polygons
2026-04-11 05:13:41 +0200: Memory Usage (448700K) : metal4_diffprb has 0 polygons
2026-04-11 05:13:41 +0200: Memory Usage (448700K) : heattrans_drw has 99 polygons
2026-04-11 05:13:41 +0200: Memory Usage (448700K) : heatres_drw has 0 polygons
2026-04-11 05:13:41 +0200: Memory Usage (448700K) : fbe_drw has 0 polygons
2026-04-11 05:13:41 +0200: Memory Usage (448700K) : empoly_drw has 0 polygons
2026-04-11 05:13:41 +0200: Memory Usage (448700K) : digisub_drw has 0 polygons
2026-04-11 05:13:41 +0200: Memory Usage (448700K) : text_drw has 18 polygons
2026-04-11 05:13:41 +0200: Memory Usage (448700K) : via4_drw has 134 polygons
2026-04-11 05:13:41 +0200: Memory Usage (448700K) : metal5_drw has 4 polygons
2026-04-11 05:13:41 +0200: Memory Usage (448700K) : metal5_filler has 0 polygons
2026-04-11 05:13:41 +0200: Memory Usage (448700K) : metal5_slit has 0 polygons
2026-04-11 05:13:41 +0200: Memory Usage (448700K) : metal5 has 4 polygons
2026-04-11 05:13:41 +0200: Memory Usage (448700K) : metal5_pin has 1 polygons
2026-04-11 05:13:41 +0200: Memory Usage (448700K) : metal5_mask has 0 polygons
2026-04-11 05:13:41 +0200: Memory Usage (448700K) : metal5_nofill has 1 polygons
2026-04-11 05:13:41 +0200: Memory Usage (448700K) : metal5_text has 0 polygons
2026-04-11 05:13:41 +0200: Memory Usage (448700K) : metal5_OPC has 0 polygons
2026-04-11 05:13:41 +0200: Memory Usage (448700K) : metal5_noqrc has 1 polygons
2026-04-11 05:13:41 +0200: Memory Usage (448700K) : metal5_res has 0 polygons
2026-04-11 05:13:41 +0200: Memory Usage (448700K) : metal5_iprobe has 0 polygons
2026-04-11 05:13:41 +0200: Memory Usage (448700K) : metal5_diffprb has 0 polygons
2026-04-11 05:13:41 +0200: Memory Usage (448700K) : radhard_drw has 0 polygons
2026-04-11 05:13:41 +0200: Memory Usage (448700K) : memcap_drw has 0 polygons
2026-04-11 05:13:41 +0200: Memory Usage (448700K) : varicap_drw has 0 polygons
2026-04-11 05:13:41 +0200: Memory Usage (448700K) : intbondvia_drw has 0 polygons
2026-04-11 05:13:41 +0200: Memory Usage (448700K) : intbondmet_drw has 0 polygons
2026-04-11 05:13:41 +0200: Memory Usage (448700K) : devbondvia_drw has 0 polygons
2026-04-11 05:13:41 +0200: Memory Usage (448700K) : devbondmet_drw has 0 polygons
2026-04-11 05:13:41 +0200: Memory Usage (448700K) : devtrench_drw has 0 polygons
2026-04-11 05:13:41 +0200: Memory Usage (448700K) : redist_drw has 0 polygons
2026-04-11 05:13:41 +0200: Memory Usage (448700K) : graphbot_drw has 0 polygons
2026-04-11 05:13:41 +0200: Memory Usage (448700K) : graphtop_drw has 0 polygons
2026-04-11 05:13:41 +0200: Memory Usage (448700K) : antvia1_drw has 0 polygons
2026-04-11 05:13:41 +0200: Memory Usage (448700K) : antmetal2_drw has 0 polygons
2026-04-11 05:13:41 +0200: Memory Usage (448700K) : graphcont_drw has 0 polygons
2026-04-11 05:13:41 +0200: Memory Usage (448700K) : siwg_drw has 0 polygons
2026-04-11 05:13:41 +0200: Memory Usage (448700K) : siwg_filler has 0 polygons
2026-04-11 05:13:41 +0200: Memory Usage (448700K) : siwg_nofill has 0 polygons
2026-04-11 05:13:41 +0200: Memory Usage (448700K) : sigrating_drw has 0 polygons
2026-04-11 05:13:41 +0200: Memory Usage (448700K) : singrating_drw has 0 polygons
2026-04-11 05:13:41 +0200: Memory Usage (448700K) : graphpas_drw has 0 polygons
2026-04-11 05:13:41 +0200: Memory Usage (448700K) : emwind3_drw has 0 polygons
2026-04-11 05:13:41 +0200: Memory Usage (448700K) : emwihv3_drw has 0 polygons
2026-04-11 05:13:41 +0200: Memory Usage (448700K) : redbulay_drw has 0 polygons
2026-04-11 05:13:41 +0200: Memory Usage (448700K) : smos_drw has 0 polygons
2026-04-11 05:13:41 +0200: Memory Usage (448700K) : graphpad_drw has 0 polygons
2026-04-11 05:13:41 +0200: Memory Usage (448700K) : polimide_drw has 0 polygons
2026-04-11 05:13:41 +0200: Memory Usage (448700K) : polimide_pin has 0 polygons
2026-04-11 05:13:41 +0200: Memory Usage (448700K) : recog_drw has 0 polygons
2026-04-11 05:13:41 +0200: Memory Usage (448700K) : recog_pin has 0 polygons
2026-04-11 05:13:41 +0200: Memory Usage (448700K) : recog_esd has 0 polygons
2026-04-11 05:13:41 +0200: Memory Usage (448700K) : recog_diode has 0 polygons
2026-04-11 05:13:41 +0200: Memory Usage (448700K) : recog_tsv has 0 polygons
2026-04-11 05:13:41 +0200: Memory Usage (448700K) : recog_iprobe has 0 polygons
2026-04-11 05:13:41 +0200: Memory Usage (448700K) : recog_diffprb has 0 polygons
2026-04-11 05:13:41 +0200: Memory Usage (448700K) : recog_pillar has 0 polygons
2026-04-11 05:13:41 +0200: Memory Usage (448700K) : recog_sbump has 0 polygons
2026-04-11 05:13:41 +0200: Memory Usage (448700K) : recog_otp has 0 polygons
2026-04-11 05:13:41 +0200: Memory Usage (448700K) : recog_pdiode has 0 polygons
2026-04-11 05:13:41 +0200: Memory Usage (448700K) : recog_mom has 0 polygons
2026-04-11 05:13:41 +0200: Memory Usage (448700K) : recog_pcm has 0 polygons
2026-04-11 05:13:41 +0200: Memory Usage (448700K) : colopen_drw has 0 polygons
2026-04-11 05:13:41 +0200: Memory Usage (448700K) : graphmetal1_drw has 0 polygons
2026-04-11 05:13:41 +0200: Memory Usage (448700K) : graphmetal1_filler has 0 polygons
2026-04-11 05:13:41 +0200: Memory Usage (448700K) : graphmetal1_nofill has 0 polygons
2026-04-11 05:13:41 +0200: Memory Usage (448700K) : graphmetal1_slit has 0 polygons
2026-04-11 05:13:41 +0200: Memory Usage (448700K) : graphmetal1_OPC has 0 polygons
2026-04-11 05:13:41 +0200: Memory Usage (448700K) : graphmet1l_drw has 0 polygons
2026-04-11 05:13:41 +0200: Memory Usage (448700K) : graphmet1l_filler has 0 polygons
2026-04-11 05:13:41 +0200: Memory Usage (448700K) : graphmet1l_nofill has 0 polygons
2026-04-11 05:13:41 +0200: Memory Usage (448700K) : graphmet1l_slit has 0 polygons
2026-04-11 05:13:41 +0200: Memory Usage (448700K) : graphmet1l_OPC has 0 polygons
2026-04-11 05:13:41 +0200: Memory Usage (448700K) : extblock_drw has 0 polygons
2026-04-11 05:13:41 +0200: Memory Usage (448700K) : nldd_drw has 0 polygons
2026-04-11 05:13:41 +0200: Memory Usage (448700K) : pldd_drw has 0 polygons
2026-04-11 05:13:41 +0200: Memory Usage (448700K) : next_drw has 0 polygons
2026-04-11 05:13:41 +0200: Memory Usage (448700K) : pext_drw has 0 polygons
2026-04-11 05:13:41 +0200: Memory Usage (448700K) : nexthv_drw has 0 polygons
2026-04-11 05:13:41 +0200: Memory Usage (448700K) : pexthv_drw has 0 polygons
2026-04-11 05:13:41 +0200: Memory Usage (448700K) : graphgate_drw has 0 polygons
2026-04-11 05:13:41 +0200: Memory Usage (448700K) : sinwg_drw has 0 polygons
2026-04-11 05:13:41 +0200: Memory Usage (448700K) : sinwg_filler has 0 polygons
2026-04-11 05:13:41 +0200: Memory Usage (448700K) : sinwg_nofill has 0 polygons
2026-04-11 05:13:41 +0200: Memory Usage (448700K) : mempad_drw has 0 polygons
2026-04-11 05:13:41 +0200: Memory Usage (448700K) : topvia1_drw has 129 polygons
2026-04-11 05:13:41 +0200: Memory Usage (448700K) : topmetal1_drw has 5 polygons
2026-04-11 05:13:41 +0200: Memory Usage (448700K) : topmetal1_filler has 0 polygons
2026-04-11 05:13:41 +0200: Memory Usage (448700K) : topmetal1_slit has 0 polygons
2026-04-11 05:13:41 +0200: Memory Usage (448700K) : topmetal1 has 5 polygons
2026-04-11 05:13:41 +0200: Memory Usage (448700K) : topmetal1_pin has 1 polygons
2026-04-11 05:13:41 +0200: Memory Usage (448700K) : topmetal1_mask has 0 polygons
2026-04-11 05:13:41 +0200: Memory Usage (448700K) : topmetal1_nofill has 1 polygons
2026-04-11 05:13:41 +0200: Memory Usage (448700K) : topmetal1_text has 0 polygons
2026-04-11 05:13:41 +0200: Memory Usage (448700K) : topmetal1_noqrc has 1 polygons
2026-04-11 05:13:41 +0200: Memory Usage (448700K) : topmetal1_res has 0 polygons
2026-04-11 05:13:41 +0200: Memory Usage (448700K) : topmetal1_iprobe has 0 polygons
2026-04-11 05:13:41 +0200: Memory Usage (448700K) : topmetal1_diffprb has 0 polygons
2026-04-11 05:13:41 +0200: Memory Usage (448700K) : inldpwl_drw has 0 polygons
2026-04-11 05:13:41 +0200: Memory Usage (448700K) : polyres_drw has 0 polygons
2026-04-11 05:13:41 +0200: Memory Usage (448700K) : polyres_pin has 0 polygons
2026-04-11 05:13:41 +0200: Memory Usage (448700K) : vmim_drw has 576 polygons
2026-04-11 05:13:41 +0200: Memory Usage (448700K) : nbulaycut_drw has 0 polygons
2026-04-11 05:13:41 +0200: Memory Usage (448700K) : antmetal1_drw has 0 polygons
2026-04-11 05:13:41 +0200: Memory Usage (448700K) : topvia2_drw has 488 polygons
2026-04-11 05:13:41 +0200: Memory Usage (448828K) : topmetal2_drw has 3 polygons
2026-04-11 05:13:41 +0200: Memory Usage (448828K) : topmetal2_filler has 0 polygons
2026-04-11 05:13:41 +0200: Memory Usage (448828K) : topmetal2_slit has 0 polygons
2026-04-11 05:13:41 +0200: Memory Usage (448828K) : topmetal2 has 3 polygons
2026-04-11 05:13:41 +0200: Memory Usage (448828K) : topmetal2_pin has 0 polygons
2026-04-11 05:13:41 +0200: Memory Usage (448828K) : topmetal2_mask has 0 polygons
2026-04-11 05:13:41 +0200: Memory Usage (448828K) : topmetal2_nofill has 1 polygons
2026-04-11 05:13:41 +0200: Memory Usage (448828K) : topmetal2_text has 0 polygons
2026-04-11 05:13:41 +0200: Memory Usage (448828K) : topmetal2_noqrc has 0 polygons
2026-04-11 05:13:41 +0200: Memory Usage (448828K) : topmetal2_res has 0 polygons
2026-04-11 05:13:41 +0200: Memory Usage (448828K) : topmetal2_iprobe has 0 polygons
2026-04-11 05:13:41 +0200: Memory Usage (448828K) : topmetal2_diffprb has 0 polygons
2026-04-11 05:13:41 +0200: Memory Usage (448828K) : snsring_drw has 0 polygons
2026-04-11 05:13:41 +0200: Memory Usage (448828K) : sensor_drw has 0 polygons
2026-04-11 05:13:41 +0200: Memory Usage (448828K) : snsarms_drw has 0 polygons
2026-04-11 05:13:41 +0200: Memory Usage (448828K) : snscmosvia_drw has 0 polygons
2026-04-11 05:13:41 +0200: Memory Usage (448828K) : colwind_drw has 0 polygons
2026-04-11 05:13:41 +0200: Memory Usage (448828K) : flm_drw has 0 polygons
2026-04-11 05:13:41 +0200: Memory Usage (448828K) : hafniumox_drw has 0 polygons
2026-04-11 05:13:41 +0200: Memory Usage (448828K) : memvia_drw has 0 polygons
2026-04-11 05:13:41 +0200: Memory Usage (448828K) : thinfilmres_drw has 0 polygons
2026-04-11 05:13:41 +0200: Memory Usage (448828K) : rfmem_drw has 0 polygons
2026-04-11 05:13:41 +0200: Memory Usage (448828K) : norcx_drw has 0 polygons
2026-04-11 05:13:41 +0200: Memory Usage (448828K) : norcx_m2m3 has 0 polygons
2026-04-11 05:13:41 +0200: Memory Usage (448828K) : norcx_m2m4 has 0 polygons
2026-04-11 05:13:41 +0200: Memory Usage (448828K) : norcx_m2m5 has 0 polygons
2026-04-11 05:13:41 +0200: Memory Usage (448956K) : norcx_m2tm1 has 0 polygons
2026-04-11 05:13:41 +0200: Memory Usage (449084K) : norcx_m2tm2 has 0 polygons
2026-04-11 05:13:41 +0200: Memory Usage (449212K) : norcx_m3m4 has 0 polygons
2026-04-11 05:13:41 +0200: Memory Usage (449340K) : norcx_m3m5 has 0 polygons
2026-04-11 05:13:41 +0200: Memory Usage (449468K) : norcx_m3tm1 has 0 polygons
2026-04-11 05:13:41 +0200: Memory Usage (449596K) : norcx_m3tm2 has 0 polygons
2026-04-11 05:13:41 +0200: Memory Usage (449724K) : norcx_m4m5 has 0 polygons
2026-04-11 05:13:41 +0200: Memory Usage (449852K) : norcx_m4tm1 has 0 polygons
2026-04-11 05:13:41 +0200: Memory Usage (449980K) : norcx_m4tm2 has 0 polygons
2026-04-11 05:13:41 +0200: Memory Usage (450108K) : norcx_m5tm1 has 0 polygons
2026-04-11 05:13:41 +0200: Memory Usage (450236K) : norcx_m5tm2 has 0 polygons
2026-04-11 05:13:41 +0200: Memory Usage (450364K) : norcx_tm1tm2 has 0 polygons
2026-04-11 05:13:41 +0200: Memory Usage (450492K) : norcx_m1sub has 0 polygons
2026-04-11 05:13:41 +0200: Memory Usage (450620K) : norcx_m2sub has 0 polygons
2026-04-11 05:13:41 +0200: Memory Usage (450748K) : norcx_m3sub has 0 polygons
2026-04-11 05:13:41 +0200: Memory Usage (450876K) : norcx_m4sub has 0 polygons
2026-04-11 05:13:41 +0200: Memory Usage (451004K) : norcx_m5sub has 0 polygons
2026-04-11 05:13:41 +0200: Memory Usage (451132K) : norcx_tm1sub has 0 polygons
2026-04-11 05:13:41 +0200: Memory Usage (451260K) : norcx_tm2sub has 0 polygons
2026-04-11 05:13:41 +0200: Memory Usage (451388K) : snsbotvia_drw has 0 polygons
2026-04-11 05:13:41 +0200: Memory Usage (451644K) : snstopvia_drw has 0 polygons
2026-04-11 05:13:41 +0200: Memory Usage (448448K) : deepvia_drw has 0 polygons
2026-04-11 05:13:41 +0200: Memory Usage (448448K) : fgetch_drw has 0 polygons
2026-04-11 05:13:41 +0200: Memory Usage (448448K) : ctrgat_drw has 0 polygons
2026-04-11 05:13:41 +0200: Memory Usage (448448K) : fgimp_drw has 0 polygons
2026-04-11 05:13:41 +0200: Memory Usage (448448K) : emwihv_drw has 0 polygons
2026-04-11 05:13:41 +0200: Memory Usage (448448K) : lbe_drw has 0 polygons
2026-04-11 05:13:41 +0200: Memory Usage (448448K) : alcustop_drw has 0 polygons
2026-04-11 05:13:41 +0200: Memory Usage (448448K) : nometfiller_drw has 0 polygons
2026-04-11 05:13:41 +0200: Memory Usage (448448K) : prboundary_drw has 0 polygons
2026-04-11 05:13:41 +0200: Memory Usage (448448K) : exchange0_drw has 0 polygons
2026-04-11 05:13:41 +0200: Memory Usage (448448K) : exchange0_pin has 0 polygons
2026-04-11 05:13:41 +0200: Memory Usage (448448K) : exchange0_text has 0 polygons
2026-04-11 05:13:41 +0200: Memory Usage (448448K) : exchange1_drw has 0 polygons
2026-04-11 05:13:41 +0200: Memory Usage (448448K) : exchange1_pin has 0 polygons
2026-04-11 05:13:41 +0200: Memory Usage (448448K) : exchange1_text has 0 polygons
2026-04-11 05:13:41 +0200: Memory Usage (448448K) : exchange2_drw has 0 polygons
2026-04-11 05:13:41 +0200: Memory Usage (448448K) : exchange2_pin has 0 polygons
2026-04-11 05:13:41 +0200: Memory Usage (448448K) : exchange2_text has 0 polygons
2026-04-11 05:13:41 +0200: Memory Usage (448448K) : exchange3_drw has 0 polygons
2026-04-11 05:13:41 +0200: Memory Usage (448448K) : exchange3_pin has 0 polygons
2026-04-11 05:13:41 +0200: Memory Usage (448448K) : exchange3_text has 0 polygons
2026-04-11 05:13:41 +0200: Memory Usage (448448K) : exchange4_drw has 0 polygons
2026-04-11 05:13:41 +0200: Memory Usage (448448K) : exchange4_pin has 0 polygons
2026-04-11 05:13:41 +0200: Memory Usage (448448K) : exchange4_text has 0 polygons
2026-04-11 05:13:41 +0200: Memory Usage (448448K) : isonwell_drw has 0 polygons
2026-04-11 05:13:41 +0200: Memory Usage (448448K) : Total no. of polygons in the design is 6612
2026-04-11 05:13:41 +0200: Memory Usage (448448K) : Starting base layers derivations
2026-04-11 05:13:41 +0200: Memory Usage (448448K) : Starting general LVS derivations
2026-04-11 05:13:41 +0200: Memory Usage (449600K) : Starting MOSFET DERIVATIONS
2026-04-11 05:13:41 +0200: Memory Usage (449600K) : Starting NMOS DERIVATIONS
2026-04-11 05:13:41 +0200: Memory Usage (449600K) : Starting PMOS DERIVATIONS
2026-04-11 05:13:41 +0200: Memory Usage (449600K) : Starting RF-MOSFET DERIVATIONS
2026-04-11 05:13:41 +0200: Memory Usage (449600K) : Starting RF-NMOS DERIVATIONS
2026-04-11 05:13:41 +0200: Memory Usage (449600K) : Starting RF-PMOS DERIVATIONS
2026-04-11 05:13:42 +0200: Memory Usage (449600K) : Starting BJT DERIVATIONS
2026-04-11 05:13:42 +0200: Memory Usage (449600K) : Starting NPN-BJT DERIVATIONS
2026-04-11 05:13:42 +0200: Memory Usage (449600K) : Starting PNP-BJT DERIVATIONS
2026-04-11 05:13:42 +0200: Memory Usage (450112K) : Starting DIODE DERIVATIONS
2026-04-11 05:13:42 +0200: Memory Usage (453184K) : Starting RESISTOR DERIVATIONS
2026-04-11 05:13:42 +0200: Memory Usage (453184K) : Starting CAP DERIVATIONS
2026-04-11 05:13:42 +0200: Memory Usage (453696K) : Starting ESD DERIVATIONS
2026-04-11 05:13:42 +0200: Memory Usage (453696K) : Starting Inductor DERIVATIONS
2026-04-11 05:13:42 +0200: Memory Usage (451488K) : Starting Taps DERIVATIONS
2026-04-11 05:13:42 +0200: Memory Usage (451488K) : Starting SG13G2 LVS connectivity setup
2026-04-11 05:13:42 +0200: Memory Usage (451488K) : Starting SG13G2 LVS connectivity setup (Inter-layer)
2026-04-11 05:13:42 +0200: Memory Usage (451872K) : Starting SG13G2 LVS connectivity setup (Global)
2026-04-11 05:13:42 +0200: Memory Usage (451872K) : Starting LVS MOSFET CONNECTIONS
2026-04-11 05:13:42 +0200: Memory Usage (451872K) : Starting LVS RF-MOSFET CONNECTIONS
2026-04-11 05:13:42 +0200: Memory Usage (451872K) : Starting LVS BJT CONNECTIONS
2026-04-11 05:13:42 +0200: Memory Usage (451872K) : Starting LVS DIODE CONNECTIONS
2026-04-11 05:13:42 +0200: Memory Usage (451872K) : Starting RESISTOR CONNECTIONS
2026-04-11 05:13:42 +0200: Memory Usage (451872K) : Starting LVS CAP CONNECTIONS
2026-04-11 05:13:42 +0200: Memory Usage (451872K) : Starting ESD CONNECTIONS
2026-04-11 05:13:42 +0200: Memory Usage (451872K) : Starting Inductor CONNECTIONS
2026-04-11 05:13:42 +0200: Memory Usage (451872K) : Starting LVS Taps CONNECTIONS
2026-04-11 05:13:42 +0200: Memory Usage (451872K) : Starting SG13G2 LVS DEVICES EXTRACTION
2026-04-11 05:13:42 +0200: Memory Usage (451872K) : Starting MOSFET EXTRACTION
2026-04-11 05:13:42 +0200: Memory Usage (451872K) : Starting NMOS EXTRACTION
2026-04-11 05:13:42 +0200: Memory Usage (451872K) : Extraction of NMOS-LV transistor
2026-04-11 05:13:42 +0200: Memory Usage (452128K) : Extraction of NMOS-HV transistor
2026-04-11 05:13:42 +0200: Memory Usage (452256K) : Starting PMOS EXTRACTION
2026-04-11 05:13:42 +0200: Memory Usage (452256K) : Extraction of PMOS-LV transistor
2026-04-11 05:13:42 +0200: Memory Usage (452256K) : Extraction of PMOS-HV transistor
2026-04-11 05:13:42 +0200: Memory Usage (452256K) : Starting RF-MOSFET EXTRACTION
2026-04-11 05:13:42 +0200: Memory Usage (452256K) : Extraction of RF-NMOS-LV transistor
2026-04-11 05:13:42 +0200: Memory Usage (452256K) : Extraction of RF-NMOS-HV transistor
2026-04-11 05:13:42 +0200: Memory Usage (452256K) : Extraction of RF-PMOS-LV transistor
2026-04-11 05:13:42 +0200: Memory Usage (452256K) : Extraction of RF-PMOS-HV transistor
2026-04-11 05:13:42 +0200: Memory Usage (452256K) : Starting BJT EXTRACTION
2026-04-11 05:13:42 +0200: Memory Usage (452256K) : Starting NPN-BJT EXTRACTION
2026-04-11 05:13:42 +0200: Memory Usage (452256K) : Extraction of npn13G2 BJT transistor
2026-04-11 05:13:42 +0200: Memory Usage (452256K) : Extraction of npn13G2L BJT transistor
2026-04-11 05:13:42 +0200: Memory Usage (452256K) : Extraction of npn13G2V BJT transistor
2026-04-11 05:13:42 +0200: Memory Usage (452256K) : Starting PNP-BJT EXTRACTION
2026-04-11 05:13:42 +0200: Memory Usage (452256K) : Extracting pnpMPA BJT
2026-04-11 05:13:42 +0200: Memory Usage (452256K) : Starting DIODE EXTRACTION
2026-04-11 05:13:42 +0200: Memory Usage (452256K) : Extracting dantenna diode
2026-04-11 05:13:42 +0200: Memory Usage (452256K) : Extracting dpantenna diode
2026-04-11 05:13:42 +0200: Memory Usage (452256K) : Extracting schottky_nbl1 diode
2026-04-11 05:13:42 +0200: Memory Usage (452256K) : Extracting isolbox diode
2026-04-11 05:13:42 +0200: Memory Usage (452256K) : Starting RESISTOR EXTRACTION
2026-04-11 05:13:42 +0200: Memory Usage (452256K) : Extracting rsil resistor
2026-04-11 05:13:42 +0200: Memory Usage (452256K) : Extracting rppd resistor
2026-04-11 05:13:42 +0200: Memory Usage (452256K) : Extracting rhigh resistor
2026-04-11 05:13:42 +0200: Memory Usage (452256K) : Extracting res_metal1 resistor
2026-04-11 05:13:42 +0200: Memory Usage (452384K) : Extracting res_metal2 resistor
2026-04-11 05:13:42 +0200: Memory Usage (452384K) : Extracting res_metal3 resistor
2026-04-11 05:13:42 +0200: Memory Usage (452384K) : Extracting res_metal4 resistor
2026-04-11 05:13:42 +0200: Memory Usage (452384K) : Extracting res_metal5 resistor
2026-04-11 05:13:42 +0200: Memory Usage (452384K) : Extracting res_topmetal1 resistor
2026-04-11 05:13:42 +0200: Memory Usage (452384K) : Extracting res_topmetal2 resistor
2026-04-11 05:13:42 +0200: Memory Usage (452384K) : Starting CAP EXTRACTION
2026-04-11 05:13:42 +0200: Memory Usage (452384K) : Extracting cap_cmim device
2026-04-11 05:13:42 +0200: Memory Usage (452384K) : Extracting rfcmim device
2026-04-11 05:13:42 +0200: Memory Usage (452384K) : Extracting sg13_hv_svaricap varactor
2026-04-11 05:13:42 +0200: Memory Usage (452512K) : Starting ESD EXTRACTION
2026-04-11 05:13:42 +0200: Memory Usage (452512K) : Extracting diodevdd_2kv ESD device
2026-04-11 05:13:42 +0200: Memory Usage (452512K) : Extracting diodevdd_4kv ESD device
2026-04-11 05:13:42 +0200: Memory Usage (452512K) : Extracting diodevss_2kv ESD device
2026-04-11 05:13:42 +0200: Memory Usage (452512K) : Extracting diodevss_4kv ESD device
2026-04-11 05:13:42 +0200: Memory Usage (452512K) : Extracting idiodevdd_2kv ESD device
2026-04-11 05:13:42 +0200: Memory Usage (452512K) : Extracting idiodevdd_4kv ESD device
2026-04-11 05:13:42 +0200: Memory Usage (452512K) : Extracting idiodevss_2kv ESD device
2026-04-11 05:13:43 +0200: Memory Usage (452512K) : Extracting idiodevss_4kv ESD device
2026-04-11 05:13:43 +0200: Memory Usage (452512K) : Extracting nmoscl_2 ESD device
2026-04-11 05:13:43 +0200: Memory Usage (452512K) : Extracting nmoscl_4 ESD device
2026-04-11 05:13:43 +0200: Memory Usage (452512K) : Starting Inductor EXTRACTION
2026-04-11 05:13:43 +0200: Memory Usage (452512K) : Extracting Inductor2 device
2026-04-11 05:13:43 +0200: Memory Usage (452512K) : Extracting Inductor3 device
2026-04-11 05:13:43 +0200: Memory Usage (452512K) : Starting Taps EXTRACTION
2026-04-11 05:13:43 +0200: Memory Usage (452512K) : Extracting ntap1 device
2026-04-11 05:13:43 +0200: Memory Usage (452512K) : Extracting ptap1 device
2026-04-11 05:13:43 +0200: Memory Usage (452512K) : Starting SG13G2 LVS RF MOS Model Mapping
2026-04-11 05:13:43 +0200: Memory Usage (452512K) : [layout_netlist] Apply RF MOS model mapping and rfmode parameter.
2026-04-11 05:13:43 +0200: Memory Usage (452512K) : Starting SG13G2 LVS Options Preparations
2026-04-11 05:13:43 +0200: Memory Usage (452512K) : SG13G2 LVS flow: extraction -> alignment -> option preparation -> comparison.
2026-04-11 05:13:43 +0200: Memory Usage (452512K) : Starting SG13G2 LVS Alignment
2026-04-11 05:13:43 +0200: Memory Usage (452512K) : Starting SG13G2 LVS Simplification
2026-04-11 05:13:43 +0200: Memory Usage (452512K) : [layout_netlist] simplify: ENABLED
2026-04-11 05:13:43 +0200: Memory Usage (452512K) : [layout_netlist] make_top_level_pins: SKIPPED
2026-04-11 05:13:43 +0200: Memory Usage (452512K) : [layout_netlist] combine_devices: SKIPPED
2026-04-11 05:13:43 +0200: Memory Usage (452512K) : [layout_netlist] purge: SKIPPED
2026-04-11 05:13:43 +0200: Memory Usage (452512K) : [layout_netlist] purge_nets: SKIPPED
2026-04-11 05:13:43 +0200: Memory Usage (452512K) : [schematic_netlist] simplify: ENABLED
2026-04-11 05:13:43 +0200: Memory Usage (452512K) : [schematic_netlist] make_top_level_pins: SKIPPED
2026-04-11 05:13:43 +0200: Memory Usage (452512K) : [schematic_netlist] combine_devices: SKIPPED
2026-04-11 05:13:43 +0200: Memory Usage (452512K) : [schematic_netlist] purge: SKIPPED
2026-04-11 05:13:43 +0200: Memory Usage (452512K) : [schematic_netlist] purge_nets: SKIPPED
2026-04-11 05:13:43 +0200: Memory Usage (452512K) : Starting SG13G2 LVS Comparison in strict port mode.
2026-04-11 05:13:43 +0200: Memory Usage (452512K) : flag_missing_ports enabled: missing/mislabeled top-level ports are treated as errors.
2026-04-11 05:13:43 +0200: Memory Usage (452640K) : xxxxxxxxxxxxxxxxxxxxxxxxxxxxxxxxxxxxxxxxxx
2026-04-11 05:13:43 +0200: Memory Usage (452640K) : ERROR : Netlists don't match
2026-04-11 05:13:43 +0200: Memory Usage (452640K) : xxxxxxxxxxxxxxxxxxxxxxxxxxxxxxxxxxxxxxxxxx
2026-04-11 05:13:43 +0200: Memory Usage (452640K) : LVS Total Run time 2.431939 seconds
