# Logfile created on 2026-04-01 14:23:17 +0200 by logger.rb/v1.5.3
2026-04-01 14:23:17 +0200: Memory Usage (436876K) : Starting running IHP-SG13G2 KLayout DRC runset on /foss/designs/frac-n-pll-vco-unic_cass/layout/PFD.gds
2026-04-01 14:23:17 +0200: Memory Usage (436876K) : Ruby Version for klayout: 3.2.3
2026-04-01 14:23:17 +0200: Memory Usage (437900K) : Loading database to memory is complete.
2026-04-01 14:23:17 +0200: Memory Usage (437900K) : IHP-SG13G2 KLayout DRC runset output at: /foss/designs/frac-n-pll-vco-unic_cass/layout/drc_run_PFD/PFD_PFD_main.lyrdb
2026-04-01 14:23:17 +0200: Memory Usage (438028K) : Evaluate switches.
2026-04-01 14:23:17 +0200: Memory Usage (438028K) : tables selected: main
2026-04-01 14:23:17 +0200: Memory Usage (438028K) : KLayout will use 1 thread(s) in tiling mode.
2026-04-01 14:23:17 +0200: Memory Usage (438028K) : deep mode is enabled.
2026-04-01 14:23:17 +0200: Memory Usage (438028K) : FEOL enabled: true
2026-04-01 14:23:17 +0200: Memory Usage (438028K) : BEOL enabled: true
2026-04-01 14:23:17 +0200: Memory Usage (438028K) : OFFGRID enabled: true
2026-04-01 14:23:17 +0200: Memory Usage (438028K) : PIN enabled: true
2026-04-01 14:23:17 +0200: Memory Usage (438028K) : FORBIDDEN enabled: true
2026-04-01 14:23:17 +0200: Memory Usage (438028K) : RECOMMENDED enabled: true
2026-04-01 14:23:17 +0200: Memory Usage (438028K) : PreCheck DRC enabled: false
2026-04-01 14:23:17 +0200: Memory Usage (438028K) : CONNECTIVITY_RULES enabled: true.
2026-04-01 14:23:17 +0200: Memory Usage (438028K) : Read in polygons from layers.
2026-04-01 14:23:17 +0200: Memory Usage (439308K) : activ_drw has 46 polygons
2026-04-01 14:23:17 +0200: Memory Usage (439308K) : activ_pin has 0 polygons
2026-04-01 14:23:17 +0200: Memory Usage (439308K) : activ_mask has 0 polygons
2026-04-01 14:23:17 +0200: Memory Usage (439308K) : activ_filler has 0 polygons
2026-04-01 14:23:17 +0200: Memory Usage (439308K) : activ_nofill has 0 polygons
2026-04-01 14:23:17 +0200: Memory Usage (439308K) : activ_opc has 0 polygons
2026-04-01 14:23:17 +0200: Memory Usage (439308K) : activ_iopc has 0 polygons
2026-04-01 14:23:17 +0200: Memory Usage (439308K) : activ_noqrc has 0 polygons
2026-04-01 14:23:17 +0200: Memory Usage (439308K) : biwind_drw has 0 polygons
2026-04-01 14:23:17 +0200: Memory Usage (439308K) : biwind_opc has 0 polygons
2026-04-01 14:23:17 +0200: Memory Usage (439308K) : pemwind_drw has 0 polygons
2026-04-01 14:23:17 +0200: Memory Usage (439308K) : gatpoly_drw has 83 polygons
2026-04-01 14:23:17 +0200: Memory Usage (439308K) : gatpoly_pin has 0 polygons
2026-04-01 14:23:17 +0200: Memory Usage (439308K) : gatpoly_filler has 0 polygons
2026-04-01 14:23:17 +0200: Memory Usage (439308K) : gatpoly_nofill has 0 polygons
2026-04-01 14:23:17 +0200: Memory Usage (439308K) : gatpoly_opc has 0 polygons
2026-04-01 14:23:17 +0200: Memory Usage (439308K) : gatpoly_iopc has 0 polygons
2026-04-01 14:23:17 +0200: Memory Usage (439308K) : gatpoly_noqrc has 0 polygons
2026-04-01 14:23:17 +0200: Memory Usage (439308K) : cont_drw has 343 polygons
2026-04-01 14:23:17 +0200: Memory Usage (439308K) : cont_opc has 0 polygons
2026-04-01 14:23:17 +0200: Memory Usage (439308K) : nsd_drw has 0 polygons
2026-04-01 14:23:17 +0200: Memory Usage (439308K) : nsd_block has 0 polygons
2026-04-01 14:23:17 +0200: Memory Usage (439308K) : metal1_drw has 132 polygons
2026-04-01 14:23:17 +0200: Memory Usage (439308K) : metal1_pin has 30 polygons
2026-04-01 14:23:17 +0200: Memory Usage (439308K) : metal1_mask has 0 polygons
2026-04-01 14:23:17 +0200: Memory Usage (439308K) : metal1_filler has 0 polygons
2026-04-01 14:23:17 +0200: Memory Usage (439308K) : metal1_nofill has 0 polygons
2026-04-01 14:23:17 +0200: Memory Usage (439564K) : metal1_slit has 0 polygons
2026-04-01 14:23:17 +0200: Memory Usage (439692K) : metal1_text has 26 polygons
2026-04-01 14:23:17 +0200: Memory Usage (439692K) : metal1_opc has 0 polygons
2026-04-01 14:23:17 +0200: Memory Usage (439692K) : metal1_noqrc has 0 polygons
2026-04-01 14:23:17 +0200: Memory Usage (439692K) : metal1_res has 0 polygons
2026-04-01 14:23:17 +0200: Memory Usage (439820K) : metal1_iprobe has 0 polygons
2026-04-01 14:23:17 +0200: Memory Usage (439820K) : metal1_diffprb has 0 polygons
2026-04-01 14:23:17 +0200: Memory Usage (439948K) : passiv_drw has 0 polygons
2026-04-01 14:23:17 +0200: Memory Usage (439948K) : passiv_pin has 0 polygons
2026-04-01 14:23:17 +0200: Memory Usage (440076K) : passiv_sbump has 0 polygons
2026-04-01 14:23:17 +0200: Memory Usage (440076K) : passiv_pillar has 0 polygons
2026-04-01 14:23:17 +0200: Memory Usage (440076K) : passiv_pdl has 0 polygons
2026-04-01 14:23:17 +0200: Memory Usage (440204K) : metal2_drw has 19 polygons
2026-04-01 14:23:17 +0200: Memory Usage (440204K) : metal2_pin has 9 polygons
2026-04-01 14:23:17 +0200: Memory Usage (440332K) : metal2_mask has 0 polygons
2026-04-01 14:23:17 +0200: Memory Usage (440332K) : metal2_filler has 0 polygons
2026-04-01 14:23:17 +0200: Memory Usage (440460K) : metal2_nofill has 0 polygons
2026-04-01 14:23:17 +0200: Memory Usage (440460K) : metal2_slit has 0 polygons
2026-04-01 14:23:17 +0200: Memory Usage (440588K) : metal2_text has 10 polygons
2026-04-01 14:23:17 +0200: Memory Usage (440588K) : metal2_opc has 0 polygons
2026-04-01 14:23:17 +0200: Memory Usage (440588K) : metal2_noqrc has 0 polygons
2026-04-01 14:23:17 +0200: Memory Usage (440716K) : metal2_res has 0 polygons
2026-04-01 14:23:17 +0200: Memory Usage (440844K) : metal2_iprobe has 0 polygons
2026-04-01 14:23:17 +0200: Memory Usage (440844K) : metal2_diffprb has 0 polygons
2026-04-01 14:23:17 +0200: Memory Usage (440972K) : baspoly_drw has 0 polygons
2026-04-01 14:23:17 +0200: Memory Usage (440972K) : baspoly_pin has 0 polygons
2026-04-01 14:23:17 +0200: Memory Usage (440972K) : psd_drw has 12 polygons
2026-04-01 14:23:17 +0200: Memory Usage (441100K) : nldb_drw has 0 polygons
2026-04-01 14:23:17 +0200: Memory Usage (441100K) : digibnd_drw has 0 polygons
2026-04-01 14:23:17 +0200: Memory Usage (441228K) : via1_drw has 11 polygons
2026-04-01 14:23:17 +0200: Memory Usage (441228K) : backmetal1_drw has 0 polygons
2026-04-01 14:23:17 +0200: Memory Usage (441356K) : backmetal1_pin has 0 polygons
2026-04-01 14:23:17 +0200: Memory Usage (441356K) : backmetal1_mask has 0 polygons
2026-04-01 14:23:17 +0200: Memory Usage (441356K) : backmetal1_filler has 0 polygons
2026-04-01 14:23:17 +0200: Memory Usage (441484K) : backmetal1_nofill has 0 polygons
2026-04-01 14:23:17 +0200: Memory Usage (441484K) : backmetal1_slit has 0 polygons
2026-04-01 14:23:17 +0200: Memory Usage (441612K) : backmetal1_text has 0 polygons
2026-04-01 14:23:17 +0200: Memory Usage (441612K) : backmetal1_opc has 0 polygons
2026-04-01 14:23:17 +0200: Memory Usage (441740K) : backmetal1_noqrc has 0 polygons
2026-04-01 14:23:17 +0200: Memory Usage (441740K) : backmetal1_res has 0 polygons
2026-04-01 14:23:17 +0200: Memory Usage (441740K) : backmetal1_iprobe has 0 polygons
2026-04-01 14:23:17 +0200: Memory Usage (441868K) : backmetal1_diffprb has 0 polygons
2026-04-01 14:23:17 +0200: Memory Usage (441868K) : backpassiv_drw has 0 polygons
2026-04-01 14:23:17 +0200: Memory Usage (441996K) : res_drw has 0 polygons
2026-04-01 14:23:17 +0200: Memory Usage (441996K) : sram_drw has 0 polygons
2026-04-01 14:23:17 +0200: Memory Usage (442124K) : trans_drw has 0 polygons
2026-04-01 14:23:17 +0200: Memory Usage (442124K) : ind_drw has 0 polygons
2026-04-01 14:23:17 +0200: Memory Usage (442252K) : ind_pin has 0 polygons
2026-04-01 14:23:17 +0200: Memory Usage (442252K) : ind_text has 0 polygons
2026-04-01 14:23:17 +0200: Memory Usage (442380K) : salblock_drw has 0 polygons
2026-04-01 14:23:17 +0200: Memory Usage (442380K) : via2_drw has 0 polygons
2026-04-01 14:23:17 +0200: Memory Usage (442508K) : metal3_drw has 0 polygons
2026-04-01 14:23:17 +0200: Memory Usage (442508K) : metal3_pin has 0 polygons
2026-04-01 14:23:17 +0200: Memory Usage (442636K) : metal3_mask has 0 polygons
2026-04-01 14:23:17 +0200: Memory Usage (442636K) : metal3_filler has 0 polygons
2026-04-01 14:23:17 +0200: Memory Usage (442764K) : metal3_nofill has 0 polygons
2026-04-01 14:23:17 +0200: Memory Usage (442764K) : metal3_slit has 0 polygons
2026-04-01 14:23:17 +0200: Memory Usage (442892K) : metal3_text has 0 polygons
2026-04-01 14:23:17 +0200: Memory Usage (442892K) : metal3_opc has 0 polygons
2026-04-01 14:23:17 +0200: Memory Usage (442892K) : metal3_noqrc has 0 polygons
2026-04-01 14:23:17 +0200: Memory Usage (443020K) : metal3_res has 0 polygons
2026-04-01 14:23:17 +0200: Memory Usage (443020K) : metal3_iprobe has 0 polygons
2026-04-01 14:23:17 +0200: Memory Usage (443148K) : metal3_diffprb has 0 polygons
2026-04-01 14:23:17 +0200: Memory Usage (443148K) : nwell_drw has 4 polygons
2026-04-01 14:23:17 +0200: Memory Usage (443276K) : nwell_pin has 0 polygons
2026-04-01 14:23:17 +0200: Memory Usage (443404K) : nbulay_drw has 0 polygons
2026-04-01 14:23:17 +0200: Memory Usage (443404K) : nbulay_pin has 0 polygons
2026-04-01 14:23:17 +0200: Memory Usage (443404K) : nbulay_block has 0 polygons
2026-04-01 14:23:17 +0200: Memory Usage (443532K) : emwind_drw has 0 polygons
2026-04-01 14:23:17 +0200: Memory Usage (443660K) : emwind_opc has 0 polygons
2026-04-01 14:23:17 +0200: Memory Usage (443660K) : deepco_drw has 0 polygons
2026-04-01 14:23:17 +0200: Memory Usage (443788K) : deepco_drw has 0 polygons
2026-04-01 14:23:17 +0200: Memory Usage (443788K) : mim_drw has 0 polygons
2026-04-01 14:23:17 +0200: Memory Usage (443916K) : edgeseal_drw has 0 polygons
2026-04-01 14:23:17 +0200: Memory Usage (443916K) : edgeseal_bound has 0 polygons
2026-04-01 14:23:17 +0200: Memory Usage (444044K) : substrate_drw has 0 polygons
2026-04-01 14:23:17 +0200: Memory Usage (444044K) : substrate_text has 0 polygons
2026-04-01 14:23:17 +0200: Memory Usage (444172K) : dfpad_drw has 0 polygons
2026-04-01 14:23:17 +0200: Memory Usage (444172K) : dfpad_pillar has 0 polygons
2026-04-01 14:23:17 +0200: Memory Usage (444300K) : dfpad_sbump has 0 polygons
2026-04-01 14:23:17 +0200: Memory Usage (444300K) : thickgateox_drw has 0 polygons
2026-04-01 14:23:17 +0200: Memory Usage (444300K) : pldb_drw has 0 polygons
2026-04-01 14:23:17 +0200: Memory Usage (444428K) : pwell_drw has 0 polygons
2026-04-01 14:23:17 +0200: Memory Usage (444428K) : pwell_pin has 0 polygons
2026-04-01 14:23:17 +0200: Memory Usage (444556K) : pwell_block has 0 polygons
2026-04-01 14:23:17 +0200: Memory Usage (444556K) : ic_drw has 0 polygons
2026-04-01 14:23:17 +0200: Memory Usage (444556K) : via3_drw has 0 polygons
2026-04-01 14:23:17 +0200: Memory Usage (444684K) : metal4_drw has 0 polygons
2026-04-01 14:23:17 +0200: Memory Usage (444812K) : metal4_pin has 0 polygons
2026-04-01 14:23:17 +0200: Memory Usage (444812K) : metal4_mask has 0 polygons
2026-04-01 14:23:17 +0200: Memory Usage (444940K) : metal4_filler has 0 polygons
2026-04-01 14:23:17 +0200: Memory Usage (444940K) : metal4_nofill has 0 polygons
2026-04-01 14:23:17 +0200: Memory Usage (445068K) : metal4_slit has 0 polygons
2026-04-01 14:23:17 +0200: Memory Usage (445068K) : metal4_text has 0 polygons
2026-04-01 14:23:17 +0200: Memory Usage (445068K) : metal4_opc has 0 polygons
2026-04-01 14:23:17 +0200: Memory Usage (445196K) : metal4_noqrc has 0 polygons
2026-04-01 14:23:17 +0200: Memory Usage (445196K) : metal4_res has 0 polygons
2026-04-01 14:23:17 +0200: Memory Usage (445324K) : metal4_iprobe has 0 polygons
2026-04-01 14:23:17 +0200: Memory Usage (445324K) : metal4_diffprb has 0 polygons
2026-04-01 14:23:17 +0200: Memory Usage (445452K) : heattrans_drw has 0 polygons
2026-04-01 14:23:17 +0200: Memory Usage (445452K) : heatres_drw has 0 polygons
2026-04-01 14:23:17 +0200: Memory Usage (445580K) : pempoly_drw has 0 polygons
2026-04-01 14:23:17 +0200: Memory Usage (445580K) : fbe_drw has 0 polygons
2026-04-01 14:23:17 +0200: Memory Usage (445708K) : empoly_drw has 0 polygons
2026-04-01 14:23:17 +0200: Memory Usage (445708K) : ldmos_drw has 0 polygons
2026-04-01 14:23:17 +0200: Memory Usage (445836K) : pbiwind_drw has 0 polygons
2026-04-01 14:23:17 +0200: Memory Usage (445964K) : digisub_drw has 0 polygons
2026-04-01 14:23:17 +0200: Memory Usage (445964K) : nodrc_drw has 0 polygons
2026-04-01 14:23:17 +0200: Memory Usage (445964K) : text_drw has 0 polygons
2026-04-01 14:23:17 +0200: Memory Usage (446092K) : via4_drw has 0 polygons
2026-04-01 14:23:17 +0200: Memory Usage (446092K) : metal5_drw has 0 polygons
2026-04-01 14:23:17 +0200: Memory Usage (446220K) : metal5_pin has 0 polygons
2026-04-01 14:23:17 +0200: Memory Usage (446220K) : metal5_mask has 0 polygons
2026-04-01 14:23:17 +0200: Memory Usage (446348K) : metal5_filler has 0 polygons
2026-04-01 14:23:17 +0200: Memory Usage (446348K) : metal5_nofill has 0 polygons
2026-04-01 14:23:17 +0200: Memory Usage (446348K) : metal5_slit has 0 polygons
2026-04-01 14:23:17 +0200: Memory Usage (446476K) : metal5_text has 0 polygons
2026-04-01 14:23:17 +0200: Memory Usage (446476K) : metal5_opc has 0 polygons
2026-04-01 14:23:17 +0200: Memory Usage (446604K) : metal5_noqrc has 0 polygons
2026-04-01 14:23:17 +0200: Memory Usage (446604K) : metal5_res has 0 polygons
2026-04-01 14:23:17 +0200: Memory Usage (446604K) : metal5_iprobe has 0 polygons
2026-04-01 14:23:17 +0200: Memory Usage (446732K) : metal5_diffprb has 0 polygons
2026-04-01 14:23:17 +0200: Memory Usage (446732K) : radhard_drw has 0 polygons
2026-04-01 14:23:17 +0200: Memory Usage (446860K) : memcap_drw has 0 polygons
2026-04-01 14:23:17 +0200: Memory Usage (446988K) : varicap_drw has 0 polygons
2026-04-01 14:23:17 +0200: Memory Usage (447116K) : flash_drw has 0 polygons
2026-04-01 14:23:17 +0200: Memory Usage (447116K) : intbondvia_drw has 0 polygons
2026-04-01 14:23:17 +0200: Memory Usage (447244K) : intbondmet_drw has 0 polygons
2026-04-01 14:23:17 +0200: Memory Usage (447244K) : devbondvia_drw has 0 polygons
2026-04-01 14:23:17 +0200: Memory Usage (447244K) : devbondmet_drw has 0 polygons
2026-04-01 14:23:17 +0200: Memory Usage (447372K) : devtrench_drw has 0 polygons
2026-04-01 14:23:17 +0200: Memory Usage (447372K) : redist_drw has 0 polygons
2026-04-01 14:23:17 +0200: Memory Usage (447500K) : graphbot_drw has 0 polygons
2026-04-01 14:23:17 +0200: Memory Usage (447500K) : graphtop_drw has 0 polygons
2026-04-01 14:23:17 +0200: Memory Usage (447628K) : antvia1_drw has 0 polygons
2026-04-01 14:23:17 +0200: Memory Usage (447628K) : antmetal2_drw has 0 polygons
2026-04-01 14:23:17 +0200: Memory Usage (447628K) : graphcont_drw has 0 polygons
2026-04-01 14:23:17 +0200: Memory Usage (447756K) : siwg_drw has 0 polygons
2026-04-01 14:23:17 +0200: Memory Usage (447756K) : siwg_filler has 0 polygons
2026-04-01 14:23:17 +0200: Memory Usage (447884K) : siwg_nofill has 0 polygons
2026-04-01 14:23:17 +0200: Memory Usage (448012K) : sigrating_drw has 0 polygons
2026-04-01 14:23:17 +0200: Memory Usage (448012K) : singrating_drw has 0 polygons
2026-04-01 14:23:17 +0200: Memory Usage (448012K) : graphpas_drw has 0 polygons
2026-04-01 14:23:17 +0200: Memory Usage (448140K) : emwind3_drw has 0 polygons
2026-04-01 14:23:17 +0200: Memory Usage (448140K) : emwihv3_drw has 0 polygons
2026-04-01 14:23:17 +0200: Memory Usage (448268K) : redbulay_drw has 0 polygons
2026-04-01 14:23:17 +0200: Memory Usage (448268K) : smos_drw has 0 polygons
2026-04-01 14:23:17 +0200: Memory Usage (448396K) : graphpad_drw has 0 polygons
2026-04-01 14:23:17 +0200: Memory Usage (448396K) : polimide_drw has 0 polygons
2026-04-01 14:23:17 +0200: Memory Usage (448396K) : polimide_pin has 0 polygons
2026-04-01 14:23:17 +0200: Memory Usage (448524K) : recog_drw has 0 polygons
2026-04-01 14:23:17 +0200: Memory Usage (448652K) : recog_pin has 0 polygons
2026-04-01 14:23:17 +0200: Memory Usage (448652K) : recog_esd has 0 polygons
2026-04-01 14:23:17 +0200: Memory Usage (448780K) : recog_diode has 0 polygons
2026-04-01 14:23:17 +0200: Memory Usage (448780K) : recog_tsv has 0 polygons
2026-04-01 14:23:17 +0200: Memory Usage (448780K) : recog_iprobe has 0 polygons
2026-04-01 14:23:17 +0200: Memory Usage (448908K) : recog_diffprb has 0 polygons
2026-04-01 14:23:17 +0200: Memory Usage (448908K) : recog_pillar has 0 polygons
2026-04-01 14:23:17 +0200: Memory Usage (449036K) : recog_sbump has 0 polygons
2026-04-01 14:23:17 +0200: Memory Usage (449164K) : recog_otp has 0 polygons
2026-04-01 14:23:17 +0200: Memory Usage (449164K) : recog_pdiode has 0 polygons
2026-04-01 14:23:17 +0200: Memory Usage (449164K) : recog_mom has 0 polygons
2026-04-01 14:23:17 +0200: Memory Usage (449164K) : recog_pcm has 0 polygons
2026-04-01 14:23:17 +0200: Memory Usage (449292K) : colopen_drw has 0 polygons
2026-04-01 14:23:17 +0200: Memory Usage (449292K) : graphmetal1_drw has 0 polygons
2026-04-01 14:23:17 +0200: Memory Usage (449292K) : graphmetal1_filler has 0 polygons
2026-04-01 14:23:17 +0200: Memory Usage (449420K) : graphmetal1_nofill has 0 polygons
2026-04-01 14:23:17 +0200: Memory Usage (449420K) : graphmetal1_slit has 0 polygons
2026-04-01 14:23:17 +0200: Memory Usage (449420K) : graphmetal1_opc has 0 polygons
2026-04-01 14:23:17 +0200: Memory Usage (449548K) : graphmet1l_drw has 0 polygons
2026-04-01 14:23:17 +0200: Memory Usage (449548K) : graphmet1l_filler has 0 polygons
2026-04-01 14:23:17 +0200: Memory Usage (449548K) : graphmet1l_nofill has 0 polygons
2026-04-01 14:23:17 +0200: Memory Usage (449548K) : graphmet1l_slit has 0 polygons
2026-04-01 14:23:17 +0200: Memory Usage (449676K) : graphmet1l_opc has 0 polygons
2026-04-01 14:23:17 +0200: Memory Usage (449676K) : extblock_drw has 0 polygons
2026-04-01 14:23:17 +0200: Memory Usage (449676K) : nldd_drw has 0 polygons
2026-04-01 14:23:17 +0200: Memory Usage (449676K) : pldd_drw has 0 polygons
2026-04-01 14:23:17 +0200: Memory Usage (449676K) : next_drw has 0 polygons
2026-04-01 14:23:17 +0200: Memory Usage (449676K) : pext_drw has 0 polygons
2026-04-01 14:23:17 +0200: Memory Usage (449676K) : nexthv_drw has 0 polygons
2026-04-01 14:23:17 +0200: Memory Usage (449676K) : pexthv_drw has 0 polygons
2026-04-01 14:23:17 +0200: Memory Usage (449676K) : graphgate_drw has 0 polygons
2026-04-01 14:23:17 +0200: Memory Usage (449676K) : sinwg_drw has 0 polygons
2026-04-01 14:23:17 +0200: Memory Usage (449676K) : sinwg_filler has 0 polygons
2026-04-01 14:23:17 +0200: Memory Usage (449676K) : sinwg_nofill has 0 polygons
2026-04-01 14:23:17 +0200: Memory Usage (449676K) : mempad_drw has 0 polygons
2026-04-01 14:23:17 +0200: Memory Usage (449676K) : topvia1_drw has 0 polygons
2026-04-01 14:23:17 +0200: Memory Usage (449676K) : topmetal1_drw has 0 polygons
2026-04-01 14:23:17 +0200: Memory Usage (449676K) : topmetal1_pin has 0 polygons
2026-04-01 14:23:17 +0200: Memory Usage (449676K) : topmetal1_mask has 0 polygons
2026-04-01 14:23:17 +0200: Memory Usage (449676K) : topmetal1_filler has 0 polygons
2026-04-01 14:23:17 +0200: Memory Usage (449676K) : topmetal1_nofill has 0 polygons
2026-04-01 14:23:17 +0200: Memory Usage (449676K) : topmetal1_slit has 0 polygons
2026-04-01 14:23:17 +0200: Memory Usage (449676K) : topmetal1_text has 0 polygons
2026-04-01 14:23:17 +0200: Memory Usage (449676K) : topmetal1_noqrc has 0 polygons
2026-04-01 14:23:17 +0200: Memory Usage (449676K) : topmetal1_res has 0 polygons
2026-04-01 14:23:17 +0200: Memory Usage (449676K) : topmetal1_iprobe has 0 polygons
2026-04-01 14:23:17 +0200: Memory Usage (449676K) : topmetal1_diffprb has 0 polygons
2026-04-01 14:23:17 +0200: Memory Usage (449676K) : inldpwl_drw has 0 polygons
2026-04-01 14:23:17 +0200: Memory Usage (449676K) : polyres_drw has 0 polygons
2026-04-01 14:23:17 +0200: Memory Usage (449676K) : polyres_pin has 0 polygons
2026-04-01 14:23:17 +0200: Memory Usage (449676K) : vmim_drw has 0 polygons
2026-04-01 14:23:17 +0200: Memory Usage (449676K) : nbulaycut_drw has 0 polygons
2026-04-01 14:23:17 +0200: Memory Usage (449676K) : antmetal1_drw has 0 polygons
2026-04-01 14:23:17 +0200: Memory Usage (449676K) : topvia2_drw has 0 polygons
2026-04-01 14:23:17 +0200: Memory Usage (449676K) : topmetal2_drw has 0 polygons
2026-04-01 14:23:17 +0200: Memory Usage (449676K) : topmetal2_pin has 0 polygons
2026-04-01 14:23:17 +0200: Memory Usage (449676K) : topmetal2_mask has 0 polygons
2026-04-01 14:23:17 +0200: Memory Usage (449676K) : topmetal2_filler has 0 polygons
2026-04-01 14:23:17 +0200: Memory Usage (449676K) : topmetal2_nofill has 0 polygons
2026-04-01 14:23:17 +0200: Memory Usage (449676K) : topmetal2_slit has 0 polygons
2026-04-01 14:23:17 +0200: Memory Usage (449676K) : topmetal2_text has 0 polygons
2026-04-01 14:23:17 +0200: Memory Usage (449676K) : topmetal2_noqrc has 0 polygons
2026-04-01 14:23:17 +0200: Memory Usage (449676K) : topmetal2_res has 0 polygons
2026-04-01 14:23:17 +0200: Memory Usage (449676K) : topmetal2_iprobe has 0 polygons
2026-04-01 14:23:17 +0200: Memory Usage (449676K) : topmetal2_diffprb has 0 polygons
2026-04-01 14:23:17 +0200: Memory Usage (449676K) : snsring_drw has 0 polygons
2026-04-01 14:23:17 +0200: Memory Usage (449676K) : sensor_drw has 0 polygons
2026-04-01 14:23:17 +0200: Memory Usage (449676K) : snsarms_drw has 0 polygons
2026-04-01 14:23:17 +0200: Memory Usage (449676K) : snscmosvia_drw has 0 polygons
2026-04-01 14:23:17 +0200: Memory Usage (449676K) : colwind_drw has 0 polygons
2026-04-01 14:23:17 +0200: Memory Usage (449676K) : flm_drw has 0 polygons
2026-04-01 14:23:17 +0200: Memory Usage (449676K) : hafniumox_drw has 0 polygons
2026-04-01 14:23:17 +0200: Memory Usage (449676K) : memvia_drw has 0 polygons
2026-04-01 14:23:17 +0200: Memory Usage (449676K) : thinfilmres_drw has 0 polygons
2026-04-01 14:23:17 +0200: Memory Usage (449676K) : rfmem_drw has 0 polygons
2026-04-01 14:23:17 +0200: Memory Usage (449676K) : norcx_drw has 0 polygons
2026-04-01 14:23:17 +0200: Memory Usage (449676K) : norcx_m2m3 has 0 polygons
2026-04-01 14:23:17 +0200: Memory Usage (449676K) : norcx_m2m4 has 0 polygons
2026-04-01 14:23:17 +0200: Memory Usage (449676K) : norcx_m2m5 has 0 polygons
2026-04-01 14:23:17 +0200: Memory Usage (449676K) : norcx_m2tm1 has 0 polygons
2026-04-01 14:23:17 +0200: Memory Usage (449676K) : norcx_m2tm2 has 0 polygons
2026-04-01 14:23:17 +0200: Memory Usage (449676K) : norcx_m3m4 has 0 polygons
2026-04-01 14:23:17 +0200: Memory Usage (449676K) : norcx_m3m5 has 0 polygons
2026-04-01 14:23:17 +0200: Memory Usage (449676K) : norcx_m3tm1 has 0 polygons
2026-04-01 14:23:17 +0200: Memory Usage (449676K) : norcx_m3tm2 has 0 polygons
2026-04-01 14:23:17 +0200: Memory Usage (449676K) : norcx_m4m5 has 0 polygons
2026-04-01 14:23:17 +0200: Memory Usage (449676K) : norcx_m4tm1 has 0 polygons
2026-04-01 14:23:17 +0200: Memory Usage (449676K) : norcx_m4tm2 has 0 polygons
2026-04-01 14:23:17 +0200: Memory Usage (449676K) : norcx_m5tm1 has 0 polygons
2026-04-01 14:23:17 +0200: Memory Usage (449676K) : norcx_m5tm2 has 0 polygons
2026-04-01 14:23:17 +0200: Memory Usage (449676K) : norcx_tm1tm2 has 0 polygons
2026-04-01 14:23:17 +0200: Memory Usage (449676K) : norcx_m1sub has 0 polygons
2026-04-01 14:23:17 +0200: Memory Usage (449676K) : norcx_m2sub has 0 polygons
2026-04-01 14:23:17 +0200: Memory Usage (449676K) : norcx_m3sub has 0 polygons
2026-04-01 14:23:17 +0200: Memory Usage (449676K) : norcx_m4sub has 0 polygons
2026-04-01 14:23:17 +0200: Memory Usage (449676K) : norcx_m5sub has 0 polygons
2026-04-01 14:23:17 +0200: Memory Usage (449676K) : norcx_tm1sub has 0 polygons
2026-04-01 14:23:17 +0200: Memory Usage (449676K) : norcx_tm2sub has 0 polygons
2026-04-01 14:23:17 +0200: Memory Usage (449676K) : snsbotvia_drw has 0 polygons
2026-04-01 14:23:17 +0200: Memory Usage (449676K) : snstopvia_drw has 0 polygons
2026-04-01 14:23:17 +0200: Memory Usage (449676K) : deepvia_drw has 0 polygons
2026-04-01 14:23:17 +0200: Memory Usage (449676K) : fgetch_drw has 0 polygons
2026-04-01 14:23:17 +0200: Memory Usage (449676K) : ctrgat_drw has 0 polygons
2026-04-01 14:23:17 +0200: Memory Usage (449676K) : fgimp_drw has 0 polygons
2026-04-01 14:23:17 +0200: Memory Usage (449676K) : emwihv_drw has 0 polygons
2026-04-01 14:23:17 +0200: Memory Usage (449676K) : lbe_drw has 0 polygons
2026-04-01 14:23:17 +0200: Memory Usage (449676K) : alcustop_drw has 0 polygons
2026-04-01 14:23:17 +0200: Memory Usage (449676K) : nometfiller_drw has 0 polygons
2026-04-01 14:23:17 +0200: Memory Usage (449676K) : prboundary_drw has 0 polygons
2026-04-01 14:23:17 +0200: Memory Usage (449676K) : exchange0_drw has 0 polygons
2026-04-01 14:23:17 +0200: Memory Usage (449676K) : exchange0_pin has 0 polygons
2026-04-01 14:23:17 +0200: Memory Usage (449676K) : exchange0_text has 0 polygons
2026-04-01 14:23:17 +0200: Memory Usage (449676K) : exchange1_drw has 0 polygons
2026-04-01 14:23:17 +0200: Memory Usage (449676K) : exchange1_pin has 0 polygons
2026-04-01 14:23:17 +0200: Memory Usage (449676K) : exchange1_text has 0 polygons
2026-04-01 14:23:17 +0200: Memory Usage (449676K) : exchange2_drw has 0 polygons
2026-04-01 14:23:17 +0200: Memory Usage (449676K) : exchange2_pin has 0 polygons
2026-04-01 14:23:17 +0200: Memory Usage (449676K) : exchange2_text has 0 polygons
2026-04-01 14:23:17 +0200: Memory Usage (449676K) : exchange3_drw has 0 polygons
2026-04-01 14:23:17 +0200: Memory Usage (449676K) : exchange3_pin has 0 polygons
2026-04-01 14:23:17 +0200: Memory Usage (449676K) : exchange3_text has 0 polygons
2026-04-01 14:23:17 +0200: Memory Usage (449676K) : exchange4_drw has 0 polygons
2026-04-01 14:23:17 +0200: Memory Usage (449676K) : exchange4_pin has 0 polygons
2026-04-01 14:23:17 +0200: Memory Usage (449676K) : exchange4_text has 0 polygons
2026-04-01 14:23:17 +0200: Memory Usage (449676K) : isonwell_drw has 0 polygons
2026-04-01 14:23:17 +0200: Memory Usage (449676K) : Total no. of polygons in the design is 725
2026-04-01 14:23:17 +0200: Memory Usage (449676K) : Loaded TECH DRC rules values from /foss/pdks/ihp-sg13g2/libs.tech/klayout/python/sg13g2_pycell_lib/sg13g2_tech_mod.json
2026-04-01 14:23:17 +0200: Memory Usage (449676K) : Loaded default DRC rules values from /foss/pdks/ihp-sg13g2/libs.tech/klayout/tech/drc/rule_decks/sg13g2_tech_default.json
2026-04-01 14:23:17 +0200: Memory Usage (449676K) : The following rules values were missing in tech json and default values were used:
2026-04-01 14:23:17 +0200: Memory Usage (449676K) :   - Cnt_c_digibnd
2026-04-01 14:23:17 +0200: Memory Usage (450700K) : Total area of the design is 207.69379999999998 um^2.
2026-04-01 14:23:17 +0200: Memory Usage (450700K) : The design dimensions are 21.544999999999998 µm * 9.64 µm.
2026-04-01 14:23:17 +0200: Memory Usage (450700K) : Starting general IHP-SG13G2 derivations.
2026-04-01 14:23:17 +0200: Memory Usage (450700K) : Starting Pwell derivations
2026-04-01 14:23:17 +0200: Memory Usage (452492K) : Starting n-Activ derivations
2026-04-01 14:23:17 +0200: Memory Usage (452492K) : Starting p-Activ derivations
2026-04-01 14:23:17 +0200: Memory Usage (452492K) : Starting ptap derivations
2026-04-01 14:23:17 +0200: Memory Usage (452492K) : Starting ntap derivations
2026-04-01 14:23:17 +0200: Memory Usage (452492K) : Starting pact FET derivations
2026-04-01 14:23:17 +0200: Memory Usage (452492K) : Starting nact FET derivations
2026-04-01 14:23:17 +0200: Memory Usage (452492K) : Starting Gate derivations
2026-04-01 14:23:17 +0200: Memory Usage (452620K) : Starting cont/contbar general derivations
2026-04-01 14:23:17 +0200: Memory Usage (452748K) : Starting pad general derivations
2026-04-01 14:23:17 +0200: Memory Usage (452748K) : Starting IHP-SG13G2 DRC connectivity related derivations.
2026-04-01 14:23:18 +0200: Memory Usage (452748K) : Starting IHP-SG13G2 DRC connectivity setup
2026-04-01 14:23:18 +0200: Memory Usage (453004K) : Starting IHP-SG13G2 DRC rules.
2026-04-01 14:23:18 +0200: Memory Usage (453004K) : Running all FEOL rules
2026-04-01 14:23:18 +0200: Memory Usage (453004K) : Running all BEOL rules
2026-04-01 14:23:18 +0200: Memory Usage (453004K) : Running all PIN rules
2026-04-01 14:23:18 +0200: Memory Usage (453004K) : Running all FORBIDDEN rules
2026-04-01 14:23:18 +0200: Memory Usage (453004K) : Starting 5.1 NWell table
2026-04-01 14:23:18 +0200: Memory Usage (453004K) : Executing rule NW.b
2026-04-01 14:23:18 +0200: Memory Usage (453644K) : Executing rule NW.b1
2026-04-01 14:23:18 +0200: Memory Usage (453772K) : Starting 5.2 PWell:block
2026-04-01 14:23:18 +0200: Memory Usage (453772K) : Executing rule PWB.e
2026-04-01 14:23:18 +0200: Memory Usage (453772K) : Executing rule PWB.e1
2026-04-01 14:23:18 +0200: Memory Usage (453900K) : Executing rule PWB.f
2026-04-01 14:23:18 +0200: Memory Usage (453900K) : Executing rule PWB.f1
2026-04-01 14:23:18 +0200: Memory Usage (453900K) : Starting 5.3 nBuLay table
2026-04-01 14:23:18 +0200: Memory Usage (453900K) : Executing rule NBL.b
2026-04-01 14:23:18 +0200: Memory Usage (453900K) : Executing rule NBL.c
2026-04-01 14:23:18 +0200: Memory Usage (453900K) : Executing rule NBL.d
2026-04-01 14:23:18 +0200: Memory Usage (453900K) : Executing rule NBL.e
2026-04-01 14:23:18 +0200: Memory Usage (453900K) : Executing rule NBL.f
2026-04-01 14:23:18 +0200: Memory Usage (453900K) : Starting 5.5. Activ table
2026-04-01 14:23:18 +0200: Memory Usage (453900K) : Executing rule Act.a
2026-04-01 14:23:18 +0200: Memory Usage (453900K) : Executing rule Act.b
2026-04-01 14:23:18 +0200: Memory Usage (454028K) : Starting 5.6 Activ:filler table
2026-04-01 14:23:18 +0200: Memory Usage (454028K) : Executing rule AFil.c1
2026-04-01 14:23:18 +0200: Memory Usage (454028K) : Executing rule AFil.c
2026-04-01 14:23:18 +0200: Memory Usage (454028K) : Executing rule AFil.d
2026-04-01 14:23:18 +0200: Memory Usage (454028K) : Executing rule AFil.e
2026-04-01 14:23:18 +0200: Memory Usage (454028K) : Executing rule AFil.j
2026-04-01 14:23:18 +0200: Memory Usage (454028K) : Starting 5.7. ThickGateOx table
2026-04-01 14:23:18 +0200: Memory Usage (454028K) : Executing rule TGO.f
2026-04-01 14:23:18 +0200: Memory Usage (454028K) : Starting 5.8. GatPoly table
2026-04-01 14:23:18 +0200: Memory Usage (454028K) : Executing rule Gat.a
2026-04-01 14:23:18 +0200: Memory Usage (454028K) : Executing rule Gat.b
2026-04-01 14:23:18 +0200: Memory Usage (454156K) : Executing rule Gat.d
2026-04-01 14:23:18 +0200: Memory Usage (454156K) : Executing rule Gat.a1
2026-04-01 14:23:18 +0200: Memory Usage (454668K) : Executing rule Gat.a2
2026-04-01 14:23:18 +0200: Memory Usage (454668K) : Executing rule Gat.g
2026-04-01 14:23:18 +0200: Memory Usage (454668K) : Starting 5.9 GatPoly:filler
2026-04-01 14:23:18 +0200: Memory Usage (454668K) : Executing rule GFil.d
2026-04-01 14:23:18 +0200: Memory Usage (454668K) : Executing rule GFil.e
2026-04-01 14:23:18 +0200: Memory Usage (454668K) : Executing rule GFil.i
2026-04-01 14:23:18 +0200: Memory Usage (454668K) : Starting 5.10 pSD table
2026-04-01 14:23:18 +0200: Memory Usage (454668K) : Executing rule pSD.c1
2026-04-01 14:23:18 +0200: Memory Usage (454668K) : Starting 5.14. Cont table
2026-04-01 14:23:18 +0200: Memory Usage (454668K) : Executing rule Cnt.a
2026-04-01 14:23:18 +0200: Memory Usage (454668K) : Executing rule Cnt.b
2026-04-01 14:23:18 +0200: Memory Usage (454668K) : Executing rule Cnt.c
2026-04-01 14:23:18 +0200: Memory Usage (454668K) : Executing rule Cnt.c
2026-04-01 14:23:18 +0200: Memory Usage (454668K) : Executing rule Cnt.d
2026-04-01 14:23:18 +0200: Memory Usage (454668K) : Executing rule Cnt.e
2026-04-01 14:23:18 +0200: Memory Usage (454668K) : Executing rule Cnt.g1
2026-04-01 14:23:18 +0200: Memory Usage (454668K) : Executing rule Cnt.g2
2026-04-01 14:23:18 +0200: Memory Usage (454668K) : Starting 5.15. ContBar table
2026-04-01 14:23:18 +0200: Memory Usage (454668K) : Executing rule CntB.b1
2026-04-01 14:23:18 +0200: Memory Usage (454668K) : Executing rule CntB.h1
2026-04-01 14:23:18 +0200: Memory Usage (454668K) : Starting 6.1.3 NPN Substrate-Tie table
2026-04-01 14:23:18 +0200: Memory Usage (454668K) : Executing rule npn13G2.bR 
2026-04-01 14:23:18 +0200: Memory Usage (454668K) : Executing rule npn13G2L.cR 
2026-04-01 14:23:18 +0200: Memory Usage (454668K) : Executing rule npn13G2V.cR 
2026-04-01 14:23:18 +0200: Memory Usage (454668K) : Starting 6.7 Schottky diode table
2026-04-01 14:23:18 +0200: Memory Usage (454668K) : Executing rule Sdiod.d
2026-04-01 14:23:18 +0200: Memory Usage (454668K) : Executing rule Sdiod.e
2026-04-01 14:23:18 +0200: Memory Usage (454668K) : Starting 7.2 Latch-up table
2026-04-01 14:23:18 +0200: Memory Usage (454668K) : Executing rule LU.b
2026-04-01 14:23:18 +0200: Memory Usage (454668K) : Starting 5.16. Metal1 table
2026-04-01 14:23:18 +0200: Memory Usage (454668K) : Executing rule M1.a
2026-04-01 14:23:18 +0200: Memory Usage (454668K) : Executing rule M1.b
2026-04-01 14:23:18 +0200: Memory Usage (454668K) : Executing rule M1.e
2026-04-01 14:23:18 +0200: Memory Usage (454668K) : Executing rule M1.f
2026-04-01 14:23:18 +0200: Memory Usage (454668K) : Executing rule M1.g
2026-04-01 14:23:18 +0200: Memory Usage (454668K) : Executing rule M1.i
2026-04-01 14:23:18 +0200: Memory Usage (454668K) : Starting 5.17 Metaln table
2026-04-01 14:23:18 +0200: Memory Usage (454668K) : Executing rule M2.a
2026-04-01 14:23:18 +0200: Memory Usage (454668K) : Executing rule M2.b
2026-04-01 14:23:18 +0200: Memory Usage (454668K) : Executing rule M2.e
2026-04-01 14:23:18 +0200: Memory Usage (454668K) : Executing rule M2.f
2026-04-01 14:23:18 +0200: Memory Usage (454668K) : Executing rule M2.g
2026-04-01 14:23:18 +0200: Memory Usage (454668K) : Executing rule M2.i
2026-04-01 14:23:18 +0200: Memory Usage (454668K) : Executing rule M3.a
2026-04-01 14:23:18 +0200: Memory Usage (454668K) : Executing rule M3.b
2026-04-01 14:23:18 +0200: Memory Usage (454668K) : Executing rule M3.e
2026-04-01 14:23:18 +0200: Memory Usage (454796K) : Executing rule M3.f
2026-04-01 14:23:18 +0200: Memory Usage (454924K) : Executing rule M3.g
2026-04-01 14:23:18 +0200: Memory Usage (455052K) : Executing rule M3.i
2026-04-01 14:23:18 +0200: Memory Usage (455308K) : Executing rule M4.a
2026-04-01 14:23:18 +0200: Memory Usage (455308K) : Executing rule M4.b
2026-04-01 14:23:18 +0200: Memory Usage (455436K) : Executing rule M4.e
2026-04-01 14:23:18 +0200: Memory Usage (455564K) : Executing rule M4.f
2026-04-01 14:23:18 +0200: Memory Usage (455564K) : Executing rule M4.g
2026-04-01 14:23:18 +0200: Memory Usage (455564K) : Executing rule M4.i
2026-04-01 14:23:18 +0200: Memory Usage (455564K) : Executing rule M5.a
2026-04-01 14:23:18 +0200: Memory Usage (455564K) : Executing rule M5.b
2026-04-01 14:23:18 +0200: Memory Usage (455564K) : Executing rule M5.e
2026-04-01 14:23:18 +0200: Memory Usage (455564K) : Executing rule M5.f
2026-04-01 14:23:18 +0200: Memory Usage (455564K) : Executing rule M5.g
2026-04-01 14:23:18 +0200: Memory Usage (455564K) : Executing rule M5.i
2026-04-01 14:23:18 +0200: Memory Usage (455564K) : Starting 5.18 Metaln:filler table
2026-04-01 14:23:18 +0200: Memory Usage (455564K) : Executing rule M1Fil.c
2026-04-01 14:23:18 +0200: Memory Usage (455564K) : Executing rule M1Fil.a2
2026-04-01 14:23:18 +0200: Memory Usage (455564K) : Executing rule M2Fil.c
2026-04-01 14:23:18 +0200: Memory Usage (455564K) : Executing rule M2Fil.a2
2026-04-01 14:23:18 +0200: Memory Usage (455564K) : Executing rule M3Fil.c
2026-04-01 14:23:18 +0200: Memory Usage (455564K) : Executing rule M3Fil.a2
2026-04-01 14:23:18 +0200: Memory Usage (455564K) : Executing rule M4Fil.c
2026-04-01 14:23:18 +0200: Memory Usage (455564K) : Executing rule M4Fil.a2
2026-04-01 14:23:18 +0200: Memory Usage (455564K) : Executing rule M5Fil.c
2026-04-01 14:23:18 +0200: Memory Usage (455564K) : Executing rule M5Fil.a2
2026-04-01 14:23:18 +0200: Memory Usage (455564K) : Starting 5.19. Via1 table
2026-04-01 14:23:18 +0200: Memory Usage (455564K) : Starting 5.19. Via1 table derivations
2026-04-01 14:23:18 +0200: Memory Usage (455564K) : Executing rule V1.a
2026-04-01 14:23:18 +0200: Memory Usage (455564K) : Executing rule V1.b
2026-04-01 14:23:18 +0200: Memory Usage (455564K) : Executing rule V1.c
2026-04-01 14:23:18 +0200: Memory Usage (455564K) : Starting 5.20. Vian table
2026-04-01 14:23:18 +0200: Memory Usage (455564K) : Executing rule V2.a
2026-04-01 14:23:18 +0200: Memory Usage (455564K) : Executing rule V2.b
2026-04-01 14:23:18 +0200: Memory Usage (455564K) : Executing rule V2.c
2026-04-01 14:23:18 +0200: Memory Usage (455564K) : Executing rule V3.a
2026-04-01 14:23:18 +0200: Memory Usage (455564K) : Executing rule V3.b
2026-04-01 14:23:18 +0200: Memory Usage (455564K) : Executing rule V3.c
2026-04-01 14:23:18 +0200: Memory Usage (455564K) : Executing rule V4.a
2026-04-01 14:23:18 +0200: Memory Usage (455564K) : Executing rule V4.b
2026-04-01 14:23:18 +0200: Memory Usage (455564K) : Executing rule V4.c
2026-04-01 14:23:18 +0200: Memory Usage (455564K) : Starting 5.21. TopVia1 table
2026-04-01 14:23:18 +0200: Memory Usage (455564K) : Executing rule TV1.a
2026-04-01 14:23:18 +0200: Memory Usage (455564K) : Executing rule TV1.b
2026-04-01 14:23:18 +0200: Memory Usage (455564K) : Executing rule TV1.c
2026-04-01 14:23:18 +0200: Memory Usage (455564K) : Executing rule TV1.d
2026-04-01 14:23:18 +0200: Memory Usage (455564K) : Starting 5.22. TopMetal1 table
2026-04-01 14:23:18 +0200: Memory Usage (455564K) : Executing rule TM1.a
2026-04-01 14:23:19 +0200: Memory Usage (455564K) : Executing rule TM1.b
2026-04-01 14:23:19 +0200: Memory Usage (455564K) : Starting 5.23 TopMetal1:filler table
2026-04-01 14:23:19 +0200: Memory Usage (455564K) : Executing rule TM1Fil.c
2026-04-01 14:23:19 +0200: Memory Usage (455564K) : Executing rule TM1Fil.a1
2026-04-01 14:23:19 +0200: Memory Usage (455564K) : Starting 5.24. TopVia2 table
2026-04-01 14:23:19 +0200: Memory Usage (455564K) : Executing rule TV2.a
2026-04-01 14:23:19 +0200: Memory Usage (455564K) : Executing rule TV2.b
2026-04-01 14:23:19 +0200: Memory Usage (455564K) : Executing rule TV2.c
2026-04-01 14:23:19 +0200: Memory Usage (455564K) : Executing rule TV2.d
2026-04-01 14:23:19 +0200: Memory Usage (455564K) : Starting 5.25. TopMetal2 table
2026-04-01 14:23:19 +0200: Memory Usage (455564K) : Executing rule TM2.a
2026-04-01 14:23:19 +0200: Memory Usage (455564K) : Executing rule TM2.b
2026-04-01 14:23:19 +0200: Memory Usage (455564K) : Executing rule TM2.bR
2026-04-01 14:23:19 +0200: Memory Usage (455564K) : Starting 5.26 TopMetal2:filler table
2026-04-01 14:23:19 +0200: Memory Usage (455564K) : Executing rule TM2Fil.c
2026-04-01 14:23:19 +0200: Memory Usage (455564K) : Executing rule TM2Fil.a1
2026-04-01 14:23:19 +0200: Memory Usage (455564K) : Starting 5.27. Passiv table
2026-04-01 14:23:19 +0200: Memory Usage (455564K) : Executing rule Pas.a
2026-04-01 14:23:19 +0200: Memory Usage (455564K) : Executing rule Pas.b
2026-04-01 14:23:19 +0200: Memory Usage (455564K) : Executing rule Pas.c
2026-04-01 14:23:19 +0200: Memory Usage (455564K) : Starting 6.9.2 Copper Pillar table
2026-04-01 14:23:19 +0200: Memory Usage (455564K) : Executing rule Padc.a
2026-04-01 14:23:19 +0200: Memory Usage (455564K) : Executing rule Padc.b
2026-04-01 14:23:19 +0200: Memory Usage (455564K) : Executing rule Padc.c
2026-04-01 14:23:19 +0200: Memory Usage (455564K) : Executing rule Padb.f
2026-04-01 14:23:19 +0200: Memory Usage (455564K) : Starting 6.9 Pad table
2026-04-01 14:23:19 +0200: Memory Usage (455564K) : Executing rule Pad.m
2026-04-01 14:23:19 +0200: Memory Usage (455564K) : Executing rule Pad.fR_M1
2026-04-01 14:23:19 +0200: Memory Usage (455564K) : Executing rule Pad.fR_M2
2026-04-01 14:23:19 +0200: Memory Usage (455564K) : Executing rule Pad.fR_M3
2026-04-01 14:23:19 +0200: Memory Usage (455564K) : Executing rule Pad.fR_M4
2026-04-01 14:23:19 +0200: Memory Usage (455564K) : Executing rule Pad.fR_M5
2026-04-01 14:23:19 +0200: Memory Usage (455564K) : Executing rule Pad.fR_TM1
2026-04-01 14:23:19 +0200: Memory Usage (455564K) : Executing rule Pad.fR_TM2
2026-04-01 14:23:19 +0200: Memory Usage (455564K) : Executing rule Pad.i
2026-04-01 14:23:19 +0200: Memory Usage (455564K) : Starting 6.9.1 Solder Bump
2026-04-01 14:23:19 +0200: Memory Usage (455564K) : Executing rule Padb.a
2026-04-01 14:23:19 +0200: Memory Usage (455820K) : Executing rule Padb.b
2026-04-01 14:23:19 +0200: Memory Usage (455820K) : Executing rule Padb.c
2026-04-01 14:23:19 +0200: Memory Usage (455948K) : Executing rule Padb.f
2026-04-01 14:23:19 +0200: Memory Usage (455948K) : Executing rule Padb.d
2026-04-01 14:23:19 +0200: Memory Usage (455948K) : Starting 6.10 Sealring table
2026-04-01 14:23:19 +0200: Memory Usage (455948K) : Executing rule Seal.l
2026-04-01 14:23:19 +0200: Memory Usage (455948K) : Executing rule Seal.n
2026-04-01 14:23:19 +0200: Memory Usage (455948K) : Executing rule seal.b_metal1
2026-04-01 14:23:19 +0200: Memory Usage (455948K) : Executing rule seal.b_metal2
2026-04-01 14:23:19 +0200: Memory Usage (455948K) : Executing rule seal.b_metal3
2026-04-01 14:23:19 +0200: Memory Usage (455948K) : Executing rule seal.b_metal4
2026-04-01 14:23:19 +0200: Memory Usage (455948K) : Executing rule seal.b_metal5
2026-04-01 14:23:19 +0200: Memory Usage (455948K) : Executing rule seal.b_topmetal1
2026-04-01 14:23:19 +0200: Memory Usage (455948K) : Executing rule seal.b_topmetal2
2026-04-01 14:23:19 +0200: Memory Usage (455948K) : Executing rule seal.b_activ
2026-04-01 14:23:19 +0200: Memory Usage (455948K) : Executing rule seal.b_psd
2026-04-01 14:23:19 +0200: Memory Usage (455948K) : Executing rule Seal.k
2026-04-01 14:23:19 +0200: Memory Usage (455948K) : Executing rule Seal.m
2026-04-01 14:23:19 +0200: Memory Usage (455948K) : Starting 6.11 MIM table
2026-04-01 14:23:19 +0200: Memory Usage (455948K) : Executing rule MIM.c
2026-04-01 14:23:19 +0200: Memory Usage (455948K) : Executing rule MIM.d
2026-04-01 14:23:19 +0200: Memory Usage (455948K) : Executing rule MIM.gR
2026-04-01 14:23:19 +0200: Memory Usage (455948K) : Starting 7.3 Metal Slits table
2026-04-01 14:23:19 +0200: Memory Usage (455948K) : Executing rule Slt.e1_M1
2026-04-01 14:23:19 +0200: Memory Usage (455948K) : Executing rule Slt.e1_M2
2026-04-01 14:23:19 +0200: Memory Usage (455948K) : Executing rule Slt.e1_M3
2026-04-01 14:23:19 +0200: Memory Usage (455948K) : Executing rule Slt.e1_M4
2026-04-01 14:23:19 +0200: Memory Usage (455948K) : Executing rule Slt.e1_M5
2026-04-01 14:23:19 +0200: Memory Usage (455948K) : Executing rule Slt.e1_TM1
2026-04-01 14:23:19 +0200: Memory Usage (455948K) : Executing rule Slt.e1_TM2
2026-04-01 14:23:19 +0200: Memory Usage (455948K) : Starting 9.1. LBE table
2026-04-01 14:23:19 +0200: Memory Usage (455948K) : Executing rule LBE.a
2026-04-01 14:23:19 +0200: Memory Usage (455948K) : Executing rule LBE.b
2026-04-01 14:23:19 +0200: Memory Usage (455948K) : Executing rule LBE.b1
2026-04-01 14:23:19 +0200: Memory Usage (455948K) : Executing rule LBE.c
2026-04-01 14:23:19 +0200: Memory Usage (455948K) : Executing rule LBE.d
2026-04-01 14:23:19 +0200: Memory Usage (455948K) : Executing rule LBE.h
2026-04-01 14:23:19 +0200: Memory Usage (455948K) : Starting 7.4. PIN table
2026-04-01 14:23:19 +0200: Memory Usage (455948K) : Executing rule Pin.a
2026-04-01 14:23:19 +0200: Memory Usage (455948K) : Executing rule Pin.b
2026-04-01 14:23:19 +0200: Memory Usage (455948K) : Executing rule Pin.e
2026-04-01 14:23:19 +0200: Memory Usage (455948K) : Executing rule Pin.f_M2
2026-04-01 14:23:19 +0200: Memory Usage (455948K) : Executing rule Pin.f_M3
2026-04-01 14:23:19 +0200: Memory Usage (455948K) : Executing rule Pin.f_M4
2026-04-01 14:23:19 +0200: Memory Usage (455948K) : Executing rule Pin.f_M5
2026-04-01 14:23:19 +0200: Memory Usage (455948K) : Executing rule Pin.g
2026-04-01 14:23:19 +0200: Memory Usage (455948K) : Executing rule Pin.h
2026-04-01 14:23:19 +0200: Memory Usage (455948K) : Starting 3.2. FORBIDDEN table
2026-04-01 14:23:19 +0200: Memory Usage (455948K) : Executing rule forbidden.biwind
2026-04-01 14:23:19 +0200: Memory Usage (455948K) : Executing rule forbidden.pemwind
2026-04-01 14:23:19 +0200: Memory Usage (455948K) : Executing rule forbidden.baspoly
2026-04-01 14:23:19 +0200: Memory Usage (455948K) : Executing rule forbidden.deepco
2026-04-01 14:23:19 +0200: Memory Usage (455948K) : Executing rule forbidden.pempoly
2026-04-01 14:23:19 +0200: Memory Usage (455948K) : Executing rule forbidden.empoly
2026-04-01 14:23:19 +0200: Memory Usage (455948K) : Executing rule forbidden.ldmos
2026-04-01 14:23:19 +0200: Memory Usage (455948K) : Executing rule forbidden.pbiwind
2026-04-01 14:23:19 +0200: Memory Usage (455948K) : Executing rule forbidden.nodrc
2026-04-01 14:23:19 +0200: Memory Usage (455948K) : Executing rule forbidden.flash
2026-04-01 14:23:19 +0200: Memory Usage (455948K) : Executing rule forbidden.colwind
2026-04-01 14:23:19 +0200: Memory Usage (455948K) : KLayout DRC run for tables 'main' completed in 2.29 seconds
