# Logfile created on 2026-04-11 04:11:55 +0200 by logger.rb/v1.4.3
2026-04-11 04:11:55 +0200: Memory Usage (429388K) : Starting running SG13G2 Klayout LVS runset on /home/designer/shared/frac-n-pll-vco-unic_cass/layout/LC_VCO.gds
2026-04-11 04:11:55 +0200: Memory Usage (429388K) : Ruby Version for klayout: 3.0.2
2026-04-11 04:11:55 +0200: Memory Usage (430412K) : Loading database to memory is complete.
2026-04-11 04:11:55 +0200: Memory Usage (430412K) : SG13G2 Klayout LVS runset output at: /home/designer/shared/frac-n-pll-vco-unic_cass/lvs_run_LC_VCO_2026_04_11_04_11_53/LC_VCO.lvsdb
2026-04-11 04:11:55 +0200: Memory Usage (430412K) : Evaluate switches.
2026-04-11 04:11:55 +0200: Memory Usage (430412K) : Extracted netlist with net names: true
2026-04-11 04:11:55 +0200: Memory Usage (430412K) : Extracted netlist with comments in details: false
2026-04-11 04:11:55 +0200: Memory Usage (430412K) : Selected NET_ONLY option: true
2026-04-11 04:11:55 +0200: Memory Usage (430412K) : Selected LAYOUT_NETLIST option: (none)
2026-04-11 04:11:55 +0200: Memory Usage (430412K) : Selected IGNORE_TOP_PORTS_MISMATCH option: 
2026-04-11 04:11:55 +0200: Memory Usage (430412K) : Selected IMPLICIT_NETS option: (none)
2026-04-11 04:11:55 +0200: Memory Usage (430412K) : Selected TOP_LVL_PINS option: false
2026-04-11 04:11:55 +0200: Memory Usage (430412K) : Selected COMBINE DEVICES option: false
2026-04-11 04:11:55 +0200: Memory Usage (430412K) : Selected PURGE option: false
2026-04-11 04:11:55 +0200: Memory Usage (430412K) : Selected PURGE_NETS option: false
2026-04-11 04:11:55 +0200: Memory Usage (430412K) : Selected SIMPLIFY option: true
2026-04-11 04:11:55 +0200: Memory Usage (430412K) : Selected SERIES_RES option: true
2026-04-11 04:11:55 +0200: Memory Usage (430412K) : Selected PARALLEL_RES option: true
2026-04-11 04:11:55 +0200: Memory Usage (430412K) : flat  mode is enabled.
2026-04-11 04:11:55 +0200: Memory Usage (430412K) : LVS extracted netlist at: /home/designer/shared/frac-n-pll-vco-unic_cass/lvs_run_LC_VCO_2026_04_11_04_11_53/LC_VCO_extracted.cir
2026-04-11 04:11:55 +0200: Memory Usage (430412K) : Applying SRAM integration support.
2026-04-11 04:11:55 +0200: Memory Usage (430412K) : Starting SG13G2 LVS runset
2026-04-11 04:11:55 +0200: Memory Usage (430412K) : Read in polygons from layers.
2026-04-11 04:11:55 +0200: Memory Usage (431436K) : activ_drw has 26 polygons
2026-04-11 04:11:55 +0200: Memory Usage (431436K) : activ_filler has 0 polygons
2026-04-11 04:11:55 +0200: Memory Usage (431436K) : activ has 26 polygons
2026-04-11 04:11:55 +0200: Memory Usage (431436K) : activ_pin has 0 polygons
2026-04-11 04:11:55 +0200: Memory Usage (431436K) : activ_mask has 0 polygons
2026-04-11 04:11:55 +0200: Memory Usage (431436K) : activ_nofill has 1 polygons
2026-04-11 04:11:55 +0200: Memory Usage (431692K) : activ_OPC has 0 polygons
2026-04-11 04:11:55 +0200: Memory Usage (431820K) : activ_iOPC has 0 polygons
2026-04-11 04:11:55 +0200: Memory Usage (431820K) : activ_noqrc has 1 polygons
2026-04-11 04:11:55 +0200: Memory Usage (431820K) : biwind_drw has 0 polygons
2026-04-11 04:11:55 +0200: Memory Usage (431948K) : biwind_OPC has 0 polygons
2026-04-11 04:11:55 +0200: Memory Usage (432076K) : gatpoly_drw has 14 polygons
2026-04-11 04:11:55 +0200: Memory Usage (432204K) : gatpoly_filler has 0 polygons
2026-04-11 04:11:55 +0200: Memory Usage (432204K) : gatpoly has 14 polygons
2026-04-11 04:11:55 +0200: Memory Usage (432332K) : gatpoly_pin has 6 polygons
2026-04-11 04:11:55 +0200: Memory Usage (432460K) : gatpoly_nofill has 1 polygons
2026-04-11 04:11:55 +0200: Memory Usage (432460K) : gatpoly_OPC has 0 polygons
2026-04-11 04:11:55 +0200: Memory Usage (432588K) : gatpoly_iOPC has 0 polygons
2026-04-11 04:11:55 +0200: Memory Usage (432716K) : gatpoly_noqrc has 0 polygons
2026-04-11 04:11:55 +0200: Memory Usage (433612K) : cont_drw has 3865 polygons
2026-04-11 04:11:55 +0200: Memory Usage (433612K) : cont_OPC has 0 polygons
2026-04-11 04:11:55 +0200: Memory Usage (433612K) : nsd_drw has 0 polygons
2026-04-11 04:11:55 +0200: Memory Usage (433868K) : nsd_block has 0 polygons
2026-04-11 04:11:55 +0200: Memory Usage (433868K) : metal1_drw has 45 polygons
2026-04-11 04:11:55 +0200: Memory Usage (433868K) : metal1_filler has 0 polygons
2026-04-11 04:11:55 +0200: Memory Usage (433868K) : metal1_slit has 0 polygons
2026-04-11 04:11:55 +0200: Memory Usage (433996K) : metal1 has 45 polygons
2026-04-11 04:11:55 +0200: Memory Usage (434124K) : metal1_pin has 25 polygons
2026-04-11 04:11:55 +0200: Memory Usage (434252K) : metal1_mask has 0 polygons
2026-04-11 04:11:55 +0200: Memory Usage (434380K) : metal1_nofill has 1 polygons
2026-04-11 04:11:55 +0200: Memory Usage (434508K) : metal1_text has 4 polygons
2026-04-11 04:11:55 +0200: Memory Usage (434636K) : metal1_OPC has 0 polygons
2026-04-11 04:11:55 +0200: Memory Usage (434764K) : metal1_noqrc has 1 polygons
2026-04-11 04:11:55 +0200: Memory Usage (434892K) : metal1_res has 0 polygons
2026-04-11 04:11:55 +0200: Memory Usage (435020K) : metal1_iprobe has 0 polygons
2026-04-11 04:11:55 +0200: Memory Usage (435276K) : metal1_diffprb has 0 polygons
2026-04-11 04:11:55 +0200: Memory Usage (435404K) : passiv_drw has 0 polygons
2026-04-11 04:11:55 +0200: Memory Usage (435532K) : passiv_pin has 0 polygons
2026-04-11 04:11:55 +0200: Memory Usage (435660K) : passiv_sbump has 0 polygons
2026-04-11 04:11:55 +0200: Memory Usage (435788K) : passiv_pillar has 0 polygons
2026-04-11 04:11:55 +0200: Memory Usage (435916K) : passiv_pdl has 0 polygons
2026-04-11 04:11:55 +0200: Memory Usage (436044K) : metal2_drw has 13 polygons
2026-04-11 04:11:55 +0200: Memory Usage (436172K) : metal2_filler has 0 polygons
2026-04-11 04:11:55 +0200: Memory Usage (436172K) : metal2_slit has 0 polygons
2026-04-11 04:11:55 +0200: Memory Usage (436300K) : metal2 has 13 polygons
2026-04-11 04:11:55 +0200: Memory Usage (436428K) : metal2_pin has 5 polygons
2026-04-11 04:11:55 +0200: Memory Usage (436556K) : metal2_mask has 0 polygons
2026-04-11 04:11:55 +0200: Memory Usage (436684K) : metal2_nofill has 1 polygons
2026-04-11 04:11:55 +0200: Memory Usage (436812K) : metal2_text has 5 polygons
2026-04-11 04:11:55 +0200: Memory Usage (436940K) : metal2_OPC has 0 polygons
2026-04-11 04:11:55 +0200: Memory Usage (437068K) : metal2_noqrc has 1 polygons
2026-04-11 04:11:55 +0200: Memory Usage (437196K) : metal2_res has 0 polygons
2026-04-11 04:11:55 +0200: Memory Usage (437324K) : metal2_iprobe has 0 polygons
2026-04-11 04:11:55 +0200: Memory Usage (437452K) : metal2_diffprb has 0 polygons
2026-04-11 04:11:55 +0200: Memory Usage (437580K) : baspoly_drw has 0 polygons
2026-04-11 04:11:55 +0200: Memory Usage (437708K) : baspoly_pin has 0 polygons
2026-04-11 04:11:55 +0200: Memory Usage (437836K) : psd_drw has 15 polygons
2026-04-11 04:11:55 +0200: Memory Usage (437964K) : nldb_drw has 0 polygons
2026-04-11 04:11:55 +0200: Memory Usage (438092K) : digibnd_drw has 0 polygons
2026-04-11 04:11:55 +0200: Memory Usage (438220K) : via1_drw has 46 polygons
2026-04-11 04:11:55 +0200: Memory Usage (438348K) : backmetal1_drw has 0 polygons
2026-04-11 04:11:55 +0200: Memory Usage (438476K) : backmetal1_pin has 0 polygons
2026-04-11 04:11:55 +0200: Memory Usage (438604K) : backmetal1_mask has 0 polygons
2026-04-11 04:11:55 +0200: Memory Usage (438732K) : backmetal1_filler has 0 polygons
2026-04-11 04:11:55 +0200: Memory Usage (438860K) : backmetal1_nofill has 0 polygons
2026-04-11 04:11:55 +0200: Memory Usage (438988K) : backmetal1_slit has 0 polygons
2026-04-11 04:11:55 +0200: Memory Usage (438988K) : backmetal1_text has 0 polygons
2026-04-11 04:11:55 +0200: Memory Usage (439116K) : backmetal1_OPC has 0 polygons
2026-04-11 04:11:55 +0200: Memory Usage (439244K) : backmetal1_noqrc has 0 polygons
2026-04-11 04:11:55 +0200: Memory Usage (439372K) : backmetal1_res has 0 polygons
2026-04-11 04:11:55 +0200: Memory Usage (439500K) : backmetal1_iprobe has 0 polygons
2026-04-11 04:11:55 +0200: Memory Usage (439628K) : backmetal1_diffprb has 0 polygons
2026-04-11 04:11:55 +0200: Memory Usage (439756K) : backpassiv_drw has 0 polygons
2026-04-11 04:11:55 +0200: Memory Usage (439884K) : res_drw has 0 polygons
2026-04-11 04:11:55 +0200: Memory Usage (440012K) : sram_drw has 0 polygons
2026-04-11 04:11:55 +0200: Memory Usage (440140K) : trans_drw has 0 polygons
2026-04-11 04:11:55 +0200: Memory Usage (440268K) : ind_drw has 2 polygons
2026-04-11 04:11:55 +0200: Memory Usage (440396K) : ind_pin has 2 polygons
2026-04-11 04:11:55 +0200: Memory Usage (440524K) : ind_text has 0 polygons
2026-04-11 04:11:55 +0200: Memory Usage (440652K) : salblock_drw has 0 polygons
2026-04-11 04:11:55 +0200: Memory Usage (440780K) : via2_drw has 134 polygons
2026-04-11 04:11:55 +0200: Memory Usage (440908K) : metal3_drw has 4 polygons
2026-04-11 04:11:55 +0200: Memory Usage (441036K) : metal3_filler has 0 polygons
2026-04-11 04:11:55 +0200: Memory Usage (441164K) : metal3_slit has 0 polygons
2026-04-11 04:11:55 +0200: Memory Usage (441292K) : metal3 has 4 polygons
2026-04-11 04:11:55 +0200: Memory Usage (441420K) : metal3_pin has 0 polygons
2026-04-11 04:11:55 +0200: Memory Usage (441548K) : metal3_mask has 0 polygons
2026-04-11 04:11:55 +0200: Memory Usage (441548K) : metal3_nofill has 1 polygons
2026-04-11 04:11:55 +0200: Memory Usage (441676K) : metal3_text has 0 polygons
2026-04-11 04:11:55 +0200: Memory Usage (441804K) : metal3_OPC has 0 polygons
2026-04-11 04:11:55 +0200: Memory Usage (441932K) : metal3_noqrc has 1 polygons
2026-04-11 04:11:55 +0200: Memory Usage (442060K) : metal3_res has 0 polygons
2026-04-11 04:11:55 +0200: Memory Usage (442188K) : metal3_iprobe has 0 polygons
2026-04-11 04:11:55 +0200: Memory Usage (442316K) : metal3_diffprb has 0 polygons
2026-04-11 04:11:55 +0200: Memory Usage (442444K) : nwell_drw has 7 polygons
2026-04-11 04:11:55 +0200: Memory Usage (442572K) : nwell_pin has 0 polygons
2026-04-11 04:11:55 +0200: Memory Usage (442572K) : nwell_text has 0 polygons
2026-04-11 04:11:55 +0200: Memory Usage (442700K) : nbulay_drw has 2 polygons
2026-04-11 04:11:55 +0200: Memory Usage (442828K) : nbulay_pin has 0 polygons
2026-04-11 04:11:55 +0200: Memory Usage (442956K) : nbulay_block has 0 polygons
2026-04-11 04:11:55 +0200: Memory Usage (443084K) : emwind_drw has 0 polygons
2026-04-11 04:11:55 +0200: Memory Usage (443212K) : emwind_OPC has 0 polygons
2026-04-11 04:11:55 +0200: Memory Usage (443340K) : deepco_drw has 0 polygons
2026-04-11 04:11:55 +0200: Memory Usage (443468K) : mim_drw has 1 polygons
2026-04-11 04:11:55 +0200: Memory Usage (443596K) : edgeseal_drw has 0 polygons
2026-04-11 04:11:55 +0200: Memory Usage (443724K) : substrate_drw has 7 polygons
2026-04-11 04:11:55 +0200: Memory Usage (443724K) : substrate_text has 0 polygons
2026-04-11 04:11:55 +0200: Memory Usage (443852K) : dfpad_drw has 0 polygons
2026-04-11 04:11:55 +0200: Memory Usage (443980K) : dfpad_pillar has 0 polygons
2026-04-11 04:11:55 +0200: Memory Usage (444108K) : dfpad_sbump has 0 polygons
2026-04-11 04:11:55 +0200: Memory Usage (444236K) : thickgateox_drw has 0 polygons
2026-04-11 04:11:55 +0200: Memory Usage (444364K) : pldb_drw has 0 polygons
2026-04-11 04:11:55 +0200: Memory Usage (444492K) : pwell_drw has 0 polygons
2026-04-11 04:11:55 +0200: Memory Usage (444620K) : pwell_pin has 0 polygons
2026-04-11 04:11:55 +0200: Memory Usage (444748K) : pwell_block has 1 polygons
2026-04-11 04:11:55 +0200: Memory Usage (444876K) : ic_drw has 0 polygons
2026-04-11 04:11:55 +0200: Memory Usage (445004K) : via3_drw has 134 polygons
2026-04-11 04:11:55 +0200: Memory Usage (445260K) : metal4_drw has 4 polygons
2026-04-11 04:11:55 +0200: Memory Usage (445388K) : metal4_filler has 0 polygons
2026-04-11 04:11:55 +0200: Memory Usage (445516K) : metal4_slit has 0 polygons
2026-04-11 04:11:55 +0200: Memory Usage (445644K) : metal4 has 4 polygons
2026-04-11 04:11:55 +0200: Memory Usage (445772K) : metal4_pin has 0 polygons
2026-04-11 04:11:55 +0200: Memory Usage (445900K) : metal4_mask has 0 polygons
2026-04-11 04:11:55 +0200: Memory Usage (446028K) : metal4_nofill has 1 polygons
2026-04-11 04:11:55 +0200: Memory Usage (446028K) : metal4_text has 0 polygons
2026-04-11 04:11:55 +0200: Memory Usage (446156K) : metal4_OPC has 0 polygons
2026-04-11 04:11:55 +0200: Memory Usage (446284K) : metal4_noqrc has 1 polygons
2026-04-11 04:11:55 +0200: Memory Usage (446412K) : metal4_res has 0 polygons
2026-04-11 04:11:55 +0200: Memory Usage (446540K) : metal4_iprobe has 0 polygons
2026-04-11 04:11:55 +0200: Memory Usage (446668K) : metal4_diffprb has 0 polygons
2026-04-11 04:11:55 +0200: Memory Usage (446796K) : heattrans_drw has 99 polygons
2026-04-11 04:11:55 +0200: Memory Usage (446924K) : heatres_drw has 0 polygons
2026-04-11 04:11:55 +0200: Memory Usage (447052K) : fbe_drw has 0 polygons
2026-04-11 04:11:55 +0200: Memory Usage (447180K) : empoly_drw has 0 polygons
2026-04-11 04:11:55 +0200: Memory Usage (447308K) : digisub_drw has 0 polygons
2026-04-11 04:11:55 +0200: Memory Usage (447436K) : text_drw has 18 polygons
2026-04-11 04:11:55 +0200: Memory Usage (447436K) : via4_drw has 134 polygons
2026-04-11 04:11:55 +0200: Memory Usage (447436K) : metal5_drw has 4 polygons
2026-04-11 04:11:55 +0200: Memory Usage (447436K) : metal5_filler has 0 polygons
2026-04-11 04:11:55 +0200: Memory Usage (447564K) : metal5_slit has 0 polygons
2026-04-11 04:11:55 +0200: Memory Usage (447692K) : metal5 has 4 polygons
2026-04-11 04:11:55 +0200: Memory Usage (447820K) : metal5_pin has 1 polygons
2026-04-11 04:11:55 +0200: Memory Usage (447948K) : metal5_mask has 0 polygons
2026-04-11 04:11:55 +0200: Memory Usage (448076K) : metal5_nofill has 1 polygons
2026-04-11 04:11:55 +0200: Memory Usage (448076K) : metal5_text has 0 polygons
2026-04-11 04:11:55 +0200: Memory Usage (448204K) : metal5_OPC has 0 polygons
2026-04-11 04:11:55 +0200: Memory Usage (448332K) : metal5_noqrc has 1 polygons
2026-04-11 04:11:55 +0200: Memory Usage (448460K) : metal5_res has 0 polygons
2026-04-11 04:11:55 +0200: Memory Usage (448588K) : metal5_iprobe has 0 polygons
2026-04-11 04:11:55 +0200: Memory Usage (448716K) : metal5_diffprb has 0 polygons
2026-04-11 04:11:55 +0200: Memory Usage (448972K) : radhard_drw has 0 polygons
2026-04-11 04:11:55 +0200: Memory Usage (449100K) : memcap_drw has 0 polygons
2026-04-11 04:11:55 +0200: Memory Usage (449228K) : varicap_drw has 0 polygons
2026-04-11 04:11:55 +0200: Memory Usage (449356K) : intbondvia_drw has 0 polygons
2026-04-11 04:11:55 +0200: Memory Usage (449484K) : intbondmet_drw has 0 polygons
2026-04-11 04:11:55 +0200: Memory Usage (449612K) : devbondvia_drw has 0 polygons
2026-04-11 04:11:55 +0200: Memory Usage (449740K) : devbondmet_drw has 0 polygons
2026-04-11 04:11:55 +0200: Memory Usage (449868K) : devtrench_drw has 0 polygons
2026-04-11 04:11:55 +0200: Memory Usage (449996K) : redist_drw has 0 polygons
2026-04-11 04:11:55 +0200: Memory Usage (450124K) : graphbot_drw has 0 polygons
2026-04-11 04:11:55 +0200: Memory Usage (450252K) : graphtop_drw has 0 polygons
2026-04-11 04:11:55 +0200: Memory Usage (450380K) : antvia1_drw has 0 polygons
2026-04-11 04:11:55 +0200: Memory Usage (450508K) : antmetal2_drw has 0 polygons
2026-04-11 04:11:55 +0200: Memory Usage (450636K) : graphcont_drw has 0 polygons
2026-04-11 04:11:55 +0200: Memory Usage (450764K) : siwg_drw has 0 polygons
2026-04-11 04:11:55 +0200: Memory Usage (450892K) : siwg_filler has 0 polygons
2026-04-11 04:11:55 +0200: Memory Usage (451020K) : siwg_nofill has 0 polygons
2026-04-11 04:11:55 +0200: Memory Usage (451148K) : sigrating_drw has 0 polygons
2026-04-11 04:11:55 +0200: Memory Usage (451276K) : singrating_drw has 0 polygons
2026-04-11 04:11:55 +0200: Memory Usage (451404K) : graphpas_drw has 0 polygons
2026-04-11 04:11:55 +0200: Memory Usage (451532K) : emwind3_drw has 0 polygons
2026-04-11 04:11:55 +0200: Memory Usage (451660K) : emwihv3_drw has 0 polygons
2026-04-11 04:11:55 +0200: Memory Usage (451788K) : redbulay_drw has 0 polygons
2026-04-11 04:11:55 +0200: Memory Usage (451916K) : smos_drw has 0 polygons
2026-04-11 04:11:55 +0200: Memory Usage (452044K) : graphpad_drw has 0 polygons
2026-04-11 04:11:55 +0200: Memory Usage (452172K) : polimide_drw has 0 polygons
2026-04-11 04:11:55 +0200: Memory Usage (452300K) : polimide_pin has 0 polygons
2026-04-11 04:11:55 +0200: Memory Usage (452428K) : recog_drw has 0 polygons
2026-04-11 04:11:55 +0200: Memory Usage (452556K) : recog_pin has 0 polygons
2026-04-11 04:11:55 +0200: Memory Usage (452684K) : recog_esd has 0 polygons
2026-04-11 04:11:55 +0200: Memory Usage (452812K) : recog_diode has 0 polygons
2026-04-11 04:11:55 +0200: Memory Usage (452940K) : recog_tsv has 0 polygons
2026-04-11 04:11:55 +0200: Memory Usage (453196K) : recog_iprobe has 0 polygons
2026-04-11 04:11:55 +0200: Memory Usage (453324K) : recog_diffprb has 0 polygons
2026-04-11 04:11:55 +0200: Memory Usage (453452K) : recog_pillar has 0 polygons
2026-04-11 04:11:55 +0200: Memory Usage (453580K) : recog_sbump has 0 polygons
2026-04-11 04:11:55 +0200: Memory Usage (453708K) : recog_otp has 0 polygons
2026-04-11 04:11:55 +0200: Memory Usage (453836K) : recog_pdiode has 0 polygons
2026-04-11 04:11:55 +0200: Memory Usage (453964K) : recog_mom has 0 polygons
2026-04-11 04:11:55 +0200: Memory Usage (445960K) : recog_pcm has 0 polygons
2026-04-11 04:11:55 +0200: Memory Usage (445960K) : colopen_drw has 0 polygons
2026-04-11 04:11:55 +0200: Memory Usage (445960K) : graphmetal1_drw has 0 polygons
2026-04-11 04:11:55 +0200: Memory Usage (445960K) : graphmetal1_filler has 0 polygons
2026-04-11 04:11:55 +0200: Memory Usage (445960K) : graphmetal1_nofill has 0 polygons
2026-04-11 04:11:55 +0200: Memory Usage (445960K) : graphmetal1_slit has 0 polygons
2026-04-11 04:11:55 +0200: Memory Usage (445960K) : graphmetal1_OPC has 0 polygons
2026-04-11 04:11:55 +0200: Memory Usage (445960K) : graphmet1l_drw has 0 polygons
2026-04-11 04:11:55 +0200: Memory Usage (445960K) : graphmet1l_filler has 0 polygons
2026-04-11 04:11:55 +0200: Memory Usage (445960K) : graphmet1l_nofill has 0 polygons
2026-04-11 04:11:55 +0200: Memory Usage (445960K) : graphmet1l_slit has 0 polygons
2026-04-11 04:11:55 +0200: Memory Usage (445960K) : graphmet1l_OPC has 0 polygons
2026-04-11 04:11:55 +0200: Memory Usage (445960K) : extblock_drw has 0 polygons
2026-04-11 04:11:55 +0200: Memory Usage (445960K) : nldd_drw has 0 polygons
2026-04-11 04:11:55 +0200: Memory Usage (445960K) : pldd_drw has 0 polygons
2026-04-11 04:11:55 +0200: Memory Usage (445960K) : next_drw has 0 polygons
2026-04-11 04:11:55 +0200: Memory Usage (445960K) : pext_drw has 0 polygons
2026-04-11 04:11:55 +0200: Memory Usage (445960K) : nexthv_drw has 0 polygons
2026-04-11 04:11:55 +0200: Memory Usage (445960K) : pexthv_drw has 0 polygons
2026-04-11 04:11:55 +0200: Memory Usage (445960K) : graphgate_drw has 0 polygons
2026-04-11 04:11:55 +0200: Memory Usage (445960K) : sinwg_drw has 0 polygons
2026-04-11 04:11:55 +0200: Memory Usage (445960K) : sinwg_filler has 0 polygons
2026-04-11 04:11:55 +0200: Memory Usage (445960K) : sinwg_nofill has 0 polygons
2026-04-11 04:11:55 +0200: Memory Usage (445960K) : mempad_drw has 0 polygons
2026-04-11 04:11:55 +0200: Memory Usage (445960K) : topvia1_drw has 129 polygons
2026-04-11 04:11:55 +0200: Memory Usage (445960K) : topmetal1_drw has 5 polygons
2026-04-11 04:11:55 +0200: Memory Usage (445960K) : topmetal1_filler has 0 polygons
2026-04-11 04:11:55 +0200: Memory Usage (445960K) : topmetal1_slit has 0 polygons
2026-04-11 04:11:55 +0200: Memory Usage (445960K) : topmetal1 has 5 polygons
2026-04-11 04:11:55 +0200: Memory Usage (445960K) : topmetal1_pin has 1 polygons
2026-04-11 04:11:55 +0200: Memory Usage (445960K) : topmetal1_mask has 0 polygons
2026-04-11 04:11:55 +0200: Memory Usage (445960K) : topmetal1_nofill has 1 polygons
2026-04-11 04:11:55 +0200: Memory Usage (445960K) : topmetal1_text has 0 polygons
2026-04-11 04:11:55 +0200: Memory Usage (445960K) : topmetal1_noqrc has 1 polygons
2026-04-11 04:11:55 +0200: Memory Usage (445960K) : topmetal1_res has 0 polygons
2026-04-11 04:11:55 +0200: Memory Usage (445960K) : topmetal1_iprobe has 0 polygons
2026-04-11 04:11:55 +0200: Memory Usage (445960K) : topmetal1_diffprb has 0 polygons
2026-04-11 04:11:55 +0200: Memory Usage (445960K) : inldpwl_drw has 0 polygons
2026-04-11 04:11:55 +0200: Memory Usage (445960K) : polyres_drw has 0 polygons
2026-04-11 04:11:55 +0200: Memory Usage (445960K) : polyres_pin has 0 polygons
2026-04-11 04:11:55 +0200: Memory Usage (445960K) : vmim_drw has 576 polygons
2026-04-11 04:11:55 +0200: Memory Usage (445960K) : nbulaycut_drw has 0 polygons
2026-04-11 04:11:55 +0200: Memory Usage (445960K) : antmetal1_drw has 0 polygons
2026-04-11 04:11:55 +0200: Memory Usage (445960K) : topvia2_drw has 488 polygons
2026-04-11 04:11:55 +0200: Memory Usage (445960K) : topmetal2_drw has 3 polygons
2026-04-11 04:11:55 +0200: Memory Usage (445960K) : topmetal2_filler has 0 polygons
2026-04-11 04:11:55 +0200: Memory Usage (445960K) : topmetal2_slit has 0 polygons
2026-04-11 04:11:55 +0200: Memory Usage (445960K) : topmetal2 has 3 polygons
2026-04-11 04:11:55 +0200: Memory Usage (445960K) : topmetal2_pin has 0 polygons
2026-04-11 04:11:55 +0200: Memory Usage (445960K) : topmetal2_mask has 0 polygons
2026-04-11 04:11:55 +0200: Memory Usage (445960K) : topmetal2_nofill has 1 polygons
2026-04-11 04:11:55 +0200: Memory Usage (445960K) : topmetal2_text has 0 polygons
2026-04-11 04:11:55 +0200: Memory Usage (445960K) : topmetal2_noqrc has 0 polygons
2026-04-11 04:11:55 +0200: Memory Usage (445960K) : topmetal2_res has 0 polygons
2026-04-11 04:11:55 +0200: Memory Usage (445960K) : topmetal2_iprobe has 0 polygons
2026-04-11 04:11:55 +0200: Memory Usage (445960K) : topmetal2_diffprb has 0 polygons
2026-04-11 04:11:55 +0200: Memory Usage (445960K) : snsring_drw has 0 polygons
2026-04-11 04:11:55 +0200: Memory Usage (445960K) : sensor_drw has 0 polygons
2026-04-11 04:11:55 +0200: Memory Usage (445960K) : snsarms_drw has 0 polygons
2026-04-11 04:11:55 +0200: Memory Usage (445960K) : snscmosvia_drw has 0 polygons
2026-04-11 04:11:55 +0200: Memory Usage (445960K) : colwind_drw has 0 polygons
2026-04-11 04:11:55 +0200: Memory Usage (445960K) : flm_drw has 0 polygons
2026-04-11 04:11:55 +0200: Memory Usage (445960K) : hafniumox_drw has 0 polygons
2026-04-11 04:11:55 +0200: Memory Usage (445960K) : memvia_drw has 0 polygons
2026-04-11 04:11:55 +0200: Memory Usage (445960K) : thinfilmres_drw has 0 polygons
2026-04-11 04:11:55 +0200: Memory Usage (445960K) : rfmem_drw has 0 polygons
2026-04-11 04:11:55 +0200: Memory Usage (445960K) : norcx_drw has 0 polygons
2026-04-11 04:11:55 +0200: Memory Usage (445960K) : norcx_m2m3 has 0 polygons
2026-04-11 04:11:55 +0200: Memory Usage (445960K) : norcx_m2m4 has 0 polygons
2026-04-11 04:11:55 +0200: Memory Usage (445960K) : norcx_m2m5 has 0 polygons
2026-04-11 04:11:55 +0200: Memory Usage (445960K) : norcx_m2tm1 has 0 polygons
2026-04-11 04:11:55 +0200: Memory Usage (445960K) : norcx_m2tm2 has 0 polygons
2026-04-11 04:11:55 +0200: Memory Usage (445960K) : norcx_m3m4 has 0 polygons
2026-04-11 04:11:55 +0200: Memory Usage (445960K) : norcx_m3m5 has 0 polygons
2026-04-11 04:11:55 +0200: Memory Usage (445960K) : norcx_m3tm1 has 0 polygons
2026-04-11 04:11:55 +0200: Memory Usage (445960K) : norcx_m3tm2 has 0 polygons
2026-04-11 04:11:55 +0200: Memory Usage (445960K) : norcx_m4m5 has 0 polygons
2026-04-11 04:11:55 +0200: Memory Usage (445960K) : norcx_m4tm1 has 0 polygons
2026-04-11 04:11:55 +0200: Memory Usage (445960K) : norcx_m4tm2 has 0 polygons
2026-04-11 04:11:55 +0200: Memory Usage (445960K) : norcx_m5tm1 has 0 polygons
2026-04-11 04:11:55 +0200: Memory Usage (445960K) : norcx_m5tm2 has 0 polygons
2026-04-11 04:11:55 +0200: Memory Usage (445960K) : norcx_tm1tm2 has 0 polygons
2026-04-11 04:11:55 +0200: Memory Usage (445960K) : norcx_m1sub has 0 polygons
2026-04-11 04:11:55 +0200: Memory Usage (445960K) : norcx_m2sub has 0 polygons
2026-04-11 04:11:55 +0200: Memory Usage (445960K) : norcx_m3sub has 0 polygons
2026-04-11 04:11:55 +0200: Memory Usage (445960K) : norcx_m4sub has 0 polygons
2026-04-11 04:11:55 +0200: Memory Usage (445960K) : norcx_m5sub has 0 polygons
2026-04-11 04:11:55 +0200: Memory Usage (445960K) : norcx_tm1sub has 0 polygons
2026-04-11 04:11:55 +0200: Memory Usage (445960K) : norcx_tm2sub has 0 polygons
2026-04-11 04:11:55 +0200: Memory Usage (445960K) : snsbotvia_drw has 0 polygons
2026-04-11 04:11:55 +0200: Memory Usage (445960K) : snstopvia_drw has 0 polygons
2026-04-11 04:11:55 +0200: Memory Usage (445960K) : deepvia_drw has 0 polygons
2026-04-11 04:11:55 +0200: Memory Usage (445960K) : fgetch_drw has 0 polygons
2026-04-11 04:11:55 +0200: Memory Usage (445960K) : ctrgat_drw has 0 polygons
2026-04-11 04:11:55 +0200: Memory Usage (445960K) : fgimp_drw has 0 polygons
2026-04-11 04:11:55 +0200: Memory Usage (445960K) : emwihv_drw has 0 polygons
2026-04-11 04:11:55 +0200: Memory Usage (445960K) : lbe_drw has 0 polygons
2026-04-11 04:11:55 +0200: Memory Usage (445960K) : alcustop_drw has 0 polygons
2026-04-11 04:11:55 +0200: Memory Usage (445960K) : nometfiller_drw has 0 polygons
2026-04-11 04:11:55 +0200: Memory Usage (445960K) : prboundary_drw has 0 polygons
2026-04-11 04:11:55 +0200: Memory Usage (445960K) : exchange0_drw has 0 polygons
2026-04-11 04:11:55 +0200: Memory Usage (445960K) : exchange0_pin has 0 polygons
2026-04-11 04:11:55 +0200: Memory Usage (445960K) : exchange0_text has 0 polygons
2026-04-11 04:11:55 +0200: Memory Usage (445960K) : exchange1_drw has 0 polygons
2026-04-11 04:11:55 +0200: Memory Usage (445960K) : exchange1_pin has 0 polygons
2026-04-11 04:11:56 +0200: Memory Usage (445960K) : exchange1_text has 0 polygons
2026-04-11 04:11:56 +0200: Memory Usage (445960K) : exchange2_drw has 0 polygons
2026-04-11 04:11:56 +0200: Memory Usage (445960K) : exchange2_pin has 0 polygons
2026-04-11 04:11:56 +0200: Memory Usage (445960K) : exchange2_text has 0 polygons
2026-04-11 04:11:56 +0200: Memory Usage (445960K) : exchange3_drw has 0 polygons
2026-04-11 04:11:56 +0200: Memory Usage (445960K) : exchange3_pin has 0 polygons
2026-04-11 04:11:56 +0200: Memory Usage (445960K) : exchange3_text has 0 polygons
2026-04-11 04:11:56 +0200: Memory Usage (445960K) : exchange4_drw has 0 polygons
2026-04-11 04:11:56 +0200: Memory Usage (445960K) : exchange4_pin has 0 polygons
2026-04-11 04:11:56 +0200: Memory Usage (445960K) : exchange4_text has 0 polygons
2026-04-11 04:11:56 +0200: Memory Usage (445960K) : isonwell_drw has 0 polygons
2026-04-11 04:11:56 +0200: Memory Usage (445960K) : Total no. of polygons in the design is 5841
2026-04-11 04:11:56 +0200: Memory Usage (445960K) : Starting base layers derivations
2026-04-11 04:11:56 +0200: Memory Usage (445960K) : Starting general LVS derivations
2026-04-11 04:11:56 +0200: Memory Usage (449928K) : Starting MOSFET DERIVATIONS
2026-04-11 04:11:56 +0200: Memory Usage (452232K) : Starting NMOS DERIVATIONS
2026-04-11 04:11:56 +0200: Memory Usage (452232K) : Starting PMOS DERIVATIONS
2026-04-11 04:11:56 +0200: Memory Usage (452488K) : Starting RF-MOSFET DERIVATIONS
2026-04-11 04:11:56 +0200: Memory Usage (452488K) : Starting RF-NMOS DERIVATIONS
2026-04-11 04:11:56 +0200: Memory Usage (452744K) : Starting RF-PMOS DERIVATIONS
2026-04-11 04:11:56 +0200: Memory Usage (453000K) : Starting BJT DERIVATIONS
2026-04-11 04:11:56 +0200: Memory Usage (453000K) : Starting NPN-BJT DERIVATIONS
2026-04-11 04:11:56 +0200: Memory Usage (458248K) : Starting PNP-BJT DERIVATIONS
2026-04-11 04:11:56 +0200: Memory Usage (459400K) : Starting DIODE DERIVATIONS
2026-04-11 04:11:56 +0200: Memory Usage (446852K) : Starting RESISTOR DERIVATIONS
2026-04-11 04:11:56 +0200: Memory Usage (446852K) : Starting CAP DERIVATIONS
2026-04-11 04:11:56 +0200: Memory Usage (447236K) : Starting ESD DERIVATIONS
2026-04-11 04:11:56 +0200: Memory Usage (451332K) : Starting Inductor DERIVATIONS
2026-04-11 04:11:56 +0200: Memory Usage (455300K) : Starting Taps DERIVATIONS
2026-04-11 04:11:56 +0200: Memory Usage (456452K) : Starting SG13G2 LVS connectivity setup
2026-04-11 04:11:56 +0200: Memory Usage (456452K) : Starting SG13G2 LVS connectivity setup (Inter-layer)
2026-04-11 04:11:56 +0200: Memory Usage (456964K) : Starting SG13G2 LVS connectivity setup (Global)
2026-04-11 04:11:56 +0200: Memory Usage (456964K) : Starting LVS MOSFET CONNECTIONS
2026-04-11 04:11:56 +0200: Memory Usage (456964K) : Starting LVS RF-MOSFET CONNECTIONS
2026-04-11 04:11:56 +0200: Memory Usage (456964K) : Starting LVS BJT CONNECTIONS
2026-04-11 04:11:56 +0200: Memory Usage (456964K) : Starting LVS DIODE CONNECTIONS
2026-04-11 04:11:56 +0200: Memory Usage (456964K) : Starting RESISTOR CONNECTIONS
2026-04-11 04:11:56 +0200: Memory Usage (456964K) : Starting LVS CAP CONNECTIONS
2026-04-11 04:11:56 +0200: Memory Usage (456964K) : Starting ESD CONNECTIONS
2026-04-11 04:11:56 +0200: Memory Usage (456964K) : Starting Inductor CONNECTIONS
2026-04-11 04:11:56 +0200: Memory Usage (456964K) : Starting LVS Taps CONNECTIONS
2026-04-11 04:11:56 +0200: Memory Usage (456964K) : Starting SG13G2 LVS DEVICES EXTRACTION
2026-04-11 04:11:56 +0200: Memory Usage (456964K) : Starting MOSFET EXTRACTION
2026-04-11 04:11:56 +0200: Memory Usage (456964K) : Starting NMOS EXTRACTION
2026-04-11 04:11:56 +0200: Memory Usage (456964K) : Extraction of NMOS-LV transistor
2026-04-11 04:11:56 +0200: Memory Usage (457732K) : Extraction of NMOS-HV transistor
2026-04-11 04:11:56 +0200: Memory Usage (457732K) : Starting PMOS EXTRACTION
2026-04-11 04:11:56 +0200: Memory Usage (457732K) : Extraction of PMOS-LV transistor
2026-04-11 04:11:56 +0200: Memory Usage (457860K) : Extraction of PMOS-HV transistor
2026-04-11 04:11:56 +0200: Memory Usage (457860K) : Starting RF-MOSFET EXTRACTION
2026-04-11 04:11:56 +0200: Memory Usage (457860K) : Extraction of RF-NMOS-LV transistor
2026-04-11 04:11:56 +0200: Memory Usage (457988K) : Extraction of RF-NMOS-HV transistor
2026-04-11 04:11:56 +0200: Memory Usage (457988K) : Extraction of RF-PMOS-LV transistor
2026-04-11 04:11:56 +0200: Memory Usage (458116K) : Extraction of RF-PMOS-HV transistor
2026-04-11 04:11:56 +0200: Memory Usage (458116K) : Starting BJT EXTRACTION
2026-04-11 04:11:56 +0200: Memory Usage (458116K) : Starting NPN-BJT EXTRACTION
2026-04-11 04:11:56 +0200: Memory Usage (458116K) : Extraction of npn13G2 BJT transistor
2026-04-11 04:11:56 +0200: Memory Usage (458244K) : Extraction of npn13G2L BJT transistor
2026-04-11 04:11:56 +0200: Memory Usage (458244K) : Extraction of npn13G2V BJT transistor
2026-04-11 04:11:56 +0200: Memory Usage (458244K) : Starting PNP-BJT EXTRACTION
2026-04-11 04:11:56 +0200: Memory Usage (458244K) : Extracting pnpMPA BJT
2026-04-11 04:11:56 +0200: Memory Usage (458500K) : Starting DIODE EXTRACTION
2026-04-11 04:11:56 +0200: Memory Usage (458500K) : Extracting dantenna diode
2026-04-11 04:11:56 +0200: Memory Usage (458500K) : Extracting dpantenna diode
2026-04-11 04:11:56 +0200: Memory Usage (458628K) : Extracting schottky_nbl1 diode
2026-04-11 04:11:56 +0200: Memory Usage (458756K) : Extracting isolbox diode
2026-04-11 04:11:56 +0200: Memory Usage (458756K) : Starting RESISTOR EXTRACTION
2026-04-11 04:11:56 +0200: Memory Usage (458756K) : Extracting rsil resistor
2026-04-11 04:11:56 +0200: Memory Usage (458884K) : Extracting rppd resistor
2026-04-11 04:11:56 +0200: Memory Usage (459012K) : Extracting rhigh resistor
2026-04-11 04:11:56 +0200: Memory Usage (459140K) : Extracting res_metal1 resistor
2026-04-11 04:11:56 +0200: Memory Usage (459268K) : Extracting res_metal2 resistor
2026-04-11 04:11:56 +0200: Memory Usage (459396K) : Extracting res_metal3 resistor
2026-04-11 04:11:56 +0200: Memory Usage (459396K) : Extracting res_metal4 resistor
2026-04-11 04:11:56 +0200: Memory Usage (459524K) : Extracting res_metal5 resistor
2026-04-11 04:11:56 +0200: Memory Usage (459524K) : Extracting res_topmetal1 resistor
2026-04-11 04:11:56 +0200: Memory Usage (459652K) : Extracting res_topmetal2 resistor
2026-04-11 04:11:56 +0200: Memory Usage (459652K) : Starting CAP EXTRACTION
2026-04-11 04:11:56 +0200: Memory Usage (459652K) : Extracting cap_cmim device
2026-04-11 04:11:56 +0200: Memory Usage (459652K) : Extracting rfcmim device
2026-04-11 04:11:56 +0200: Memory Usage (459652K) : Extracting sg13_hv_svaricap varactor
2026-04-11 04:11:56 +0200: Memory Usage (459652K) : Starting ESD EXTRACTION
2026-04-11 04:11:56 +0200: Memory Usage (459652K) : Extracting diodevdd_2kv ESD device
2026-04-11 04:11:56 +0200: Memory Usage (459652K) : Extracting diodevdd_4kv ESD device
2026-04-11 04:11:56 +0200: Memory Usage (459652K) : Extracting diodevss_2kv ESD device
2026-04-11 04:11:56 +0200: Memory Usage (459652K) : Extracting diodevss_4kv ESD device
2026-04-11 04:11:56 +0200: Memory Usage (459652K) : Extracting idiodevdd_2kv ESD device
2026-04-11 04:11:56 +0200: Memory Usage (459652K) : Extracting idiodevdd_4kv ESD device
2026-04-11 04:11:56 +0200: Memory Usage (459652K) : Extracting idiodevss_2kv ESD device
2026-04-11 04:11:56 +0200: Memory Usage (459652K) : Extracting idiodevss_4kv ESD device
2026-04-11 04:11:56 +0200: Memory Usage (459652K) : Extracting nmoscl_2 ESD device
2026-04-11 04:11:56 +0200: Memory Usage (459652K) : Extracting nmoscl_4 ESD device
2026-04-11 04:11:56 +0200: Memory Usage (459652K) : Starting Inductor EXTRACTION
2026-04-11 04:11:56 +0200: Memory Usage (459652K) : Extracting Inductor2 device
2026-04-11 04:11:56 +0200: Memory Usage (459652K) : Extracting Inductor3 device
2026-04-11 04:11:56 +0200: Memory Usage (459652K) : Starting Taps EXTRACTION
2026-04-11 04:11:56 +0200: Memory Usage (459652K) : Extracting ntap1 device
2026-04-11 04:11:56 +0200: Memory Usage (459652K) : Extracting ptap1 device
2026-04-11 04:11:56 +0200: Memory Usage (459652K) : Starting SG13G2 LVS RF MOS Model Mapping
2026-04-11 04:11:56 +0200: Memory Usage (459780K) : [layout_netlist] Apply RF MOS model mapping and rfmode parameter.
2026-04-11 04:11:56 +0200: Memory Usage (459780K) : Starting SG13G2 LVS Options Preparations
2026-04-11 04:11:56 +0200: Memory Usage (459780K) : NET_ONLY enabled: apply extraction netlist options and skip comparison.
2026-04-11 04:11:56 +0200: Memory Usage (459780K) : SG13G2 LVS flow: extraction -> option preparation -> write netlist -> exit.
2026-04-11 04:11:56 +0200: Memory Usage (459780K) : Starting SG13G2 LVS Simplification
2026-04-11 04:11:56 +0200: Memory Usage (459780K) : [layout_netlist] simplify: ENABLED
2026-04-11 04:11:56 +0200: Memory Usage (459780K) : [layout_netlist] make_top_level_pins: SKIPPED
2026-04-11 04:11:56 +0200: Memory Usage (459780K) : [layout_netlist] combine_devices: SKIPPED
2026-04-11 04:11:56 +0200: Memory Usage (459780K) : [layout_netlist] purge: SKIPPED
2026-04-11 04:11:56 +0200: Memory Usage (459780K) : [layout_netlist] purge_nets: SKIPPED
2026-04-11 04:11:56 +0200: Memory Usage (459780K) : LVS Total Run time 1.651931 seconds
