# Logfile created on 2026-04-05 15:16:17 +0200 by logger.rb/v1.5.3
2026-04-05 15:16:17 +0200: Memory Usage (436056K) : Starting running IHP-SG13G2 KLayout DRC runset on /foss/designs/frac-n-pll-vco-unic_cass/layout/PFD.gds
2026-04-05 15:16:17 +0200: Memory Usage (436056K) : Ruby Version for klayout: 3.2.3
2026-04-05 15:16:17 +0200: Memory Usage (437080K) : Loading database to memory is complete.
2026-04-05 15:16:17 +0200: Memory Usage (437080K) : IHP-SG13G2 KLayout DRC runset output at: /foss/designs/frac-n-pll-vco-unic_cass/drc_run_PFD/PFD_PFD_main.lyrdb
2026-04-05 15:16:17 +0200: Memory Usage (437080K) : Evaluate switches.
2026-04-05 15:16:17 +0200: Memory Usage (437080K) : tables selected: main
2026-04-05 15:16:17 +0200: Memory Usage (437080K) : KLayout will use 1 thread(s) in tiling mode.
2026-04-05 15:16:17 +0200: Memory Usage (437080K) : deep mode is enabled.
2026-04-05 15:16:17 +0200: Memory Usage (437080K) : FEOL enabled: true
2026-04-05 15:16:17 +0200: Memory Usage (437080K) : BEOL enabled: true
2026-04-05 15:16:17 +0200: Memory Usage (437080K) : OFFGRID enabled: true
2026-04-05 15:16:17 +0200: Memory Usage (437080K) : PIN enabled: true
2026-04-05 15:16:17 +0200: Memory Usage (437080K) : FORBIDDEN enabled: true
2026-04-05 15:16:17 +0200: Memory Usage (437080K) : RECOMMENDED enabled: true
2026-04-05 15:16:17 +0200: Memory Usage (437080K) : PreCheck DRC enabled: false
2026-04-05 15:16:17 +0200: Memory Usage (437080K) : CONNECTIVITY_RULES enabled: true.
2026-04-05 15:16:17 +0200: Memory Usage (437080K) : Read in polygons from layers.
2026-04-05 15:16:17 +0200: Memory Usage (438616K) : activ_drw has 46 polygons
2026-04-05 15:16:17 +0200: Memory Usage (438616K) : activ_pin has 0 polygons
2026-04-05 15:16:17 +0200: Memory Usage (438616K) : activ_mask has 0 polygons
2026-04-05 15:16:17 +0200: Memory Usage (438616K) : activ_filler has 0 polygons
2026-04-05 15:16:17 +0200: Memory Usage (438616K) : activ_nofill has 0 polygons
2026-04-05 15:16:17 +0200: Memory Usage (438616K) : activ_opc has 0 polygons
2026-04-05 15:16:17 +0200: Memory Usage (438616K) : activ_iopc has 0 polygons
2026-04-05 15:16:17 +0200: Memory Usage (438616K) : activ_noqrc has 0 polygons
2026-04-05 15:16:17 +0200: Memory Usage (438616K) : biwind_drw has 0 polygons
2026-04-05 15:16:17 +0200: Memory Usage (438616K) : biwind_opc has 0 polygons
2026-04-05 15:16:17 +0200: Memory Usage (438616K) : pemwind_drw has 0 polygons
2026-04-05 15:16:17 +0200: Memory Usage (438616K) : gatpoly_drw has 83 polygons
2026-04-05 15:16:17 +0200: Memory Usage (438616K) : gatpoly_pin has 0 polygons
2026-04-05 15:16:17 +0200: Memory Usage (438616K) : gatpoly_filler has 0 polygons
2026-04-05 15:16:17 +0200: Memory Usage (438616K) : gatpoly_nofill has 0 polygons
2026-04-05 15:16:17 +0200: Memory Usage (438616K) : gatpoly_opc has 0 polygons
2026-04-05 15:16:17 +0200: Memory Usage (438616K) : gatpoly_iopc has 0 polygons
2026-04-05 15:16:17 +0200: Memory Usage (438616K) : gatpoly_noqrc has 0 polygons
2026-04-05 15:16:17 +0200: Memory Usage (438744K) : cont_drw has 343 polygons
2026-04-05 15:16:17 +0200: Memory Usage (438744K) : cont_opc has 0 polygons
2026-04-05 15:16:17 +0200: Memory Usage (438744K) : nsd_drw has 0 polygons
2026-04-05 15:16:17 +0200: Memory Usage (438744K) : nsd_block has 0 polygons
2026-04-05 15:16:17 +0200: Memory Usage (438744K) : metal1_drw has 132 polygons
2026-04-05 15:16:17 +0200: Memory Usage (438744K) : metal1_pin has 30 polygons
2026-04-05 15:16:17 +0200: Memory Usage (438744K) : metal1_mask has 0 polygons
2026-04-05 15:16:17 +0200: Memory Usage (438744K) : metal1_filler has 0 polygons
2026-04-05 15:16:17 +0200: Memory Usage (438872K) : metal1_nofill has 0 polygons
2026-04-05 15:16:17 +0200: Memory Usage (439000K) : metal1_slit has 0 polygons
2026-04-05 15:16:17 +0200: Memory Usage (439384K) : metal1_text has 26 polygons
2026-04-05 15:16:17 +0200: Memory Usage (439384K) : metal1_opc has 0 polygons
2026-04-05 15:16:17 +0200: Memory Usage (439384K) : metal1_noqrc has 0 polygons
2026-04-05 15:16:17 +0200: Memory Usage (439384K) : metal1_res has 0 polygons
2026-04-05 15:16:17 +0200: Memory Usage (439384K) : metal1_iprobe has 0 polygons
2026-04-05 15:16:17 +0200: Memory Usage (439384K) : metal1_diffprb has 0 polygons
2026-04-05 15:16:17 +0200: Memory Usage (439512K) : passiv_drw has 0 polygons
2026-04-05 15:16:17 +0200: Memory Usage (439512K) : passiv_pin has 0 polygons
2026-04-05 15:16:17 +0200: Memory Usage (439640K) : passiv_sbump has 0 polygons
2026-04-05 15:16:17 +0200: Memory Usage (439640K) : passiv_pillar has 0 polygons
2026-04-05 15:16:17 +0200: Memory Usage (439768K) : passiv_pdl has 0 polygons
2026-04-05 15:16:17 +0200: Memory Usage (439768K) : metal2_drw has 19 polygons
2026-04-05 15:16:17 +0200: Memory Usage (439768K) : metal2_pin has 9 polygons
2026-04-05 15:16:17 +0200: Memory Usage (439896K) : metal2_mask has 0 polygons
2026-04-05 15:16:17 +0200: Memory Usage (439896K) : metal2_filler has 0 polygons
2026-04-05 15:16:17 +0200: Memory Usage (440024K) : metal2_nofill has 0 polygons
2026-04-05 15:16:17 +0200: Memory Usage (440024K) : metal2_slit has 0 polygons
2026-04-05 15:16:17 +0200: Memory Usage (440152K) : metal2_text has 10 polygons
2026-04-05 15:16:17 +0200: Memory Usage (440152K) : metal2_opc has 0 polygons
2026-04-05 15:16:17 +0200: Memory Usage (440152K) : metal2_noqrc has 0 polygons
2026-04-05 15:16:17 +0200: Memory Usage (440280K) : metal2_res has 0 polygons
2026-04-05 15:16:17 +0200: Memory Usage (440408K) : metal2_iprobe has 0 polygons
2026-04-05 15:16:17 +0200: Memory Usage (440408K) : metal2_diffprb has 0 polygons
2026-04-05 15:16:17 +0200: Memory Usage (440536K) : baspoly_drw has 0 polygons
2026-04-05 15:16:17 +0200: Memory Usage (440536K) : baspoly_pin has 0 polygons
2026-04-05 15:16:17 +0200: Memory Usage (440536K) : psd_drw has 12 polygons
2026-04-05 15:16:17 +0200: Memory Usage (440664K) : nldb_drw has 0 polygons
2026-04-05 15:16:17 +0200: Memory Usage (440664K) : digibnd_drw has 0 polygons
2026-04-05 15:16:17 +0200: Memory Usage (440792K) : via1_drw has 11 polygons
2026-04-05 15:16:17 +0200: Memory Usage (440792K) : backmetal1_drw has 0 polygons
2026-04-05 15:16:17 +0200: Memory Usage (440920K) : backmetal1_pin has 0 polygons
2026-04-05 15:16:17 +0200: Memory Usage (440920K) : backmetal1_mask has 0 polygons
2026-04-05 15:16:17 +0200: Memory Usage (441048K) : backmetal1_filler has 0 polygons
2026-04-05 15:16:17 +0200: Memory Usage (441048K) : backmetal1_nofill has 0 polygons
2026-04-05 15:16:17 +0200: Memory Usage (441048K) : backmetal1_slit has 0 polygons
2026-04-05 15:16:17 +0200: Memory Usage (441176K) : backmetal1_text has 0 polygons
2026-04-05 15:16:17 +0200: Memory Usage (441176K) : backmetal1_opc has 0 polygons
2026-04-05 15:16:17 +0200: Memory Usage (441304K) : backmetal1_noqrc has 0 polygons
2026-04-05 15:16:17 +0200: Memory Usage (441304K) : backmetal1_res has 0 polygons
2026-04-05 15:16:17 +0200: Memory Usage (441432K) : backmetal1_iprobe has 0 polygons
2026-04-05 15:16:17 +0200: Memory Usage (441432K) : backmetal1_diffprb has 0 polygons
2026-04-05 15:16:17 +0200: Memory Usage (441432K) : backpassiv_drw has 0 polygons
2026-04-05 15:16:17 +0200: Memory Usage (441560K) : res_drw has 0 polygons
2026-04-05 15:16:17 +0200: Memory Usage (441560K) : sram_drw has 0 polygons
2026-04-05 15:16:17 +0200: Memory Usage (441688K) : trans_drw has 0 polygons
2026-04-05 15:16:17 +0200: Memory Usage (441688K) : ind_drw has 0 polygons
2026-04-05 15:16:17 +0200: Memory Usage (441816K) : ind_pin has 0 polygons
2026-04-05 15:16:17 +0200: Memory Usage (441816K) : ind_text has 0 polygons
2026-04-05 15:16:17 +0200: Memory Usage (441816K) : salblock_drw has 0 polygons
2026-04-05 15:16:17 +0200: Memory Usage (441816K) : via2_drw has 0 polygons
2026-04-05 15:16:17 +0200: Memory Usage (441944K) : metal3_drw has 0 polygons
2026-04-05 15:16:17 +0200: Memory Usage (442072K) : metal3_pin has 0 polygons
2026-04-05 15:16:17 +0200: Memory Usage (442072K) : metal3_mask has 0 polygons
2026-04-05 15:16:17 +0200: Memory Usage (442200K) : metal3_filler has 0 polygons
2026-04-05 15:16:17 +0200: Memory Usage (442200K) : metal3_nofill has 0 polygons
2026-04-05 15:16:17 +0200: Memory Usage (442200K) : metal3_slit has 0 polygons
2026-04-05 15:16:17 +0200: Memory Usage (442328K) : metal3_text has 0 polygons
2026-04-05 15:16:17 +0200: Memory Usage (442328K) : metal3_opc has 0 polygons
2026-04-05 15:16:17 +0200: Memory Usage (442456K) : metal3_noqrc has 0 polygons
2026-04-05 15:16:17 +0200: Memory Usage (442456K) : metal3_res has 0 polygons
2026-04-05 15:16:17 +0200: Memory Usage (442584K) : metal3_iprobe has 0 polygons
2026-04-05 15:16:17 +0200: Memory Usage (442584K) : metal3_diffprb has 0 polygons
2026-04-05 15:16:17 +0200: Memory Usage (442584K) : nwell_drw has 4 polygons
2026-04-05 15:16:17 +0200: Memory Usage (442712K) : nwell_pin has 0 polygons
2026-04-05 15:16:17 +0200: Memory Usage (442840K) : nbulay_drw has 0 polygons
2026-04-05 15:16:17 +0200: Memory Usage (442840K) : nbulay_pin has 0 polygons
2026-04-05 15:16:17 +0200: Memory Usage (442968K) : nbulay_block has 0 polygons
2026-04-05 15:16:17 +0200: Memory Usage (442968K) : emwind_drw has 0 polygons
2026-04-05 15:16:17 +0200: Memory Usage (443096K) : emwind_opc has 0 polygons
2026-04-05 15:16:17 +0200: Memory Usage (443096K) : deepco_drw has 0 polygons
2026-04-05 15:16:17 +0200: Memory Usage (443224K) : deepco_drw has 0 polygons
2026-04-05 15:16:17 +0200: Memory Usage (443224K) : mim_drw has 0 polygons
2026-04-05 15:16:17 +0200: Memory Usage (443352K) : edgeseal_drw has 0 polygons
2026-04-05 15:16:17 +0200: Memory Usage (443480K) : edgeseal_bound has 0 polygons
2026-04-05 15:16:17 +0200: Memory Usage (443480K) : substrate_drw has 0 polygons
2026-04-05 15:16:17 +0200: Memory Usage (443608K) : substrate_text has 0 polygons
2026-04-05 15:16:17 +0200: Memory Usage (443608K) : dfpad_drw has 0 polygons
2026-04-05 15:16:17 +0200: Memory Usage (443608K) : dfpad_pillar has 0 polygons
2026-04-05 15:16:17 +0200: Memory Usage (443736K) : dfpad_sbump has 0 polygons
2026-04-05 15:16:17 +0200: Memory Usage (443736K) : thickgateox_drw has 0 polygons
2026-04-05 15:16:17 +0200: Memory Usage (443864K) : pldb_drw has 0 polygons
2026-04-05 15:16:17 +0200: Memory Usage (443864K) : pwell_drw has 0 polygons
2026-04-05 15:16:17 +0200: Memory Usage (443992K) : pwell_pin has 0 polygons
2026-04-05 15:16:17 +0200: Memory Usage (443992K) : pwell_block has 0 polygons
2026-04-05 15:16:17 +0200: Memory Usage (444120K) : ic_drw has 0 polygons
2026-04-05 15:16:17 +0200: Memory Usage (444120K) : via3_drw has 0 polygons
2026-04-05 15:16:17 +0200: Memory Usage (444248K) : metal4_drw has 0 polygons
2026-04-05 15:16:17 +0200: Memory Usage (444248K) : metal4_pin has 0 polygons
2026-04-05 15:16:17 +0200: Memory Usage (444376K) : metal4_mask has 0 polygons
2026-04-05 15:16:17 +0200: Memory Usage (444376K) : metal4_filler has 0 polygons
2026-04-05 15:16:17 +0200: Memory Usage (444504K) : metal4_nofill has 0 polygons
2026-04-05 15:16:17 +0200: Memory Usage (444504K) : metal4_slit has 0 polygons
2026-04-05 15:16:17 +0200: Memory Usage (444632K) : metal4_text has 0 polygons
2026-04-05 15:16:17 +0200: Memory Usage (444632K) : metal4_opc has 0 polygons
2026-04-05 15:16:17 +0200: Memory Usage (444632K) : metal4_noqrc has 0 polygons
2026-04-05 15:16:17 +0200: Memory Usage (444760K) : metal4_res has 0 polygons
2026-04-05 15:16:17 +0200: Memory Usage (444760K) : metal4_iprobe has 0 polygons
2026-04-05 15:16:17 +0200: Memory Usage (444888K) : metal4_diffprb has 0 polygons
2026-04-05 15:16:17 +0200: Memory Usage (445016K) : heattrans_drw has 0 polygons
2026-04-05 15:16:17 +0200: Memory Usage (445016K) : heatres_drw has 0 polygons
2026-04-05 15:16:17 +0200: Memory Usage (445016K) : pempoly_drw has 0 polygons
2026-04-05 15:16:17 +0200: Memory Usage (445144K) : fbe_drw has 0 polygons
2026-04-05 15:16:17 +0200: Memory Usage (445144K) : empoly_drw has 0 polygons
2026-04-05 15:16:17 +0200: Memory Usage (445272K) : ldmos_drw has 0 polygons
2026-04-05 15:16:17 +0200: Memory Usage (445400K) : pbiwind_drw has 0 polygons
2026-04-05 15:16:17 +0200: Memory Usage (445400K) : digisub_drw has 0 polygons
2026-04-05 15:16:17 +0200: Memory Usage (445528K) : nodrc_drw has 0 polygons
2026-04-05 15:16:17 +0200: Memory Usage (445528K) : text_drw has 0 polygons
2026-04-05 15:16:17 +0200: Memory Usage (445528K) : via4_drw has 0 polygons
2026-04-05 15:16:17 +0200: Memory Usage (445656K) : metal5_drw has 0 polygons
2026-04-05 15:16:17 +0200: Memory Usage (445656K) : metal5_pin has 0 polygons
2026-04-05 15:16:17 +0200: Memory Usage (445784K) : metal5_mask has 0 polygons
2026-04-05 15:16:17 +0200: Memory Usage (445784K) : metal5_filler has 0 polygons
2026-04-05 15:16:17 +0200: Memory Usage (445912K) : metal5_nofill has 0 polygons
2026-04-05 15:16:17 +0200: Memory Usage (445912K) : metal5_slit has 0 polygons
2026-04-05 15:16:17 +0200: Memory Usage (445912K) : metal5_text has 0 polygons
2026-04-05 15:16:17 +0200: Memory Usage (446040K) : metal5_opc has 0 polygons
2026-04-05 15:16:17 +0200: Memory Usage (446040K) : metal5_noqrc has 0 polygons
2026-04-05 15:16:17 +0200: Memory Usage (446168K) : metal5_res has 0 polygons
2026-04-05 15:16:17 +0200: Memory Usage (446168K) : metal5_iprobe has 0 polygons
2026-04-05 15:16:17 +0200: Memory Usage (446296K) : metal5_diffprb has 0 polygons
2026-04-05 15:16:17 +0200: Memory Usage (446296K) : radhard_drw has 0 polygons
2026-04-05 15:16:17 +0200: Memory Usage (446424K) : memcap_drw has 0 polygons
2026-04-05 15:16:17 +0200: Memory Usage (446424K) : varicap_drw has 0 polygons
2026-04-05 15:16:17 +0200: Memory Usage (446552K) : flash_drw has 0 polygons
2026-04-05 15:16:17 +0200: Memory Usage (446680K) : intbondvia_drw has 0 polygons
2026-04-05 15:16:17 +0200: Memory Usage (446680K) : intbondmet_drw has 0 polygons
2026-04-05 15:16:17 +0200: Memory Usage (446808K) : devbondvia_drw has 0 polygons
2026-04-05 15:16:17 +0200: Memory Usage (446808K) : devbondmet_drw has 0 polygons
2026-04-05 15:16:17 +0200: Memory Usage (446808K) : devtrench_drw has 0 polygons
2026-04-05 15:16:17 +0200: Memory Usage (446936K) : redist_drw has 0 polygons
2026-04-05 15:16:17 +0200: Memory Usage (446936K) : graphbot_drw has 0 polygons
2026-04-05 15:16:17 +0200: Memory Usage (447064K) : graphtop_drw has 0 polygons
2026-04-05 15:16:17 +0200: Memory Usage (447064K) : antvia1_drw has 0 polygons
2026-04-05 15:16:17 +0200: Memory Usage (447192K) : antmetal2_drw has 0 polygons
2026-04-05 15:16:17 +0200: Memory Usage (447192K) : graphcont_drw has 0 polygons
2026-04-05 15:16:17 +0200: Memory Usage (447192K) : siwg_drw has 0 polygons
2026-04-05 15:16:17 +0200: Memory Usage (447320K) : siwg_filler has 0 polygons
2026-04-05 15:16:17 +0200: Memory Usage (447320K) : siwg_nofill has 0 polygons
2026-04-05 15:16:17 +0200: Memory Usage (447448K) : sigrating_drw has 0 polygons
2026-04-05 15:16:17 +0200: Memory Usage (447576K) : singrating_drw has 0 polygons
2026-04-05 15:16:17 +0200: Memory Usage (447576K) : graphpas_drw has 0 polygons
2026-04-05 15:16:17 +0200: Memory Usage (447704K) : emwind3_drw has 0 polygons
2026-04-05 15:16:17 +0200: Memory Usage (447704K) : emwihv3_drw has 0 polygons
2026-04-05 15:16:17 +0200: Memory Usage (447704K) : redbulay_drw has 0 polygons
2026-04-05 15:16:17 +0200: Memory Usage (447832K) : smos_drw has 0 polygons
2026-04-05 15:16:17 +0200: Memory Usage (447832K) : graphpad_drw has 0 polygons
2026-04-05 15:16:17 +0200: Memory Usage (447960K) : polimide_drw has 0 polygons
2026-04-05 15:16:17 +0200: Memory Usage (447960K) : polimide_pin has 0 polygons
2026-04-05 15:16:17 +0200: Memory Usage (448088K) : recog_drw has 0 polygons
2026-04-05 15:16:17 +0200: Memory Usage (448088K) : recog_pin has 0 polygons
2026-04-05 15:16:17 +0200: Memory Usage (448216K) : recog_esd has 0 polygons
2026-04-05 15:16:17 +0200: Memory Usage (448216K) : recog_diode has 0 polygons
2026-04-05 15:16:17 +0200: Memory Usage (448344K) : recog_tsv has 0 polygons
2026-04-05 15:16:17 +0200: Memory Usage (448344K) : recog_iprobe has 0 polygons
2026-04-05 15:16:17 +0200: Memory Usage (448472K) : recog_diffprb has 0 polygons
2026-04-05 15:16:17 +0200: Memory Usage (448472K) : recog_pillar has 0 polygons
2026-04-05 15:16:17 +0200: Memory Usage (448600K) : recog_sbump has 0 polygons
2026-04-05 15:16:17 +0200: Memory Usage (448600K) : recog_otp has 0 polygons
2026-04-05 15:16:17 +0200: Memory Usage (448600K) : recog_pdiode has 0 polygons
2026-04-05 15:16:17 +0200: Memory Usage (448728K) : recog_mom has 0 polygons
2026-04-05 15:16:17 +0200: Memory Usage (448728K) : recog_pcm has 0 polygons
2026-04-05 15:16:17 +0200: Memory Usage (448728K) : colopen_drw has 0 polygons
2026-04-05 15:16:17 +0200: Memory Usage (448856K) : graphmetal1_drw has 0 polygons
2026-04-05 15:16:17 +0200: Memory Usage (448856K) : graphmetal1_filler has 0 polygons
2026-04-05 15:16:17 +0200: Memory Usage (448856K) : graphmetal1_nofill has 0 polygons
2026-04-05 15:16:17 +0200: Memory Usage (448856K) : graphmetal1_slit has 0 polygons
2026-04-05 15:16:17 +0200: Memory Usage (448984K) : graphmetal1_opc has 0 polygons
2026-04-05 15:16:17 +0200: Memory Usage (448984K) : graphmet1l_drw has 0 polygons
2026-04-05 15:16:17 +0200: Memory Usage (448984K) : graphmet1l_filler has 0 polygons
2026-04-05 15:16:17 +0200: Memory Usage (449112K) : graphmet1l_nofill has 0 polygons
2026-04-05 15:16:17 +0200: Memory Usage (449112K) : graphmet1l_slit has 0 polygons
2026-04-05 15:16:17 +0200: Memory Usage (449112K) : graphmet1l_opc has 0 polygons
2026-04-05 15:16:17 +0200: Memory Usage (449112K) : extblock_drw has 0 polygons
2026-04-05 15:16:17 +0200: Memory Usage (449240K) : nldd_drw has 0 polygons
2026-04-05 15:16:17 +0200: Memory Usage (449240K) : pldd_drw has 0 polygons
2026-04-05 15:16:17 +0200: Memory Usage (449240K) : next_drw has 0 polygons
2026-04-05 15:16:17 +0200: Memory Usage (449368K) : pext_drw has 0 polygons
2026-04-05 15:16:17 +0200: Memory Usage (449368K) : nexthv_drw has 0 polygons
2026-04-05 15:16:17 +0200: Memory Usage (449496K) : pexthv_drw has 0 polygons
2026-04-05 15:16:17 +0200: Memory Usage (449496K) : graphgate_drw has 0 polygons
2026-04-05 15:16:17 +0200: Memory Usage (449624K) : sinwg_drw has 0 polygons
2026-04-05 15:16:17 +0200: Memory Usage (449624K) : sinwg_filler has 0 polygons
2026-04-05 15:16:17 +0200: Memory Usage (449752K) : sinwg_nofill has 0 polygons
2026-04-05 15:16:17 +0200: Memory Usage (449752K) : mempad_drw has 0 polygons
2026-04-05 15:16:17 +0200: Memory Usage (449752K) : topvia1_drw has 0 polygons
2026-04-05 15:16:17 +0200: Memory Usage (449880K) : topmetal1_drw has 0 polygons
2026-04-05 15:16:17 +0200: Memory Usage (449880K) : topmetal1_pin has 0 polygons
2026-04-05 15:16:17 +0200: Memory Usage (450008K) : topmetal1_mask has 0 polygons
2026-04-05 15:16:17 +0200: Memory Usage (450008K) : topmetal1_filler has 0 polygons
2026-04-05 15:16:17 +0200: Memory Usage (450136K) : topmetal1_nofill has 0 polygons
2026-04-05 15:16:17 +0200: Memory Usage (450136K) : topmetal1_slit has 0 polygons
2026-04-05 15:16:17 +0200: Memory Usage (450136K) : topmetal1_text has 0 polygons
2026-04-05 15:16:17 +0200: Memory Usage (450136K) : topmetal1_noqrc has 0 polygons
2026-04-05 15:16:17 +0200: Memory Usage (450264K) : topmetal1_res has 0 polygons
2026-04-05 15:16:17 +0200: Memory Usage (450264K) : topmetal1_iprobe has 0 polygons
2026-04-05 15:16:17 +0200: Memory Usage (450264K) : topmetal1_diffprb has 0 polygons
2026-04-05 15:16:17 +0200: Memory Usage (450264K) : inldpwl_drw has 0 polygons
2026-04-05 15:16:17 +0200: Memory Usage (450392K) : polyres_drw has 0 polygons
2026-04-05 15:16:17 +0200: Memory Usage (450392K) : polyres_pin has 0 polygons
2026-04-05 15:16:17 +0200: Memory Usage (450392K) : vmim_drw has 0 polygons
2026-04-05 15:16:17 +0200: Memory Usage (450520K) : nbulaycut_drw has 0 polygons
2026-04-05 15:16:17 +0200: Memory Usage (450520K) : antmetal1_drw has 0 polygons
2026-04-05 15:16:17 +0200: Memory Usage (450648K) : topvia2_drw has 0 polygons
2026-04-05 15:16:17 +0200: Memory Usage (450648K) : topmetal2_drw has 0 polygons
2026-04-05 15:16:17 +0200: Memory Usage (450648K) : topmetal2_pin has 0 polygons
2026-04-05 15:16:17 +0200: Memory Usage (450776K) : topmetal2_mask has 0 polygons
2026-04-05 15:16:17 +0200: Memory Usage (450776K) : topmetal2_filler has 0 polygons
2026-04-05 15:16:17 +0200: Memory Usage (450904K) : topmetal2_nofill has 0 polygons
2026-04-05 15:16:17 +0200: Memory Usage (450904K) : topmetal2_slit has 0 polygons
2026-04-05 15:16:17 +0200: Memory Usage (450904K) : topmetal2_text has 0 polygons
2026-04-05 15:16:17 +0200: Memory Usage (451032K) : topmetal2_noqrc has 0 polygons
2026-04-05 15:16:17 +0200: Memory Usage (451032K) : topmetal2_res has 0 polygons
2026-04-05 15:16:17 +0200: Memory Usage (451160K) : topmetal2_iprobe has 0 polygons
2026-04-05 15:16:17 +0200: Memory Usage (451160K) : topmetal2_diffprb has 0 polygons
2026-04-05 15:16:17 +0200: Memory Usage (451288K) : snsring_drw has 0 polygons
2026-04-05 15:16:17 +0200: Memory Usage (451288K) : sensor_drw has 0 polygons
2026-04-05 15:16:17 +0200: Memory Usage (451288K) : snsarms_drw has 0 polygons
2026-04-05 15:16:17 +0200: Memory Usage (451416K) : snscmosvia_drw has 0 polygons
2026-04-05 15:16:17 +0200: Memory Usage (451416K) : colwind_drw has 0 polygons
2026-04-05 15:16:17 +0200: Memory Usage (451544K) : flm_drw has 0 polygons
2026-04-05 15:16:17 +0200: Memory Usage (451544K) : hafniumox_drw has 0 polygons
2026-04-05 15:16:17 +0200: Memory Usage (451672K) : memvia_drw has 0 polygons
2026-04-05 15:16:17 +0200: Memory Usage (451672K) : thinfilmres_drw has 0 polygons
2026-04-05 15:16:17 +0200: Memory Usage (451672K) : rfmem_drw has 0 polygons
2026-04-05 15:16:17 +0200: Memory Usage (451800K) : norcx_drw has 0 polygons
2026-04-05 15:16:17 +0200: Memory Usage (451800K) : norcx_m2m3 has 0 polygons
2026-04-05 15:16:17 +0200: Memory Usage (451928K) : norcx_m2m4 has 0 polygons
2026-04-05 15:16:17 +0200: Memory Usage (451928K) : norcx_m2m5 has 0 polygons
2026-04-05 15:16:17 +0200: Memory Usage (452056K) : norcx_m2tm1 has 0 polygons
2026-04-05 15:16:17 +0200: Memory Usage (452056K) : norcx_m2tm2 has 0 polygons
2026-04-05 15:16:17 +0200: Memory Usage (452184K) : norcx_m3m4 has 0 polygons
2026-04-05 15:16:17 +0200: Memory Usage (452184K) : norcx_m3m5 has 0 polygons
2026-04-05 15:16:17 +0200: Memory Usage (452184K) : norcx_m3tm1 has 0 polygons
2026-04-05 15:16:17 +0200: Memory Usage (452312K) : norcx_m3tm2 has 0 polygons
2026-04-05 15:16:17 +0200: Memory Usage (452312K) : norcx_m4m5 has 0 polygons
2026-04-05 15:16:17 +0200: Memory Usage (452440K) : norcx_m4tm1 has 0 polygons
2026-04-05 15:16:17 +0200: Memory Usage (452440K) : norcx_m4tm2 has 0 polygons
2026-04-05 15:16:17 +0200: Memory Usage (452440K) : norcx_m5tm1 has 0 polygons
2026-04-05 15:16:17 +0200: Memory Usage (452440K) : norcx_m5tm2 has 0 polygons
2026-04-05 15:16:17 +0200: Memory Usage (452440K) : norcx_tm1tm2 has 0 polygons
2026-04-05 15:16:17 +0200: Memory Usage (452568K) : norcx_m1sub has 0 polygons
2026-04-05 15:16:17 +0200: Memory Usage (452568K) : norcx_m2sub has 0 polygons
2026-04-05 15:16:17 +0200: Memory Usage (452568K) : norcx_m3sub has 0 polygons
2026-04-05 15:16:17 +0200: Memory Usage (452568K) : norcx_m4sub has 0 polygons
2026-04-05 15:16:17 +0200: Memory Usage (452696K) : norcx_m5sub has 0 polygons
2026-04-05 15:16:17 +0200: Memory Usage (452696K) : norcx_tm1sub has 0 polygons
2026-04-05 15:16:17 +0200: Memory Usage (452696K) : norcx_tm2sub has 0 polygons
2026-04-05 15:16:17 +0200: Memory Usage (452824K) : snsbotvia_drw has 0 polygons
2026-04-05 15:16:17 +0200: Memory Usage (452824K) : snstopvia_drw has 0 polygons
2026-04-05 15:16:17 +0200: Memory Usage (452824K) : deepvia_drw has 0 polygons
2026-04-05 15:16:17 +0200: Memory Usage (452952K) : fgetch_drw has 0 polygons
2026-04-05 15:16:17 +0200: Memory Usage (452952K) : ctrgat_drw has 0 polygons
2026-04-05 15:16:17 +0200: Memory Usage (452952K) : fgimp_drw has 0 polygons
2026-04-05 15:16:17 +0200: Memory Usage (452952K) : emwihv_drw has 0 polygons
2026-04-05 15:16:17 +0200: Memory Usage (453080K) : lbe_drw has 0 polygons
2026-04-05 15:16:17 +0200: Memory Usage (453080K) : alcustop_drw has 0 polygons
2026-04-05 15:16:17 +0200: Memory Usage (453080K) : nometfiller_drw has 0 polygons
2026-04-05 15:16:17 +0200: Memory Usage (453208K) : prboundary_drw has 0 polygons
2026-04-05 15:16:17 +0200: Memory Usage (453208K) : exchange0_drw has 0 polygons
2026-04-05 15:16:17 +0200: Memory Usage (453208K) : exchange0_pin has 0 polygons
2026-04-05 15:16:17 +0200: Memory Usage (453208K) : exchange0_text has 0 polygons
2026-04-05 15:16:17 +0200: Memory Usage (453336K) : exchange1_drw has 0 polygons
2026-04-05 15:16:17 +0200: Memory Usage (453336K) : exchange1_pin has 0 polygons
2026-04-05 15:16:17 +0200: Memory Usage (453336K) : exchange1_text has 0 polygons
2026-04-05 15:16:17 +0200: Memory Usage (453464K) : exchange2_drw has 0 polygons
2026-04-05 15:16:17 +0200: Memory Usage (453464K) : exchange2_pin has 0 polygons
2026-04-05 15:16:17 +0200: Memory Usage (453464K) : exchange2_text has 0 polygons
2026-04-05 15:16:17 +0200: Memory Usage (453592K) : exchange3_drw has 0 polygons
2026-04-05 15:16:17 +0200: Memory Usage (453592K) : exchange3_pin has 0 polygons
2026-04-05 15:16:17 +0200: Memory Usage (453592K) : exchange3_text has 0 polygons
2026-04-05 15:16:17 +0200: Memory Usage (453592K) : exchange4_drw has 0 polygons
2026-04-05 15:16:17 +0200: Memory Usage (453720K) : exchange4_pin has 0 polygons
2026-04-05 15:16:17 +0200: Memory Usage (453720K) : exchange4_text has 0 polygons
2026-04-05 15:16:17 +0200: Memory Usage (453848K) : isonwell_drw has 0 polygons
2026-04-05 15:16:17 +0200: Memory Usage (453848K) : Total no. of polygons in the design is 725
2026-04-05 15:16:17 +0200: Memory Usage (453848K) : Loaded TECH DRC rules values from /foss/pdks/ihp-sg13g2/libs.tech/klayout/python/sg13g2_pycell_lib/sg13g2_tech_mod.json
2026-04-05 15:16:17 +0200: Memory Usage (453848K) : Loaded default DRC rules values from /foss/pdks/ihp-sg13g2/libs.tech/klayout/tech/drc/rule_decks/sg13g2_tech_default.json
2026-04-05 15:16:17 +0200: Memory Usage (453848K) : The following rules values were missing in tech json and default values were used:
2026-04-05 15:16:17 +0200: Memory Usage (453848K) :   - Cnt_c_digibnd
2026-04-05 15:16:17 +0200: Memory Usage (454872K) : Total area of the design is 207.69379999999998 um^2.
2026-04-05 15:16:17 +0200: Memory Usage (454872K) : The design dimensions are 21.544999999999998 µm * 9.64 µm.
2026-04-05 15:16:17 +0200: Memory Usage (454872K) : Starting general IHP-SG13G2 derivations.
2026-04-05 15:16:17 +0200: Memory Usage (454872K) : Starting Pwell derivations
2026-04-05 15:16:17 +0200: Memory Usage (456792K) : Starting n-Activ derivations
2026-04-05 15:16:17 +0200: Memory Usage (456792K) : Starting p-Activ derivations
2026-04-05 15:16:17 +0200: Memory Usage (456792K) : Starting ptap derivations
2026-04-05 15:16:17 +0200: Memory Usage (456792K) : Starting ntap derivations
2026-04-05 15:16:17 +0200: Memory Usage (456792K) : Starting pact FET derivations
2026-04-05 15:16:17 +0200: Memory Usage (456792K) : Starting nact FET derivations
2026-04-05 15:16:17 +0200: Memory Usage (456792K) : Starting Gate derivations
2026-04-05 15:16:17 +0200: Memory Usage (456920K) : Starting cont/contbar general derivations
2026-04-05 15:16:17 +0200: Memory Usage (456920K) : Starting pad general derivations
2026-04-05 15:16:17 +0200: Memory Usage (456920K) : Starting IHP-SG13G2 DRC connectivity related derivations.
2026-04-05 15:16:17 +0200: Memory Usage (456920K) : Starting IHP-SG13G2 DRC connectivity setup
2026-04-05 15:16:17 +0200: Memory Usage (457176K) : Starting IHP-SG13G2 DRC rules.
2026-04-05 15:16:17 +0200: Memory Usage (457176K) : Running all FEOL rules
2026-04-05 15:16:17 +0200: Memory Usage (457176K) : Running all BEOL rules
2026-04-05 15:16:17 +0200: Memory Usage (457176K) : Running all PIN rules
2026-04-05 15:16:17 +0200: Memory Usage (457176K) : Running all FORBIDDEN rules
2026-04-05 15:16:17 +0200: Memory Usage (457176K) : Starting 5.1 NWell table
2026-04-05 15:16:17 +0200: Memory Usage (457176K) : Executing rule NW.b
2026-04-05 15:16:17 +0200: Memory Usage (457560K) : Executing rule NW.b1
2026-04-05 15:16:17 +0200: Memory Usage (457688K) : Starting 5.2 PWell:block
2026-04-05 15:16:17 +0200: Memory Usage (457688K) : Executing rule PWB.e
2026-04-05 15:16:17 +0200: Memory Usage (457688K) : Executing rule PWB.e1
2026-04-05 15:16:17 +0200: Memory Usage (457688K) : Executing rule PWB.f
2026-04-05 15:16:17 +0200: Memory Usage (457688K) : Executing rule PWB.f1
2026-04-05 15:16:17 +0200: Memory Usage (457688K) : Starting 5.3 nBuLay table
2026-04-05 15:16:17 +0200: Memory Usage (457688K) : Executing rule NBL.b
2026-04-05 15:16:17 +0200: Memory Usage (457688K) : Executing rule NBL.c
2026-04-05 15:16:17 +0200: Memory Usage (457688K) : Executing rule NBL.d
2026-04-05 15:16:17 +0200: Memory Usage (457688K) : Executing rule NBL.e
2026-04-05 15:16:17 +0200: Memory Usage (457688K) : Executing rule NBL.f
2026-04-05 15:16:17 +0200: Memory Usage (457688K) : Starting 5.5. Activ table
2026-04-05 15:16:17 +0200: Memory Usage (457688K) : Executing rule Act.a
2026-04-05 15:16:17 +0200: Memory Usage (457688K) : Executing rule Act.b
2026-04-05 15:16:17 +0200: Memory Usage (457816K) : Starting 5.6 Activ:filler table
2026-04-05 15:16:17 +0200: Memory Usage (457944K) : Executing rule AFil.c1
2026-04-05 15:16:17 +0200: Memory Usage (457944K) : Executing rule AFil.c
2026-04-05 15:16:17 +0200: Memory Usage (457944K) : Executing rule AFil.d
2026-04-05 15:16:17 +0200: Memory Usage (457944K) : Executing rule AFil.e
2026-04-05 15:16:17 +0200: Memory Usage (457944K) : Executing rule AFil.j
2026-04-05 15:16:17 +0200: Memory Usage (457944K) : Starting 5.7. ThickGateOx table
2026-04-05 15:16:17 +0200: Memory Usage (457944K) : Executing rule TGO.f
2026-04-05 15:16:17 +0200: Memory Usage (457944K) : Starting 5.8. GatPoly table
2026-04-05 15:16:17 +0200: Memory Usage (457944K) : Executing rule Gat.a
2026-04-05 15:16:17 +0200: Memory Usage (457944K) : Executing rule Gat.b
2026-04-05 15:16:17 +0200: Memory Usage (458072K) : Executing rule Gat.d
2026-04-05 15:16:17 +0200: Memory Usage (458072K) : Executing rule Gat.a1
2026-04-05 15:16:17 +0200: Memory Usage (458456K) : Executing rule Gat.a2
2026-04-05 15:16:17 +0200: Memory Usage (458456K) : Executing rule Gat.g
2026-04-05 15:16:17 +0200: Memory Usage (458456K) : Starting 5.9 GatPoly:filler
2026-04-05 15:16:17 +0200: Memory Usage (458456K) : Executing rule GFil.d
2026-04-05 15:16:17 +0200: Memory Usage (458456K) : Executing rule GFil.e
2026-04-05 15:16:17 +0200: Memory Usage (458456K) : Executing rule GFil.i
2026-04-05 15:16:17 +0200: Memory Usage (458456K) : Starting 5.10 pSD table
2026-04-05 15:16:17 +0200: Memory Usage (458456K) : Executing rule pSD.c1
2026-04-05 15:16:17 +0200: Memory Usage (458456K) : Starting 5.14. Cont table
2026-04-05 15:16:17 +0200: Memory Usage (458456K) : Executing rule Cnt.a
2026-04-05 15:16:17 +0200: Memory Usage (458456K) : Executing rule Cnt.b
2026-04-05 15:16:17 +0200: Memory Usage (458456K) : Executing rule Cnt.c
2026-04-05 15:16:17 +0200: Memory Usage (458456K) : Executing rule Cnt.c
2026-04-05 15:16:17 +0200: Memory Usage (458456K) : Executing rule Cnt.d
2026-04-05 15:16:17 +0200: Memory Usage (458456K) : Executing rule Cnt.e
2026-04-05 15:16:18 +0200: Memory Usage (458456K) : Executing rule Cnt.g1
2026-04-05 15:16:18 +0200: Memory Usage (458456K) : Executing rule Cnt.g2
2026-04-05 15:16:18 +0200: Memory Usage (458456K) : Starting 5.15. ContBar table
2026-04-05 15:16:18 +0200: Memory Usage (458456K) : Executing rule CntB.b1
2026-04-05 15:16:18 +0200: Memory Usage (458456K) : Executing rule CntB.h1
2026-04-05 15:16:18 +0200: Memory Usage (458456K) : Starting 6.1.3 NPN Substrate-Tie table
2026-04-05 15:16:18 +0200: Memory Usage (458456K) : Executing rule npn13G2.bR 
2026-04-05 15:16:18 +0200: Memory Usage (458456K) : Executing rule npn13G2L.cR 
2026-04-05 15:16:18 +0200: Memory Usage (458456K) : Executing rule npn13G2V.cR 
2026-04-05 15:16:18 +0200: Memory Usage (458456K) : Starting 6.7 Schottky diode table
2026-04-05 15:16:18 +0200: Memory Usage (458456K) : Executing rule Sdiod.d
2026-04-05 15:16:18 +0200: Memory Usage (458456K) : Executing rule Sdiod.e
2026-04-05 15:16:18 +0200: Memory Usage (458456K) : Starting 7.2 Latch-up table
2026-04-05 15:16:18 +0200: Memory Usage (458456K) : Executing rule LU.b
2026-04-05 15:16:18 +0200: Memory Usage (458456K) : Starting 5.16. Metal1 table
2026-04-05 15:16:18 +0200: Memory Usage (458456K) : Executing rule M1.a
2026-04-05 15:16:18 +0200: Memory Usage (458456K) : Executing rule M1.b
2026-04-05 15:16:18 +0200: Memory Usage (458456K) : Executing rule M1.e
2026-04-05 15:16:18 +0200: Memory Usage (458456K) : Executing rule M1.f
2026-04-05 15:16:18 +0200: Memory Usage (458456K) : Executing rule M1.g
2026-04-05 15:16:18 +0200: Memory Usage (458456K) : Executing rule M1.i
2026-04-05 15:16:18 +0200: Memory Usage (458456K) : Starting 5.17 Metaln table
2026-04-05 15:16:18 +0200: Memory Usage (458456K) : Executing rule M2.a
2026-04-05 15:16:18 +0200: Memory Usage (458456K) : Executing rule M2.b
2026-04-05 15:16:18 +0200: Memory Usage (458456K) : Executing rule M2.e
2026-04-05 15:16:18 +0200: Memory Usage (458456K) : Executing rule M2.f
2026-04-05 15:16:18 +0200: Memory Usage (458456K) : Executing rule M2.g
2026-04-05 15:16:18 +0200: Memory Usage (458456K) : Executing rule M2.i
2026-04-05 15:16:18 +0200: Memory Usage (458456K) : Executing rule M3.a
2026-04-05 15:16:18 +0200: Memory Usage (458456K) : Executing rule M3.b
2026-04-05 15:16:18 +0200: Memory Usage (458456K) : Executing rule M3.e
2026-04-05 15:16:18 +0200: Memory Usage (458456K) : Executing rule M3.f
2026-04-05 15:16:18 +0200: Memory Usage (458456K) : Executing rule M3.g
2026-04-05 15:16:18 +0200: Memory Usage (458456K) : Executing rule M3.i
2026-04-05 15:16:18 +0200: Memory Usage (458456K) : Executing rule M4.a
2026-04-05 15:16:18 +0200: Memory Usage (458456K) : Executing rule M4.b
2026-04-05 15:16:18 +0200: Memory Usage (458456K) : Executing rule M4.e
2026-04-05 15:16:18 +0200: Memory Usage (458456K) : Executing rule M4.f
2026-04-05 15:16:18 +0200: Memory Usage (458456K) : Executing rule M4.g
2026-04-05 15:16:18 +0200: Memory Usage (458712K) : Executing rule M4.i
2026-04-05 15:16:18 +0200: Memory Usage (458968K) : Executing rule M5.a
2026-04-05 15:16:18 +0200: Memory Usage (458968K) : Executing rule M5.b
2026-04-05 15:16:18 +0200: Memory Usage (458968K) : Executing rule M5.e
2026-04-05 15:16:18 +0200: Memory Usage (458968K) : Executing rule M5.f
2026-04-05 15:16:18 +0200: Memory Usage (458968K) : Executing rule M5.g
2026-04-05 15:16:18 +0200: Memory Usage (459352K) : Executing rule M5.i
2026-04-05 15:16:18 +0200: Memory Usage (459352K) : Starting 5.18 Metaln:filler table
2026-04-05 15:16:18 +0200: Memory Usage (459352K) : Executing rule M1Fil.c
2026-04-05 15:16:18 +0200: Memory Usage (459352K) : Executing rule M1Fil.a2
2026-04-05 15:16:18 +0200: Memory Usage (459352K) : Executing rule M2Fil.c
2026-04-05 15:16:18 +0200: Memory Usage (459352K) : Executing rule M2Fil.a2
2026-04-05 15:16:18 +0200: Memory Usage (459352K) : Executing rule M3Fil.c
2026-04-05 15:16:18 +0200: Memory Usage (459352K) : Executing rule M3Fil.a2
2026-04-05 15:16:18 +0200: Memory Usage (459352K) : Executing rule M4Fil.c
2026-04-05 15:16:18 +0200: Memory Usage (459352K) : Executing rule M4Fil.a2
2026-04-05 15:16:18 +0200: Memory Usage (459352K) : Executing rule M5Fil.c
2026-04-05 15:16:18 +0200: Memory Usage (459352K) : Executing rule M5Fil.a2
2026-04-05 15:16:18 +0200: Memory Usage (459352K) : Starting 5.19. Via1 table
2026-04-05 15:16:18 +0200: Memory Usage (459352K) : Starting 5.19. Via1 table derivations
2026-04-05 15:16:18 +0200: Memory Usage (459352K) : Executing rule V1.a
2026-04-05 15:16:18 +0200: Memory Usage (459352K) : Executing rule V1.b
2026-04-05 15:16:18 +0200: Memory Usage (459352K) : Executing rule V1.c
2026-04-05 15:16:18 +0200: Memory Usage (459352K) : Starting 5.20. Vian table
2026-04-05 15:16:18 +0200: Memory Usage (459352K) : Executing rule V2.a
2026-04-05 15:16:18 +0200: Memory Usage (459352K) : Executing rule V2.b
2026-04-05 15:16:18 +0200: Memory Usage (459352K) : Executing rule V2.c
2026-04-05 15:16:18 +0200: Memory Usage (459352K) : Executing rule V3.a
2026-04-05 15:16:18 +0200: Memory Usage (459352K) : Executing rule V3.b
2026-04-05 15:16:18 +0200: Memory Usage (459352K) : Executing rule V3.c
2026-04-05 15:16:18 +0200: Memory Usage (459352K) : Executing rule V4.a
2026-04-05 15:16:18 +0200: Memory Usage (459352K) : Executing rule V4.b
2026-04-05 15:16:18 +0200: Memory Usage (459352K) : Executing rule V4.c
2026-04-05 15:16:18 +0200: Memory Usage (459352K) : Starting 5.21. TopVia1 table
2026-04-05 15:16:18 +0200: Memory Usage (459352K) : Executing rule TV1.a
2026-04-05 15:16:18 +0200: Memory Usage (459352K) : Executing rule TV1.b
2026-04-05 15:16:18 +0200: Memory Usage (459352K) : Executing rule TV1.c
2026-04-05 15:16:18 +0200: Memory Usage (459352K) : Executing rule TV1.d
2026-04-05 15:16:18 +0200: Memory Usage (459352K) : Starting 5.22. TopMetal1 table
2026-04-05 15:16:18 +0200: Memory Usage (459352K) : Executing rule TM1.a
2026-04-05 15:16:18 +0200: Memory Usage (459352K) : Executing rule TM1.b
2026-04-05 15:16:18 +0200: Memory Usage (459352K) : Starting 5.23 TopMetal1:filler table
2026-04-05 15:16:18 +0200: Memory Usage (459352K) : Executing rule TM1Fil.c
2026-04-05 15:16:18 +0200: Memory Usage (459352K) : Executing rule TM1Fil.a1
2026-04-05 15:16:18 +0200: Memory Usage (459352K) : Starting 5.24. TopVia2 table
2026-04-05 15:16:18 +0200: Memory Usage (459352K) : Executing rule TV2.a
2026-04-05 15:16:18 +0200: Memory Usage (459352K) : Executing rule TV2.b
2026-04-05 15:16:18 +0200: Memory Usage (459352K) : Executing rule TV2.c
2026-04-05 15:16:18 +0200: Memory Usage (459352K) : Executing rule TV2.d
2026-04-05 15:16:18 +0200: Memory Usage (459352K) : Starting 5.25. TopMetal2 table
2026-04-05 15:16:18 +0200: Memory Usage (459352K) : Executing rule TM2.a
2026-04-05 15:16:18 +0200: Memory Usage (459352K) : Executing rule TM2.b
2026-04-05 15:16:18 +0200: Memory Usage (459352K) : Executing rule TM2.bR
2026-04-05 15:16:18 +0200: Memory Usage (459352K) : Starting 5.26 TopMetal2:filler table
2026-04-05 15:16:18 +0200: Memory Usage (459352K) : Executing rule TM2Fil.c
2026-04-05 15:16:18 +0200: Memory Usage (459352K) : Executing rule TM2Fil.a1
2026-04-05 15:16:18 +0200: Memory Usage (459352K) : Starting 5.27. Passiv table
2026-04-05 15:16:18 +0200: Memory Usage (459352K) : Executing rule Pas.a
2026-04-05 15:16:18 +0200: Memory Usage (459352K) : Executing rule Pas.b
2026-04-05 15:16:18 +0200: Memory Usage (459352K) : Executing rule Pas.c
2026-04-05 15:16:18 +0200: Memory Usage (459352K) : Starting 6.9.2 Copper Pillar table
2026-04-05 15:16:18 +0200: Memory Usage (459352K) : Executing rule Padc.a
2026-04-05 15:16:18 +0200: Memory Usage (459352K) : Executing rule Padc.b
2026-04-05 15:16:18 +0200: Memory Usage (459352K) : Executing rule Padc.c
2026-04-05 15:16:18 +0200: Memory Usage (459352K) : Executing rule Padb.f
2026-04-05 15:16:18 +0200: Memory Usage (459352K) : Starting 6.9 Pad table
2026-04-05 15:16:18 +0200: Memory Usage (459352K) : Executing rule Pad.m
2026-04-05 15:16:18 +0200: Memory Usage (459352K) : Executing rule Pad.fR_M1
2026-04-05 15:16:18 +0200: Memory Usage (459352K) : Executing rule Pad.fR_M2
2026-04-05 15:16:18 +0200: Memory Usage (459352K) : Executing rule Pad.fR_M3
2026-04-05 15:16:18 +0200: Memory Usage (459352K) : Executing rule Pad.fR_M4
2026-04-05 15:16:18 +0200: Memory Usage (459352K) : Executing rule Pad.fR_M5
2026-04-05 15:16:18 +0200: Memory Usage (459352K) : Executing rule Pad.fR_TM1
2026-04-05 15:16:18 +0200: Memory Usage (459352K) : Executing rule Pad.fR_TM2
2026-04-05 15:16:18 +0200: Memory Usage (459352K) : Executing rule Pad.i
2026-04-05 15:16:18 +0200: Memory Usage (459352K) : Starting 6.9.1 Solder Bump
2026-04-05 15:16:18 +0200: Memory Usage (459352K) : Executing rule Padb.a
2026-04-05 15:16:18 +0200: Memory Usage (459352K) : Executing rule Padb.b
2026-04-05 15:16:18 +0200: Memory Usage (459352K) : Executing rule Padb.c
2026-04-05 15:16:18 +0200: Memory Usage (459352K) : Executing rule Padb.f
2026-04-05 15:16:18 +0200: Memory Usage (459352K) : Executing rule Padb.d
2026-04-05 15:16:18 +0200: Memory Usage (459352K) : Starting 6.10 Sealring table
2026-04-05 15:16:18 +0200: Memory Usage (459352K) : Executing rule Seal.l
2026-04-05 15:16:18 +0200: Memory Usage (459352K) : Executing rule Seal.n
2026-04-05 15:16:18 +0200: Memory Usage (459352K) : Executing rule seal.b_metal1
2026-04-05 15:16:18 +0200: Memory Usage (459352K) : Executing rule seal.b_metal2
2026-04-05 15:16:18 +0200: Memory Usage (459352K) : Executing rule seal.b_metal3
2026-04-05 15:16:18 +0200: Memory Usage (459352K) : Executing rule seal.b_metal4
2026-04-05 15:16:18 +0200: Memory Usage (459352K) : Executing rule seal.b_metal5
2026-04-05 15:16:18 +0200: Memory Usage (459352K) : Executing rule seal.b_topmetal1
2026-04-05 15:16:18 +0200: Memory Usage (459352K) : Executing rule seal.b_topmetal2
2026-04-05 15:16:18 +0200: Memory Usage (459352K) : Executing rule seal.b_activ
2026-04-05 15:16:18 +0200: Memory Usage (459352K) : Executing rule seal.b_psd
2026-04-05 15:16:18 +0200: Memory Usage (459352K) : Executing rule Seal.k
2026-04-05 15:16:18 +0200: Memory Usage (459352K) : Executing rule Seal.m
2026-04-05 15:16:18 +0200: Memory Usage (459352K) : Starting 6.11 MIM table
2026-04-05 15:16:18 +0200: Memory Usage (459352K) : Executing rule MIM.c
2026-04-05 15:16:18 +0200: Memory Usage (459352K) : Executing rule MIM.d
2026-04-05 15:16:18 +0200: Memory Usage (459352K) : Executing rule MIM.gR
2026-04-05 15:16:18 +0200: Memory Usage (459352K) : Starting 7.3 Metal Slits table
2026-04-05 15:16:18 +0200: Memory Usage (459352K) : Executing rule Slt.e1_M1
2026-04-05 15:16:18 +0200: Memory Usage (459352K) : Executing rule Slt.e1_M2
2026-04-05 15:16:18 +0200: Memory Usage (459352K) : Executing rule Slt.e1_M3
2026-04-05 15:16:18 +0200: Memory Usage (459352K) : Executing rule Slt.e1_M4
2026-04-05 15:16:18 +0200: Memory Usage (459352K) : Executing rule Slt.e1_M5
2026-04-05 15:16:18 +0200: Memory Usage (459352K) : Executing rule Slt.e1_TM1
2026-04-05 15:16:18 +0200: Memory Usage (459352K) : Executing rule Slt.e1_TM2
2026-04-05 15:16:18 +0200: Memory Usage (459352K) : Starting 9.1. LBE table
2026-04-05 15:16:18 +0200: Memory Usage (459352K) : Executing rule LBE.a
2026-04-05 15:16:18 +0200: Memory Usage (459352K) : Executing rule LBE.b
2026-04-05 15:16:18 +0200: Memory Usage (459352K) : Executing rule LBE.b1
2026-04-05 15:16:18 +0200: Memory Usage (459352K) : Executing rule LBE.c
2026-04-05 15:16:18 +0200: Memory Usage (459352K) : Executing rule LBE.d
2026-04-05 15:16:18 +0200: Memory Usage (459352K) : Executing rule LBE.h
2026-04-05 15:16:18 +0200: Memory Usage (459352K) : Starting 7.4. PIN table
2026-04-05 15:16:18 +0200: Memory Usage (459352K) : Executing rule Pin.a
2026-04-05 15:16:18 +0200: Memory Usage (459352K) : Executing rule Pin.b
2026-04-05 15:16:18 +0200: Memory Usage (459352K) : Executing rule Pin.e
2026-04-05 15:16:18 +0200: Memory Usage (459480K) : Executing rule Pin.f_M2
2026-04-05 15:16:18 +0200: Memory Usage (459480K) : Executing rule Pin.f_M3
2026-04-05 15:16:18 +0200: Memory Usage (459480K) : Executing rule Pin.f_M4
2026-04-05 15:16:18 +0200: Memory Usage (459480K) : Executing rule Pin.f_M5
2026-04-05 15:16:18 +0200: Memory Usage (459480K) : Executing rule Pin.g
2026-04-05 15:16:18 +0200: Memory Usage (459480K) : Executing rule Pin.h
2026-04-05 15:16:18 +0200: Memory Usage (459480K) : Starting 3.2. FORBIDDEN table
2026-04-05 15:16:18 +0200: Memory Usage (459480K) : Executing rule forbidden.biwind
2026-04-05 15:16:18 +0200: Memory Usage (459608K) : Executing rule forbidden.pemwind
2026-04-05 15:16:18 +0200: Memory Usage (459608K) : Executing rule forbidden.baspoly
2026-04-05 15:16:18 +0200: Memory Usage (459608K) : Executing rule forbidden.deepco
2026-04-05 15:16:18 +0200: Memory Usage (459608K) : Executing rule forbidden.pempoly
2026-04-05 15:16:18 +0200: Memory Usage (459736K) : Executing rule forbidden.empoly
2026-04-05 15:16:18 +0200: Memory Usage (459864K) : Executing rule forbidden.ldmos
2026-04-05 15:16:18 +0200: Memory Usage (459864K) : Executing rule forbidden.pbiwind
2026-04-05 15:16:18 +0200: Memory Usage (459992K) : Executing rule forbidden.nodrc
2026-04-05 15:16:18 +0200: Memory Usage (460120K) : Executing rule forbidden.flash
2026-04-05 15:16:18 +0200: Memory Usage (460120K) : Executing rule forbidden.colwind
2026-04-05 15:16:18 +0200: Memory Usage (460248K) : KLayout DRC run for tables 'main' completed in 1.35 seconds
