# Logfile created on 2026-04-11 05:11:16 +0200 by logger.rb/v1.4.3
2026-04-11 05:11:16 +0200: Memory Usage (429352K) : Starting running SG13G2 Klayout LVS runset on /home/designer/shared/frac-n-pll-vco-unic_cass/layout/LC_VCO.gds
2026-04-11 05:11:16 +0200: Memory Usage (429352K) : Ruby Version for klayout: 3.0.2
2026-04-11 05:11:16 +0200: Memory Usage (430504K) : Loading database to memory is complete.
2026-04-11 05:11:16 +0200: Memory Usage (430504K) : SG13G2 Klayout LVS runset output at: /home/designer/shared/frac-n-pll-vco-unic_cass/lvs_run_LC_VCO_2026_04_11_05_11_14/LC_VCO.lvsdb
2026-04-11 05:11:16 +0200: Memory Usage (430504K) : Evaluate switches.
2026-04-11 05:11:16 +0200: Memory Usage (430504K) : Extracted netlist with net names: true
2026-04-11 05:11:16 +0200: Memory Usage (430504K) : Extracted netlist with comments in details: false
2026-04-11 05:11:16 +0200: Memory Usage (430504K) : Selected NET_ONLY option: false
2026-04-11 05:11:16 +0200: Memory Usage (430504K) : Selected LAYOUT_NETLIST option: (none)
2026-04-11 05:11:16 +0200: Memory Usage (430504K) : Selected IGNORE_TOP_PORTS_MISMATCH option: 
2026-04-11 05:11:16 +0200: Memory Usage (430504K) : Selected IMPLICIT_NETS option: (none)
2026-04-11 05:11:16 +0200: Memory Usage (430504K) : Selected TOP_LVL_PINS option: false
2026-04-11 05:11:16 +0200: Memory Usage (430504K) : Selected COMBINE DEVICES option: false
2026-04-11 05:11:16 +0200: Memory Usage (430504K) : Selected PURGE option: false
2026-04-11 05:11:16 +0200: Memory Usage (430504K) : Selected PURGE_NETS option: false
2026-04-11 05:11:16 +0200: Memory Usage (430504K) : Selected SIMPLIFY option: true
2026-04-11 05:11:16 +0200: Memory Usage (430504K) : Selected SERIES_RES option: true
2026-04-11 05:11:16 +0200: Memory Usage (430504K) : Selected PARALLEL_RES option: true
2026-04-11 05:11:16 +0200: Memory Usage (430504K) : flat  mode is enabled.
2026-04-11 05:11:16 +0200: Memory Usage (431528K) : Netlist file: /home/designer/shared/frac-n-pll-vco-unic_cass/schematic/lc-vco/simulations/LC_VCO.spice
2026-04-11 05:11:16 +0200: Memory Usage (431528K) : LVS extracted netlist at: /home/designer/shared/frac-n-pll-vco-unic_cass/lvs_run_LC_VCO_2026_04_11_05_11_14/LC_VCO_extracted.cir
2026-04-11 05:11:16 +0200: Memory Usage (431528K) : Applying SRAM integration support.
2026-04-11 05:11:16 +0200: Memory Usage (431528K) : Starting SG13G2 LVS runset
2026-04-11 05:11:16 +0200: Memory Usage (431528K) : Read in polygons from layers.
2026-04-11 05:11:16 +0200: Memory Usage (432552K) : activ_drw has 26 polygons
2026-04-11 05:11:16 +0200: Memory Usage (432552K) : activ_filler has 0 polygons
2026-04-11 05:11:16 +0200: Memory Usage (432552K) : activ has 26 polygons
2026-04-11 05:11:16 +0200: Memory Usage (432552K) : activ_pin has 0 polygons
2026-04-11 05:11:16 +0200: Memory Usage (432552K) : activ_mask has 0 polygons
2026-04-11 05:11:16 +0200: Memory Usage (432552K) : activ_nofill has 1 polygons
2026-04-11 05:11:16 +0200: Memory Usage (432552K) : activ_OPC has 0 polygons
2026-04-11 05:11:16 +0200: Memory Usage (432808K) : activ_iOPC has 0 polygons
2026-04-11 05:11:16 +0200: Memory Usage (432808K) : activ_noqrc has 1 polygons
2026-04-11 05:11:16 +0200: Memory Usage (432808K) : biwind_drw has 0 polygons
2026-04-11 05:11:16 +0200: Memory Usage (432808K) : biwind_OPC has 0 polygons
2026-04-11 05:11:16 +0200: Memory Usage (432936K) : gatpoly_drw has 14 polygons
2026-04-11 05:11:16 +0200: Memory Usage (433064K) : gatpoly_filler has 0 polygons
2026-04-11 05:11:16 +0200: Memory Usage (433064K) : gatpoly has 14 polygons
2026-04-11 05:11:16 +0200: Memory Usage (433192K) : gatpoly_pin has 6 polygons
2026-04-11 05:11:16 +0200: Memory Usage (433320K) : gatpoly_nofill has 0 polygons
2026-04-11 05:11:16 +0200: Memory Usage (433448K) : gatpoly_OPC has 0 polygons
2026-04-11 05:11:16 +0200: Memory Usage (433576K) : gatpoly_iOPC has 0 polygons
2026-04-11 05:11:16 +0200: Memory Usage (433704K) : gatpoly_noqrc has 0 polygons
2026-04-11 05:11:16 +0200: Memory Usage (434856K) : cont_drw has 4737 polygons
2026-04-11 05:11:16 +0200: Memory Usage (434856K) : cont_OPC has 0 polygons
2026-04-11 05:11:16 +0200: Memory Usage (434856K) : nsd_drw has 0 polygons
2026-04-11 05:11:16 +0200: Memory Usage (434856K) : nsd_block has 0 polygons
2026-04-11 05:11:16 +0200: Memory Usage (434856K) : metal1_drw has 45 polygons
2026-04-11 05:11:16 +0200: Memory Usage (434856K) : metal1_filler has 0 polygons
2026-04-11 05:11:16 +0200: Memory Usage (435112K) : metal1_slit has 0 polygons
2026-04-11 05:11:16 +0200: Memory Usage (435112K) : metal1 has 45 polygons
2026-04-11 05:11:16 +0200: Memory Usage (435112K) : metal1_pin has 25 polygons
2026-04-11 05:11:16 +0200: Memory Usage (435240K) : metal1_mask has 0 polygons
2026-04-11 05:11:16 +0200: Memory Usage (435368K) : metal1_nofill has 1 polygons
2026-04-11 05:11:16 +0200: Memory Usage (435496K) : metal1_text has 4 polygons
2026-04-11 05:11:16 +0200: Memory Usage (435624K) : metal1_OPC has 0 polygons
2026-04-11 05:11:16 +0200: Memory Usage (435752K) : metal1_noqrc has 1 polygons
2026-04-11 05:11:16 +0200: Memory Usage (435880K) : metal1_res has 0 polygons
2026-04-11 05:11:16 +0200: Memory Usage (436008K) : metal1_iprobe has 0 polygons
2026-04-11 05:11:16 +0200: Memory Usage (436136K) : metal1_diffprb has 0 polygons
2026-04-11 05:11:16 +0200: Memory Usage (436264K) : passiv_drw has 0 polygons
2026-04-11 05:11:16 +0200: Memory Usage (436392K) : passiv_pin has 0 polygons
2026-04-11 05:11:16 +0200: Memory Usage (436520K) : passiv_sbump has 0 polygons
2026-04-11 05:11:16 +0200: Memory Usage (436648K) : passiv_pillar has 0 polygons
2026-04-11 05:11:16 +0200: Memory Usage (436776K) : passiv_pdl has 0 polygons
2026-04-11 05:11:16 +0200: Memory Usage (436904K) : metal2_drw has 13 polygons
2026-04-11 05:11:16 +0200: Memory Usage (437032K) : metal2_filler has 0 polygons
2026-04-11 05:11:16 +0200: Memory Usage (437160K) : metal2_slit has 0 polygons
2026-04-11 05:11:16 +0200: Memory Usage (437288K) : metal2 has 13 polygons
2026-04-11 05:11:16 +0200: Memory Usage (437416K) : metal2_pin has 5 polygons
2026-04-11 05:11:16 +0200: Memory Usage (437544K) : metal2_mask has 0 polygons
2026-04-11 05:11:16 +0200: Memory Usage (437672K) : metal2_nofill has 1 polygons
2026-04-11 05:11:16 +0200: Memory Usage (437800K) : metal2_text has 5 polygons
2026-04-11 05:11:16 +0200: Memory Usage (437928K) : metal2_OPC has 0 polygons
2026-04-11 05:11:16 +0200: Memory Usage (437928K) : metal2_noqrc has 1 polygons
2026-04-11 05:11:16 +0200: Memory Usage (438056K) : metal2_res has 0 polygons
2026-04-11 05:11:16 +0200: Memory Usage (438184K) : metal2_iprobe has 0 polygons
2026-04-11 05:11:16 +0200: Memory Usage (438312K) : metal2_diffprb has 0 polygons
2026-04-11 05:11:16 +0200: Memory Usage (438440K) : baspoly_drw has 0 polygons
2026-04-11 05:11:16 +0200: Memory Usage (438568K) : baspoly_pin has 0 polygons
2026-04-11 05:11:16 +0200: Memory Usage (438696K) : psd_drw has 19 polygons
2026-04-11 05:11:16 +0200: Memory Usage (438824K) : nldb_drw has 0 polygons
2026-04-11 05:11:17 +0200: Memory Usage (438952K) : digibnd_drw has 0 polygons
2026-04-11 05:11:17 +0200: Memory Usage (439080K) : via1_drw has 45 polygons
2026-04-11 05:11:17 +0200: Memory Usage (439208K) : backmetal1_drw has 0 polygons
2026-04-11 05:11:17 +0200: Memory Usage (439336K) : backmetal1_pin has 0 polygons
2026-04-11 05:11:17 +0200: Memory Usage (439464K) : backmetal1_mask has 0 polygons
2026-04-11 05:11:17 +0200: Memory Usage (439592K) : backmetal1_filler has 0 polygons
2026-04-11 05:11:17 +0200: Memory Usage (439720K) : backmetal1_nofill has 0 polygons
2026-04-11 05:11:17 +0200: Memory Usage (439848K) : backmetal1_slit has 0 polygons
2026-04-11 05:11:17 +0200: Memory Usage (439976K) : backmetal1_text has 0 polygons
2026-04-11 05:11:17 +0200: Memory Usage (439976K) : backmetal1_OPC has 0 polygons
2026-04-11 05:11:17 +0200: Memory Usage (440104K) : backmetal1_noqrc has 0 polygons
2026-04-11 05:11:17 +0200: Memory Usage (440360K) : backmetal1_res has 0 polygons
2026-04-11 05:11:17 +0200: Memory Usage (440488K) : backmetal1_iprobe has 0 polygons
2026-04-11 05:11:17 +0200: Memory Usage (440616K) : backmetal1_diffprb has 0 polygons
2026-04-11 05:11:17 +0200: Memory Usage (440744K) : backpassiv_drw has 0 polygons
2026-04-11 05:11:17 +0200: Memory Usage (440872K) : res_drw has 0 polygons
2026-04-11 05:11:17 +0200: Memory Usage (441000K) : sram_drw has 0 polygons
2026-04-11 05:11:17 +0200: Memory Usage (441128K) : trans_drw has 0 polygons
2026-04-11 05:11:17 +0200: Memory Usage (441256K) : ind_drw has 2 polygons
2026-04-11 05:11:17 +0200: Memory Usage (441384K) : ind_pin has 2 polygons
2026-04-11 05:11:17 +0200: Memory Usage (441384K) : ind_text has 0 polygons
2026-04-11 05:11:17 +0200: Memory Usage (441512K) : salblock_drw has 0 polygons
2026-04-11 05:11:17 +0200: Memory Usage (441640K) : via2_drw has 134 polygons
2026-04-11 05:11:17 +0200: Memory Usage (441768K) : metal3_drw has 4 polygons
2026-04-11 05:11:17 +0200: Memory Usage (441896K) : metal3_filler has 0 polygons
2026-04-11 05:11:17 +0200: Memory Usage (442024K) : metal3_slit has 0 polygons
2026-04-11 05:11:17 +0200: Memory Usage (442152K) : metal3 has 4 polygons
2026-04-11 05:11:17 +0200: Memory Usage (442280K) : metal3_pin has 0 polygons
2026-04-11 05:11:17 +0200: Memory Usage (442408K) : metal3_mask has 0 polygons
2026-04-11 05:11:17 +0200: Memory Usage (442536K) : metal3_nofill has 1 polygons
2026-04-11 05:11:17 +0200: Memory Usage (442536K) : metal3_text has 0 polygons
2026-04-11 05:11:17 +0200: Memory Usage (442664K) : metal3_OPC has 0 polygons
2026-04-11 05:11:17 +0200: Memory Usage (442792K) : metal3_noqrc has 1 polygons
2026-04-11 05:11:17 +0200: Memory Usage (442920K) : metal3_res has 0 polygons
2026-04-11 05:11:17 +0200: Memory Usage (443048K) : metal3_iprobe has 0 polygons
2026-04-11 05:11:17 +0200: Memory Usage (443176K) : metal3_diffprb has 0 polygons
2026-04-11 05:11:17 +0200: Memory Usage (443304K) : nwell_drw has 7 polygons
2026-04-11 05:11:17 +0200: Memory Usage (443432K) : nwell_pin has 0 polygons
2026-04-11 05:11:17 +0200: Memory Usage (443432K) : nwell_text has 0 polygons
2026-04-11 05:11:17 +0200: Memory Usage (443560K) : nbulay_drw has 2 polygons
2026-04-11 05:11:17 +0200: Memory Usage (443688K) : nbulay_pin has 0 polygons
2026-04-11 05:11:17 +0200: Memory Usage (443816K) : nbulay_block has 0 polygons
2026-04-11 05:11:17 +0200: Memory Usage (443944K) : emwind_drw has 0 polygons
2026-04-11 05:11:17 +0200: Memory Usage (444072K) : emwind_OPC has 0 polygons
2026-04-11 05:11:17 +0200: Memory Usage (444200K) : deepco_drw has 0 polygons
2026-04-11 05:11:17 +0200: Memory Usage (444328K) : mim_drw has 1 polygons
2026-04-11 05:11:17 +0200: Memory Usage (444456K) : edgeseal_drw has 0 polygons
2026-04-11 05:11:17 +0200: Memory Usage (444584K) : substrate_drw has 7 polygons
2026-04-11 05:11:17 +0200: Memory Usage (444712K) : substrate_text has 0 polygons
2026-04-11 05:11:17 +0200: Memory Usage (444840K) : dfpad_drw has 0 polygons
2026-04-11 05:11:17 +0200: Memory Usage (444968K) : dfpad_pillar has 0 polygons
2026-04-11 05:11:17 +0200: Memory Usage (445096K) : dfpad_sbump has 0 polygons
2026-04-11 05:11:17 +0200: Memory Usage (445224K) : thickgateox_drw has 0 polygons
2026-04-11 05:11:17 +0200: Memory Usage (445352K) : pldb_drw has 0 polygons
2026-04-11 05:11:17 +0200: Memory Usage (445480K) : pwell_drw has 0 polygons
2026-04-11 05:11:17 +0200: Memory Usage (445608K) : pwell_pin has 0 polygons
2026-04-11 05:11:17 +0200: Memory Usage (445736K) : pwell_block has 1 polygons
2026-04-11 05:11:17 +0200: Memory Usage (445864K) : ic_drw has 0 polygons
2026-04-11 05:11:17 +0200: Memory Usage (445992K) : via3_drw has 134 polygons
2026-04-11 05:11:17 +0200: Memory Usage (446120K) : metal4_drw has 4 polygons
2026-04-11 05:11:17 +0200: Memory Usage (446248K) : metal4_filler has 0 polygons
2026-04-11 05:11:17 +0200: Memory Usage (446376K) : metal4_slit has 0 polygons
2026-04-11 05:11:17 +0200: Memory Usage (446504K) : metal4 has 4 polygons
2026-04-11 05:11:17 +0200: Memory Usage (446632K) : metal4_pin has 0 polygons
2026-04-11 05:11:17 +0200: Memory Usage (446760K) : metal4_mask has 0 polygons
2026-04-11 05:11:17 +0200: Memory Usage (446888K) : metal4_nofill has 1 polygons
2026-04-11 05:11:17 +0200: Memory Usage (446888K) : metal4_text has 0 polygons
2026-04-11 05:11:17 +0200: Memory Usage (447016K) : metal4_OPC has 0 polygons
2026-04-11 05:11:17 +0200: Memory Usage (447144K) : metal4_noqrc has 1 polygons
2026-04-11 05:11:17 +0200: Memory Usage (447272K) : metal4_res has 0 polygons
2026-04-11 05:11:17 +0200: Memory Usage (447400K) : metal4_iprobe has 0 polygons
2026-04-11 05:11:17 +0200: Memory Usage (447528K) : metal4_diffprb has 0 polygons
2026-04-11 05:11:17 +0200: Memory Usage (447656K) : heattrans_drw has 99 polygons
2026-04-11 05:11:17 +0200: Memory Usage (447784K) : heatres_drw has 0 polygons
2026-04-11 05:11:17 +0200: Memory Usage (447912K) : fbe_drw has 0 polygons
2026-04-11 05:11:17 +0200: Memory Usage (448040K) : empoly_drw has 0 polygons
2026-04-11 05:11:17 +0200: Memory Usage (448168K) : digisub_drw has 0 polygons
2026-04-11 05:11:17 +0200: Memory Usage (448168K) : text_drw has 18 polygons
2026-04-11 05:11:17 +0200: Memory Usage (448168K) : via4_drw has 134 polygons
2026-04-11 05:11:17 +0200: Memory Usage (448168K) : metal5_drw has 4 polygons
2026-04-11 05:11:17 +0200: Memory Usage (448168K) : metal5_filler has 0 polygons
2026-04-11 05:11:17 +0200: Memory Usage (448168K) : metal5_slit has 0 polygons
2026-04-11 05:11:17 +0200: Memory Usage (448168K) : metal5 has 4 polygons
2026-04-11 05:11:17 +0200: Memory Usage (448168K) : metal5_pin has 1 polygons
2026-04-11 05:11:17 +0200: Memory Usage (448168K) : metal5_mask has 0 polygons
2026-04-11 05:11:17 +0200: Memory Usage (448168K) : metal5_nofill has 1 polygons
2026-04-11 05:11:17 +0200: Memory Usage (448168K) : metal5_text has 0 polygons
2026-04-11 05:11:17 +0200: Memory Usage (448168K) : metal5_OPC has 0 polygons
2026-04-11 05:11:17 +0200: Memory Usage (448168K) : metal5_noqrc has 1 polygons
2026-04-11 05:11:17 +0200: Memory Usage (448168K) : metal5_res has 0 polygons
2026-04-11 05:11:17 +0200: Memory Usage (448168K) : metal5_iprobe has 0 polygons
2026-04-11 05:11:17 +0200: Memory Usage (448168K) : metal5_diffprb has 0 polygons
2026-04-11 05:11:17 +0200: Memory Usage (448168K) : radhard_drw has 0 polygons
2026-04-11 05:11:17 +0200: Memory Usage (448168K) : memcap_drw has 0 polygons
2026-04-11 05:11:17 +0200: Memory Usage (448168K) : varicap_drw has 0 polygons
2026-04-11 05:11:17 +0200: Memory Usage (448168K) : intbondvia_drw has 0 polygons
2026-04-11 05:11:17 +0200: Memory Usage (448168K) : intbondmet_drw has 0 polygons
2026-04-11 05:11:17 +0200: Memory Usage (448168K) : devbondvia_drw has 0 polygons
2026-04-11 05:11:17 +0200: Memory Usage (448168K) : devbondmet_drw has 0 polygons
2026-04-11 05:11:17 +0200: Memory Usage (448168K) : devtrench_drw has 0 polygons
2026-04-11 05:11:17 +0200: Memory Usage (448168K) : redist_drw has 0 polygons
2026-04-11 05:11:17 +0200: Memory Usage (448168K) : graphbot_drw has 0 polygons
2026-04-11 05:11:17 +0200: Memory Usage (448168K) : graphtop_drw has 0 polygons
2026-04-11 05:11:17 +0200: Memory Usage (448168K) : antvia1_drw has 0 polygons
2026-04-11 05:11:17 +0200: Memory Usage (448168K) : antmetal2_drw has 0 polygons
2026-04-11 05:11:17 +0200: Memory Usage (448168K) : graphcont_drw has 0 polygons
2026-04-11 05:11:17 +0200: Memory Usage (448168K) : siwg_drw has 0 polygons
2026-04-11 05:11:17 +0200: Memory Usage (448168K) : siwg_filler has 0 polygons
2026-04-11 05:11:17 +0200: Memory Usage (448168K) : siwg_nofill has 0 polygons
2026-04-11 05:11:17 +0200: Memory Usage (448168K) : sigrating_drw has 0 polygons
2026-04-11 05:11:17 +0200: Memory Usage (448168K) : singrating_drw has 0 polygons
2026-04-11 05:11:17 +0200: Memory Usage (448168K) : graphpas_drw has 0 polygons
2026-04-11 05:11:17 +0200: Memory Usage (448168K) : emwind3_drw has 0 polygons
2026-04-11 05:11:17 +0200: Memory Usage (448168K) : emwihv3_drw has 0 polygons
2026-04-11 05:11:17 +0200: Memory Usage (448168K) : redbulay_drw has 0 polygons
2026-04-11 05:11:17 +0200: Memory Usage (448168K) : smos_drw has 0 polygons
2026-04-11 05:11:17 +0200: Memory Usage (448168K) : graphpad_drw has 0 polygons
2026-04-11 05:11:17 +0200: Memory Usage (448168K) : polimide_drw has 0 polygons
2026-04-11 05:11:17 +0200: Memory Usage (448168K) : polimide_pin has 0 polygons
2026-04-11 05:11:17 +0200: Memory Usage (448168K) : recog_drw has 0 polygons
2026-04-11 05:11:17 +0200: Memory Usage (448168K) : recog_pin has 0 polygons
2026-04-11 05:11:17 +0200: Memory Usage (448168K) : recog_esd has 0 polygons
2026-04-11 05:11:17 +0200: Memory Usage (448168K) : recog_diode has 0 polygons
2026-04-11 05:11:17 +0200: Memory Usage (448168K) : recog_tsv has 0 polygons
2026-04-11 05:11:17 +0200: Memory Usage (448168K) : recog_iprobe has 0 polygons
2026-04-11 05:11:17 +0200: Memory Usage (448168K) : recog_diffprb has 0 polygons
2026-04-11 05:11:17 +0200: Memory Usage (448168K) : recog_pillar has 0 polygons
2026-04-11 05:11:17 +0200: Memory Usage (448168K) : recog_sbump has 0 polygons
2026-04-11 05:11:17 +0200: Memory Usage (448168K) : recog_otp has 0 polygons
2026-04-11 05:11:17 +0200: Memory Usage (448168K) : recog_pdiode has 0 polygons
2026-04-11 05:11:17 +0200: Memory Usage (448168K) : recog_mom has 0 polygons
2026-04-11 05:11:17 +0200: Memory Usage (448168K) : recog_pcm has 0 polygons
2026-04-11 05:11:17 +0200: Memory Usage (448168K) : colopen_drw has 0 polygons
2026-04-11 05:11:17 +0200: Memory Usage (448168K) : graphmetal1_drw has 0 polygons
2026-04-11 05:11:17 +0200: Memory Usage (448168K) : graphmetal1_filler has 0 polygons
2026-04-11 05:11:17 +0200: Memory Usage (448168K) : graphmetal1_nofill has 0 polygons
2026-04-11 05:11:17 +0200: Memory Usage (448168K) : graphmetal1_slit has 0 polygons
2026-04-11 05:11:17 +0200: Memory Usage (448168K) : graphmetal1_OPC has 0 polygons
2026-04-11 05:11:17 +0200: Memory Usage (448168K) : graphmet1l_drw has 0 polygons
2026-04-11 05:11:17 +0200: Memory Usage (448168K) : graphmet1l_filler has 0 polygons
2026-04-11 05:11:17 +0200: Memory Usage (448168K) : graphmet1l_nofill has 0 polygons
2026-04-11 05:11:17 +0200: Memory Usage (448168K) : graphmet1l_slit has 0 polygons
2026-04-11 05:11:17 +0200: Memory Usage (448168K) : graphmet1l_OPC has 0 polygons
2026-04-11 05:11:17 +0200: Memory Usage (448168K) : extblock_drw has 0 polygons
2026-04-11 05:11:17 +0200: Memory Usage (448168K) : nldd_drw has 0 polygons
2026-04-11 05:11:17 +0200: Memory Usage (448168K) : pldd_drw has 0 polygons
2026-04-11 05:11:17 +0200: Memory Usage (448168K) : next_drw has 0 polygons
2026-04-11 05:11:17 +0200: Memory Usage (448168K) : pext_drw has 0 polygons
2026-04-11 05:11:17 +0200: Memory Usage (448168K) : nexthv_drw has 0 polygons
2026-04-11 05:11:17 +0200: Memory Usage (448168K) : pexthv_drw has 0 polygons
2026-04-11 05:11:17 +0200: Memory Usage (448168K) : graphgate_drw has 0 polygons
2026-04-11 05:11:17 +0200: Memory Usage (448168K) : sinwg_drw has 0 polygons
2026-04-11 05:11:17 +0200: Memory Usage (448168K) : sinwg_filler has 0 polygons
2026-04-11 05:11:17 +0200: Memory Usage (448168K) : sinwg_nofill has 0 polygons
2026-04-11 05:11:17 +0200: Memory Usage (448168K) : mempad_drw has 0 polygons
2026-04-11 05:11:17 +0200: Memory Usage (448168K) : topvia1_drw has 129 polygons
2026-04-11 05:11:17 +0200: Memory Usage (448168K) : topmetal1_drw has 5 polygons
2026-04-11 05:11:17 +0200: Memory Usage (448168K) : topmetal1_filler has 0 polygons
2026-04-11 05:11:17 +0200: Memory Usage (448168K) : topmetal1_slit has 0 polygons
2026-04-11 05:11:17 +0200: Memory Usage (448168K) : topmetal1 has 5 polygons
2026-04-11 05:11:17 +0200: Memory Usage (448168K) : topmetal1_pin has 1 polygons
2026-04-11 05:11:17 +0200: Memory Usage (448168K) : topmetal1_mask has 0 polygons
2026-04-11 05:11:17 +0200: Memory Usage (448168K) : topmetal1_nofill has 1 polygons
2026-04-11 05:11:17 +0200: Memory Usage (448168K) : topmetal1_text has 0 polygons
2026-04-11 05:11:17 +0200: Memory Usage (448168K) : topmetal1_noqrc has 1 polygons
2026-04-11 05:11:17 +0200: Memory Usage (448168K) : topmetal1_res has 0 polygons
2026-04-11 05:11:17 +0200: Memory Usage (448168K) : topmetal1_iprobe has 0 polygons
2026-04-11 05:11:17 +0200: Memory Usage (448168K) : topmetal1_diffprb has 0 polygons
2026-04-11 05:11:17 +0200: Memory Usage (448168K) : inldpwl_drw has 0 polygons
2026-04-11 05:11:17 +0200: Memory Usage (448168K) : polyres_drw has 0 polygons
2026-04-11 05:11:17 +0200: Memory Usage (448168K) : polyres_pin has 0 polygons
2026-04-11 05:11:17 +0200: Memory Usage (448168K) : vmim_drw has 576 polygons
2026-04-11 05:11:17 +0200: Memory Usage (448168K) : nbulaycut_drw has 0 polygons
2026-04-11 05:11:17 +0200: Memory Usage (448168K) : antmetal1_drw has 0 polygons
2026-04-11 05:11:17 +0200: Memory Usage (448168K) : topvia2_drw has 488 polygons
2026-04-11 05:11:17 +0200: Memory Usage (448168K) : topmetal2_drw has 3 polygons
2026-04-11 05:11:17 +0200: Memory Usage (448168K) : topmetal2_filler has 0 polygons
2026-04-11 05:11:17 +0200: Memory Usage (448168K) : topmetal2_slit has 0 polygons
2026-04-11 05:11:17 +0200: Memory Usage (448168K) : topmetal2 has 3 polygons
2026-04-11 05:11:17 +0200: Memory Usage (448168K) : topmetal2_pin has 0 polygons
2026-04-11 05:11:17 +0200: Memory Usage (448168K) : topmetal2_mask has 0 polygons
2026-04-11 05:11:17 +0200: Memory Usage (448168K) : topmetal2_nofill has 1 polygons
2026-04-11 05:11:17 +0200: Memory Usage (448168K) : topmetal2_text has 0 polygons
2026-04-11 05:11:17 +0200: Memory Usage (448168K) : topmetal2_noqrc has 0 polygons
2026-04-11 05:11:17 +0200: Memory Usage (448168K) : topmetal2_res has 0 polygons
2026-04-11 05:11:17 +0200: Memory Usage (448168K) : topmetal2_iprobe has 0 polygons
2026-04-11 05:11:17 +0200: Memory Usage (448168K) : topmetal2_diffprb has 0 polygons
2026-04-11 05:11:17 +0200: Memory Usage (448168K) : snsring_drw has 0 polygons
2026-04-11 05:11:17 +0200: Memory Usage (448168K) : sensor_drw has 0 polygons
2026-04-11 05:11:17 +0200: Memory Usage (448168K) : snsarms_drw has 0 polygons
2026-04-11 05:11:17 +0200: Memory Usage (448168K) : snscmosvia_drw has 0 polygons
2026-04-11 05:11:17 +0200: Memory Usage (448168K) : colwind_drw has 0 polygons
2026-04-11 05:11:17 +0200: Memory Usage (448168K) : flm_drw has 0 polygons
2026-04-11 05:11:17 +0200: Memory Usage (448168K) : hafniumox_drw has 0 polygons
2026-04-11 05:11:17 +0200: Memory Usage (448168K) : memvia_drw has 0 polygons
2026-04-11 05:11:17 +0200: Memory Usage (448168K) : thinfilmres_drw has 0 polygons
2026-04-11 05:11:17 +0200: Memory Usage (448168K) : rfmem_drw has 0 polygons
2026-04-11 05:11:17 +0200: Memory Usage (448168K) : norcx_drw has 0 polygons
2026-04-11 05:11:17 +0200: Memory Usage (448168K) : norcx_m2m3 has 0 polygons
2026-04-11 05:11:17 +0200: Memory Usage (448168K) : norcx_m2m4 has 0 polygons
2026-04-11 05:11:17 +0200: Memory Usage (448168K) : norcx_m2m5 has 0 polygons
2026-04-11 05:11:17 +0200: Memory Usage (448168K) : norcx_m2tm1 has 0 polygons
2026-04-11 05:11:17 +0200: Memory Usage (448168K) : norcx_m2tm2 has 0 polygons
2026-04-11 05:11:17 +0200: Memory Usage (448168K) : norcx_m3m4 has 0 polygons
2026-04-11 05:11:17 +0200: Memory Usage (448168K) : norcx_m3m5 has 0 polygons
2026-04-11 05:11:17 +0200: Memory Usage (448168K) : norcx_m3tm1 has 0 polygons
2026-04-11 05:11:17 +0200: Memory Usage (448168K) : norcx_m3tm2 has 0 polygons
2026-04-11 05:11:17 +0200: Memory Usage (448168K) : norcx_m4m5 has 0 polygons
2026-04-11 05:11:17 +0200: Memory Usage (448168K) : norcx_m4tm1 has 0 polygons
2026-04-11 05:11:17 +0200: Memory Usage (448168K) : norcx_m4tm2 has 0 polygons
2026-04-11 05:11:17 +0200: Memory Usage (448168K) : norcx_m5tm1 has 0 polygons
2026-04-11 05:11:17 +0200: Memory Usage (448296K) : norcx_m5tm2 has 0 polygons
2026-04-11 05:11:17 +0200: Memory Usage (448424K) : norcx_tm1tm2 has 0 polygons
2026-04-11 05:11:17 +0200: Memory Usage (448552K) : norcx_m1sub has 0 polygons
2026-04-11 05:11:17 +0200: Memory Usage (448680K) : norcx_m2sub has 0 polygons
2026-04-11 05:11:17 +0200: Memory Usage (448808K) : norcx_m3sub has 0 polygons
2026-04-11 05:11:17 +0200: Memory Usage (448936K) : norcx_m4sub has 0 polygons
2026-04-11 05:11:17 +0200: Memory Usage (449064K) : norcx_m5sub has 0 polygons
2026-04-11 05:11:17 +0200: Memory Usage (449192K) : norcx_tm1sub has 0 polygons
2026-04-11 05:11:17 +0200: Memory Usage (449320K) : norcx_tm2sub has 0 polygons
2026-04-11 05:11:17 +0200: Memory Usage (449576K) : snsbotvia_drw has 0 polygons
2026-04-11 05:11:17 +0200: Memory Usage (449704K) : snstopvia_drw has 0 polygons
2026-04-11 05:11:17 +0200: Memory Usage (449832K) : deepvia_drw has 0 polygons
2026-04-11 05:11:17 +0200: Memory Usage (449960K) : fgetch_drw has 0 polygons
2026-04-11 05:11:17 +0200: Memory Usage (450088K) : ctrgat_drw has 0 polygons
2026-04-11 05:11:17 +0200: Memory Usage (450216K) : fgimp_drw has 0 polygons
2026-04-11 05:11:17 +0200: Memory Usage (450344K) : emwihv_drw has 0 polygons
2026-04-11 05:11:17 +0200: Memory Usage (450472K) : lbe_drw has 0 polygons
2026-04-11 05:11:17 +0200: Memory Usage (450600K) : alcustop_drw has 0 polygons
2026-04-11 05:11:17 +0200: Memory Usage (450728K) : nometfiller_drw has 0 polygons
2026-04-11 05:11:17 +0200: Memory Usage (450856K) : prboundary_drw has 0 polygons
2026-04-11 05:11:17 +0200: Memory Usage (450984K) : exchange0_drw has 0 polygons
2026-04-11 05:11:17 +0200: Memory Usage (451112K) : exchange0_pin has 0 polygons
2026-04-11 05:11:17 +0200: Memory Usage (451112K) : exchange0_text has 0 polygons
2026-04-11 05:11:17 +0200: Memory Usage (451240K) : exchange1_drw has 0 polygons
2026-04-11 05:11:17 +0200: Memory Usage (451368K) : exchange1_pin has 0 polygons
2026-04-11 05:11:17 +0200: Memory Usage (451496K) : exchange1_text has 0 polygons
2026-04-11 05:11:17 +0200: Memory Usage (451624K) : exchange2_drw has 0 polygons
2026-04-11 05:11:17 +0200: Memory Usage (451752K) : exchange2_pin has 0 polygons
2026-04-11 05:11:17 +0200: Memory Usage (451752K) : exchange2_text has 0 polygons
2026-04-11 05:11:17 +0200: Memory Usage (451880K) : exchange3_drw has 0 polygons
2026-04-11 05:11:17 +0200: Memory Usage (452008K) : exchange3_pin has 0 polygons
2026-04-11 05:11:17 +0200: Memory Usage (452136K) : exchange3_text has 0 polygons
2026-04-11 05:11:17 +0200: Memory Usage (452264K) : exchange4_drw has 0 polygons
2026-04-11 05:11:17 +0200: Memory Usage (452392K) : exchange4_pin has 0 polygons
2026-04-11 05:11:17 +0200: Memory Usage (452392K) : exchange4_text has 0 polygons
2026-04-11 05:11:17 +0200: Memory Usage (452520K) : isonwell_drw has 0 polygons
2026-04-11 05:11:17 +0200: Memory Usage (452520K) : Total no. of polygons in the design is 6715
2026-04-11 05:11:17 +0200: Memory Usage (452520K) : Starting base layers derivations
2026-04-11 05:11:17 +0200: Memory Usage (452520K) : Starting general LVS derivations
2026-04-11 05:11:17 +0200: Memory Usage (458024K) : Starting MOSFET DERIVATIONS
2026-04-11 05:11:17 +0200: Memory Usage (448300K) : Starting NMOS DERIVATIONS
2026-04-11 05:11:17 +0200: Memory Usage (448300K) : Starting PMOS DERIVATIONS
2026-04-11 05:11:17 +0200: Memory Usage (448300K) : Starting RF-MOSFET DERIVATIONS
2026-04-11 05:11:17 +0200: Memory Usage (448300K) : Starting RF-NMOS DERIVATIONS
2026-04-11 05:11:17 +0200: Memory Usage (448300K) : Starting RF-PMOS DERIVATIONS
2026-04-11 05:11:17 +0200: Memory Usage (448300K) : Starting BJT DERIVATIONS
2026-04-11 05:11:17 +0200: Memory Usage (448300K) : Starting NPN-BJT DERIVATIONS
2026-04-11 05:11:17 +0200: Memory Usage (448300K) : Starting PNP-BJT DERIVATIONS
2026-04-11 05:11:17 +0200: Memory Usage (448300K) : Starting DIODE DERIVATIONS
2026-04-11 05:11:18 +0200: Memory Usage (448300K) : Starting RESISTOR DERIVATIONS
2026-04-11 05:11:18 +0200: Memory Usage (449580K) : Starting CAP DERIVATIONS
2026-04-11 05:11:18 +0200: Memory Usage (453164K) : Starting ESD DERIVATIONS
2026-04-11 05:11:18 +0200: Memory Usage (461100K) : Starting Inductor DERIVATIONS
2026-04-11 05:11:18 +0200: Memory Usage (461228K) : Starting Taps DERIVATIONS
2026-04-11 05:11:18 +0200: Memory Usage (461228K) : Starting SG13G2 LVS connectivity setup
2026-04-11 05:11:18 +0200: Memory Usage (461228K) : Starting SG13G2 LVS connectivity setup (Inter-layer)
2026-04-11 05:11:18 +0200: Memory Usage (461740K) : Starting SG13G2 LVS connectivity setup (Global)
2026-04-11 05:11:18 +0200: Memory Usage (461740K) : Starting LVS MOSFET CONNECTIONS
2026-04-11 05:11:18 +0200: Memory Usage (461740K) : Starting LVS RF-MOSFET CONNECTIONS
2026-04-11 05:11:18 +0200: Memory Usage (461740K) : Starting LVS BJT CONNECTIONS
2026-04-11 05:11:18 +0200: Memory Usage (461740K) : Starting LVS DIODE CONNECTIONS
2026-04-11 05:11:18 +0200: Memory Usage (461740K) : Starting RESISTOR CONNECTIONS
2026-04-11 05:11:18 +0200: Memory Usage (461740K) : Starting LVS CAP CONNECTIONS
2026-04-11 05:11:18 +0200: Memory Usage (461740K) : Starting ESD CONNECTIONS
2026-04-11 05:11:18 +0200: Memory Usage (461740K) : Starting Inductor CONNECTIONS
2026-04-11 05:11:18 +0200: Memory Usage (461740K) : Starting LVS Taps CONNECTIONS
2026-04-11 05:11:18 +0200: Memory Usage (461740K) : Starting SG13G2 LVS DEVICES EXTRACTION
2026-04-11 05:11:18 +0200: Memory Usage (461740K) : Starting MOSFET EXTRACTION
2026-04-11 05:11:18 +0200: Memory Usage (461740K) : Starting NMOS EXTRACTION
2026-04-11 05:11:18 +0200: Memory Usage (461740K) : Extraction of NMOS-LV transistor
2026-04-11 05:11:18 +0200: Memory Usage (462124K) : Extraction of NMOS-HV transistor
2026-04-11 05:11:18 +0200: Memory Usage (462124K) : Starting PMOS EXTRACTION
2026-04-11 05:11:18 +0200: Memory Usage (462124K) : Extraction of PMOS-LV transistor
2026-04-11 05:11:18 +0200: Memory Usage (462124K) : Extraction of PMOS-HV transistor
2026-04-11 05:11:18 +0200: Memory Usage (462124K) : Starting RF-MOSFET EXTRACTION
2026-04-11 05:11:18 +0200: Memory Usage (462124K) : Extraction of RF-NMOS-LV transistor
2026-04-11 05:11:18 +0200: Memory Usage (462124K) : Extraction of RF-NMOS-HV transistor
2026-04-11 05:11:18 +0200: Memory Usage (462124K) : Extraction of RF-PMOS-LV transistor
2026-04-11 05:11:18 +0200: Memory Usage (462124K) : Extraction of RF-PMOS-HV transistor
2026-04-11 05:11:18 +0200: Memory Usage (462124K) : Starting BJT EXTRACTION
2026-04-11 05:11:18 +0200: Memory Usage (462124K) : Starting NPN-BJT EXTRACTION
2026-04-11 05:11:18 +0200: Memory Usage (462124K) : Extraction of npn13G2 BJT transistor
2026-04-11 05:11:18 +0200: Memory Usage (462124K) : Extraction of npn13G2L BJT transistor
2026-04-11 05:11:18 +0200: Memory Usage (462124K) : Extraction of npn13G2V BJT transistor
2026-04-11 05:11:18 +0200: Memory Usage (462124K) : Starting PNP-BJT EXTRACTION
2026-04-11 05:11:18 +0200: Memory Usage (462124K) : Extracting pnpMPA BJT
2026-04-11 05:11:18 +0200: Memory Usage (462124K) : Starting DIODE EXTRACTION
2026-04-11 05:11:18 +0200: Memory Usage (462124K) : Extracting dantenna diode
2026-04-11 05:11:18 +0200: Memory Usage (462124K) : Extracting dpantenna diode
2026-04-11 05:11:18 +0200: Memory Usage (462124K) : Extracting schottky_nbl1 diode
2026-04-11 05:11:18 +0200: Memory Usage (462124K) : Extracting isolbox diode
2026-04-11 05:11:18 +0200: Memory Usage (462124K) : Starting RESISTOR EXTRACTION
2026-04-11 05:11:18 +0200: Memory Usage (462124K) : Extracting rsil resistor
2026-04-11 05:11:18 +0200: Memory Usage (462124K) : Extracting rppd resistor
2026-04-11 05:11:18 +0200: Memory Usage (462124K) : Extracting rhigh resistor
2026-04-11 05:11:18 +0200: Memory Usage (462124K) : Extracting res_metal1 resistor
2026-04-11 05:11:18 +0200: Memory Usage (462252K) : Extracting res_metal2 resistor
2026-04-11 05:11:18 +0200: Memory Usage (462252K) : Extracting res_metal3 resistor
2026-04-11 05:11:18 +0200: Memory Usage (462252K) : Extracting res_metal4 resistor
2026-04-11 05:11:18 +0200: Memory Usage (462252K) : Extracting res_metal5 resistor
2026-04-11 05:11:18 +0200: Memory Usage (462252K) : Extracting res_topmetal1 resistor
2026-04-11 05:11:18 +0200: Memory Usage (462252K) : Extracting res_topmetal2 resistor
2026-04-11 05:11:18 +0200: Memory Usage (462252K) : Starting CAP EXTRACTION
2026-04-11 05:11:18 +0200: Memory Usage (462252K) : Extracting cap_cmim device
2026-04-11 05:11:18 +0200: Memory Usage (462252K) : Extracting rfcmim device
2026-04-11 05:11:18 +0200: Memory Usage (462252K) : Extracting sg13_hv_svaricap varactor
2026-04-11 05:11:18 +0200: Memory Usage (462252K) : Starting ESD EXTRACTION
2026-04-11 05:11:18 +0200: Memory Usage (462252K) : Extracting diodevdd_2kv ESD device
2026-04-11 05:11:18 +0200: Memory Usage (462252K) : Extracting diodevdd_4kv ESD device
2026-04-11 05:11:18 +0200: Memory Usage (462252K) : Extracting diodevss_2kv ESD device
2026-04-11 05:11:18 +0200: Memory Usage (462252K) : Extracting diodevss_4kv ESD device
2026-04-11 05:11:18 +0200: Memory Usage (462252K) : Extracting idiodevdd_2kv ESD device
2026-04-11 05:11:18 +0200: Memory Usage (462252K) : Extracting idiodevdd_4kv ESD device
2026-04-11 05:11:18 +0200: Memory Usage (462252K) : Extracting idiodevss_2kv ESD device
2026-04-11 05:11:18 +0200: Memory Usage (462252K) : Extracting idiodevss_4kv ESD device
2026-04-11 05:11:18 +0200: Memory Usage (462252K) : Extracting nmoscl_2 ESD device
2026-04-11 05:11:18 +0200: Memory Usage (462252K) : Extracting nmoscl_4 ESD device
2026-04-11 05:11:18 +0200: Memory Usage (462252K) : Starting Inductor EXTRACTION
2026-04-11 05:11:18 +0200: Memory Usage (462252K) : Extracting Inductor2 device
2026-04-11 05:11:18 +0200: Memory Usage (462252K) : Extracting Inductor3 device
2026-04-11 05:11:18 +0200: Memory Usage (462252K) : Starting Taps EXTRACTION
2026-04-11 05:11:18 +0200: Memory Usage (462252K) : Extracting ntap1 device
2026-04-11 05:11:18 +0200: Memory Usage (462252K) : Extracting ptap1 device
2026-04-11 05:11:18 +0200: Memory Usage (462252K) : Starting SG13G2 LVS RF MOS Model Mapping
2026-04-11 05:11:18 +0200: Memory Usage (462380K) : [layout_netlist] Apply RF MOS model mapping and rfmode parameter.
2026-04-11 05:11:18 +0200: Memory Usage (462380K) : Starting SG13G2 LVS Options Preparations
2026-04-11 05:11:18 +0200: Memory Usage (462380K) : SG13G2 LVS flow: extraction -> alignment -> option preparation -> comparison.
2026-04-11 05:11:18 +0200: Memory Usage (462380K) : Starting SG13G2 LVS Alignment
2026-04-11 05:11:18 +0200: Memory Usage (462380K) : Starting SG13G2 LVS Simplification
2026-04-11 05:11:18 +0200: Memory Usage (462380K) : [layout_netlist] simplify: ENABLED
2026-04-11 05:11:18 +0200: Memory Usage (462380K) : [layout_netlist] make_top_level_pins: SKIPPED
2026-04-11 05:11:18 +0200: Memory Usage (462380K) : [layout_netlist] combine_devices: SKIPPED
2026-04-11 05:11:18 +0200: Memory Usage (462380K) : [layout_netlist] purge: SKIPPED
2026-04-11 05:11:18 +0200: Memory Usage (462380K) : [layout_netlist] purge_nets: SKIPPED
2026-04-11 05:11:18 +0200: Memory Usage (462380K) : [schematic_netlist] simplify: ENABLED
2026-04-11 05:11:18 +0200: Memory Usage (462380K) : [schematic_netlist] make_top_level_pins: SKIPPED
2026-04-11 05:11:18 +0200: Memory Usage (462380K) : [schematic_netlist] combine_devices: SKIPPED
2026-04-11 05:11:18 +0200: Memory Usage (462380K) : [schematic_netlist] purge: SKIPPED
2026-04-11 05:11:18 +0200: Memory Usage (462380K) : [schematic_netlist] purge_nets: SKIPPED
2026-04-11 05:11:18 +0200: Memory Usage (462380K) : Starting SG13G2 LVS Comparison in strict port mode.
2026-04-11 05:11:18 +0200: Memory Usage (462380K) : flag_missing_ports enabled: missing/mislabeled top-level ports are treated as errors.
2026-04-11 05:11:18 +0200: Memory Usage (462508K) : xxxxxxxxxxxxxxxxxxxxxxxxxxxxxxxxxxxxxxxxxx
2026-04-11 05:11:18 +0200: Memory Usage (462508K) : ERROR : Netlists don't match
2026-04-11 05:11:18 +0200: Memory Usage (462508K) : xxxxxxxxxxxxxxxxxxxxxxxxxxxxxxxxxxxxxxxxxx
2026-04-11 05:11:18 +0200: Memory Usage (462508K) : LVS Total Run time 1.881216 seconds
