# Logfile created on 2026-03-22 13:36:58 +0100 by logger.rb/v1.5.3
2026-03-22 13:36:58 +0100: Memory Usage (438128K) : Starting running IHP-SG13G2 KLayout DRC runset on /foss/designs/frac-n-pll-vco-unic_cass/layout/dsm_and_freq_divider.gds
2026-03-22 13:36:58 +0100: Memory Usage (438128K) : Ruby Version for klayout: 3.2.3
2026-03-22 13:36:58 +0100: Memory Usage (439280K) : Loading database to memory is complete.
2026-03-22 13:36:58 +0100: Memory Usage (439280K) : IHP-SG13G2 KLayout DRC runset output at: /foss/designs/frac-n-pll-vco-unic_cass/layout/drc_run_dsm_and_freq_divider/dsm_and_freq_divider_dsm_and_freq_divider_main.lyrdb
2026-03-22 13:36:58 +0100: Memory Usage (439408K) : Evaluate switches.
2026-03-22 13:36:58 +0100: Memory Usage (439408K) : tables selected: main
2026-03-22 13:36:58 +0100: Memory Usage (439408K) : KLayout will use 1 thread(s) in tiling mode.
2026-03-22 13:36:58 +0100: Memory Usage (439408K) : deep mode is enabled.
2026-03-22 13:36:58 +0100: Memory Usage (439408K) : FEOL enabled: true
2026-03-22 13:36:58 +0100: Memory Usage (439408K) : BEOL enabled: true
2026-03-22 13:36:58 +0100: Memory Usage (439408K) : OFFGRID enabled: true
2026-03-22 13:36:58 +0100: Memory Usage (439408K) : PIN enabled: true
2026-03-22 13:36:58 +0100: Memory Usage (439408K) : FORBIDDEN enabled: true
2026-03-22 13:36:58 +0100: Memory Usage (439408K) : RECOMMENDED enabled: true
2026-03-22 13:36:58 +0100: Memory Usage (439408K) : PreCheck DRC enabled: false
2026-03-22 13:36:58 +0100: Memory Usage (439408K) : CONNECTIVITY_RULES enabled: true.
2026-03-22 13:36:58 +0100: Memory Usage (439408K) : Read in polygons from layers.
2026-03-22 13:36:58 +0100: Memory Usage (440560K) : activ_drw has 2432 polygons
2026-03-22 13:36:58 +0100: Memory Usage (440560K) : activ_pin has 0 polygons
2026-03-22 13:36:58 +0100: Memory Usage (440560K) : activ_mask has 0 polygons
2026-03-22 13:36:58 +0100: Memory Usage (440560K) : activ_filler has 0 polygons
2026-03-22 13:36:58 +0100: Memory Usage (440560K) : activ_nofill has 0 polygons
2026-03-22 13:36:58 +0100: Memory Usage (440560K) : activ_opc has 0 polygons
2026-03-22 13:36:58 +0100: Memory Usage (440560K) : activ_iopc has 0 polygons
2026-03-22 13:36:58 +0100: Memory Usage (440560K) : activ_noqrc has 0 polygons
2026-03-22 13:36:58 +0100: Memory Usage (440560K) : biwind_drw has 0 polygons
2026-03-22 13:36:58 +0100: Memory Usage (440560K) : biwind_opc has 0 polygons
2026-03-22 13:36:58 +0100: Memory Usage (440560K) : pemwind_drw has 0 polygons
2026-03-22 13:36:58 +0100: Memory Usage (440560K) : gatpoly_drw has 2259 polygons
2026-03-22 13:36:58 +0100: Memory Usage (440560K) : gatpoly_pin has 0 polygons
2026-03-22 13:36:58 +0100: Memory Usage (440560K) : gatpoly_filler has 0 polygons
2026-03-22 13:36:58 +0100: Memory Usage (440560K) : gatpoly_nofill has 0 polygons
2026-03-22 13:36:58 +0100: Memory Usage (440816K) : gatpoly_opc has 0 polygons
2026-03-22 13:36:58 +0100: Memory Usage (440816K) : gatpoly_iopc has 0 polygons
2026-03-22 13:36:58 +0100: Memory Usage (440816K) : gatpoly_noqrc has 0 polygons
2026-03-22 13:36:58 +0100: Memory Usage (440944K) : cont_drw has 16832 polygons
2026-03-22 13:36:58 +0100: Memory Usage (440944K) : cont_opc has 0 polygons
2026-03-22 13:36:58 +0100: Memory Usage (441072K) : nsd_drw has 0 polygons
2026-03-22 13:36:58 +0100: Memory Usage (441072K) : nsd_block has 0 polygons
2026-03-22 13:36:58 +0100: Memory Usage (441200K) : metal1_drw has 3926 polygons
2026-03-22 13:36:58 +0100: Memory Usage (441200K) : metal1_pin has 1616 polygons
2026-03-22 13:36:58 +0100: Memory Usage (441328K) : metal1_mask has 0 polygons
2026-03-22 13:36:58 +0100: Memory Usage (441328K) : metal1_filler has 0 polygons
2026-03-22 13:36:58 +0100: Memory Usage (441456K) : metal1_nofill has 0 polygons
2026-03-22 13:36:58 +0100: Memory Usage (441456K) : metal1_slit has 0 polygons
2026-03-22 13:36:58 +0100: Memory Usage (441840K) : metal1_text has 1605 polygons
2026-03-22 13:36:58 +0100: Memory Usage (441840K) : metal1_opc has 0 polygons
2026-03-22 13:36:58 +0100: Memory Usage (441968K) : metal1_noqrc has 0 polygons
2026-03-22 13:36:58 +0100: Memory Usage (441968K) : metal1_res has 0 polygons
2026-03-22 13:36:58 +0100: Memory Usage (441968K) : metal1_iprobe has 0 polygons
2026-03-22 13:36:58 +0100: Memory Usage (442096K) : metal1_diffprb has 0 polygons
2026-03-22 13:36:58 +0100: Memory Usage (442096K) : passiv_drw has 0 polygons
2026-03-22 13:36:58 +0100: Memory Usage (442224K) : passiv_pin has 0 polygons
2026-03-22 13:36:58 +0100: Memory Usage (442224K) : passiv_sbump has 0 polygons
2026-03-22 13:36:58 +0100: Memory Usage (442352K) : passiv_pillar has 0 polygons
2026-03-22 13:36:58 +0100: Memory Usage (442352K) : passiv_pdl has 0 polygons
2026-03-22 13:36:58 +0100: Memory Usage (442352K) : metal2_drw has 617 polygons
2026-03-22 13:36:58 +0100: Memory Usage (442480K) : metal2_pin has 1 polygons
2026-03-22 13:36:58 +0100: Memory Usage (442608K) : metal2_mask has 0 polygons
2026-03-22 13:36:58 +0100: Memory Usage (442608K) : metal2_filler has 0 polygons
2026-03-22 13:36:58 +0100: Memory Usage (442736K) : metal2_nofill has 0 polygons
2026-03-22 13:36:58 +0100: Memory Usage (442864K) : metal2_slit has 0 polygons
2026-03-22 13:36:58 +0100: Memory Usage (442864K) : metal2_text has 1 polygons
2026-03-22 13:36:58 +0100: Memory Usage (442864K) : metal2_opc has 0 polygons
2026-03-22 13:36:58 +0100: Memory Usage (442992K) : metal2_noqrc has 0 polygons
2026-03-22 13:36:58 +0100: Memory Usage (442992K) : metal2_res has 0 polygons
2026-03-22 13:36:58 +0100: Memory Usage (443120K) : metal2_iprobe has 0 polygons
2026-03-22 13:36:58 +0100: Memory Usage (443120K) : metal2_diffprb has 0 polygons
2026-03-22 13:36:58 +0100: Memory Usage (443248K) : baspoly_drw has 0 polygons
2026-03-22 13:36:58 +0100: Memory Usage (443248K) : baspoly_pin has 0 polygons
2026-03-22 13:36:58 +0100: Memory Usage (443248K) : psd_drw has 1089 polygons
2026-03-22 13:36:58 +0100: Memory Usage (443376K) : nldb_drw has 0 polygons
2026-03-22 13:36:58 +0100: Memory Usage (443376K) : digibnd_drw has 0 polygons
2026-03-22 13:36:58 +0100: Memory Usage (443504K) : via1_drw has 637 polygons
2026-03-22 13:36:58 +0100: Memory Usage (443504K) : backmetal1_drw has 0 polygons
2026-03-22 13:36:58 +0100: Memory Usage (443632K) : backmetal1_pin has 0 polygons
2026-03-22 13:36:58 +0100: Memory Usage (443632K) : backmetal1_mask has 0 polygons
2026-03-22 13:36:58 +0100: Memory Usage (443760K) : backmetal1_filler has 0 polygons
2026-03-22 13:36:58 +0100: Memory Usage (443760K) : backmetal1_nofill has 0 polygons
2026-03-22 13:36:58 +0100: Memory Usage (443760K) : backmetal1_slit has 0 polygons
2026-03-22 13:36:58 +0100: Memory Usage (443888K) : backmetal1_text has 0 polygons
2026-03-22 13:36:58 +0100: Memory Usage (443888K) : backmetal1_opc has 0 polygons
2026-03-22 13:36:58 +0100: Memory Usage (444016K) : backmetal1_noqrc has 0 polygons
2026-03-22 13:36:58 +0100: Memory Usage (444016K) : backmetal1_res has 0 polygons
2026-03-22 13:36:58 +0100: Memory Usage (444144K) : backmetal1_iprobe has 0 polygons
2026-03-22 13:36:58 +0100: Memory Usage (444144K) : backmetal1_diffprb has 0 polygons
2026-03-22 13:36:58 +0100: Memory Usage (444272K) : backpassiv_drw has 0 polygons
2026-03-22 13:36:58 +0100: Memory Usage (444272K) : res_drw has 0 polygons
2026-03-22 13:36:58 +0100: Memory Usage (444400K) : sram_drw has 0 polygons
2026-03-22 13:36:58 +0100: Memory Usage (444400K) : trans_drw has 0 polygons
2026-03-22 13:36:58 +0100: Memory Usage (444528K) : ind_drw has 0 polygons
2026-03-22 13:36:58 +0100: Memory Usage (444528K) : ind_pin has 0 polygons
2026-03-22 13:36:58 +0100: Memory Usage (444784K) : ind_text has 0 polygons
2026-03-22 13:36:58 +0100: Memory Usage (444784K) : salblock_drw has 0 polygons
2026-03-22 13:36:58 +0100: Memory Usage (444784K) : via2_drw has 440 polygons
2026-03-22 13:36:58 +0100: Memory Usage (444912K) : metal3_drw has 179 polygons
2026-03-22 13:36:58 +0100: Memory Usage (444912K) : metal3_pin has 5 polygons
2026-03-22 13:36:58 +0100: Memory Usage (445040K) : metal3_mask has 0 polygons
2026-03-22 13:36:58 +0100: Memory Usage (445040K) : metal3_filler has 0 polygons
2026-03-22 13:36:58 +0100: Memory Usage (445168K) : metal3_nofill has 0 polygons
2026-03-22 13:36:58 +0100: Memory Usage (445168K) : metal3_slit has 0 polygons
2026-03-22 13:36:58 +0100: Memory Usage (445296K) : metal3_text has 5 polygons
2026-03-22 13:36:58 +0100: Memory Usage (445296K) : metal3_opc has 0 polygons
2026-03-22 13:36:58 +0100: Memory Usage (445296K) : metal3_noqrc has 0 polygons
2026-03-22 13:36:58 +0100: Memory Usage (445424K) : metal3_res has 0 polygons
2026-03-22 13:36:58 +0100: Memory Usage (445424K) : metal3_iprobe has 0 polygons
2026-03-22 13:36:58 +0100: Memory Usage (445552K) : metal3_diffprb has 0 polygons
2026-03-22 13:36:58 +0100: Memory Usage (445552K) : nwell_drw has 542 polygons
2026-03-22 13:36:58 +0100: Memory Usage (445680K) : nwell_pin has 0 polygons
2026-03-22 13:36:58 +0100: Memory Usage (445680K) : nbulay_drw has 0 polygons
2026-03-22 13:36:58 +0100: Memory Usage (445808K) : nbulay_pin has 0 polygons
2026-03-22 13:36:58 +0100: Memory Usage (445808K) : nbulay_block has 0 polygons
2026-03-22 13:36:58 +0100: Memory Usage (445936K) : emwind_drw has 0 polygons
2026-03-22 13:36:58 +0100: Memory Usage (446064K) : emwind_opc has 0 polygons
2026-03-22 13:36:58 +0100: Memory Usage (446064K) : deepco_drw has 0 polygons
2026-03-22 13:36:58 +0100: Memory Usage (446192K) : deepco_drw has 0 polygons
2026-03-22 13:36:58 +0100: Memory Usage (446192K) : mim_drw has 0 polygons
2026-03-22 13:36:58 +0100: Memory Usage (446320K) : edgeseal_drw has 0 polygons
2026-03-22 13:36:58 +0100: Memory Usage (446320K) : edgeseal_bound has 0 polygons
2026-03-22 13:36:58 +0100: Memory Usage (446320K) : substrate_drw has 0 polygons
2026-03-22 13:36:58 +0100: Memory Usage (446448K) : substrate_text has 0 polygons
2026-03-22 13:36:58 +0100: Memory Usage (446448K) : dfpad_drw has 0 polygons
2026-03-22 13:36:58 +0100: Memory Usage (446576K) : dfpad_pillar has 0 polygons
2026-03-22 13:36:58 +0100: Memory Usage (446576K) : dfpad_sbump has 0 polygons
2026-03-22 13:36:58 +0100: Memory Usage (446576K) : thickgateox_drw has 0 polygons
2026-03-22 13:36:58 +0100: Memory Usage (446704K) : pldb_drw has 0 polygons
2026-03-22 13:36:58 +0100: Memory Usage (446704K) : pwell_drw has 0 polygons
2026-03-22 13:36:58 +0100: Memory Usage (446832K) : pwell_pin has 0 polygons
2026-03-22 13:36:58 +0100: Memory Usage (446960K) : pwell_block has 0 polygons
2026-03-22 13:36:58 +0100: Memory Usage (446960K) : ic_drw has 0 polygons
2026-03-22 13:36:58 +0100: Memory Usage (447088K) : via3_drw has 112 polygons
2026-03-22 13:36:58 +0100: Memory Usage (447088K) : metal4_drw has 23 polygons
2026-03-22 13:36:58 +0100: Memory Usage (447088K) : metal4_pin has 0 polygons
2026-03-22 13:36:58 +0100: Memory Usage (447088K) : metal4_mask has 0 polygons
2026-03-22 13:36:58 +0100: Memory Usage (447088K) : metal4_filler has 0 polygons
2026-03-22 13:36:58 +0100: Memory Usage (447216K) : metal4_nofill has 0 polygons
2026-03-22 13:36:58 +0100: Memory Usage (447216K) : metal4_slit has 0 polygons
2026-03-22 13:36:58 +0100: Memory Usage (447344K) : metal4_text has 0 polygons
2026-03-22 13:36:58 +0100: Memory Usage (447472K) : metal4_opc has 0 polygons
2026-03-22 13:36:58 +0100: Memory Usage (447472K) : metal4_noqrc has 0 polygons
2026-03-22 13:36:58 +0100: Memory Usage (447472K) : metal4_res has 0 polygons
2026-03-22 13:36:58 +0100: Memory Usage (447600K) : metal4_iprobe has 0 polygons
2026-03-22 13:36:58 +0100: Memory Usage (447600K) : metal4_diffprb has 0 polygons
2026-03-22 13:36:58 +0100: Memory Usage (447728K) : heattrans_drw has 0 polygons
2026-03-22 13:36:58 +0100: Memory Usage (447728K) : heatres_drw has 0 polygons
2026-03-22 13:36:58 +0100: Memory Usage (447856K) : pempoly_drw has 0 polygons
2026-03-22 13:36:58 +0100: Memory Usage (447856K) : fbe_drw has 0 polygons
2026-03-22 13:36:58 +0100: Memory Usage (447984K) : empoly_drw has 0 polygons
2026-03-22 13:36:58 +0100: Memory Usage (447984K) : ldmos_drw has 0 polygons
2026-03-22 13:36:58 +0100: Memory Usage (448112K) : pbiwind_drw has 0 polygons
2026-03-22 13:36:58 +0100: Memory Usage (448112K) : digisub_drw has 0 polygons
2026-03-22 13:36:58 +0100: Memory Usage (448240K) : nodrc_drw has 0 polygons
2026-03-22 13:36:58 +0100: Memory Usage (448240K) : text_drw has 0 polygons
2026-03-22 13:36:58 +0100: Memory Usage (448240K) : via4_drw has 110 polygons
2026-03-22 13:36:58 +0100: Memory Usage (448368K) : metal5_drw has 22 polygons
2026-03-22 13:36:58 +0100: Memory Usage (448368K) : metal5_pin has 0 polygons
2026-03-22 13:36:58 +0100: Memory Usage (448496K) : metal5_mask has 0 polygons
2026-03-22 13:36:58 +0100: Memory Usage (448496K) : metal5_filler has 0 polygons
2026-03-22 13:36:58 +0100: Memory Usage (448624K) : metal5_nofill has 0 polygons
2026-03-22 13:36:58 +0100: Memory Usage (448624K) : metal5_slit has 0 polygons
2026-03-22 13:36:58 +0100: Memory Usage (448752K) : metal5_text has 0 polygons
2026-03-22 13:36:58 +0100: Memory Usage (448752K) : metal5_opc has 0 polygons
2026-03-22 13:36:58 +0100: Memory Usage (448752K) : metal5_noqrc has 0 polygons
2026-03-22 13:36:58 +0100: Memory Usage (448880K) : metal5_res has 0 polygons
2026-03-22 13:36:58 +0100: Memory Usage (449008K) : metal5_iprobe has 0 polygons
2026-03-22 13:36:58 +0100: Memory Usage (449136K) : metal5_diffprb has 0 polygons
2026-03-22 13:36:58 +0100: Memory Usage (449136K) : radhard_drw has 0 polygons
2026-03-22 13:36:58 +0100: Memory Usage (449264K) : memcap_drw has 0 polygons
2026-03-22 13:36:58 +0100: Memory Usage (449264K) : varicap_drw has 0 polygons
2026-03-22 13:36:58 +0100: Memory Usage (449264K) : flash_drw has 0 polygons
2026-03-22 13:36:58 +0100: Memory Usage (449392K) : intbondvia_drw has 0 polygons
2026-03-22 13:36:58 +0100: Memory Usage (449392K) : intbondmet_drw has 0 polygons
2026-03-22 13:36:58 +0100: Memory Usage (449520K) : devbondvia_drw has 0 polygons
2026-03-22 13:36:58 +0100: Memory Usage (449520K) : devbondmet_drw has 0 polygons
2026-03-22 13:36:58 +0100: Memory Usage (449520K) : devtrench_drw has 0 polygons
2026-03-22 13:36:58 +0100: Memory Usage (449648K) : redist_drw has 0 polygons
2026-03-22 13:36:58 +0100: Memory Usage (449648K) : graphbot_drw has 0 polygons
2026-03-22 13:36:58 +0100: Memory Usage (449776K) : graphtop_drw has 0 polygons
2026-03-22 13:36:58 +0100: Memory Usage (449776K) : antvia1_drw has 0 polygons
2026-03-22 13:36:58 +0100: Memory Usage (449904K) : antmetal2_drw has 0 polygons
2026-03-22 13:36:58 +0100: Memory Usage (449904K) : graphcont_drw has 0 polygons
2026-03-22 13:36:58 +0100: Memory Usage (450032K) : siwg_drw has 0 polygons
2026-03-22 13:36:58 +0100: Memory Usage (450032K) : siwg_filler has 0 polygons
2026-03-22 13:36:58 +0100: Memory Usage (450160K) : siwg_nofill has 0 polygons
2026-03-22 13:36:58 +0100: Memory Usage (450160K) : sigrating_drw has 0 polygons
2026-03-22 13:36:58 +0100: Memory Usage (450288K) : singrating_drw has 0 polygons
2026-03-22 13:36:58 +0100: Memory Usage (450288K) : graphpas_drw has 0 polygons
2026-03-22 13:36:58 +0100: Memory Usage (450416K) : emwind3_drw has 0 polygons
2026-03-22 13:36:58 +0100: Memory Usage (450416K) : emwihv3_drw has 0 polygons
2026-03-22 13:36:58 +0100: Memory Usage (450416K) : redbulay_drw has 0 polygons
2026-03-22 13:36:58 +0100: Memory Usage (450416K) : smos_drw has 0 polygons
2026-03-22 13:36:58 +0100: Memory Usage (450544K) : graphpad_drw has 0 polygons
2026-03-22 13:36:58 +0100: Memory Usage (450544K) : polimide_drw has 0 polygons
2026-03-22 13:36:58 +0100: Memory Usage (450544K) : polimide_pin has 0 polygons
2026-03-22 13:36:58 +0100: Memory Usage (450672K) : recog_drw has 0 polygons
2026-03-22 13:36:58 +0100: Memory Usage (450672K) : recog_pin has 0 polygons
2026-03-22 13:36:58 +0100: Memory Usage (450672K) : recog_esd has 0 polygons
2026-03-22 13:36:58 +0100: Memory Usage (450672K) : recog_diode has 0 polygons
2026-03-22 13:36:58 +0100: Memory Usage (450800K) : recog_tsv has 0 polygons
2026-03-22 13:36:58 +0100: Memory Usage (450800K) : recog_iprobe has 0 polygons
2026-03-22 13:36:58 +0100: Memory Usage (450800K) : recog_diffprb has 0 polygons
2026-03-22 13:36:58 +0100: Memory Usage (450928K) : recog_pillar has 0 polygons
2026-03-22 13:36:58 +0100: Memory Usage (450928K) : recog_sbump has 0 polygons
2026-03-22 13:36:58 +0100: Memory Usage (450928K) : recog_otp has 0 polygons
2026-03-22 13:36:58 +0100: Memory Usage (451056K) : recog_pdiode has 0 polygons
2026-03-22 13:36:58 +0100: Memory Usage (451056K) : recog_mom has 0 polygons
2026-03-22 13:36:58 +0100: Memory Usage (451056K) : recog_pcm has 0 polygons
2026-03-22 13:36:58 +0100: Memory Usage (451184K) : colopen_drw has 0 polygons
2026-03-22 13:36:58 +0100: Memory Usage (451184K) : graphmetal1_drw has 0 polygons
2026-03-22 13:36:58 +0100: Memory Usage (451184K) : graphmetal1_filler has 0 polygons
2026-03-22 13:36:58 +0100: Memory Usage (451312K) : graphmetal1_nofill has 0 polygons
2026-03-22 13:36:58 +0100: Memory Usage (451312K) : graphmetal1_slit has 0 polygons
2026-03-22 13:36:58 +0100: Memory Usage (451440K) : graphmetal1_opc has 0 polygons
2026-03-22 13:36:58 +0100: Memory Usage (451440K) : graphmet1l_drw has 0 polygons
2026-03-22 13:36:58 +0100: Memory Usage (451568K) : graphmet1l_filler has 0 polygons
2026-03-22 13:36:58 +0100: Memory Usage (451568K) : graphmet1l_nofill has 0 polygons
2026-03-22 13:36:58 +0100: Memory Usage (451568K) : graphmet1l_slit has 0 polygons
2026-03-22 13:36:58 +0100: Memory Usage (451696K) : graphmet1l_opc has 0 polygons
2026-03-22 13:36:58 +0100: Memory Usage (451696K) : extblock_drw has 0 polygons
2026-03-22 13:36:58 +0100: Memory Usage (451824K) : nldd_drw has 0 polygons
2026-03-22 13:36:58 +0100: Memory Usage (451824K) : pldd_drw has 0 polygons
2026-03-22 13:36:58 +0100: Memory Usage (451952K) : next_drw has 0 polygons
2026-03-22 13:36:58 +0100: Memory Usage (451952K) : pext_drw has 0 polygons
2026-03-22 13:36:58 +0100: Memory Usage (451952K) : nexthv_drw has 0 polygons
2026-03-22 13:36:58 +0100: Memory Usage (451952K) : pexthv_drw has 0 polygons
2026-03-22 13:36:58 +0100: Memory Usage (452080K) : graphgate_drw has 0 polygons
2026-03-22 13:36:58 +0100: Memory Usage (452080K) : sinwg_drw has 0 polygons
2026-03-22 13:36:58 +0100: Memory Usage (452080K) : sinwg_filler has 0 polygons
2026-03-22 13:36:58 +0100: Memory Usage (452208K) : sinwg_nofill has 0 polygons
2026-03-22 13:36:58 +0100: Memory Usage (452208K) : mempad_drw has 0 polygons
2026-03-22 13:36:58 +0100: Memory Usage (452208K) : topvia1_drw has 44 polygons
2026-03-22 13:36:58 +0100: Memory Usage (452336K) : topmetal1_drw has 2 polygons
2026-03-22 13:36:58 +0100: Memory Usage (452336K) : topmetal1_pin has 2 polygons
2026-03-22 13:36:58 +0100: Memory Usage (452464K) : topmetal1_mask has 0 polygons
2026-03-22 13:36:58 +0100: Memory Usage (452464K) : topmetal1_filler has 0 polygons
2026-03-22 13:36:58 +0100: Memory Usage (452464K) : topmetal1_nofill has 0 polygons
2026-03-22 13:36:58 +0100: Memory Usage (452592K) : topmetal1_slit has 0 polygons
2026-03-22 13:36:58 +0100: Memory Usage (452592K) : topmetal1_text has 2 polygons
2026-03-22 13:36:58 +0100: Memory Usage (452720K) : topmetal1_noqrc has 0 polygons
2026-03-22 13:36:58 +0100: Memory Usage (452720K) : topmetal1_res has 0 polygons
2026-03-22 13:36:58 +0100: Memory Usage (452720K) : topmetal1_iprobe has 0 polygons
2026-03-22 13:36:58 +0100: Memory Usage (452848K) : topmetal1_diffprb has 0 polygons
2026-03-22 13:36:58 +0100: Memory Usage (452848K) : inldpwl_drw has 0 polygons
2026-03-22 13:36:58 +0100: Memory Usage (452976K) : polyres_drw has 0 polygons
2026-03-22 13:36:58 +0100: Memory Usage (452976K) : polyres_pin has 0 polygons
2026-03-22 13:36:58 +0100: Memory Usage (453104K) : vmim_drw has 0 polygons
2026-03-22 13:36:58 +0100: Memory Usage (453104K) : nbulaycut_drw has 0 polygons
2026-03-22 13:36:58 +0100: Memory Usage (453104K) : antmetal1_drw has 0 polygons
2026-03-22 13:36:58 +0100: Memory Usage (453232K) : topvia2_drw has 2 polygons
2026-03-22 13:36:58 +0100: Memory Usage (453232K) : topmetal2_drw has 2 polygons
2026-03-22 13:36:58 +0100: Memory Usage (453232K) : topmetal2_pin has 2 polygons
2026-03-22 13:36:58 +0100: Memory Usage (453232K) : topmetal2_mask has 0 polygons
2026-03-22 13:36:58 +0100: Memory Usage (453360K) : topmetal2_filler has 0 polygons
2026-03-22 13:36:58 +0100: Memory Usage (453360K) : topmetal2_nofill has 0 polygons
2026-03-22 13:36:58 +0100: Memory Usage (453488K) : topmetal2_slit has 0 polygons
2026-03-22 13:36:58 +0100: Memory Usage (453488K) : topmetal2_text has 2 polygons
2026-03-22 13:36:58 +0100: Memory Usage (453616K) : topmetal2_noqrc has 0 polygons
2026-03-22 13:36:58 +0100: Memory Usage (453616K) : topmetal2_res has 0 polygons
2026-03-22 13:36:58 +0100: Memory Usage (453616K) : topmetal2_iprobe has 0 polygons
2026-03-22 13:36:58 +0100: Memory Usage (453744K) : topmetal2_diffprb has 0 polygons
2026-03-22 13:36:58 +0100: Memory Usage (453744K) : snsring_drw has 0 polygons
2026-03-22 13:36:58 +0100: Memory Usage (453872K) : sensor_drw has 0 polygons
2026-03-22 13:36:58 +0100: Memory Usage (453872K) : snsarms_drw has 0 polygons
2026-03-22 13:36:58 +0100: Memory Usage (453872K) : snscmosvia_drw has 0 polygons
2026-03-22 13:36:58 +0100: Memory Usage (453872K) : colwind_drw has 0 polygons
2026-03-22 13:36:58 +0100: Memory Usage (454000K) : flm_drw has 0 polygons
2026-03-22 13:36:58 +0100: Memory Usage (454000K) : hafniumox_drw has 0 polygons
2026-03-22 13:36:58 +0100: Memory Usage (454000K) : memvia_drw has 0 polygons
2026-03-22 13:36:58 +0100: Memory Usage (454128K) : thinfilmres_drw has 0 polygons
2026-03-22 13:36:58 +0100: Memory Usage (454128K) : rfmem_drw has 0 polygons
2026-03-22 13:36:58 +0100: Memory Usage (454128K) : norcx_drw has 0 polygons
2026-03-22 13:36:58 +0100: Memory Usage (454256K) : norcx_m2m3 has 0 polygons
2026-03-22 13:36:58 +0100: Memory Usage (454256K) : norcx_m2m4 has 0 polygons
2026-03-22 13:36:58 +0100: Memory Usage (454256K) : norcx_m2m5 has 0 polygons
2026-03-22 13:36:58 +0100: Memory Usage (454384K) : norcx_m2tm1 has 0 polygons
2026-03-22 13:36:58 +0100: Memory Usage (454384K) : norcx_m2tm2 has 0 polygons
2026-03-22 13:36:58 +0100: Memory Usage (454384K) : norcx_m3m4 has 0 polygons
2026-03-22 13:36:58 +0100: Memory Usage (454512K) : norcx_m3m5 has 0 polygons
2026-03-22 13:36:58 +0100: Memory Usage (454512K) : norcx_m3tm1 has 0 polygons
2026-03-22 13:36:58 +0100: Memory Usage (454512K) : norcx_m3tm2 has 0 polygons
2026-03-22 13:36:58 +0100: Memory Usage (454512K) : norcx_m4m5 has 0 polygons
2026-03-22 13:36:58 +0100: Memory Usage (454640K) : norcx_m4tm1 has 0 polygons
2026-03-22 13:36:58 +0100: Memory Usage (454640K) : norcx_m4tm2 has 0 polygons
2026-03-22 13:36:58 +0100: Memory Usage (454640K) : norcx_m5tm1 has 0 polygons
2026-03-22 13:36:58 +0100: Memory Usage (454768K) : norcx_m5tm2 has 0 polygons
2026-03-22 13:36:58 +0100: Memory Usage (454768K) : norcx_tm1tm2 has 0 polygons
2026-03-22 13:36:58 +0100: Memory Usage (454768K) : norcx_m1sub has 0 polygons
2026-03-22 13:36:58 +0100: Memory Usage (454768K) : norcx_m2sub has 0 polygons
2026-03-22 13:36:58 +0100: Memory Usage (454896K) : norcx_m3sub has 0 polygons
2026-03-22 13:36:58 +0100: Memory Usage (454896K) : norcx_m4sub has 0 polygons
2026-03-22 13:36:58 +0100: Memory Usage (454896K) : norcx_m5sub has 0 polygons
2026-03-22 13:36:58 +0100: Memory Usage (455024K) : norcx_tm1sub has 0 polygons
2026-03-22 13:36:58 +0100: Memory Usage (455024K) : norcx_tm2sub has 0 polygons
2026-03-22 13:36:58 +0100: Memory Usage (455024K) : snsbotvia_drw has 0 polygons
2026-03-22 13:36:58 +0100: Memory Usage (455152K) : snstopvia_drw has 0 polygons
2026-03-22 13:36:58 +0100: Memory Usage (455152K) : deepvia_drw has 0 polygons
2026-03-22 13:36:58 +0100: Memory Usage (455280K) : fgetch_drw has 0 polygons
2026-03-22 13:36:58 +0100: Memory Usage (455280K) : ctrgat_drw has 0 polygons
2026-03-22 13:36:58 +0100: Memory Usage (455280K) : fgimp_drw has 0 polygons
2026-03-22 13:36:58 +0100: Memory Usage (455408K) : emwihv_drw has 0 polygons
2026-03-22 13:36:58 +0100: Memory Usage (455408K) : lbe_drw has 0 polygons
2026-03-22 13:36:58 +0100: Memory Usage (455536K) : alcustop_drw has 0 polygons
2026-03-22 13:36:58 +0100: Memory Usage (455536K) : nometfiller_drw has 0 polygons
2026-03-22 13:36:58 +0100: Memory Usage (455664K) : prboundary_drw has 0 polygons
2026-03-22 13:36:58 +0100: Memory Usage (455664K) : exchange0_drw has 0 polygons
2026-03-22 13:36:58 +0100: Memory Usage (455664K) : exchange0_pin has 0 polygons
2026-03-22 13:36:58 +0100: Memory Usage (455664K) : exchange0_text has 0 polygons
2026-03-22 13:36:58 +0100: Memory Usage (455664K) : exchange1_drw has 0 polygons
2026-03-22 13:36:58 +0100: Memory Usage (455664K) : exchange1_pin has 0 polygons
2026-03-22 13:36:58 +0100: Memory Usage (455664K) : exchange1_text has 0 polygons
2026-03-22 13:36:58 +0100: Memory Usage (455664K) : exchange2_drw has 0 polygons
2026-03-22 13:36:58 +0100: Memory Usage (455664K) : exchange2_pin has 0 polygons
2026-03-22 13:36:58 +0100: Memory Usage (455792K) : exchange2_text has 0 polygons
2026-03-22 13:36:58 +0100: Memory Usage (455792K) : exchange3_drw has 0 polygons
2026-03-22 13:36:58 +0100: Memory Usage (455792K) : exchange3_pin has 0 polygons
2026-03-22 13:36:58 +0100: Memory Usage (455792K) : exchange3_text has 0 polygons
2026-03-22 13:36:58 +0100: Memory Usage (455920K) : exchange4_drw has 0 polygons
2026-03-22 13:36:58 +0100: Memory Usage (455920K) : exchange4_pin has 0 polygons
2026-03-22 13:36:58 +0100: Memory Usage (456048K) : exchange4_text has 0 polygons
2026-03-22 13:36:58 +0100: Memory Usage (456048K) : isonwell_drw has 0 polygons
2026-03-22 13:36:58 +0100: Memory Usage (456048K) : Total no. of polygons in the design is 32511
2026-03-22 13:36:58 +0100: Memory Usage (456048K) : Loaded TECH DRC rules values from /foss/pdks/ihp-sg13g2/libs.tech/klayout/python/sg13g2_pycell_lib/sg13g2_tech_mod.json
2026-03-22 13:36:58 +0100: Memory Usage (456048K) : Loaded default DRC rules values from /foss/pdks/ihp-sg13g2/libs.tech/klayout/tech/drc/rule_decks/sg13g2_tech_default.json
2026-03-22 13:36:58 +0100: Memory Usage (456048K) : The following rules values were missing in tech json and default values were used:
2026-03-22 13:36:58 +0100: Memory Usage (456048K) :   - Cnt_c_digibnd
2026-03-22 13:36:58 +0100: Memory Usage (457328K) : Total area of the design is 10129.5568 um^2.
2026-03-22 13:36:58 +0100: Memory Usage (457328K) : The design dimensions are 91.72 µm * 110.44 µm.
2026-03-22 13:36:58 +0100: Memory Usage (457328K) : Starting general IHP-SG13G2 derivations.
2026-03-22 13:36:58 +0100: Memory Usage (457328K) : Starting Pwell derivations
2026-03-22 13:36:58 +0100: Memory Usage (460144K) : Starting n-Activ derivations
2026-03-22 13:36:58 +0100: Memory Usage (461296K) : Starting p-Activ derivations
2026-03-22 13:36:58 +0100: Memory Usage (461296K) : Starting ptap derivations
2026-03-22 13:36:58 +0100: Memory Usage (461296K) : Starting ntap derivations
2026-03-22 13:36:58 +0100: Memory Usage (461296K) : Starting pact FET derivations
2026-03-22 13:36:58 +0100: Memory Usage (461296K) : Starting nact FET derivations
2026-03-22 13:36:58 +0100: Memory Usage (461296K) : Starting Gate derivations
2026-03-22 13:36:58 +0100: Memory Usage (461296K) : Starting cont/contbar general derivations
2026-03-22 13:36:58 +0100: Memory Usage (461296K) : Starting pad general derivations
2026-03-22 13:36:58 +0100: Memory Usage (461296K) : Starting IHP-SG13G2 DRC connectivity related derivations.
2026-03-22 13:36:58 +0100: Memory Usage (461296K) : Starting IHP-SG13G2 DRC connectivity setup
2026-03-22 13:36:58 +0100: Memory Usage (461552K) : Starting IHP-SG13G2 DRC rules.
2026-03-22 13:36:58 +0100: Memory Usage (461552K) : Running all FEOL rules
2026-03-22 13:36:58 +0100: Memory Usage (461552K) : Running all BEOL rules
2026-03-22 13:36:58 +0100: Memory Usage (461552K) : Running all PIN rules
2026-03-22 13:36:58 +0100: Memory Usage (461552K) : Running all FORBIDDEN rules
2026-03-22 13:36:58 +0100: Memory Usage (461552K) : Starting 5.1 NWell table
2026-03-22 13:36:58 +0100: Memory Usage (461552K) : Executing rule NW.b
2026-03-22 13:36:58 +0100: Memory Usage (462576K) : Executing rule NW.b1
2026-03-22 13:36:58 +0100: Memory Usage (462576K) : Starting 5.2 PWell:block
2026-03-22 13:36:58 +0100: Memory Usage (462576K) : Executing rule PWB.e
2026-03-22 13:36:58 +0100: Memory Usage (462576K) : Executing rule PWB.e1
2026-03-22 13:36:58 +0100: Memory Usage (462576K) : Executing rule PWB.f
2026-03-22 13:36:58 +0100: Memory Usage (462576K) : Executing rule PWB.f1
2026-03-22 13:36:58 +0100: Memory Usage (462576K) : Starting 5.3 nBuLay table
2026-03-22 13:36:58 +0100: Memory Usage (462704K) : Executing rule NBL.b
2026-03-22 13:36:58 +0100: Memory Usage (462704K) : Executing rule NBL.c
2026-03-22 13:36:58 +0100: Memory Usage (462704K) : Executing rule NBL.d
2026-03-22 13:36:58 +0100: Memory Usage (462704K) : Executing rule NBL.e
2026-03-22 13:36:58 +0100: Memory Usage (462704K) : Executing rule NBL.f
2026-03-22 13:36:58 +0100: Memory Usage (462704K) : Starting 5.5. Activ table
2026-03-22 13:36:58 +0100: Memory Usage (462704K) : Executing rule Act.a
2026-03-22 13:36:58 +0100: Memory Usage (462704K) : Executing rule Act.b
2026-03-22 13:36:58 +0100: Memory Usage (462832K) : Starting 5.6 Activ:filler table
2026-03-22 13:36:58 +0100: Memory Usage (462960K) : Executing rule AFil.c1
2026-03-22 13:36:58 +0100: Memory Usage (462960K) : Executing rule AFil.c
2026-03-22 13:36:58 +0100: Memory Usage (462960K) : Executing rule AFil.d
2026-03-22 13:36:58 +0100: Memory Usage (462960K) : Executing rule AFil.e
2026-03-22 13:36:58 +0100: Memory Usage (462960K) : Executing rule AFil.j
2026-03-22 13:36:58 +0100: Memory Usage (462960K) : Starting 5.7. ThickGateOx table
2026-03-22 13:36:58 +0100: Memory Usage (462960K) : Executing rule TGO.f
2026-03-22 13:36:58 +0100: Memory Usage (462960K) : Starting 5.8. GatPoly table
2026-03-22 13:36:58 +0100: Memory Usage (462960K) : Executing rule Gat.a
2026-03-22 13:36:58 +0100: Memory Usage (462960K) : Executing rule Gat.b
2026-03-22 13:36:58 +0100: Memory Usage (462960K) : Executing rule Gat.d
2026-03-22 13:36:58 +0100: Memory Usage (462960K) : Executing rule Gat.a1
2026-03-22 13:36:59 +0100: Memory Usage (463344K) : Executing rule Gat.a2
2026-03-22 13:36:59 +0100: Memory Usage (463344K) : Executing rule Gat.g
2026-03-22 13:36:59 +0100: Memory Usage (463344K) : Starting 5.9 GatPoly:filler
2026-03-22 13:36:59 +0100: Memory Usage (463344K) : Executing rule GFil.d
2026-03-22 13:36:59 +0100: Memory Usage (463344K) : Executing rule GFil.e
2026-03-22 13:36:59 +0100: Memory Usage (463344K) : Executing rule GFil.i
2026-03-22 13:36:59 +0100: Memory Usage (463344K) : Starting 5.10 pSD table
2026-03-22 13:36:59 +0100: Memory Usage (463344K) : Executing rule pSD.c1
2026-03-22 13:36:59 +0100: Memory Usage (463600K) : Starting 5.14. Cont table
2026-03-22 13:36:59 +0100: Memory Usage (463600K) : Executing rule Cnt.a
2026-03-22 13:36:59 +0100: Memory Usage (463600K) : Executing rule Cnt.b
2026-03-22 13:36:59 +0100: Memory Usage (463600K) : Executing rule Cnt.c
2026-03-22 13:36:59 +0100: Memory Usage (463856K) : Executing rule Cnt.c
2026-03-22 13:36:59 +0100: Memory Usage (463856K) : Executing rule Cnt.d
2026-03-22 13:36:59 +0100: Memory Usage (463856K) : Executing rule Cnt.e
2026-03-22 13:36:59 +0100: Memory Usage (463856K) : Executing rule Cnt.g1
2026-03-22 13:36:59 +0100: Memory Usage (463856K) : Executing rule Cnt.g2
2026-03-22 13:36:59 +0100: Memory Usage (463856K) : Starting 5.15. ContBar table
2026-03-22 13:36:59 +0100: Memory Usage (463856K) : Executing rule CntB.b1
2026-03-22 13:36:59 +0100: Memory Usage (463856K) : Executing rule CntB.h1
2026-03-22 13:36:59 +0100: Memory Usage (463856K) : Starting 6.1.3 NPN Substrate-Tie table
2026-03-22 13:36:59 +0100: Memory Usage (463856K) : Executing rule npn13G2.bR 
2026-03-22 13:36:59 +0100: Memory Usage (463856K) : Executing rule npn13G2L.cR 
2026-03-22 13:36:59 +0100: Memory Usage (463856K) : Executing rule npn13G2V.cR 
2026-03-22 13:36:59 +0100: Memory Usage (463856K) : Starting 6.7 Schottky diode table
2026-03-22 13:36:59 +0100: Memory Usage (463856K) : Executing rule Sdiod.d
2026-03-22 13:36:59 +0100: Memory Usage (463856K) : Executing rule Sdiod.e
2026-03-22 13:36:59 +0100: Memory Usage (463856K) : Starting 7.2 Latch-up table
2026-03-22 13:36:59 +0100: Memory Usage (463856K) : Executing rule LU.b
2026-03-22 13:36:59 +0100: Memory Usage (463856K) : Starting 5.16. Metal1 table
2026-03-22 13:36:59 +0100: Memory Usage (463856K) : Executing rule M1.a
2026-03-22 13:36:59 +0100: Memory Usage (463856K) : Executing rule M1.b
2026-03-22 13:37:00 +0100: Memory Usage (464112K) : Executing rule M1.e
2026-03-22 13:37:00 +0100: Memory Usage (464112K) : Executing rule M1.f
2026-03-22 13:37:00 +0100: Memory Usage (464112K) : Executing rule M1.g
2026-03-22 13:37:00 +0100: Memory Usage (464112K) : Executing rule M1.i
2026-03-22 13:37:00 +0100: Memory Usage (464368K) : Starting 5.17 Metaln table
2026-03-22 13:37:00 +0100: Memory Usage (464368K) : Executing rule M2.a
2026-03-22 13:37:00 +0100: Memory Usage (464368K) : Executing rule M2.b
2026-03-22 13:37:00 +0100: Memory Usage (464368K) : Executing rule M2.e
2026-03-22 13:37:00 +0100: Memory Usage (464368K) : Executing rule M2.f
2026-03-22 13:37:00 +0100: Memory Usage (464368K) : Executing rule M2.g
2026-03-22 13:37:00 +0100: Memory Usage (464368K) : Executing rule M2.i
2026-03-22 13:37:00 +0100: Memory Usage (464368K) : Executing rule M3.a
2026-03-22 13:37:00 +0100: Memory Usage (464368K) : Executing rule M3.b
2026-03-22 13:37:00 +0100: Memory Usage (464368K) : Executing rule M3.e
2026-03-22 13:37:00 +0100: Memory Usage (464368K) : Executing rule M3.f
2026-03-22 13:37:00 +0100: Memory Usage (464368K) : Executing rule M3.g
2026-03-22 13:37:00 +0100: Memory Usage (464368K) : Executing rule M3.i
2026-03-22 13:37:00 +0100: Memory Usage (464368K) : Executing rule M4.a
2026-03-22 13:37:00 +0100: Memory Usage (464368K) : Executing rule M4.b
2026-03-22 13:37:00 +0100: Memory Usage (464368K) : Executing rule M4.e
2026-03-22 13:37:00 +0100: Memory Usage (464368K) : Executing rule M4.f
2026-03-22 13:37:00 +0100: Memory Usage (464368K) : Executing rule M4.g
2026-03-22 13:37:00 +0100: Memory Usage (464368K) : Executing rule M4.i
2026-03-22 13:37:00 +0100: Memory Usage (464368K) : Executing rule M5.a
2026-03-22 13:37:00 +0100: Memory Usage (464368K) : Executing rule M5.b
2026-03-22 13:37:00 +0100: Memory Usage (464368K) : Executing rule M5.e
2026-03-22 13:37:00 +0100: Memory Usage (464368K) : Executing rule M5.f
2026-03-22 13:37:00 +0100: Memory Usage (464368K) : Executing rule M5.g
2026-03-22 13:37:00 +0100: Memory Usage (464368K) : Executing rule M5.i
2026-03-22 13:37:00 +0100: Memory Usage (464368K) : Starting 5.18 Metaln:filler table
2026-03-22 13:37:00 +0100: Memory Usage (464368K) : Executing rule M1Fil.c
2026-03-22 13:37:00 +0100: Memory Usage (464368K) : Executing rule M1Fil.a2
2026-03-22 13:37:00 +0100: Memory Usage (464368K) : Executing rule M2Fil.c
2026-03-22 13:37:00 +0100: Memory Usage (464368K) : Executing rule M2Fil.a2
2026-03-22 13:37:00 +0100: Memory Usage (464368K) : Executing rule M3Fil.c
2026-03-22 13:37:00 +0100: Memory Usage (464368K) : Executing rule M3Fil.a2
2026-03-22 13:37:00 +0100: Memory Usage (464368K) : Executing rule M4Fil.c
2026-03-22 13:37:00 +0100: Memory Usage (464368K) : Executing rule M4Fil.a2
2026-03-22 13:37:00 +0100: Memory Usage (464368K) : Executing rule M5Fil.c
2026-03-22 13:37:00 +0100: Memory Usage (464368K) : Executing rule M5Fil.a2
2026-03-22 13:37:00 +0100: Memory Usage (464368K) : Starting 5.19. Via1 table
2026-03-22 13:37:00 +0100: Memory Usage (464368K) : Starting 5.19. Via1 table derivations
2026-03-22 13:37:00 +0100: Memory Usage (464368K) : Executing rule V1.a
2026-03-22 13:37:00 +0100: Memory Usage (464368K) : Executing rule V1.b
2026-03-22 13:37:00 +0100: Memory Usage (464368K) : Executing rule V1.c
2026-03-22 13:37:00 +0100: Memory Usage (464368K) : Starting 5.20. Vian table
2026-03-22 13:37:00 +0100: Memory Usage (464368K) : Executing rule V2.a
2026-03-22 13:37:00 +0100: Memory Usage (464368K) : Executing rule V2.b
2026-03-22 13:37:00 +0100: Memory Usage (464368K) : Executing rule V2.c
2026-03-22 13:37:00 +0100: Memory Usage (464368K) : Executing rule V3.a
2026-03-22 13:37:00 +0100: Memory Usage (464368K) : Executing rule V3.b
2026-03-22 13:37:00 +0100: Memory Usage (464368K) : Executing rule V3.c
2026-03-22 13:37:00 +0100: Memory Usage (464368K) : Executing rule V4.a
2026-03-22 13:37:00 +0100: Memory Usage (464368K) : Executing rule V4.b
2026-03-22 13:37:00 +0100: Memory Usage (464368K) : Executing rule V4.c
2026-03-22 13:37:00 +0100: Memory Usage (464368K) : Starting 5.21. TopVia1 table
2026-03-22 13:37:00 +0100: Memory Usage (464368K) : Executing rule TV1.a
2026-03-22 13:37:00 +0100: Memory Usage (464368K) : Executing rule TV1.b
2026-03-22 13:37:00 +0100: Memory Usage (464368K) : Executing rule TV1.c
2026-03-22 13:37:00 +0100: Memory Usage (464368K) : Executing rule TV1.d
2026-03-22 13:37:00 +0100: Memory Usage (464368K) : Starting 5.22. TopMetal1 table
2026-03-22 13:37:00 +0100: Memory Usage (464368K) : Executing rule TM1.a
2026-03-22 13:37:00 +0100: Memory Usage (464368K) : Executing rule TM1.b
2026-03-22 13:37:00 +0100: Memory Usage (464368K) : Starting 5.23 TopMetal1:filler table
2026-03-22 13:37:00 +0100: Memory Usage (464368K) : Executing rule TM1Fil.c
2026-03-22 13:37:00 +0100: Memory Usage (464368K) : Executing rule TM1Fil.a1
2026-03-22 13:37:00 +0100: Memory Usage (464368K) : Starting 5.24. TopVia2 table
2026-03-22 13:37:00 +0100: Memory Usage (464368K) : Executing rule TV2.a
2026-03-22 13:37:00 +0100: Memory Usage (464368K) : Executing rule TV2.b
2026-03-22 13:37:00 +0100: Memory Usage (464368K) : Executing rule TV2.c
2026-03-22 13:37:00 +0100: Memory Usage (464368K) : Executing rule TV2.d
2026-03-22 13:37:00 +0100: Memory Usage (464368K) : Starting 5.25. TopMetal2 table
2026-03-22 13:37:00 +0100: Memory Usage (464368K) : Executing rule TM2.a
2026-03-22 13:37:00 +0100: Memory Usage (464368K) : Executing rule TM2.b
2026-03-22 13:37:00 +0100: Memory Usage (464368K) : Executing rule TM2.bR
2026-03-22 13:37:00 +0100: Memory Usage (464368K) : Starting 5.26 TopMetal2:filler table
2026-03-22 13:37:00 +0100: Memory Usage (464368K) : Executing rule TM2Fil.c
2026-03-22 13:37:00 +0100: Memory Usage (464368K) : Executing rule TM2Fil.a1
2026-03-22 13:37:00 +0100: Memory Usage (464368K) : Starting 5.27. Passiv table
2026-03-22 13:37:00 +0100: Memory Usage (464368K) : Executing rule Pas.a
2026-03-22 13:37:00 +0100: Memory Usage (464368K) : Executing rule Pas.b
2026-03-22 13:37:00 +0100: Memory Usage (464368K) : Executing rule Pas.c
2026-03-22 13:37:00 +0100: Memory Usage (464368K) : Starting 6.9.2 Copper Pillar table
2026-03-22 13:37:00 +0100: Memory Usage (464368K) : Executing rule Padc.a
2026-03-22 13:37:00 +0100: Memory Usage (464368K) : Executing rule Padc.b
2026-03-22 13:37:00 +0100: Memory Usage (464368K) : Executing rule Padc.c
2026-03-22 13:37:00 +0100: Memory Usage (464368K) : Executing rule Padb.f
2026-03-22 13:37:00 +0100: Memory Usage (464368K) : Starting 6.9 Pad table
2026-03-22 13:37:00 +0100: Memory Usage (464368K) : Executing rule Pad.m
2026-03-22 13:37:00 +0100: Memory Usage (464368K) : Executing rule Pad.fR_M1
2026-03-22 13:37:00 +0100: Memory Usage (464368K) : Executing rule Pad.fR_M2
2026-03-22 13:37:00 +0100: Memory Usage (464368K) : Executing rule Pad.fR_M3
2026-03-22 13:37:00 +0100: Memory Usage (464368K) : Executing rule Pad.fR_M4
2026-03-22 13:37:00 +0100: Memory Usage (464368K) : Executing rule Pad.fR_M5
2026-03-22 13:37:00 +0100: Memory Usage (464368K) : Executing rule Pad.fR_TM1
2026-03-22 13:37:00 +0100: Memory Usage (464368K) : Executing rule Pad.fR_TM2
2026-03-22 13:37:00 +0100: Memory Usage (464368K) : Executing rule Pad.i
2026-03-22 13:37:00 +0100: Memory Usage (464368K) : Starting 6.9.1 Solder Bump
2026-03-22 13:37:00 +0100: Memory Usage (464368K) : Executing rule Padb.a
2026-03-22 13:37:00 +0100: Memory Usage (464368K) : Executing rule Padb.b
2026-03-22 13:37:00 +0100: Memory Usage (464368K) : Executing rule Padb.c
2026-03-22 13:37:00 +0100: Memory Usage (464368K) : Executing rule Padb.f
2026-03-22 13:37:00 +0100: Memory Usage (464368K) : Executing rule Padb.d
2026-03-22 13:37:00 +0100: Memory Usage (464368K) : Starting 6.10 Sealring table
2026-03-22 13:37:00 +0100: Memory Usage (464368K) : Executing rule Seal.l
2026-03-22 13:37:00 +0100: Memory Usage (464368K) : Executing rule Seal.n
2026-03-22 13:37:00 +0100: Memory Usage (464368K) : Executing rule seal.b_metal1
2026-03-22 13:37:00 +0100: Memory Usage (464368K) : Executing rule seal.b_metal2
2026-03-22 13:37:00 +0100: Memory Usage (464368K) : Executing rule seal.b_metal3
2026-03-22 13:37:00 +0100: Memory Usage (464368K) : Executing rule seal.b_metal4
2026-03-22 13:37:00 +0100: Memory Usage (464368K) : Executing rule seal.b_metal5
2026-03-22 13:37:00 +0100: Memory Usage (464368K) : Executing rule seal.b_topmetal1
2026-03-22 13:37:00 +0100: Memory Usage (464368K) : Executing rule seal.b_topmetal2
2026-03-22 13:37:00 +0100: Memory Usage (464368K) : Executing rule seal.b_activ
2026-03-22 13:37:00 +0100: Memory Usage (464368K) : Executing rule seal.b_psd
2026-03-22 13:37:00 +0100: Memory Usage (464368K) : Executing rule Seal.k
2026-03-22 13:37:00 +0100: Memory Usage (464368K) : Executing rule Seal.m
2026-03-22 13:37:00 +0100: Memory Usage (464368K) : Starting 6.11 MIM table
2026-03-22 13:37:00 +0100: Memory Usage (464368K) : Executing rule MIM.c
2026-03-22 13:37:00 +0100: Memory Usage (464368K) : Executing rule MIM.d
2026-03-22 13:37:00 +0100: Memory Usage (464368K) : Executing rule MIM.gR
2026-03-22 13:37:01 +0100: Memory Usage (464368K) : Starting 7.3 Metal Slits table
2026-03-22 13:37:01 +0100: Memory Usage (464368K) : Executing rule Slt.e1_M1
2026-03-22 13:37:01 +0100: Memory Usage (464368K) : Executing rule Slt.e1_M2
2026-03-22 13:37:01 +0100: Memory Usage (464368K) : Executing rule Slt.e1_M3
2026-03-22 13:37:01 +0100: Memory Usage (464368K) : Executing rule Slt.e1_M4
2026-03-22 13:37:01 +0100: Memory Usage (464368K) : Executing rule Slt.e1_M5
2026-03-22 13:37:01 +0100: Memory Usage (464368K) : Executing rule Slt.e1_TM1
2026-03-22 13:37:01 +0100: Memory Usage (464368K) : Executing rule Slt.e1_TM2
2026-03-22 13:37:01 +0100: Memory Usage (464368K) : Starting 9.1. LBE table
2026-03-22 13:37:01 +0100: Memory Usage (464368K) : Executing rule LBE.a
2026-03-22 13:37:01 +0100: Memory Usage (464368K) : Executing rule LBE.b
2026-03-22 13:37:01 +0100: Memory Usage (464368K) : Executing rule LBE.b1
2026-03-22 13:37:01 +0100: Memory Usage (464496K) : Executing rule LBE.c
2026-03-22 13:37:01 +0100: Memory Usage (464624K) : Executing rule LBE.d
2026-03-22 13:37:01 +0100: Memory Usage (464752K) : Executing rule LBE.h
2026-03-22 13:37:01 +0100: Memory Usage (464880K) : Starting 7.4. PIN table
2026-03-22 13:37:01 +0100: Memory Usage (464880K) : Executing rule Pin.a
2026-03-22 13:37:01 +0100: Memory Usage (465008K) : Executing rule Pin.b
2026-03-22 13:37:01 +0100: Memory Usage (465136K) : Executing rule Pin.e
2026-03-22 13:37:01 +0100: Memory Usage (465392K) : Executing rule Pin.f_M2
2026-03-22 13:37:01 +0100: Memory Usage (465648K) : Executing rule Pin.f_M3
2026-03-22 13:37:01 +0100: Memory Usage (465776K) : Executing rule Pin.f_M4
2026-03-22 13:37:01 +0100: Memory Usage (465904K) : Executing rule Pin.f_M5
2026-03-22 13:37:01 +0100: Memory Usage (466032K) : Executing rule Pin.g
2026-03-22 13:37:01 +0100: Memory Usage (466160K) : Executing rule Pin.h
2026-03-22 13:37:01 +0100: Memory Usage (466416K) : Starting 3.2. FORBIDDEN table
2026-03-22 13:37:01 +0100: Memory Usage (466416K) : Executing rule forbidden.biwind
2026-03-22 13:37:01 +0100: Memory Usage (466416K) : Executing rule forbidden.pemwind
2026-03-22 13:37:01 +0100: Memory Usage (466544K) : Executing rule forbidden.baspoly
2026-03-22 13:37:01 +0100: Memory Usage (466672K) : Executing rule forbidden.deepco
2026-03-22 13:37:01 +0100: Memory Usage (466800K) : Executing rule forbidden.pempoly
2026-03-22 13:37:01 +0100: Memory Usage (466800K) : Executing rule forbidden.empoly
2026-03-22 13:37:01 +0100: Memory Usage (466928K) : Executing rule forbidden.ldmos
2026-03-22 13:37:01 +0100: Memory Usage (467056K) : Executing rule forbidden.pbiwind
2026-03-22 13:37:01 +0100: Memory Usage (467184K) : Executing rule forbidden.nodrc
2026-03-22 13:37:01 +0100: Memory Usage (467184K) : Executing rule forbidden.flash
2026-03-22 13:37:01 +0100: Memory Usage (467312K) : Executing rule forbidden.colwind
2026-03-22 13:37:01 +0100: Memory Usage (467440K) : KLayout DRC run for tables 'main' completed in 3.14 seconds
