# Logfile created on 2026-04-11 04:52:44 +0200 by logger.rb/v1.4.3
2026-04-11 04:52:44 +0200: Memory Usage (428888K) : Starting running SG13G2 Klayout LVS runset on /home/designer/shared/frac-n-pll-vco-unic_cass/layout/LC_VCO.gds
2026-04-11 04:52:44 +0200: Memory Usage (428888K) : Ruby Version for klayout: 3.0.2
2026-04-11 04:52:44 +0200: Memory Usage (429912K) : Loading database to memory is complete.
2026-04-11 04:52:44 +0200: Memory Usage (429912K) : SG13G2 Klayout LVS runset output at: /home/designer/shared/frac-n-pll-vco-unic_cass/lvs_run_LC_VCO_2026_04_11_04_52_42/LC_VCO.lvsdb
2026-04-11 04:52:44 +0200: Memory Usage (429912K) : Evaluate switches.
2026-04-11 04:52:44 +0200: Memory Usage (429912K) : Extracted netlist with net names: true
2026-04-11 04:52:44 +0200: Memory Usage (429912K) : Extracted netlist with comments in details: false
2026-04-11 04:52:44 +0200: Memory Usage (429912K) : Selected NET_ONLY option: false
2026-04-11 04:52:44 +0200: Memory Usage (429912K) : Selected LAYOUT_NETLIST option: (none)
2026-04-11 04:52:44 +0200: Memory Usage (429912K) : Selected IGNORE_TOP_PORTS_MISMATCH option: 
2026-04-11 04:52:44 +0200: Memory Usage (429912K) : Selected IMPLICIT_NETS option: (none)
2026-04-11 04:52:44 +0200: Memory Usage (429912K) : Selected TOP_LVL_PINS option: false
2026-04-11 04:52:44 +0200: Memory Usage (429912K) : Selected COMBINE DEVICES option: false
2026-04-11 04:52:44 +0200: Memory Usage (429912K) : Selected PURGE option: false
2026-04-11 04:52:44 +0200: Memory Usage (429912K) : Selected PURGE_NETS option: false
2026-04-11 04:52:44 +0200: Memory Usage (429912K) : Selected SIMPLIFY option: true
2026-04-11 04:52:44 +0200: Memory Usage (429912K) : Selected SERIES_RES option: true
2026-04-11 04:52:44 +0200: Memory Usage (429912K) : Selected PARALLEL_RES option: true
2026-04-11 04:52:44 +0200: Memory Usage (429912K) : flat  mode is enabled.
2026-04-11 04:52:44 +0200: Memory Usage (431064K) : Netlist file: /home/designer/shared/frac-n-pll-vco-unic_cass/schematic/lc-vco/simulations/LC_VCO.spice
2026-04-11 04:52:44 +0200: Memory Usage (431064K) : LVS extracted netlist at: /home/designer/shared/frac-n-pll-vco-unic_cass/lvs_run_LC_VCO_2026_04_11_04_52_42/LC_VCO_extracted.cir
2026-04-11 04:52:44 +0200: Memory Usage (431064K) : Applying SRAM integration support.
2026-04-11 04:52:44 +0200: Memory Usage (431064K) : Starting SG13G2 LVS runset
2026-04-11 04:52:44 +0200: Memory Usage (431064K) : Read in polygons from layers.
2026-04-11 04:52:44 +0200: Memory Usage (431832K) : activ_drw has 26 polygons
2026-04-11 04:52:44 +0200: Memory Usage (431832K) : activ_filler has 0 polygons
2026-04-11 04:52:44 +0200: Memory Usage (431832K) : activ has 26 polygons
2026-04-11 04:52:44 +0200: Memory Usage (431832K) : activ_pin has 0 polygons
2026-04-11 04:52:44 +0200: Memory Usage (431832K) : activ_mask has 0 polygons
2026-04-11 04:52:44 +0200: Memory Usage (431832K) : activ_nofill has 1 polygons
2026-04-11 04:52:44 +0200: Memory Usage (431832K) : activ_OPC has 0 polygons
2026-04-11 04:52:44 +0200: Memory Usage (432088K) : activ_iOPC has 0 polygons
2026-04-11 04:52:44 +0200: Memory Usage (432088K) : activ_noqrc has 1 polygons
2026-04-11 04:52:44 +0200: Memory Usage (432216K) : biwind_drw has 0 polygons
2026-04-11 04:52:44 +0200: Memory Usage (432216K) : biwind_OPC has 0 polygons
2026-04-11 04:52:44 +0200: Memory Usage (432216K) : gatpoly_drw has 14 polygons
2026-04-11 04:52:44 +0200: Memory Usage (432344K) : gatpoly_filler has 0 polygons
2026-04-11 04:52:44 +0200: Memory Usage (432472K) : gatpoly has 14 polygons
2026-04-11 04:52:44 +0200: Memory Usage (432600K) : gatpoly_pin has 6 polygons
2026-04-11 04:52:44 +0200: Memory Usage (432728K) : gatpoly_nofill has 0 polygons
2026-04-11 04:52:44 +0200: Memory Usage (432856K) : gatpoly_OPC has 0 polygons
2026-04-11 04:52:44 +0200: Memory Usage (432984K) : gatpoly_iOPC has 0 polygons
2026-04-11 04:52:44 +0200: Memory Usage (433112K) : gatpoly_noqrc has 0 polygons
2026-04-11 04:52:44 +0200: Memory Usage (434008K) : cont_drw has 3865 polygons
2026-04-11 04:52:44 +0200: Memory Usage (434008K) : cont_OPC has 0 polygons
2026-04-11 04:52:44 +0200: Memory Usage (434008K) : nsd_drw has 0 polygons
2026-04-11 04:52:44 +0200: Memory Usage (434008K) : nsd_block has 0 polygons
2026-04-11 04:52:44 +0200: Memory Usage (434264K) : metal1_drw has 45 polygons
2026-04-11 04:52:44 +0200: Memory Usage (434264K) : metal1_filler has 0 polygons
2026-04-11 04:52:44 +0200: Memory Usage (434264K) : metal1_slit has 0 polygons
2026-04-11 04:52:44 +0200: Memory Usage (434392K) : metal1 has 45 polygons
2026-04-11 04:52:44 +0200: Memory Usage (434520K) : metal1_pin has 25 polygons
2026-04-11 04:52:44 +0200: Memory Usage (434648K) : metal1_mask has 0 polygons
2026-04-11 04:52:44 +0200: Memory Usage (434776K) : metal1_nofill has 1 polygons
2026-04-11 04:52:44 +0200: Memory Usage (434904K) : metal1_text has 4 polygons
2026-04-11 04:52:44 +0200: Memory Usage (435032K) : metal1_OPC has 0 polygons
2026-04-11 04:52:44 +0200: Memory Usage (435160K) : metal1_noqrc has 1 polygons
2026-04-11 04:52:44 +0200: Memory Usage (435416K) : metal1_res has 0 polygons
2026-04-11 04:52:44 +0200: Memory Usage (435544K) : metal1_iprobe has 0 polygons
2026-04-11 04:52:44 +0200: Memory Usage (435672K) : metal1_diffprb has 0 polygons
2026-04-11 04:52:44 +0200: Memory Usage (435672K) : passiv_drw has 0 polygons
2026-04-11 04:52:44 +0200: Memory Usage (435800K) : passiv_pin has 0 polygons
2026-04-11 04:52:44 +0200: Memory Usage (435928K) : passiv_sbump has 0 polygons
2026-04-11 04:52:44 +0200: Memory Usage (436056K) : passiv_pillar has 0 polygons
2026-04-11 04:52:44 +0200: Memory Usage (436184K) : passiv_pdl has 0 polygons
2026-04-11 04:52:44 +0200: Memory Usage (436312K) : metal2_drw has 13 polygons
2026-04-11 04:52:44 +0200: Memory Usage (436440K) : metal2_filler has 0 polygons
2026-04-11 04:52:44 +0200: Memory Usage (436568K) : metal2_slit has 0 polygons
2026-04-11 04:52:44 +0200: Memory Usage (436696K) : metal2 has 13 polygons
2026-04-11 04:52:44 +0200: Memory Usage (436824K) : metal2_pin has 5 polygons
2026-04-11 04:52:44 +0200: Memory Usage (436952K) : metal2_mask has 0 polygons
2026-04-11 04:52:44 +0200: Memory Usage (437080K) : metal2_nofill has 1 polygons
2026-04-11 04:52:44 +0200: Memory Usage (437208K) : metal2_text has 5 polygons
2026-04-11 04:52:44 +0200: Memory Usage (437336K) : metal2_OPC has 0 polygons
2026-04-11 04:52:44 +0200: Memory Usage (437336K) : metal2_noqrc has 1 polygons
2026-04-11 04:52:44 +0200: Memory Usage (437464K) : metal2_res has 0 polygons
2026-04-11 04:52:44 +0200: Memory Usage (437592K) : metal2_iprobe has 0 polygons
2026-04-11 04:52:44 +0200: Memory Usage (437720K) : metal2_diffprb has 0 polygons
2026-04-11 04:52:44 +0200: Memory Usage (437848K) : baspoly_drw has 0 polygons
2026-04-11 04:52:44 +0200: Memory Usage (437976K) : baspoly_pin has 0 polygons
2026-04-11 04:52:44 +0200: Memory Usage (438232K) : psd_drw has 15 polygons
2026-04-11 04:52:44 +0200: Memory Usage (438360K) : nldb_drw has 0 polygons
2026-04-11 04:52:44 +0200: Memory Usage (438488K) : digibnd_drw has 0 polygons
2026-04-11 04:52:44 +0200: Memory Usage (438616K) : via1_drw has 46 polygons
2026-04-11 04:52:44 +0200: Memory Usage (438744K) : backmetal1_drw has 0 polygons
2026-04-11 04:52:44 +0200: Memory Usage (438872K) : backmetal1_pin has 0 polygons
2026-04-11 04:52:44 +0200: Memory Usage (439000K) : backmetal1_mask has 0 polygons
2026-04-11 04:52:44 +0200: Memory Usage (439000K) : backmetal1_filler has 0 polygons
2026-04-11 04:52:44 +0200: Memory Usage (439128K) : backmetal1_nofill has 0 polygons
2026-04-11 04:52:44 +0200: Memory Usage (439256K) : backmetal1_slit has 0 polygons
2026-04-11 04:52:44 +0200: Memory Usage (439384K) : backmetal1_text has 0 polygons
2026-04-11 04:52:44 +0200: Memory Usage (439512K) : backmetal1_OPC has 0 polygons
2026-04-11 04:52:44 +0200: Memory Usage (439640K) : backmetal1_noqrc has 0 polygons
2026-04-11 04:52:44 +0200: Memory Usage (439768K) : backmetal1_res has 0 polygons
2026-04-11 04:52:44 +0200: Memory Usage (439896K) : backmetal1_iprobe has 0 polygons
2026-04-11 04:52:44 +0200: Memory Usage (440024K) : backmetal1_diffprb has 0 polygons
2026-04-11 04:52:44 +0200: Memory Usage (440152K) : backpassiv_drw has 0 polygons
2026-04-11 04:52:44 +0200: Memory Usage (440280K) : res_drw has 0 polygons
2026-04-11 04:52:44 +0200: Memory Usage (440408K) : sram_drw has 0 polygons
2026-04-11 04:52:44 +0200: Memory Usage (440536K) : trans_drw has 0 polygons
2026-04-11 04:52:44 +0200: Memory Usage (440664K) : ind_drw has 2 polygons
2026-04-11 04:52:44 +0200: Memory Usage (440792K) : ind_pin has 2 polygons
2026-04-11 04:52:44 +0200: Memory Usage (440920K) : ind_text has 0 polygons
2026-04-11 04:52:44 +0200: Memory Usage (440920K) : salblock_drw has 0 polygons
2026-04-11 04:52:44 +0200: Memory Usage (441048K) : via2_drw has 134 polygons
2026-04-11 04:52:44 +0200: Memory Usage (441176K) : metal3_drw has 4 polygons
2026-04-11 04:52:44 +0200: Memory Usage (441304K) : metal3_filler has 0 polygons
2026-04-11 04:52:44 +0200: Memory Usage (441432K) : metal3_slit has 0 polygons
2026-04-11 04:52:44 +0200: Memory Usage (441560K) : metal3 has 4 polygons
2026-04-11 04:52:44 +0200: Memory Usage (441688K) : metal3_pin has 0 polygons
2026-04-11 04:52:44 +0200: Memory Usage (441816K) : metal3_mask has 0 polygons
2026-04-11 04:52:44 +0200: Memory Usage (441944K) : metal3_nofill has 1 polygons
2026-04-11 04:52:44 +0200: Memory Usage (442072K) : metal3_text has 0 polygons
2026-04-11 04:52:44 +0200: Memory Usage (442200K) : metal3_OPC has 0 polygons
2026-04-11 04:52:44 +0200: Memory Usage (442328K) : metal3_noqrc has 1 polygons
2026-04-11 04:52:44 +0200: Memory Usage (442456K) : metal3_res has 0 polygons
2026-04-11 04:52:44 +0200: Memory Usage (442584K) : metal3_iprobe has 0 polygons
2026-04-11 04:52:44 +0200: Memory Usage (442712K) : metal3_diffprb has 0 polygons
2026-04-11 04:52:44 +0200: Memory Usage (442712K) : nwell_drw has 7 polygons
2026-04-11 04:52:44 +0200: Memory Usage (442840K) : nwell_pin has 0 polygons
2026-04-11 04:52:44 +0200: Memory Usage (442968K) : nwell_text has 0 polygons
2026-04-11 04:52:44 +0200: Memory Usage (443096K) : nbulay_drw has 2 polygons
2026-04-11 04:52:44 +0200: Memory Usage (443224K) : nbulay_pin has 0 polygons
2026-04-11 04:52:44 +0200: Memory Usage (443352K) : nbulay_block has 0 polygons
2026-04-11 04:52:44 +0200: Memory Usage (443480K) : emwind_drw has 0 polygons
2026-04-11 04:52:44 +0200: Memory Usage (443608K) : emwind_OPC has 0 polygons
2026-04-11 04:52:44 +0200: Memory Usage (443736K) : deepco_drw has 0 polygons
2026-04-11 04:52:44 +0200: Memory Usage (443864K) : mim_drw has 1 polygons
2026-04-11 04:52:44 +0200: Memory Usage (443992K) : edgeseal_drw has 0 polygons
2026-04-11 04:52:44 +0200: Memory Usage (444120K) : substrate_drw has 7 polygons
2026-04-11 04:52:44 +0200: Memory Usage (444120K) : substrate_text has 0 polygons
2026-04-11 04:52:44 +0200: Memory Usage (444248K) : dfpad_drw has 0 polygons
2026-04-11 04:52:44 +0200: Memory Usage (444376K) : dfpad_pillar has 0 polygons
2026-04-11 04:52:44 +0200: Memory Usage (444504K) : dfpad_sbump has 0 polygons
2026-04-11 04:52:44 +0200: Memory Usage (444632K) : thickgateox_drw has 0 polygons
2026-04-11 04:52:44 +0200: Memory Usage (444760K) : pldb_drw has 0 polygons
2026-04-11 04:52:44 +0200: Memory Usage (444888K) : pwell_drw has 0 polygons
2026-04-11 04:52:44 +0200: Memory Usage (445016K) : pwell_pin has 0 polygons
2026-04-11 04:52:44 +0200: Memory Usage (445144K) : pwell_block has 1 polygons
2026-04-11 04:52:44 +0200: Memory Usage (445272K) : ic_drw has 0 polygons
2026-04-11 04:52:44 +0200: Memory Usage (445528K) : via3_drw has 134 polygons
2026-04-11 04:52:44 +0200: Memory Usage (445656K) : metal4_drw has 4 polygons
2026-04-11 04:52:44 +0200: Memory Usage (445784K) : metal4_filler has 0 polygons
2026-04-11 04:52:44 +0200: Memory Usage (445912K) : metal4_slit has 0 polygons
2026-04-11 04:52:44 +0200: Memory Usage (446040K) : metal4 has 4 polygons
2026-04-11 04:52:44 +0200: Memory Usage (446168K) : metal4_pin has 0 polygons
2026-04-11 04:52:44 +0200: Memory Usage (446296K) : metal4_mask has 0 polygons
2026-04-11 04:52:44 +0200: Memory Usage (446424K) : metal4_nofill has 1 polygons
2026-04-11 04:52:44 +0200: Memory Usage (446424K) : metal4_text has 0 polygons
2026-04-11 04:52:44 +0200: Memory Usage (446552K) : metal4_OPC has 0 polygons
2026-04-11 04:52:44 +0200: Memory Usage (446680K) : metal4_noqrc has 1 polygons
2026-04-11 04:52:44 +0200: Memory Usage (446808K) : metal4_res has 0 polygons
2026-04-11 04:52:44 +0200: Memory Usage (446936K) : metal4_iprobe has 0 polygons
2026-04-11 04:52:44 +0200: Memory Usage (447064K) : metal4_diffprb has 0 polygons
2026-04-11 04:52:44 +0200: Memory Usage (447192K) : heattrans_drw has 99 polygons
2026-04-11 04:52:44 +0200: Memory Usage (447320K) : heatres_drw has 0 polygons
2026-04-11 04:52:44 +0200: Memory Usage (447448K) : fbe_drw has 0 polygons
2026-04-11 04:52:44 +0200: Memory Usage (447576K) : empoly_drw has 0 polygons
2026-04-11 04:52:44 +0200: Memory Usage (447704K) : digisub_drw has 0 polygons
2026-04-11 04:52:44 +0200: Memory Usage (447832K) : text_drw has 18 polygons
2026-04-11 04:52:44 +0200: Memory Usage (447832K) : via4_drw has 134 polygons
2026-04-11 04:52:44 +0200: Memory Usage (447832K) : metal5_drw has 4 polygons
2026-04-11 04:52:44 +0200: Memory Usage (447832K) : metal5_filler has 0 polygons
2026-04-11 04:52:44 +0200: Memory Usage (447960K) : metal5_slit has 0 polygons
2026-04-11 04:52:44 +0200: Memory Usage (447960K) : metal5 has 4 polygons
2026-04-11 04:52:44 +0200: Memory Usage (448088K) : metal5_pin has 1 polygons
2026-04-11 04:52:44 +0200: Memory Usage (448216K) : metal5_mask has 0 polygons
2026-04-11 04:52:44 +0200: Memory Usage (448344K) : metal5_nofill has 1 polygons
2026-04-11 04:52:44 +0200: Memory Usage (448472K) : metal5_text has 0 polygons
2026-04-11 04:52:44 +0200: Memory Usage (448600K) : metal5_OPC has 0 polygons
2026-04-11 04:52:44 +0200: Memory Usage (448728K) : metal5_noqrc has 1 polygons
2026-04-11 04:52:44 +0200: Memory Usage (448856K) : metal5_res has 0 polygons
2026-04-11 04:52:44 +0200: Memory Usage (448984K) : metal5_iprobe has 0 polygons
2026-04-11 04:52:44 +0200: Memory Usage (449112K) : metal5_diffprb has 0 polygons
2026-04-11 04:52:44 +0200: Memory Usage (449240K) : radhard_drw has 0 polygons
2026-04-11 04:52:44 +0200: Memory Usage (449368K) : memcap_drw has 0 polygons
2026-04-11 04:52:44 +0200: Memory Usage (449496K) : varicap_drw has 0 polygons
2026-04-11 04:52:44 +0200: Memory Usage (449624K) : intbondvia_drw has 0 polygons
2026-04-11 04:52:44 +0200: Memory Usage (449752K) : intbondmet_drw has 0 polygons
2026-04-11 04:52:44 +0200: Memory Usage (449880K) : devbondvia_drw has 0 polygons
2026-04-11 04:52:44 +0200: Memory Usage (450008K) : devbondmet_drw has 0 polygons
2026-04-11 04:52:44 +0200: Memory Usage (450136K) : devtrench_drw has 0 polygons
2026-04-11 04:52:44 +0200: Memory Usage (450264K) : redist_drw has 0 polygons
2026-04-11 04:52:44 +0200: Memory Usage (450392K) : graphbot_drw has 0 polygons
2026-04-11 04:52:44 +0200: Memory Usage (450520K) : graphtop_drw has 0 polygons
2026-04-11 04:52:44 +0200: Memory Usage (450648K) : antvia1_drw has 0 polygons
2026-04-11 04:52:44 +0200: Memory Usage (450776K) : antmetal2_drw has 0 polygons
2026-04-11 04:52:44 +0200: Memory Usage (450904K) : graphcont_drw has 0 polygons
2026-04-11 04:52:44 +0200: Memory Usage (451160K) : siwg_drw has 0 polygons
2026-04-11 04:52:44 +0200: Memory Usage (451288K) : siwg_filler has 0 polygons
2026-04-11 04:52:44 +0200: Memory Usage (451416K) : siwg_nofill has 0 polygons
2026-04-11 04:52:44 +0200: Memory Usage (451544K) : sigrating_drw has 0 polygons
2026-04-11 04:52:44 +0200: Memory Usage (451672K) : singrating_drw has 0 polygons
2026-04-11 04:52:44 +0200: Memory Usage (451800K) : graphpas_drw has 0 polygons
2026-04-11 04:52:44 +0200: Memory Usage (451928K) : emwind3_drw has 0 polygons
2026-04-11 04:52:44 +0200: Memory Usage (452056K) : emwihv3_drw has 0 polygons
2026-04-11 04:52:44 +0200: Memory Usage (452184K) : redbulay_drw has 0 polygons
2026-04-11 04:52:44 +0200: Memory Usage (452312K) : smos_drw has 0 polygons
2026-04-11 04:52:44 +0200: Memory Usage (452440K) : graphpad_drw has 0 polygons
2026-04-11 04:52:44 +0200: Memory Usage (452568K) : polimide_drw has 0 polygons
2026-04-11 04:52:44 +0200: Memory Usage (452696K) : polimide_pin has 0 polygons
2026-04-11 04:52:44 +0200: Memory Usage (452824K) : recog_drw has 0 polygons
2026-04-11 04:52:44 +0200: Memory Usage (452952K) : recog_pin has 0 polygons
2026-04-11 04:52:44 +0200: Memory Usage (453080K) : recog_esd has 0 polygons
2026-04-11 04:52:44 +0200: Memory Usage (453208K) : recog_diode has 0 polygons
2026-04-11 04:52:44 +0200: Memory Usage (453336K) : recog_tsv has 0 polygons
2026-04-11 04:52:44 +0200: Memory Usage (453464K) : recog_iprobe has 0 polygons
2026-04-11 04:52:44 +0200: Memory Usage (453592K) : recog_diffprb has 0 polygons
2026-04-11 04:52:44 +0200: Memory Usage (453720K) : recog_pillar has 0 polygons
2026-04-11 04:52:44 +0200: Memory Usage (453848K) : recog_sbump has 0 polygons
2026-04-11 04:52:44 +0200: Memory Usage (453976K) : recog_otp has 0 polygons
2026-04-11 04:52:44 +0200: Memory Usage (454104K) : recog_pdiode has 0 polygons
2026-04-11 04:52:44 +0200: Memory Usage (454232K) : recog_mom has 0 polygons
2026-04-11 04:52:44 +0200: Memory Usage (454360K) : recog_pcm has 0 polygons
2026-04-11 04:52:44 +0200: Memory Usage (454488K) : colopen_drw has 0 polygons
2026-04-11 04:52:44 +0200: Memory Usage (454616K) : graphmetal1_drw has 0 polygons
2026-04-11 04:52:44 +0200: Memory Usage (454744K) : graphmetal1_filler has 0 polygons
2026-04-11 04:52:44 +0200: Memory Usage (446352K) : graphmetal1_nofill has 0 polygons
2026-04-11 04:52:44 +0200: Memory Usage (446352K) : graphmetal1_slit has 0 polygons
2026-04-11 04:52:44 +0200: Memory Usage (446352K) : graphmetal1_OPC has 0 polygons
2026-04-11 04:52:44 +0200: Memory Usage (446352K) : graphmet1l_drw has 0 polygons
2026-04-11 04:52:44 +0200: Memory Usage (446352K) : graphmet1l_filler has 0 polygons
2026-04-11 04:52:44 +0200: Memory Usage (446352K) : graphmet1l_nofill has 0 polygons
2026-04-11 04:52:44 +0200: Memory Usage (446352K) : graphmet1l_slit has 0 polygons
2026-04-11 04:52:44 +0200: Memory Usage (446352K) : graphmet1l_OPC has 0 polygons
2026-04-11 04:52:44 +0200: Memory Usage (446352K) : extblock_drw has 0 polygons
2026-04-11 04:52:44 +0200: Memory Usage (446352K) : nldd_drw has 0 polygons
2026-04-11 04:52:44 +0200: Memory Usage (446352K) : pldd_drw has 0 polygons
2026-04-11 04:52:44 +0200: Memory Usage (446352K) : next_drw has 0 polygons
2026-04-11 04:52:44 +0200: Memory Usage (446352K) : pext_drw has 0 polygons
2026-04-11 04:52:44 +0200: Memory Usage (446352K) : nexthv_drw has 0 polygons
2026-04-11 04:52:44 +0200: Memory Usage (446352K) : pexthv_drw has 0 polygons
2026-04-11 04:52:44 +0200: Memory Usage (446352K) : graphgate_drw has 0 polygons
2026-04-11 04:52:44 +0200: Memory Usage (446352K) : sinwg_drw has 0 polygons
2026-04-11 04:52:44 +0200: Memory Usage (446352K) : sinwg_filler has 0 polygons
2026-04-11 04:52:44 +0200: Memory Usage (446352K) : sinwg_nofill has 0 polygons
2026-04-11 04:52:44 +0200: Memory Usage (446352K) : mempad_drw has 0 polygons
2026-04-11 04:52:44 +0200: Memory Usage (446352K) : topvia1_drw has 129 polygons
2026-04-11 04:52:44 +0200: Memory Usage (446352K) : topmetal1_drw has 5 polygons
2026-04-11 04:52:44 +0200: Memory Usage (446352K) : topmetal1_filler has 0 polygons
2026-04-11 04:52:44 +0200: Memory Usage (446352K) : topmetal1_slit has 0 polygons
2026-04-11 04:52:44 +0200: Memory Usage (446352K) : topmetal1 has 5 polygons
2026-04-11 04:52:44 +0200: Memory Usage (446352K) : topmetal1_pin has 1 polygons
2026-04-11 04:52:44 +0200: Memory Usage (446352K) : topmetal1_mask has 0 polygons
2026-04-11 04:52:44 +0200: Memory Usage (446352K) : topmetal1_nofill has 1 polygons
2026-04-11 04:52:44 +0200: Memory Usage (446352K) : topmetal1_text has 0 polygons
2026-04-11 04:52:44 +0200: Memory Usage (446352K) : topmetal1_noqrc has 1 polygons
2026-04-11 04:52:44 +0200: Memory Usage (446352K) : topmetal1_res has 0 polygons
2026-04-11 04:52:44 +0200: Memory Usage (446352K) : topmetal1_iprobe has 0 polygons
2026-04-11 04:52:44 +0200: Memory Usage (446352K) : topmetal1_diffprb has 0 polygons
2026-04-11 04:52:44 +0200: Memory Usage (446352K) : inldpwl_drw has 0 polygons
2026-04-11 04:52:44 +0200: Memory Usage (446352K) : polyres_drw has 0 polygons
2026-04-11 04:52:44 +0200: Memory Usage (446352K) : polyres_pin has 0 polygons
2026-04-11 04:52:44 +0200: Memory Usage (446352K) : vmim_drw has 576 polygons
2026-04-11 04:52:44 +0200: Memory Usage (446352K) : nbulaycut_drw has 0 polygons
2026-04-11 04:52:44 +0200: Memory Usage (446352K) : antmetal1_drw has 0 polygons
2026-04-11 04:52:44 +0200: Memory Usage (446352K) : topvia2_drw has 488 polygons
2026-04-11 04:52:44 +0200: Memory Usage (446480K) : topmetal2_drw has 3 polygons
2026-04-11 04:52:44 +0200: Memory Usage (446480K) : topmetal2_filler has 0 polygons
2026-04-11 04:52:44 +0200: Memory Usage (446480K) : topmetal2_slit has 0 polygons
2026-04-11 04:52:44 +0200: Memory Usage (446480K) : topmetal2 has 3 polygons
2026-04-11 04:52:44 +0200: Memory Usage (446480K) : topmetal2_pin has 0 polygons
2026-04-11 04:52:44 +0200: Memory Usage (446480K) : topmetal2_mask has 0 polygons
2026-04-11 04:52:44 +0200: Memory Usage (446480K) : topmetal2_nofill has 1 polygons
2026-04-11 04:52:44 +0200: Memory Usage (446480K) : topmetal2_text has 0 polygons
2026-04-11 04:52:44 +0200: Memory Usage (446480K) : topmetal2_noqrc has 0 polygons
2026-04-11 04:52:44 +0200: Memory Usage (446480K) : topmetal2_res has 0 polygons
2026-04-11 04:52:44 +0200: Memory Usage (446480K) : topmetal2_iprobe has 0 polygons
2026-04-11 04:52:44 +0200: Memory Usage (446480K) : topmetal2_diffprb has 0 polygons
2026-04-11 04:52:44 +0200: Memory Usage (446480K) : snsring_drw has 0 polygons
2026-04-11 04:52:44 +0200: Memory Usage (446480K) : sensor_drw has 0 polygons
2026-04-11 04:52:44 +0200: Memory Usage (446480K) : snsarms_drw has 0 polygons
2026-04-11 04:52:44 +0200: Memory Usage (446480K) : snscmosvia_drw has 0 polygons
2026-04-11 04:52:44 +0200: Memory Usage (446480K) : colwind_drw has 0 polygons
2026-04-11 04:52:44 +0200: Memory Usage (446480K) : flm_drw has 0 polygons
2026-04-11 04:52:44 +0200: Memory Usage (446480K) : hafniumox_drw has 0 polygons
2026-04-11 04:52:44 +0200: Memory Usage (446480K) : memvia_drw has 0 polygons
2026-04-11 04:52:44 +0200: Memory Usage (446480K) : thinfilmres_drw has 0 polygons
2026-04-11 04:52:44 +0200: Memory Usage (446480K) : rfmem_drw has 0 polygons
2026-04-11 04:52:44 +0200: Memory Usage (446480K) : norcx_drw has 0 polygons
2026-04-11 04:52:44 +0200: Memory Usage (446480K) : norcx_m2m3 has 0 polygons
2026-04-11 04:52:44 +0200: Memory Usage (446480K) : norcx_m2m4 has 0 polygons
2026-04-11 04:52:44 +0200: Memory Usage (446480K) : norcx_m2m5 has 0 polygons
2026-04-11 04:52:44 +0200: Memory Usage (446480K) : norcx_m2tm1 has 0 polygons
2026-04-11 04:52:44 +0200: Memory Usage (446480K) : norcx_m2tm2 has 0 polygons
2026-04-11 04:52:44 +0200: Memory Usage (446480K) : norcx_m3m4 has 0 polygons
2026-04-11 04:52:44 +0200: Memory Usage (446480K) : norcx_m3m5 has 0 polygons
2026-04-11 04:52:44 +0200: Memory Usage (446480K) : norcx_m3tm1 has 0 polygons
2026-04-11 04:52:44 +0200: Memory Usage (446480K) : norcx_m3tm2 has 0 polygons
2026-04-11 04:52:44 +0200: Memory Usage (446480K) : norcx_m4m5 has 0 polygons
2026-04-11 04:52:44 +0200: Memory Usage (446480K) : norcx_m4tm1 has 0 polygons
2026-04-11 04:52:44 +0200: Memory Usage (446480K) : norcx_m4tm2 has 0 polygons
2026-04-11 04:52:44 +0200: Memory Usage (446480K) : norcx_m5tm1 has 0 polygons
2026-04-11 04:52:44 +0200: Memory Usage (446480K) : norcx_m5tm2 has 0 polygons
2026-04-11 04:52:44 +0200: Memory Usage (446480K) : norcx_tm1tm2 has 0 polygons
2026-04-11 04:52:44 +0200: Memory Usage (446480K) : norcx_m1sub has 0 polygons
2026-04-11 04:52:44 +0200: Memory Usage (446480K) : norcx_m2sub has 0 polygons
2026-04-11 04:52:44 +0200: Memory Usage (446480K) : norcx_m3sub has 0 polygons
2026-04-11 04:52:44 +0200: Memory Usage (446480K) : norcx_m4sub has 0 polygons
2026-04-11 04:52:44 +0200: Memory Usage (446480K) : norcx_m5sub has 0 polygons
2026-04-11 04:52:44 +0200: Memory Usage (446480K) : norcx_tm1sub has 0 polygons
2026-04-11 04:52:44 +0200: Memory Usage (446480K) : norcx_tm2sub has 0 polygons
2026-04-11 04:52:44 +0200: Memory Usage (446480K) : snsbotvia_drw has 0 polygons
2026-04-11 04:52:44 +0200: Memory Usage (446480K) : snstopvia_drw has 0 polygons
2026-04-11 04:52:44 +0200: Memory Usage (446480K) : deepvia_drw has 0 polygons
2026-04-11 04:52:44 +0200: Memory Usage (446480K) : fgetch_drw has 0 polygons
2026-04-11 04:52:44 +0200: Memory Usage (446480K) : ctrgat_drw has 0 polygons
2026-04-11 04:52:44 +0200: Memory Usage (446480K) : fgimp_drw has 0 polygons
2026-04-11 04:52:44 +0200: Memory Usage (446480K) : emwihv_drw has 0 polygons
2026-04-11 04:52:44 +0200: Memory Usage (446480K) : lbe_drw has 0 polygons
2026-04-11 04:52:44 +0200: Memory Usage (446480K) : alcustop_drw has 0 polygons
2026-04-11 04:52:44 +0200: Memory Usage (446480K) : nometfiller_drw has 0 polygons
2026-04-11 04:52:44 +0200: Memory Usage (446480K) : prboundary_drw has 0 polygons
2026-04-11 04:52:44 +0200: Memory Usage (446480K) : exchange0_drw has 0 polygons
2026-04-11 04:52:44 +0200: Memory Usage (446480K) : exchange0_pin has 0 polygons
2026-04-11 04:52:44 +0200: Memory Usage (446480K) : exchange0_text has 0 polygons
2026-04-11 04:52:44 +0200: Memory Usage (446480K) : exchange1_drw has 0 polygons
2026-04-11 04:52:44 +0200: Memory Usage (446480K) : exchange1_pin has 0 polygons
2026-04-11 04:52:44 +0200: Memory Usage (446480K) : exchange1_text has 0 polygons
2026-04-11 04:52:44 +0200: Memory Usage (446480K) : exchange2_drw has 0 polygons
2026-04-11 04:52:44 +0200: Memory Usage (446480K) : exchange2_pin has 0 polygons
2026-04-11 04:52:44 +0200: Memory Usage (446480K) : exchange2_text has 0 polygons
2026-04-11 04:52:44 +0200: Memory Usage (446480K) : exchange3_drw has 0 polygons
2026-04-11 04:52:44 +0200: Memory Usage (446480K) : exchange3_pin has 0 polygons
2026-04-11 04:52:44 +0200: Memory Usage (446480K) : exchange3_text has 0 polygons
2026-04-11 04:52:44 +0200: Memory Usage (446480K) : exchange4_drw has 0 polygons
2026-04-11 04:52:44 +0200: Memory Usage (446480K) : exchange4_pin has 0 polygons
2026-04-11 04:52:44 +0200: Memory Usage (446480K) : exchange4_text has 0 polygons
2026-04-11 04:52:44 +0200: Memory Usage (446480K) : isonwell_drw has 0 polygons
2026-04-11 04:52:44 +0200: Memory Usage (446480K) : Total no. of polygons in the design is 5840
2026-04-11 04:52:44 +0200: Memory Usage (446480K) : Starting base layers derivations
2026-04-11 04:52:44 +0200: Memory Usage (446480K) : Starting general LVS derivations
2026-04-11 04:52:45 +0200: Memory Usage (450064K) : Starting MOSFET DERIVATIONS
2026-04-11 04:52:45 +0200: Memory Usage (452240K) : Starting NMOS DERIVATIONS
2026-04-11 04:52:45 +0200: Memory Usage (452368K) : Starting PMOS DERIVATIONS
2026-04-11 04:52:45 +0200: Memory Usage (452496K) : Starting RF-MOSFET DERIVATIONS
2026-04-11 04:52:45 +0200: Memory Usage (452496K) : Starting RF-NMOS DERIVATIONS
2026-04-11 04:52:45 +0200: Memory Usage (452752K) : Starting RF-PMOS DERIVATIONS
2026-04-11 04:52:45 +0200: Memory Usage (453008K) : Starting BJT DERIVATIONS
2026-04-11 04:52:45 +0200: Memory Usage (453008K) : Starting NPN-BJT DERIVATIONS
2026-04-11 04:52:45 +0200: Memory Usage (458256K) : Starting PNP-BJT DERIVATIONS
2026-04-11 04:52:45 +0200: Memory Usage (452116K) : Starting DIODE DERIVATIONS
2026-04-11 04:52:45 +0200: Memory Usage (452116K) : Starting RESISTOR DERIVATIONS
2026-04-11 04:52:45 +0200: Memory Usage (452116K) : Starting CAP DERIVATIONS
2026-04-11 04:52:45 +0200: Memory Usage (452500K) : Starting ESD DERIVATIONS
2026-04-11 04:52:45 +0200: Memory Usage (454292K) : Starting Inductor DERIVATIONS
2026-04-11 04:52:45 +0200: Memory Usage (458388K) : Starting Taps DERIVATIONS
2026-04-11 04:52:45 +0200: Memory Usage (459540K) : Starting SG13G2 LVS connectivity setup
2026-04-11 04:52:45 +0200: Memory Usage (459540K) : Starting SG13G2 LVS connectivity setup (Inter-layer)
2026-04-11 04:52:45 +0200: Memory Usage (459924K) : Starting SG13G2 LVS connectivity setup (Global)
2026-04-11 04:52:45 +0200: Memory Usage (459924K) : Starting LVS MOSFET CONNECTIONS
2026-04-11 04:52:45 +0200: Memory Usage (459924K) : Starting LVS RF-MOSFET CONNECTIONS
2026-04-11 04:52:45 +0200: Memory Usage (459924K) : Starting LVS BJT CONNECTIONS
2026-04-11 04:52:45 +0200: Memory Usage (459924K) : Starting LVS DIODE CONNECTIONS
2026-04-11 04:52:45 +0200: Memory Usage (459924K) : Starting RESISTOR CONNECTIONS
2026-04-11 04:52:45 +0200: Memory Usage (459924K) : Starting LVS CAP CONNECTIONS
2026-04-11 04:52:45 +0200: Memory Usage (459924K) : Starting ESD CONNECTIONS
2026-04-11 04:52:45 +0200: Memory Usage (459924K) : Starting Inductor CONNECTIONS
2026-04-11 04:52:45 +0200: Memory Usage (459924K) : Starting LVS Taps CONNECTIONS
2026-04-11 04:52:45 +0200: Memory Usage (459924K) : Starting SG13G2 LVS DEVICES EXTRACTION
2026-04-11 04:52:45 +0200: Memory Usage (459924K) : Starting MOSFET EXTRACTION
2026-04-11 04:52:45 +0200: Memory Usage (459924K) : Starting NMOS EXTRACTION
2026-04-11 04:52:45 +0200: Memory Usage (459924K) : Extraction of NMOS-LV transistor
2026-04-11 04:52:45 +0200: Memory Usage (460564K) : Extraction of NMOS-HV transistor
2026-04-11 04:52:45 +0200: Memory Usage (460692K) : Starting PMOS EXTRACTION
2026-04-11 04:52:45 +0200: Memory Usage (460692K) : Extraction of PMOS-LV transistor
2026-04-11 04:52:45 +0200: Memory Usage (460692K) : Extraction of PMOS-HV transistor
2026-04-11 04:52:45 +0200: Memory Usage (460692K) : Starting RF-MOSFET EXTRACTION
2026-04-11 04:52:45 +0200: Memory Usage (460692K) : Extraction of RF-NMOS-LV transistor
2026-04-11 04:52:45 +0200: Memory Usage (460692K) : Extraction of RF-NMOS-HV transistor
2026-04-11 04:52:45 +0200: Memory Usage (460692K) : Extraction of RF-PMOS-LV transistor
2026-04-11 04:52:45 +0200: Memory Usage (460692K) : Extraction of RF-PMOS-HV transistor
2026-04-11 04:52:45 +0200: Memory Usage (460692K) : Starting BJT EXTRACTION
2026-04-11 04:52:45 +0200: Memory Usage (460692K) : Starting NPN-BJT EXTRACTION
2026-04-11 04:52:45 +0200: Memory Usage (460692K) : Extraction of npn13G2 BJT transistor
2026-04-11 04:52:45 +0200: Memory Usage (460692K) : Extraction of npn13G2L BJT transistor
2026-04-11 04:52:45 +0200: Memory Usage (460692K) : Extraction of npn13G2V BJT transistor
2026-04-11 04:52:45 +0200: Memory Usage (460692K) : Starting PNP-BJT EXTRACTION
2026-04-11 04:52:45 +0200: Memory Usage (460692K) : Extracting pnpMPA BJT
2026-04-11 04:52:45 +0200: Memory Usage (460692K) : Starting DIODE EXTRACTION
2026-04-11 04:52:45 +0200: Memory Usage (460692K) : Extracting dantenna diode
2026-04-11 04:52:45 +0200: Memory Usage (460692K) : Extracting dpantenna diode
2026-04-11 04:52:45 +0200: Memory Usage (460692K) : Extracting schottky_nbl1 diode
2026-04-11 04:52:45 +0200: Memory Usage (460692K) : Extracting isolbox diode
2026-04-11 04:52:45 +0200: Memory Usage (460692K) : Starting RESISTOR EXTRACTION
2026-04-11 04:52:45 +0200: Memory Usage (460692K) : Extracting rsil resistor
2026-04-11 04:52:45 +0200: Memory Usage (460692K) : Extracting rppd resistor
2026-04-11 04:52:45 +0200: Memory Usage (460692K) : Extracting rhigh resistor
2026-04-11 04:52:45 +0200: Memory Usage (460692K) : Extracting res_metal1 resistor
2026-04-11 04:52:45 +0200: Memory Usage (460820K) : Extracting res_metal2 resistor
2026-04-11 04:52:45 +0200: Memory Usage (460820K) : Extracting res_metal3 resistor
2026-04-11 04:52:45 +0200: Memory Usage (460820K) : Extracting res_metal4 resistor
2026-04-11 04:52:45 +0200: Memory Usage (460820K) : Extracting res_metal5 resistor
2026-04-11 04:52:45 +0200: Memory Usage (460820K) : Extracting res_topmetal1 resistor
2026-04-11 04:52:45 +0200: Memory Usage (460820K) : Extracting res_topmetal2 resistor
2026-04-11 04:52:45 +0200: Memory Usage (460820K) : Starting CAP EXTRACTION
2026-04-11 04:52:45 +0200: Memory Usage (460820K) : Extracting cap_cmim device
2026-04-11 04:52:45 +0200: Memory Usage (460820K) : Extracting rfcmim device
2026-04-11 04:52:45 +0200: Memory Usage (460820K) : Extracting sg13_hv_svaricap varactor
2026-04-11 04:52:45 +0200: Memory Usage (460820K) : Starting ESD EXTRACTION
2026-04-11 04:52:45 +0200: Memory Usage (460820K) : Extracting diodevdd_2kv ESD device
2026-04-11 04:52:45 +0200: Memory Usage (460820K) : Extracting diodevdd_4kv ESD device
2026-04-11 04:52:45 +0200: Memory Usage (460820K) : Extracting diodevss_2kv ESD device
2026-04-11 04:52:45 +0200: Memory Usage (460820K) : Extracting diodevss_4kv ESD device
2026-04-11 04:52:45 +0200: Memory Usage (460820K) : Extracting idiodevdd_2kv ESD device
2026-04-11 04:52:45 +0200: Memory Usage (460820K) : Extracting idiodevdd_4kv ESD device
2026-04-11 04:52:45 +0200: Memory Usage (460820K) : Extracting idiodevss_2kv ESD device
2026-04-11 04:52:45 +0200: Memory Usage (460820K) : Extracting idiodevss_4kv ESD device
2026-04-11 04:52:45 +0200: Memory Usage (460820K) : Extracting nmoscl_2 ESD device
2026-04-11 04:52:45 +0200: Memory Usage (460820K) : Extracting nmoscl_4 ESD device
2026-04-11 04:52:45 +0200: Memory Usage (460820K) : Starting Inductor EXTRACTION
2026-04-11 04:52:45 +0200: Memory Usage (460820K) : Extracting Inductor2 device
2026-04-11 04:52:45 +0200: Memory Usage (460820K) : Extracting Inductor3 device
2026-04-11 04:52:45 +0200: Memory Usage (460820K) : Starting Taps EXTRACTION
2026-04-11 04:52:45 +0200: Memory Usage (460820K) : Extracting ntap1 device
2026-04-11 04:52:45 +0200: Memory Usage (460820K) : Extracting ptap1 device
2026-04-11 04:52:45 +0200: Memory Usage (460820K) : Starting SG13G2 LVS RF MOS Model Mapping
2026-04-11 04:52:45 +0200: Memory Usage (460820K) : [layout_netlist] Apply RF MOS model mapping and rfmode parameter.
2026-04-11 04:52:45 +0200: Memory Usage (460820K) : Starting SG13G2 LVS Options Preparations
2026-04-11 04:52:45 +0200: Memory Usage (460820K) : SG13G2 LVS flow: extraction -> alignment -> option preparation -> comparison.
2026-04-11 04:52:45 +0200: Memory Usage (460820K) : Starting SG13G2 LVS Alignment
2026-04-11 04:52:45 +0200: Memory Usage (460948K) : Starting SG13G2 LVS Simplification
2026-04-11 04:52:45 +0200: Memory Usage (460948K) : [layout_netlist] simplify: ENABLED
2026-04-11 04:52:45 +0200: Memory Usage (460948K) : [layout_netlist] make_top_level_pins: SKIPPED
2026-04-11 04:52:45 +0200: Memory Usage (460948K) : [layout_netlist] combine_devices: SKIPPED
2026-04-11 04:52:45 +0200: Memory Usage (460948K) : [layout_netlist] purge: SKIPPED
2026-04-11 04:52:45 +0200: Memory Usage (460948K) : [layout_netlist] purge_nets: SKIPPED
2026-04-11 04:52:45 +0200: Memory Usage (460948K) : [schematic_netlist] simplify: ENABLED
2026-04-11 04:52:45 +0200: Memory Usage (460948K) : [schematic_netlist] make_top_level_pins: SKIPPED
2026-04-11 04:52:45 +0200: Memory Usage (460948K) : [schematic_netlist] combine_devices: SKIPPED
2026-04-11 04:52:45 +0200: Memory Usage (460948K) : [schematic_netlist] purge: SKIPPED
2026-04-11 04:52:45 +0200: Memory Usage (460948K) : [schematic_netlist] purge_nets: SKIPPED
2026-04-11 04:52:45 +0200: Memory Usage (460948K) : Starting SG13G2 LVS Comparison in strict port mode.
2026-04-11 04:52:45 +0200: Memory Usage (460948K) : flag_missing_ports enabled: missing/mislabeled top-level ports are treated as errors.
2026-04-11 04:52:45 +0200: Memory Usage (460948K) : xxxxxxxxxxxxxxxxxxxxxxxxxxxxxxxxxxxxxxxxxx
2026-04-11 04:52:45 +0200: Memory Usage (460948K) : ERROR : Netlists don't match
2026-04-11 04:52:45 +0200: Memory Usage (460948K) : xxxxxxxxxxxxxxxxxxxxxxxxxxxxxxxxxxxxxxxxxx
2026-04-11 04:52:45 +0200: Memory Usage (460948K) : LVS Total Run time 1.716089 seconds
