# Logfile created on 2026-04-11 05:20:13 +0200 by logger.rb/v1.4.3
2026-04-11 05:20:13 +0200: Memory Usage (428900K) : Starting running SG13G2 Klayout LVS runset on /home/designer/shared/frac-n-pll-vco-unic_cass/layout/LC_VCO.gds
2026-04-11 05:20:13 +0200: Memory Usage (428900K) : Ruby Version for klayout: 3.0.2
2026-04-11 05:20:13 +0200: Memory Usage (430052K) : Loading database to memory is complete.
2026-04-11 05:20:13 +0200: Memory Usage (430052K) : SG13G2 Klayout LVS runset output at: /home/designer/shared/frac-n-pll-vco-unic_cass/lvs_run_LC_VCO_2026_04_11_05_20_10/LC_VCO.lvsdb
2026-04-11 05:20:13 +0200: Memory Usage (430052K) : Evaluate switches.
2026-04-11 05:20:13 +0200: Memory Usage (430052K) : Extracted netlist with net names: true
2026-04-11 05:20:13 +0200: Memory Usage (430052K) : Extracted netlist with comments in details: false
2026-04-11 05:20:13 +0200: Memory Usage (430052K) : Selected NET_ONLY option: false
2026-04-11 05:20:13 +0200: Memory Usage (430052K) : Selected LAYOUT_NETLIST option: (none)
2026-04-11 05:20:13 +0200: Memory Usage (430052K) : Selected IGNORE_TOP_PORTS_MISMATCH option: 
2026-04-11 05:20:13 +0200: Memory Usage (430052K) : Selected IMPLICIT_NETS option: (none)
2026-04-11 05:20:13 +0200: Memory Usage (430052K) : Selected TOP_LVL_PINS option: false
2026-04-11 05:20:13 +0200: Memory Usage (430052K) : Selected COMBINE DEVICES option: false
2026-04-11 05:20:13 +0200: Memory Usage (430052K) : Selected PURGE option: false
2026-04-11 05:20:13 +0200: Memory Usage (430052K) : Selected PURGE_NETS option: false
2026-04-11 05:20:13 +0200: Memory Usage (430052K) : Selected SIMPLIFY option: true
2026-04-11 05:20:13 +0200: Memory Usage (430052K) : Selected SERIES_RES option: true
2026-04-11 05:20:13 +0200: Memory Usage (430052K) : Selected PARALLEL_RES option: true
2026-04-11 05:20:13 +0200: Memory Usage (430052K) : flat  mode is enabled.
2026-04-11 05:20:13 +0200: Memory Usage (431076K) : Netlist file: /home/designer/shared/frac-n-pll-vco-unic_cass/schematic/lc-vco/simulations/LC_VCO.spice
2026-04-11 05:20:13 +0200: Memory Usage (431076K) : LVS extracted netlist at: /home/designer/shared/frac-n-pll-vco-unic_cass/lvs_run_LC_VCO_2026_04_11_05_20_10/LC_VCO_extracted.cir
2026-04-11 05:20:13 +0200: Memory Usage (431076K) : Applying SRAM integration support.
2026-04-11 05:20:13 +0200: Memory Usage (431076K) : Starting SG13G2 LVS runset
2026-04-11 05:20:13 +0200: Memory Usage (431076K) : Read in polygons from layers.
2026-04-11 05:20:13 +0200: Memory Usage (432228K) : activ_drw has 26 polygons
2026-04-11 05:20:13 +0200: Memory Usage (432228K) : activ_filler has 0 polygons
2026-04-11 05:20:13 +0200: Memory Usage (432228K) : activ has 26 polygons
2026-04-11 05:20:13 +0200: Memory Usage (432228K) : activ_pin has 0 polygons
2026-04-11 05:20:13 +0200: Memory Usage (432228K) : activ_mask has 0 polygons
2026-04-11 05:20:13 +0200: Memory Usage (432228K) : activ_nofill has 0 polygons
2026-04-11 05:20:13 +0200: Memory Usage (432228K) : activ_OPC has 0 polygons
2026-04-11 05:20:13 +0200: Memory Usage (432484K) : activ_iOPC has 0 polygons
2026-04-11 05:20:13 +0200: Memory Usage (432484K) : activ_noqrc has 1 polygons
2026-04-11 05:20:13 +0200: Memory Usage (432612K) : biwind_drw has 0 polygons
2026-04-11 05:20:13 +0200: Memory Usage (432612K) : biwind_OPC has 0 polygons
2026-04-11 05:20:13 +0200: Memory Usage (432612K) : gatpoly_drw has 14 polygons
2026-04-11 05:20:13 +0200: Memory Usage (432740K) : gatpoly_filler has 0 polygons
2026-04-11 05:20:13 +0200: Memory Usage (432740K) : gatpoly has 14 polygons
2026-04-11 05:20:13 +0200: Memory Usage (432868K) : gatpoly_pin has 6 polygons
2026-04-11 05:20:13 +0200: Memory Usage (432996K) : gatpoly_nofill has 0 polygons
2026-04-11 05:20:13 +0200: Memory Usage (433252K) : gatpoly_OPC has 0 polygons
2026-04-11 05:20:13 +0200: Memory Usage (433380K) : gatpoly_iOPC has 0 polygons
2026-04-11 05:20:13 +0200: Memory Usage (433508K) : gatpoly_noqrc has 0 polygons
2026-04-11 05:20:13 +0200: Memory Usage (434660K) : cont_drw has 4737 polygons
2026-04-11 05:20:13 +0200: Memory Usage (434660K) : cont_OPC has 0 polygons
2026-04-11 05:20:13 +0200: Memory Usage (434660K) : nsd_drw has 0 polygons
2026-04-11 05:20:13 +0200: Memory Usage (434660K) : nsd_block has 0 polygons
2026-04-11 05:20:13 +0200: Memory Usage (434660K) : metal1_drw has 46 polygons
2026-04-11 05:20:13 +0200: Memory Usage (434916K) : metal1_filler has 0 polygons
2026-04-11 05:20:13 +0200: Memory Usage (434916K) : metal1_slit has 0 polygons
2026-04-11 05:20:13 +0200: Memory Usage (434916K) : metal1 has 46 polygons
2026-04-11 05:20:13 +0200: Memory Usage (434916K) : metal1_pin has 25 polygons
2026-04-11 05:20:13 +0200: Memory Usage (435044K) : metal1_mask has 0 polygons
2026-04-11 05:20:13 +0200: Memory Usage (435172K) : metal1_nofill has 0 polygons
2026-04-11 05:20:13 +0200: Memory Usage (435428K) : metal1_text has 4 polygons
2026-04-11 05:20:13 +0200: Memory Usage (435556K) : metal1_OPC has 0 polygons
2026-04-11 05:20:13 +0200: Memory Usage (435684K) : metal1_noqrc has 1 polygons
2026-04-11 05:20:13 +0200: Memory Usage (435812K) : metal1_res has 0 polygons
2026-04-11 05:20:13 +0200: Memory Usage (435940K) : metal1_iprobe has 0 polygons
2026-04-11 05:20:13 +0200: Memory Usage (436068K) : metal1_diffprb has 0 polygons
2026-04-11 05:20:13 +0200: Memory Usage (436196K) : passiv_drw has 0 polygons
2026-04-11 05:20:13 +0200: Memory Usage (436324K) : passiv_pin has 0 polygons
2026-04-11 05:20:13 +0200: Memory Usage (436452K) : passiv_sbump has 0 polygons
2026-04-11 05:20:13 +0200: Memory Usage (436580K) : passiv_pillar has 0 polygons
2026-04-11 05:20:13 +0200: Memory Usage (436708K) : passiv_pdl has 0 polygons
2026-04-11 05:20:13 +0200: Memory Usage (436836K) : metal2_drw has 13 polygons
2026-04-11 05:20:13 +0200: Memory Usage (436964K) : metal2_filler has 0 polygons
2026-04-11 05:20:13 +0200: Memory Usage (437092K) : metal2_slit has 0 polygons
2026-04-11 05:20:13 +0200: Memory Usage (437220K) : metal2 has 13 polygons
2026-04-11 05:20:13 +0200: Memory Usage (437348K) : metal2_pin has 5 polygons
2026-04-11 05:20:13 +0200: Memory Usage (437476K) : metal2_mask has 0 polygons
2026-04-11 05:20:13 +0200: Memory Usage (437604K) : metal2_nofill has 0 polygons
2026-04-11 05:20:13 +0200: Memory Usage (437604K) : metal2_text has 5 polygons
2026-04-11 05:20:13 +0200: Memory Usage (437732K) : metal2_OPC has 0 polygons
2026-04-11 05:20:13 +0200: Memory Usage (437860K) : metal2_noqrc has 1 polygons
2026-04-11 05:20:13 +0200: Memory Usage (437988K) : metal2_res has 0 polygons
2026-04-11 05:20:13 +0200: Memory Usage (438116K) : metal2_iprobe has 0 polygons
2026-04-11 05:20:13 +0200: Memory Usage (438244K) : metal2_diffprb has 0 polygons
2026-04-11 05:20:13 +0200: Memory Usage (438372K) : baspoly_drw has 0 polygons
2026-04-11 05:20:13 +0200: Memory Usage (438500K) : baspoly_pin has 0 polygons
2026-04-11 05:20:13 +0200: Memory Usage (438628K) : psd_drw has 19 polygons
2026-04-11 05:20:13 +0200: Memory Usage (438756K) : nldb_drw has 0 polygons
2026-04-11 05:20:13 +0200: Memory Usage (438884K) : digibnd_drw has 0 polygons
2026-04-11 05:20:13 +0200: Memory Usage (439012K) : via1_drw has 46 polygons
2026-04-11 05:20:13 +0200: Memory Usage (439140K) : backmetal1_drw has 0 polygons
2026-04-11 05:20:13 +0200: Memory Usage (439268K) : backmetal1_pin has 0 polygons
2026-04-11 05:20:13 +0200: Memory Usage (439396K) : backmetal1_mask has 0 polygons
2026-04-11 05:20:13 +0200: Memory Usage (439524K) : backmetal1_filler has 0 polygons
2026-04-11 05:20:13 +0200: Memory Usage (439652K) : backmetal1_nofill has 0 polygons
2026-04-11 05:20:13 +0200: Memory Usage (439652K) : backmetal1_slit has 0 polygons
2026-04-11 05:20:13 +0200: Memory Usage (439780K) : backmetal1_text has 0 polygons
2026-04-11 05:20:13 +0200: Memory Usage (439908K) : backmetal1_OPC has 0 polygons
2026-04-11 05:20:13 +0200: Memory Usage (440036K) : backmetal1_noqrc has 0 polygons
2026-04-11 05:20:13 +0200: Memory Usage (440164K) : backmetal1_res has 0 polygons
2026-04-11 05:20:13 +0200: Memory Usage (440292K) : backmetal1_iprobe has 0 polygons
2026-04-11 05:20:13 +0200: Memory Usage (440420K) : backmetal1_diffprb has 0 polygons
2026-04-11 05:20:13 +0200: Memory Usage (440548K) : backpassiv_drw has 0 polygons
2026-04-11 05:20:13 +0200: Memory Usage (440676K) : res_drw has 0 polygons
2026-04-11 05:20:13 +0200: Memory Usage (440804K) : sram_drw has 0 polygons
2026-04-11 05:20:13 +0200: Memory Usage (440932K) : trans_drw has 0 polygons
2026-04-11 05:20:13 +0200: Memory Usage (441060K) : ind_drw has 0 polygons
2026-04-11 05:20:13 +0200: Memory Usage (441188K) : ind_pin has 0 polygons
2026-04-11 05:20:13 +0200: Memory Usage (441316K) : ind_text has 0 polygons
2026-04-11 05:20:13 +0200: Memory Usage (441444K) : salblock_drw has 0 polygons
2026-04-11 05:20:13 +0200: Memory Usage (441572K) : via2_drw has 6 polygons
2026-04-11 05:20:13 +0200: Memory Usage (441572K) : metal3_drw has 2 polygons
2026-04-11 05:20:13 +0200: Memory Usage (441700K) : metal3_filler has 0 polygons
2026-04-11 05:20:13 +0200: Memory Usage (441828K) : metal3_slit has 0 polygons
2026-04-11 05:20:13 +0200: Memory Usage (441956K) : metal3 has 2 polygons
2026-04-11 05:20:13 +0200: Memory Usage (442084K) : metal3_pin has 0 polygons
2026-04-11 05:20:13 +0200: Memory Usage (442212K) : metal3_mask has 0 polygons
2026-04-11 05:20:13 +0200: Memory Usage (442340K) : metal3_nofill has 0 polygons
2026-04-11 05:20:13 +0200: Memory Usage (442468K) : metal3_text has 0 polygons
2026-04-11 05:20:13 +0200: Memory Usage (442596K) : metal3_OPC has 0 polygons
2026-04-11 05:20:13 +0200: Memory Usage (442724K) : metal3_noqrc has 1 polygons
2026-04-11 05:20:13 +0200: Memory Usage (442852K) : metal3_res has 0 polygons
2026-04-11 05:20:13 +0200: Memory Usage (442980K) : metal3_iprobe has 0 polygons
2026-04-11 05:20:13 +0200: Memory Usage (443108K) : metal3_diffprb has 0 polygons
2026-04-11 05:20:13 +0200: Memory Usage (443236K) : nwell_drw has 7 polygons
2026-04-11 05:20:13 +0200: Memory Usage (443364K) : nwell_pin has 0 polygons
2026-04-11 05:20:13 +0200: Memory Usage (443364K) : nwell_text has 0 polygons
2026-04-11 05:20:13 +0200: Memory Usage (443492K) : nbulay_drw has 2 polygons
2026-04-11 05:20:13 +0200: Memory Usage (443620K) : nbulay_pin has 0 polygons
2026-04-11 05:20:13 +0200: Memory Usage (443748K) : nbulay_block has 0 polygons
2026-04-11 05:20:13 +0200: Memory Usage (443876K) : emwind_drw has 0 polygons
2026-04-11 05:20:13 +0200: Memory Usage (444004K) : emwind_OPC has 0 polygons
2026-04-11 05:20:13 +0200: Memory Usage (444132K) : deepco_drw has 0 polygons
2026-04-11 05:20:13 +0200: Memory Usage (444260K) : mim_drw has 1 polygons
2026-04-11 05:20:13 +0200: Memory Usage (444388K) : edgeseal_drw has 0 polygons
2026-04-11 05:20:13 +0200: Memory Usage (444516K) : substrate_drw has 7 polygons
2026-04-11 05:20:13 +0200: Memory Usage (444516K) : substrate_text has 0 polygons
2026-04-11 05:20:13 +0200: Memory Usage (444644K) : dfpad_drw has 0 polygons
2026-04-11 05:20:13 +0200: Memory Usage (444772K) : dfpad_pillar has 0 polygons
2026-04-11 05:20:13 +0200: Memory Usage (444900K) : dfpad_sbump has 0 polygons
2026-04-11 05:20:13 +0200: Memory Usage (445028K) : thickgateox_drw has 0 polygons
2026-04-11 05:20:13 +0200: Memory Usage (445284K) : pldb_drw has 0 polygons
2026-04-11 05:20:13 +0200: Memory Usage (445412K) : pwell_drw has 0 polygons
2026-04-11 05:20:13 +0200: Memory Usage (445540K) : pwell_pin has 0 polygons
2026-04-11 05:20:13 +0200: Memory Usage (445668K) : pwell_block has 1 polygons
2026-04-11 05:20:13 +0200: Memory Usage (445796K) : ic_drw has 0 polygons
2026-04-11 05:20:13 +0200: Memory Usage (445924K) : via3_drw has 6 polygons
2026-04-11 05:20:13 +0200: Memory Usage (446052K) : metal4_drw has 2 polygons
2026-04-11 05:20:13 +0200: Memory Usage (446180K) : metal4_filler has 0 polygons
2026-04-11 05:20:13 +0200: Memory Usage (446308K) : metal4_slit has 0 polygons
2026-04-11 05:20:13 +0200: Memory Usage (446436K) : metal4 has 2 polygons
2026-04-11 05:20:13 +0200: Memory Usage (446564K) : metal4_pin has 0 polygons
2026-04-11 05:20:13 +0200: Memory Usage (446692K) : metal4_mask has 0 polygons
2026-04-11 05:20:13 +0200: Memory Usage (446820K) : metal4_nofill has 0 polygons
2026-04-11 05:20:13 +0200: Memory Usage (446820K) : metal4_text has 0 polygons
2026-04-11 05:20:13 +0200: Memory Usage (446948K) : metal4_OPC has 0 polygons
2026-04-11 05:20:13 +0200: Memory Usage (447076K) : metal4_noqrc has 1 polygons
2026-04-11 05:20:13 +0200: Memory Usage (447204K) : metal4_res has 0 polygons
2026-04-11 05:20:13 +0200: Memory Usage (447332K) : metal4_iprobe has 0 polygons
2026-04-11 05:20:13 +0200: Memory Usage (447460K) : metal4_diffprb has 0 polygons
2026-04-11 05:20:13 +0200: Memory Usage (447588K) : heattrans_drw has 99 polygons
2026-04-11 05:20:13 +0200: Memory Usage (447716K) : heatres_drw has 0 polygons
2026-04-11 05:20:13 +0200: Memory Usage (447844K) : fbe_drw has 0 polygons
2026-04-11 05:20:13 +0200: Memory Usage (447972K) : empoly_drw has 0 polygons
2026-04-11 05:20:13 +0200: Memory Usage (448100K) : digisub_drw has 0 polygons
2026-04-11 05:20:13 +0200: Memory Usage (448228K) : text_drw has 18 polygons
2026-04-11 05:20:13 +0200: Memory Usage (448228K) : via4_drw has 6 polygons
2026-04-11 05:20:13 +0200: Memory Usage (448228K) : metal5_drw has 2 polygons
2026-04-11 05:20:13 +0200: Memory Usage (448228K) : metal5_filler has 0 polygons
2026-04-11 05:20:13 +0200: Memory Usage (448356K) : metal5_slit has 0 polygons
2026-04-11 05:20:13 +0200: Memory Usage (448484K) : metal5 has 2 polygons
2026-04-11 05:20:13 +0200: Memory Usage (448612K) : metal5_pin has 1 polygons
2026-04-11 05:20:13 +0200: Memory Usage (448740K) : metal5_mask has 0 polygons
2026-04-11 05:20:13 +0200: Memory Usage (448868K) : metal5_nofill has 0 polygons
2026-04-11 05:20:13 +0200: Memory Usage (448868K) : metal5_text has 0 polygons
2026-04-11 05:20:13 +0200: Memory Usage (448996K) : metal5_OPC has 0 polygons
2026-04-11 05:20:13 +0200: Memory Usage (449124K) : metal5_noqrc has 1 polygons
2026-04-11 05:20:13 +0200: Memory Usage (449252K) : metal5_res has 0 polygons
2026-04-11 05:20:13 +0200: Memory Usage (449380K) : metal5_iprobe has 0 polygons
2026-04-11 05:20:13 +0200: Memory Usage (449508K) : metal5_diffprb has 0 polygons
2026-04-11 05:20:13 +0200: Memory Usage (449636K) : radhard_drw has 0 polygons
2026-04-11 05:20:13 +0200: Memory Usage (449764K) : memcap_drw has 0 polygons
2026-04-11 05:20:13 +0200: Memory Usage (449892K) : varicap_drw has 0 polygons
2026-04-11 05:20:13 +0200: Memory Usage (450020K) : intbondvia_drw has 0 polygons
2026-04-11 05:20:13 +0200: Memory Usage (450276K) : intbondmet_drw has 0 polygons
2026-04-11 05:20:13 +0200: Memory Usage (450404K) : devbondvia_drw has 0 polygons
2026-04-11 05:20:13 +0200: Memory Usage (450532K) : devbondmet_drw has 0 polygons
2026-04-11 05:20:13 +0200: Memory Usage (450660K) : devtrench_drw has 0 polygons
2026-04-11 05:20:13 +0200: Memory Usage (450788K) : redist_drw has 0 polygons
2026-04-11 05:20:13 +0200: Memory Usage (450916K) : graphbot_drw has 0 polygons
2026-04-11 05:20:13 +0200: Memory Usage (451044K) : graphtop_drw has 0 polygons
2026-04-11 05:20:13 +0200: Memory Usage (451172K) : antvia1_drw has 0 polygons
2026-04-11 05:20:13 +0200: Memory Usage (451300K) : antmetal2_drw has 0 polygons
2026-04-11 05:20:13 +0200: Memory Usage (451428K) : graphcont_drw has 0 polygons
2026-04-11 05:20:13 +0200: Memory Usage (451556K) : siwg_drw has 0 polygons
2026-04-11 05:20:13 +0200: Memory Usage (451684K) : siwg_filler has 0 polygons
2026-04-11 05:20:13 +0200: Memory Usage (451812K) : siwg_nofill has 0 polygons
2026-04-11 05:20:13 +0200: Memory Usage (451940K) : sigrating_drw has 0 polygons
2026-04-11 05:20:13 +0200: Memory Usage (452068K) : singrating_drw has 0 polygons
2026-04-11 05:20:13 +0200: Memory Usage (452196K) : graphpas_drw has 0 polygons
2026-04-11 05:20:13 +0200: Memory Usage (452324K) : emwind3_drw has 0 polygons
2026-04-11 05:20:13 +0200: Memory Usage (452452K) : emwihv3_drw has 0 polygons
2026-04-11 05:20:13 +0200: Memory Usage (452580K) : redbulay_drw has 0 polygons
2026-04-11 05:20:13 +0200: Memory Usage (452708K) : smos_drw has 0 polygons
2026-04-11 05:20:13 +0200: Memory Usage (452836K) : graphpad_drw has 0 polygons
2026-04-11 05:20:13 +0200: Memory Usage (452964K) : polimide_drw has 0 polygons
2026-04-11 05:20:13 +0200: Memory Usage (448224K) : polimide_pin has 0 polygons
2026-04-11 05:20:13 +0200: Memory Usage (448224K) : recog_drw has 0 polygons
2026-04-11 05:20:13 +0200: Memory Usage (448224K) : recog_pin has 0 polygons
2026-04-11 05:20:13 +0200: Memory Usage (448224K) : recog_esd has 0 polygons
2026-04-11 05:20:13 +0200: Memory Usage (448224K) : recog_diode has 0 polygons
2026-04-11 05:20:13 +0200: Memory Usage (448224K) : recog_tsv has 0 polygons
2026-04-11 05:20:13 +0200: Memory Usage (448224K) : recog_iprobe has 0 polygons
2026-04-11 05:20:13 +0200: Memory Usage (448224K) : recog_diffprb has 0 polygons
2026-04-11 05:20:13 +0200: Memory Usage (448224K) : recog_pillar has 0 polygons
2026-04-11 05:20:13 +0200: Memory Usage (448224K) : recog_sbump has 0 polygons
2026-04-11 05:20:13 +0200: Memory Usage (448224K) : recog_otp has 0 polygons
2026-04-11 05:20:13 +0200: Memory Usage (448224K) : recog_pdiode has 0 polygons
2026-04-11 05:20:13 +0200: Memory Usage (448224K) : recog_mom has 0 polygons
2026-04-11 05:20:13 +0200: Memory Usage (448224K) : recog_pcm has 0 polygons
2026-04-11 05:20:13 +0200: Memory Usage (448224K) : colopen_drw has 0 polygons
2026-04-11 05:20:13 +0200: Memory Usage (448224K) : graphmetal1_drw has 0 polygons
2026-04-11 05:20:13 +0200: Memory Usage (448224K) : graphmetal1_filler has 0 polygons
2026-04-11 05:20:13 +0200: Memory Usage (448224K) : graphmetal1_nofill has 0 polygons
2026-04-11 05:20:13 +0200: Memory Usage (448224K) : graphmetal1_slit has 0 polygons
2026-04-11 05:20:13 +0200: Memory Usage (448224K) : graphmetal1_OPC has 0 polygons
2026-04-11 05:20:13 +0200: Memory Usage (448224K) : graphmet1l_drw has 0 polygons
2026-04-11 05:20:13 +0200: Memory Usage (448224K) : graphmet1l_filler has 0 polygons
2026-04-11 05:20:13 +0200: Memory Usage (448224K) : graphmet1l_nofill has 0 polygons
2026-04-11 05:20:13 +0200: Memory Usage (448224K) : graphmet1l_slit has 0 polygons
2026-04-11 05:20:13 +0200: Memory Usage (448224K) : graphmet1l_OPC has 0 polygons
2026-04-11 05:20:13 +0200: Memory Usage (448224K) : extblock_drw has 0 polygons
2026-04-11 05:20:13 +0200: Memory Usage (448224K) : nldd_drw has 0 polygons
2026-04-11 05:20:13 +0200: Memory Usage (448224K) : pldd_drw has 0 polygons
2026-04-11 05:20:13 +0200: Memory Usage (448224K) : next_drw has 0 polygons
2026-04-11 05:20:13 +0200: Memory Usage (448224K) : pext_drw has 0 polygons
2026-04-11 05:20:13 +0200: Memory Usage (448224K) : nexthv_drw has 0 polygons
2026-04-11 05:20:13 +0200: Memory Usage (448224K) : pexthv_drw has 0 polygons
2026-04-11 05:20:13 +0200: Memory Usage (448224K) : graphgate_drw has 0 polygons
2026-04-11 05:20:13 +0200: Memory Usage (448224K) : sinwg_drw has 0 polygons
2026-04-11 05:20:13 +0200: Memory Usage (448224K) : sinwg_filler has 0 polygons
2026-04-11 05:20:13 +0200: Memory Usage (448224K) : sinwg_nofill has 0 polygons
2026-04-11 05:20:13 +0200: Memory Usage (448224K) : mempad_drw has 0 polygons
2026-04-11 05:20:13 +0200: Memory Usage (448224K) : topvia1_drw has 1 polygons
2026-04-11 05:20:13 +0200: Memory Usage (448224K) : topmetal1_drw has 1 polygons
2026-04-11 05:20:13 +0200: Memory Usage (448224K) : topmetal1_filler has 0 polygons
2026-04-11 05:20:13 +0200: Memory Usage (448224K) : topmetal1_slit has 0 polygons
2026-04-11 05:20:13 +0200: Memory Usage (448224K) : topmetal1 has 1 polygons
2026-04-11 05:20:13 +0200: Memory Usage (448224K) : topmetal1_pin has 1 polygons
2026-04-11 05:20:13 +0200: Memory Usage (448224K) : topmetal1_mask has 0 polygons
2026-04-11 05:20:13 +0200: Memory Usage (448224K) : topmetal1_nofill has 0 polygons
2026-04-11 05:20:13 +0200: Memory Usage (448224K) : topmetal1_text has 0 polygons
2026-04-11 05:20:13 +0200: Memory Usage (448224K) : topmetal1_noqrc has 1 polygons
2026-04-11 05:20:13 +0200: Memory Usage (448224K) : topmetal1_res has 0 polygons
2026-04-11 05:20:13 +0200: Memory Usage (448224K) : topmetal1_iprobe has 0 polygons
2026-04-11 05:20:13 +0200: Memory Usage (448224K) : topmetal1_diffprb has 0 polygons
2026-04-11 05:20:13 +0200: Memory Usage (448224K) : inldpwl_drw has 0 polygons
2026-04-11 05:20:13 +0200: Memory Usage (448224K) : polyres_drw has 0 polygons
2026-04-11 05:20:13 +0200: Memory Usage (448224K) : polyres_pin has 0 polygons
2026-04-11 05:20:13 +0200: Memory Usage (448224K) : vmim_drw has 576 polygons
2026-04-11 05:20:13 +0200: Memory Usage (448224K) : nbulaycut_drw has 0 polygons
2026-04-11 05:20:13 +0200: Memory Usage (448224K) : antmetal1_drw has 0 polygons
2026-04-11 05:20:13 +0200: Memory Usage (448224K) : topvia2_drw has 0 polygons
2026-04-11 05:20:13 +0200: Memory Usage (448224K) : topmetal2_drw has 0 polygons
2026-04-11 05:20:13 +0200: Memory Usage (448224K) : topmetal2_filler has 0 polygons
2026-04-11 05:20:13 +0200: Memory Usage (448224K) : topmetal2_slit has 0 polygons
2026-04-11 05:20:13 +0200: Memory Usage (448224K) : topmetal2 has 0 polygons
2026-04-11 05:20:13 +0200: Memory Usage (448224K) : topmetal2_pin has 0 polygons
2026-04-11 05:20:13 +0200: Memory Usage (448224K) : topmetal2_mask has 0 polygons
2026-04-11 05:20:13 +0200: Memory Usage (448224K) : topmetal2_nofill has 0 polygons
2026-04-11 05:20:13 +0200: Memory Usage (448224K) : topmetal2_text has 0 polygons
2026-04-11 05:20:13 +0200: Memory Usage (448224K) : topmetal2_noqrc has 0 polygons
2026-04-11 05:20:13 +0200: Memory Usage (448224K) : topmetal2_res has 0 polygons
2026-04-11 05:20:13 +0200: Memory Usage (448224K) : topmetal2_iprobe has 0 polygons
2026-04-11 05:20:13 +0200: Memory Usage (448224K) : topmetal2_diffprb has 0 polygons
2026-04-11 05:20:13 +0200: Memory Usage (448224K) : snsring_drw has 0 polygons
2026-04-11 05:20:13 +0200: Memory Usage (448224K) : sensor_drw has 0 polygons
2026-04-11 05:20:13 +0200: Memory Usage (448224K) : snsarms_drw has 0 polygons
2026-04-11 05:20:13 +0200: Memory Usage (448224K) : snscmosvia_drw has 0 polygons
2026-04-11 05:20:13 +0200: Memory Usage (448224K) : colwind_drw has 0 polygons
2026-04-11 05:20:13 +0200: Memory Usage (448224K) : flm_drw has 0 polygons
2026-04-11 05:20:13 +0200: Memory Usage (448224K) : hafniumox_drw has 0 polygons
2026-04-11 05:20:13 +0200: Memory Usage (448224K) : memvia_drw has 0 polygons
2026-04-11 05:20:13 +0200: Memory Usage (448224K) : thinfilmres_drw has 0 polygons
2026-04-11 05:20:13 +0200: Memory Usage (448224K) : rfmem_drw has 0 polygons
2026-04-11 05:20:13 +0200: Memory Usage (448224K) : norcx_drw has 0 polygons
2026-04-11 05:20:13 +0200: Memory Usage (448224K) : norcx_m2m3 has 0 polygons
2026-04-11 05:20:13 +0200: Memory Usage (448224K) : norcx_m2m4 has 0 polygons
2026-04-11 05:20:13 +0200: Memory Usage (448224K) : norcx_m2m5 has 0 polygons
2026-04-11 05:20:13 +0200: Memory Usage (448224K) : norcx_m2tm1 has 0 polygons
2026-04-11 05:20:13 +0200: Memory Usage (448224K) : norcx_m2tm2 has 0 polygons
2026-04-11 05:20:13 +0200: Memory Usage (448224K) : norcx_m3m4 has 0 polygons
2026-04-11 05:20:13 +0200: Memory Usage (448224K) : norcx_m3m5 has 0 polygons
2026-04-11 05:20:13 +0200: Memory Usage (448224K) : norcx_m3tm1 has 0 polygons
2026-04-11 05:20:13 +0200: Memory Usage (448224K) : norcx_m3tm2 has 0 polygons
2026-04-11 05:20:13 +0200: Memory Usage (448224K) : norcx_m4m5 has 0 polygons
2026-04-11 05:20:13 +0200: Memory Usage (448224K) : norcx_m4tm1 has 0 polygons
2026-04-11 05:20:13 +0200: Memory Usage (448224K) : norcx_m4tm2 has 0 polygons
2026-04-11 05:20:13 +0200: Memory Usage (448224K) : norcx_m5tm1 has 0 polygons
2026-04-11 05:20:13 +0200: Memory Usage (448224K) : norcx_m5tm2 has 0 polygons
2026-04-11 05:20:13 +0200: Memory Usage (448224K) : norcx_tm1tm2 has 0 polygons
2026-04-11 05:20:13 +0200: Memory Usage (448224K) : norcx_m1sub has 0 polygons
2026-04-11 05:20:13 +0200: Memory Usage (448224K) : norcx_m2sub has 0 polygons
2026-04-11 05:20:13 +0200: Memory Usage (448224K) : norcx_m3sub has 0 polygons
2026-04-11 05:20:13 +0200: Memory Usage (448224K) : norcx_m4sub has 0 polygons
2026-04-11 05:20:13 +0200: Memory Usage (448224K) : norcx_m5sub has 0 polygons
2026-04-11 05:20:13 +0200: Memory Usage (448224K) : norcx_tm1sub has 0 polygons
2026-04-11 05:20:13 +0200: Memory Usage (448224K) : norcx_tm2sub has 0 polygons
2026-04-11 05:20:13 +0200: Memory Usage (448224K) : snsbotvia_drw has 0 polygons
2026-04-11 05:20:13 +0200: Memory Usage (448224K) : snstopvia_drw has 0 polygons
2026-04-11 05:20:13 +0200: Memory Usage (448224K) : deepvia_drw has 0 polygons
2026-04-11 05:20:13 +0200: Memory Usage (448224K) : fgetch_drw has 0 polygons
2026-04-11 05:20:13 +0200: Memory Usage (448224K) : ctrgat_drw has 0 polygons
2026-04-11 05:20:13 +0200: Memory Usage (448224K) : fgimp_drw has 0 polygons
2026-04-11 05:20:13 +0200: Memory Usage (448224K) : emwihv_drw has 0 polygons
2026-04-11 05:20:13 +0200: Memory Usage (448224K) : lbe_drw has 0 polygons
2026-04-11 05:20:14 +0200: Memory Usage (448224K) : alcustop_drw has 0 polygons
2026-04-11 05:20:14 +0200: Memory Usage (448224K) : nometfiller_drw has 0 polygons
2026-04-11 05:20:14 +0200: Memory Usage (448224K) : prboundary_drw has 0 polygons
2026-04-11 05:20:14 +0200: Memory Usage (448224K) : exchange0_drw has 0 polygons
2026-04-11 05:20:14 +0200: Memory Usage (448224K) : exchange0_pin has 0 polygons
2026-04-11 05:20:14 +0200: Memory Usage (448224K) : exchange0_text has 0 polygons
2026-04-11 05:20:14 +0200: Memory Usage (448224K) : exchange1_drw has 0 polygons
2026-04-11 05:20:14 +0200: Memory Usage (448224K) : exchange1_pin has 0 polygons
2026-04-11 05:20:14 +0200: Memory Usage (448224K) : exchange1_text has 0 polygons
2026-04-11 05:20:14 +0200: Memory Usage (448224K) : exchange2_drw has 0 polygons
2026-04-11 05:20:14 +0200: Memory Usage (448224K) : exchange2_pin has 0 polygons
2026-04-11 05:20:14 +0200: Memory Usage (448224K) : exchange2_text has 0 polygons
2026-04-11 05:20:14 +0200: Memory Usage (448224K) : exchange3_drw has 0 polygons
2026-04-11 05:20:14 +0200: Memory Usage (448224K) : exchange3_pin has 0 polygons
2026-04-11 05:20:14 +0200: Memory Usage (448224K) : exchange3_text has 0 polygons
2026-04-11 05:20:14 +0200: Memory Usage (448224K) : exchange4_drw has 0 polygons
2026-04-11 05:20:14 +0200: Memory Usage (448224K) : exchange4_pin has 0 polygons
2026-04-11 05:20:14 +0200: Memory Usage (448224K) : exchange4_text has 0 polygons
2026-04-11 05:20:14 +0200: Memory Usage (448224K) : isonwell_drw has 0 polygons
2026-04-11 05:20:14 +0200: Memory Usage (448224K) : Total no. of polygons in the design is 5692
2026-04-11 05:20:14 +0200: Memory Usage (448224K) : Starting base layers derivations
2026-04-11 05:20:14 +0200: Memory Usage (448224K) : Starting general LVS derivations
2026-04-11 05:20:14 +0200: Memory Usage (452704K) : Starting MOSFET DERIVATIONS
2026-04-11 05:20:14 +0200: Memory Usage (454880K) : Starting NMOS DERIVATIONS
2026-04-11 05:20:14 +0200: Memory Usage (455136K) : Starting PMOS DERIVATIONS
2026-04-11 05:20:14 +0200: Memory Usage (455264K) : Starting RF-MOSFET DERIVATIONS
2026-04-11 05:20:14 +0200: Memory Usage (455264K) : Starting RF-NMOS DERIVATIONS
2026-04-11 05:20:14 +0200: Memory Usage (455520K) : Starting RF-PMOS DERIVATIONS
2026-04-11 05:20:14 +0200: Memory Usage (455648K) : Starting BJT DERIVATIONS
2026-04-11 05:20:14 +0200: Memory Usage (455648K) : Starting NPN-BJT DERIVATIONS
2026-04-11 05:20:14 +0200: Memory Usage (448300K) : Starting PNP-BJT DERIVATIONS
2026-04-11 05:20:14 +0200: Memory Usage (448300K) : Starting DIODE DERIVATIONS
2026-04-11 05:20:14 +0200: Memory Usage (448300K) : Starting RESISTOR DERIVATIONS
2026-04-11 05:20:14 +0200: Memory Usage (448300K) : Starting CAP DERIVATIONS
2026-04-11 05:20:14 +0200: Memory Usage (448812K) : Starting ESD DERIVATIONS
2026-04-11 05:20:14 +0200: Memory Usage (450152K) : Starting Inductor DERIVATIONS
2026-04-11 05:20:14 +0200: Memory Usage (450152K) : Starting Taps DERIVATIONS
2026-04-11 05:20:14 +0200: Memory Usage (450152K) : Starting SG13G2 LVS connectivity setup
2026-04-11 05:20:14 +0200: Memory Usage (450152K) : Starting SG13G2 LVS connectivity setup (Inter-layer)
2026-04-11 05:20:14 +0200: Memory Usage (450664K) : Starting SG13G2 LVS connectivity setup (Global)
2026-04-11 05:20:14 +0200: Memory Usage (450664K) : Starting LVS MOSFET CONNECTIONS
2026-04-11 05:20:14 +0200: Memory Usage (450664K) : Starting LVS RF-MOSFET CONNECTIONS
2026-04-11 05:20:14 +0200: Memory Usage (450664K) : Starting LVS BJT CONNECTIONS
2026-04-11 05:20:14 +0200: Memory Usage (450664K) : Starting LVS DIODE CONNECTIONS
2026-04-11 05:20:14 +0200: Memory Usage (450664K) : Starting RESISTOR CONNECTIONS
2026-04-11 05:20:14 +0200: Memory Usage (450664K) : Starting LVS CAP CONNECTIONS
2026-04-11 05:20:14 +0200: Memory Usage (450664K) : Starting ESD CONNECTIONS
2026-04-11 05:20:14 +0200: Memory Usage (450664K) : Starting Inductor CONNECTIONS
2026-04-11 05:20:14 +0200: Memory Usage (450664K) : Starting LVS Taps CONNECTIONS
2026-04-11 05:20:14 +0200: Memory Usage (450664K) : Starting SG13G2 LVS DEVICES EXTRACTION
2026-04-11 05:20:14 +0200: Memory Usage (450664K) : Starting MOSFET EXTRACTION
2026-04-11 05:20:14 +0200: Memory Usage (450664K) : Starting NMOS EXTRACTION
2026-04-11 05:20:14 +0200: Memory Usage (450664K) : Extraction of NMOS-LV transistor
2026-04-11 05:20:14 +0200: Memory Usage (450920K) : Extraction of NMOS-HV transistor
2026-04-11 05:20:14 +0200: Memory Usage (451048K) : Starting PMOS EXTRACTION
2026-04-11 05:20:14 +0200: Memory Usage (451048K) : Extraction of PMOS-LV transistor
2026-04-11 05:20:14 +0200: Memory Usage (451048K) : Extraction of PMOS-HV transistor
2026-04-11 05:20:14 +0200: Memory Usage (451048K) : Starting RF-MOSFET EXTRACTION
2026-04-11 05:20:14 +0200: Memory Usage (451048K) : Extraction of RF-NMOS-LV transistor
2026-04-11 05:20:14 +0200: Memory Usage (451048K) : Extraction of RF-NMOS-HV transistor
2026-04-11 05:20:14 +0200: Memory Usage (451048K) : Extraction of RF-PMOS-LV transistor
2026-04-11 05:20:14 +0200: Memory Usage (451048K) : Extraction of RF-PMOS-HV transistor
2026-04-11 05:20:14 +0200: Memory Usage (451048K) : Starting BJT EXTRACTION
2026-04-11 05:20:14 +0200: Memory Usage (451048K) : Starting NPN-BJT EXTRACTION
2026-04-11 05:20:14 +0200: Memory Usage (451048K) : Extraction of npn13G2 BJT transistor
2026-04-11 05:20:14 +0200: Memory Usage (451048K) : Extraction of npn13G2L BJT transistor
2026-04-11 05:20:14 +0200: Memory Usage (451048K) : Extraction of npn13G2V BJT transistor
2026-04-11 05:20:14 +0200: Memory Usage (451048K) : Starting PNP-BJT EXTRACTION
2026-04-11 05:20:14 +0200: Memory Usage (451048K) : Extracting pnpMPA BJT
2026-04-11 05:20:14 +0200: Memory Usage (451048K) : Starting DIODE EXTRACTION
2026-04-11 05:20:14 +0200: Memory Usage (451048K) : Extracting dantenna diode
2026-04-11 05:20:14 +0200: Memory Usage (451048K) : Extracting dpantenna diode
2026-04-11 05:20:14 +0200: Memory Usage (451048K) : Extracting schottky_nbl1 diode
2026-04-11 05:20:14 +0200: Memory Usage (451048K) : Extracting isolbox diode
2026-04-11 05:20:14 +0200: Memory Usage (451048K) : Starting RESISTOR EXTRACTION
2026-04-11 05:20:14 +0200: Memory Usage (451048K) : Extracting rsil resistor
2026-04-11 05:20:14 +0200: Memory Usage (451048K) : Extracting rppd resistor
2026-04-11 05:20:14 +0200: Memory Usage (451048K) : Extracting rhigh resistor
2026-04-11 05:20:14 +0200: Memory Usage (451048K) : Extracting res_metal1 resistor
2026-04-11 05:20:14 +0200: Memory Usage (451176K) : Extracting res_metal2 resistor
2026-04-11 05:20:14 +0200: Memory Usage (451176K) : Extracting res_metal3 resistor
2026-04-11 05:20:14 +0200: Memory Usage (451176K) : Extracting res_metal4 resistor
2026-04-11 05:20:14 +0200: Memory Usage (451176K) : Extracting res_metal5 resistor
2026-04-11 05:20:14 +0200: Memory Usage (451176K) : Extracting res_topmetal1 resistor
2026-04-11 05:20:14 +0200: Memory Usage (451176K) : Extracting res_topmetal2 resistor
2026-04-11 05:20:14 +0200: Memory Usage (451176K) : Starting CAP EXTRACTION
2026-04-11 05:20:14 +0200: Memory Usage (451176K) : Extracting cap_cmim device
2026-04-11 05:20:14 +0200: Memory Usage (451176K) : Extracting rfcmim device
2026-04-11 05:20:14 +0200: Memory Usage (451176K) : Extracting sg13_hv_svaricap varactor
2026-04-11 05:20:14 +0200: Memory Usage (451176K) : Starting ESD EXTRACTION
2026-04-11 05:20:14 +0200: Memory Usage (451176K) : Extracting diodevdd_2kv ESD device
2026-04-11 05:20:14 +0200: Memory Usage (451176K) : Extracting diodevdd_4kv ESD device
2026-04-11 05:20:14 +0200: Memory Usage (451176K) : Extracting diodevss_2kv ESD device
2026-04-11 05:20:14 +0200: Memory Usage (451176K) : Extracting diodevss_4kv ESD device
2026-04-11 05:20:14 +0200: Memory Usage (451176K) : Extracting idiodevdd_2kv ESD device
2026-04-11 05:20:14 +0200: Memory Usage (451176K) : Extracting idiodevdd_4kv ESD device
2026-04-11 05:20:14 +0200: Memory Usage (451176K) : Extracting idiodevss_2kv ESD device
2026-04-11 05:20:14 +0200: Memory Usage (451176K) : Extracting idiodevss_4kv ESD device
2026-04-11 05:20:14 +0200: Memory Usage (451176K) : Extracting nmoscl_2 ESD device
2026-04-11 05:20:14 +0200: Memory Usage (451176K) : Extracting nmoscl_4 ESD device
2026-04-11 05:20:14 +0200: Memory Usage (451176K) : Starting Inductor EXTRACTION
2026-04-11 05:20:14 +0200: Memory Usage (451176K) : Extracting Inductor2 device
2026-04-11 05:20:14 +0200: Memory Usage (451176K) : Extracting Inductor3 device
2026-04-11 05:20:14 +0200: Memory Usage (451176K) : Starting Taps EXTRACTION
2026-04-11 05:20:14 +0200: Memory Usage (451176K) : Extracting ntap1 device
2026-04-11 05:20:14 +0200: Memory Usage (451176K) : Extracting ptap1 device
2026-04-11 05:20:14 +0200: Memory Usage (451176K) : Starting SG13G2 LVS RF MOS Model Mapping
2026-04-11 05:20:15 +0200: Memory Usage (451176K) : [layout_netlist] Apply RF MOS model mapping and rfmode parameter.
2026-04-11 05:20:15 +0200: Memory Usage (451176K) : Starting SG13G2 LVS Options Preparations
2026-04-11 05:20:15 +0200: Memory Usage (451176K) : SG13G2 LVS flow: extraction -> alignment -> option preparation -> comparison.
2026-04-11 05:20:15 +0200: Memory Usage (451176K) : Starting SG13G2 LVS Alignment
2026-04-11 05:20:15 +0200: Memory Usage (451304K) : Starting SG13G2 LVS Simplification
2026-04-11 05:20:15 +0200: Memory Usage (451304K) : [layout_netlist] simplify: ENABLED
2026-04-11 05:20:15 +0200: Memory Usage (451304K) : [layout_netlist] make_top_level_pins: SKIPPED
2026-04-11 05:20:15 +0200: Memory Usage (451304K) : [layout_netlist] combine_devices: SKIPPED
2026-04-11 05:20:15 +0200: Memory Usage (451304K) : [layout_netlist] purge: SKIPPED
2026-04-11 05:20:15 +0200: Memory Usage (451304K) : [layout_netlist] purge_nets: SKIPPED
2026-04-11 05:20:15 +0200: Memory Usage (451304K) : [schematic_netlist] simplify: ENABLED
2026-04-11 05:20:15 +0200: Memory Usage (451304K) : [schematic_netlist] make_top_level_pins: SKIPPED
2026-04-11 05:20:15 +0200: Memory Usage (451304K) : [schematic_netlist] combine_devices: SKIPPED
2026-04-11 05:20:15 +0200: Memory Usage (451304K) : [schematic_netlist] purge: SKIPPED
2026-04-11 05:20:15 +0200: Memory Usage (451304K) : [schematic_netlist] purge_nets: SKIPPED
2026-04-11 05:20:15 +0200: Memory Usage (451304K) : Starting SG13G2 LVS Comparison in strict port mode.
2026-04-11 05:20:15 +0200: Memory Usage (451304K) : flag_missing_ports enabled: missing/mislabeled top-level ports are treated as errors.
2026-04-11 05:20:15 +0200: Memory Usage (451432K) : xxxxxxxxxxxxxxxxxxxxxxxxxxxxxxxxxxxxxxxxxx
2026-04-11 05:20:15 +0200: Memory Usage (451432K) : ERROR : Netlists don't match
2026-04-11 05:20:15 +0200: Memory Usage (451432K) : xxxxxxxxxxxxxxxxxxxxxxxxxxxxxxxxxxxxxxxxxx
2026-04-11 05:20:15 +0200: Memory Usage (451432K) : LVS Total Run time 1.822341 seconds
