# Logfile created on 2026-04-11 04:12:59 +0200 by logger.rb/v1.4.3
2026-04-11 04:12:59 +0200: Memory Usage (428576K) : Starting running SG13G2 Klayout LVS runset on /home/designer/shared/frac-n-pll-vco-unic_cass/layout/LC_VCO.gds
2026-04-11 04:12:59 +0200: Memory Usage (428576K) : Ruby Version for klayout: 3.0.2
2026-04-11 04:12:59 +0200: Memory Usage (429728K) : Loading database to memory is complete.
2026-04-11 04:12:59 +0200: Memory Usage (429728K) : SG13G2 Klayout LVS runset output at: /home/designer/shared/frac-n-pll-vco-unic_cass/lvs_run_LC_VCO_2026_04_11_04_12_57/LC_VCO.lvsdb
2026-04-11 04:12:59 +0200: Memory Usage (429728K) : Evaluate switches.
2026-04-11 04:12:59 +0200: Memory Usage (429728K) : Extracted netlist with net names: true
2026-04-11 04:12:59 +0200: Memory Usage (429728K) : Extracted netlist with comments in details: false
2026-04-11 04:12:59 +0200: Memory Usage (429728K) : Selected NET_ONLY option: false
2026-04-11 04:12:59 +0200: Memory Usage (429728K) : Selected LAYOUT_NETLIST option: (none)
2026-04-11 04:12:59 +0200: Memory Usage (429728K) : Selected IGNORE_TOP_PORTS_MISMATCH option: 
2026-04-11 04:12:59 +0200: Memory Usage (429728K) : Selected IMPLICIT_NETS option: (none)
2026-04-11 04:12:59 +0200: Memory Usage (429728K) : Selected TOP_LVL_PINS option: false
2026-04-11 04:12:59 +0200: Memory Usage (429728K) : Selected COMBINE DEVICES option: false
2026-04-11 04:12:59 +0200: Memory Usage (429728K) : Selected PURGE option: false
2026-04-11 04:12:59 +0200: Memory Usage (429728K) : Selected PURGE_NETS option: false
2026-04-11 04:12:59 +0200: Memory Usage (429728K) : Selected SIMPLIFY option: true
2026-04-11 04:12:59 +0200: Memory Usage (429728K) : Selected SERIES_RES option: true
2026-04-11 04:12:59 +0200: Memory Usage (429728K) : Selected PARALLEL_RES option: true
2026-04-11 04:12:59 +0200: Memory Usage (429728K) : flat  mode is enabled.
2026-04-11 04:12:59 +0200: Memory Usage (430752K) : Netlist file: /home/designer/shared/frac-n-pll-vco-unic_cass/schematic/lc-vco/simulations/LC_VCO.spice
2026-04-11 04:12:59 +0200: Memory Usage (430752K) : LVS extracted netlist at: /home/designer/shared/frac-n-pll-vco-unic_cass/lvs_run_LC_VCO_2026_04_11_04_12_57/LC_VCO_extracted.cir
2026-04-11 04:12:59 +0200: Memory Usage (430752K) : Applying SRAM integration support.
2026-04-11 04:12:59 +0200: Memory Usage (430752K) : Starting SG13G2 LVS runset
2026-04-11 04:12:59 +0200: Memory Usage (430752K) : Read in polygons from layers.
2026-04-11 04:12:59 +0200: Memory Usage (431904K) : activ_drw has 26 polygons
2026-04-11 04:12:59 +0200: Memory Usage (431904K) : activ_filler has 0 polygons
2026-04-11 04:12:59 +0200: Memory Usage (431904K) : activ has 26 polygons
2026-04-11 04:12:59 +0200: Memory Usage (431904K) : activ_pin has 0 polygons
2026-04-11 04:12:59 +0200: Memory Usage (431904K) : activ_mask has 0 polygons
2026-04-11 04:12:59 +0200: Memory Usage (431904K) : activ_nofill has 1 polygons
2026-04-11 04:12:59 +0200: Memory Usage (431904K) : activ_OPC has 0 polygons
2026-04-11 04:12:59 +0200: Memory Usage (432160K) : activ_iOPC has 0 polygons
2026-04-11 04:12:59 +0200: Memory Usage (432160K) : activ_noqrc has 1 polygons
2026-04-11 04:12:59 +0200: Memory Usage (432160K) : biwind_drw has 0 polygons
2026-04-11 04:12:59 +0200: Memory Usage (432160K) : biwind_OPC has 0 polygons
2026-04-11 04:12:59 +0200: Memory Usage (432288K) : gatpoly_drw has 14 polygons
2026-04-11 04:12:59 +0200: Memory Usage (432416K) : gatpoly_filler has 0 polygons
2026-04-11 04:12:59 +0200: Memory Usage (432544K) : gatpoly has 14 polygons
2026-04-11 04:12:59 +0200: Memory Usage (432672K) : gatpoly_pin has 6 polygons
2026-04-11 04:12:59 +0200: Memory Usage (432800K) : gatpoly_nofill has 1 polygons
2026-04-11 04:12:59 +0200: Memory Usage (432928K) : gatpoly_OPC has 0 polygons
2026-04-11 04:12:59 +0200: Memory Usage (433056K) : gatpoly_iOPC has 0 polygons
2026-04-11 04:12:59 +0200: Memory Usage (433184K) : gatpoly_noqrc has 0 polygons
2026-04-11 04:12:59 +0200: Memory Usage (433952K) : cont_drw has 3865 polygons
2026-04-11 04:12:59 +0200: Memory Usage (433952K) : cont_OPC has 0 polygons
2026-04-11 04:12:59 +0200: Memory Usage (433952K) : nsd_drw has 0 polygons
2026-04-11 04:12:59 +0200: Memory Usage (433952K) : nsd_block has 0 polygons
2026-04-11 04:12:59 +0200: Memory Usage (434208K) : metal1_drw has 45 polygons
2026-04-11 04:12:59 +0200: Memory Usage (434208K) : metal1_filler has 0 polygons
2026-04-11 04:12:59 +0200: Memory Usage (434208K) : metal1_slit has 0 polygons
2026-04-11 04:12:59 +0200: Memory Usage (434336K) : metal1 has 45 polygons
2026-04-11 04:12:59 +0200: Memory Usage (434464K) : metal1_pin has 25 polygons
2026-04-11 04:12:59 +0200: Memory Usage (434592K) : metal1_mask has 0 polygons
2026-04-11 04:12:59 +0200: Memory Usage (434720K) : metal1_nofill has 1 polygons
2026-04-11 04:12:59 +0200: Memory Usage (434848K) : metal1_text has 4 polygons
2026-04-11 04:12:59 +0200: Memory Usage (434976K) : metal1_OPC has 0 polygons
2026-04-11 04:12:59 +0200: Memory Usage (435104K) : metal1_noqrc has 1 polygons
2026-04-11 04:12:59 +0200: Memory Usage (435232K) : metal1_res has 0 polygons
2026-04-11 04:12:59 +0200: Memory Usage (435360K) : metal1_iprobe has 0 polygons
2026-04-11 04:12:59 +0200: Memory Usage (435488K) : metal1_diffprb has 0 polygons
2026-04-11 04:12:59 +0200: Memory Usage (435616K) : passiv_drw has 0 polygons
2026-04-11 04:12:59 +0200: Memory Usage (435744K) : passiv_pin has 0 polygons
2026-04-11 04:12:59 +0200: Memory Usage (435872K) : passiv_sbump has 0 polygons
2026-04-11 04:12:59 +0200: Memory Usage (436000K) : passiv_pillar has 0 polygons
2026-04-11 04:12:59 +0200: Memory Usage (436128K) : passiv_pdl has 0 polygons
2026-04-11 04:12:59 +0200: Memory Usage (436256K) : metal2_drw has 13 polygons
2026-04-11 04:12:59 +0200: Memory Usage (436384K) : metal2_filler has 0 polygons
2026-04-11 04:12:59 +0200: Memory Usage (436512K) : metal2_slit has 0 polygons
2026-04-11 04:12:59 +0200: Memory Usage (436640K) : metal2 has 13 polygons
2026-04-11 04:12:59 +0200: Memory Usage (436768K) : metal2_pin has 5 polygons
2026-04-11 04:12:59 +0200: Memory Usage (436896K) : metal2_mask has 0 polygons
2026-04-11 04:12:59 +0200: Memory Usage (437024K) : metal2_nofill has 1 polygons
2026-04-11 04:12:59 +0200: Memory Usage (437152K) : metal2_text has 5 polygons
2026-04-11 04:12:59 +0200: Memory Usage (437280K) : metal2_OPC has 0 polygons
2026-04-11 04:12:59 +0200: Memory Usage (437280K) : metal2_noqrc has 1 polygons
2026-04-11 04:12:59 +0200: Memory Usage (437408K) : metal2_res has 0 polygons
2026-04-11 04:12:59 +0200: Memory Usage (437536K) : metal2_iprobe has 0 polygons
2026-04-11 04:12:59 +0200: Memory Usage (437664K) : metal2_diffprb has 0 polygons
2026-04-11 04:12:59 +0200: Memory Usage (437792K) : baspoly_drw has 0 polygons
2026-04-11 04:12:59 +0200: Memory Usage (437920K) : baspoly_pin has 0 polygons
2026-04-11 04:12:59 +0200: Memory Usage (438048K) : psd_drw has 15 polygons
2026-04-11 04:12:59 +0200: Memory Usage (438176K) : nldb_drw has 0 polygons
2026-04-11 04:12:59 +0200: Memory Usage (438304K) : digibnd_drw has 0 polygons
2026-04-11 04:12:59 +0200: Memory Usage (438432K) : via1_drw has 46 polygons
2026-04-11 04:12:59 +0200: Memory Usage (438560K) : backmetal1_drw has 0 polygons
2026-04-11 04:12:59 +0200: Memory Usage (438816K) : backmetal1_pin has 0 polygons
2026-04-11 04:12:59 +0200: Memory Usage (438944K) : backmetal1_mask has 0 polygons
2026-04-11 04:12:59 +0200: Memory Usage (438944K) : backmetal1_filler has 0 polygons
2026-04-11 04:12:59 +0200: Memory Usage (439072K) : backmetal1_nofill has 0 polygons
2026-04-11 04:12:59 +0200: Memory Usage (439200K) : backmetal1_slit has 0 polygons
2026-04-11 04:12:59 +0200: Memory Usage (439328K) : backmetal1_text has 0 polygons
2026-04-11 04:12:59 +0200: Memory Usage (439456K) : backmetal1_OPC has 0 polygons
2026-04-11 04:12:59 +0200: Memory Usage (439584K) : backmetal1_noqrc has 0 polygons
2026-04-11 04:12:59 +0200: Memory Usage (439712K) : backmetal1_res has 0 polygons
2026-04-11 04:12:59 +0200: Memory Usage (439840K) : backmetal1_iprobe has 0 polygons
2026-04-11 04:12:59 +0200: Memory Usage (439968K) : backmetal1_diffprb has 0 polygons
2026-04-11 04:12:59 +0200: Memory Usage (440096K) : backpassiv_drw has 0 polygons
2026-04-11 04:12:59 +0200: Memory Usage (440224K) : res_drw has 0 polygons
2026-04-11 04:12:59 +0200: Memory Usage (440352K) : sram_drw has 0 polygons
2026-04-11 04:12:59 +0200: Memory Usage (440480K) : trans_drw has 0 polygons
2026-04-11 04:12:59 +0200: Memory Usage (440608K) : ind_drw has 2 polygons
2026-04-11 04:12:59 +0200: Memory Usage (440736K) : ind_pin has 2 polygons
2026-04-11 04:12:59 +0200: Memory Usage (440736K) : ind_text has 0 polygons
2026-04-11 04:12:59 +0200: Memory Usage (440864K) : salblock_drw has 0 polygons
2026-04-11 04:12:59 +0200: Memory Usage (440992K) : via2_drw has 134 polygons
2026-04-11 04:12:59 +0200: Memory Usage (441120K) : metal3_drw has 4 polygons
2026-04-11 04:12:59 +0200: Memory Usage (441248K) : metal3_filler has 0 polygons
2026-04-11 04:12:59 +0200: Memory Usage (441376K) : metal3_slit has 0 polygons
2026-04-11 04:12:59 +0200: Memory Usage (441504K) : metal3 has 4 polygons
2026-04-11 04:12:59 +0200: Memory Usage (441632K) : metal3_pin has 0 polygons
2026-04-11 04:12:59 +0200: Memory Usage (441760K) : metal3_mask has 0 polygons
2026-04-11 04:12:59 +0200: Memory Usage (441888K) : metal3_nofill has 1 polygons
2026-04-11 04:12:59 +0200: Memory Usage (442016K) : metal3_text has 0 polygons
2026-04-11 04:12:59 +0200: Memory Usage (442144K) : metal3_OPC has 0 polygons
2026-04-11 04:12:59 +0200: Memory Usage (442272K) : metal3_noqrc has 1 polygons
2026-04-11 04:12:59 +0200: Memory Usage (442400K) : metal3_res has 0 polygons
2026-04-11 04:12:59 +0200: Memory Usage (442528K) : metal3_iprobe has 0 polygons
2026-04-11 04:12:59 +0200: Memory Usage (442656K) : metal3_diffprb has 0 polygons
2026-04-11 04:12:59 +0200: Memory Usage (442656K) : nwell_drw has 7 polygons
2026-04-11 04:12:59 +0200: Memory Usage (442784K) : nwell_pin has 0 polygons
2026-04-11 04:12:59 +0200: Memory Usage (442784K) : nwell_text has 0 polygons
2026-04-11 04:12:59 +0200: Memory Usage (442912K) : nbulay_drw has 2 polygons
2026-04-11 04:12:59 +0200: Memory Usage (443040K) : nbulay_pin has 0 polygons
2026-04-11 04:12:59 +0200: Memory Usage (443168K) : nbulay_block has 0 polygons
2026-04-11 04:12:59 +0200: Memory Usage (443296K) : emwind_drw has 0 polygons
2026-04-11 04:12:59 +0200: Memory Usage (443424K) : emwind_OPC has 0 polygons
2026-04-11 04:12:59 +0200: Memory Usage (443680K) : deepco_drw has 0 polygons
2026-04-11 04:12:59 +0200: Memory Usage (443808K) : mim_drw has 1 polygons
2026-04-11 04:12:59 +0200: Memory Usage (443936K) : edgeseal_drw has 0 polygons
2026-04-11 04:12:59 +0200: Memory Usage (444064K) : substrate_drw has 7 polygons
2026-04-11 04:12:59 +0200: Memory Usage (444064K) : substrate_text has 0 polygons
2026-04-11 04:12:59 +0200: Memory Usage (444192K) : dfpad_drw has 0 polygons
2026-04-11 04:12:59 +0200: Memory Usage (444320K) : dfpad_pillar has 0 polygons
2026-04-11 04:12:59 +0200: Memory Usage (444448K) : dfpad_sbump has 0 polygons
2026-04-11 04:12:59 +0200: Memory Usage (444576K) : thickgateox_drw has 0 polygons
2026-04-11 04:12:59 +0200: Memory Usage (444704K) : pldb_drw has 0 polygons
2026-04-11 04:12:59 +0200: Memory Usage (444832K) : pwell_drw has 0 polygons
2026-04-11 04:12:59 +0200: Memory Usage (444960K) : pwell_pin has 0 polygons
2026-04-11 04:12:59 +0200: Memory Usage (445088K) : pwell_block has 1 polygons
2026-04-11 04:12:59 +0200: Memory Usage (445216K) : ic_drw has 0 polygons
2026-04-11 04:12:59 +0200: Memory Usage (445344K) : via3_drw has 134 polygons
2026-04-11 04:12:59 +0200: Memory Usage (445472K) : metal4_drw has 4 polygons
2026-04-11 04:12:59 +0200: Memory Usage (445728K) : metal4_filler has 0 polygons
2026-04-11 04:12:59 +0200: Memory Usage (445856K) : metal4_slit has 0 polygons
2026-04-11 04:12:59 +0200: Memory Usage (445984K) : metal4 has 4 polygons
2026-04-11 04:12:59 +0200: Memory Usage (445984K) : metal4_pin has 0 polygons
2026-04-11 04:12:59 +0200: Memory Usage (446240K) : metal4_mask has 0 polygons
2026-04-11 04:12:59 +0200: Memory Usage (446368K) : metal4_nofill has 1 polygons
2026-04-11 04:12:59 +0200: Memory Usage (446368K) : metal4_text has 0 polygons
2026-04-11 04:12:59 +0200: Memory Usage (446496K) : metal4_OPC has 0 polygons
2026-04-11 04:12:59 +0200: Memory Usage (446624K) : metal4_noqrc has 1 polygons
2026-04-11 04:12:59 +0200: Memory Usage (446752K) : metal4_res has 0 polygons
2026-04-11 04:12:59 +0200: Memory Usage (446880K) : metal4_iprobe has 0 polygons
2026-04-11 04:12:59 +0200: Memory Usage (447008K) : metal4_diffprb has 0 polygons
2026-04-11 04:12:59 +0200: Memory Usage (447136K) : heattrans_drw has 99 polygons
2026-04-11 04:12:59 +0200: Memory Usage (447264K) : heatres_drw has 0 polygons
2026-04-11 04:12:59 +0200: Memory Usage (447392K) : fbe_drw has 0 polygons
2026-04-11 04:12:59 +0200: Memory Usage (447520K) : empoly_drw has 0 polygons
2026-04-11 04:12:59 +0200: Memory Usage (447648K) : digisub_drw has 0 polygons
2026-04-11 04:12:59 +0200: Memory Usage (447776K) : text_drw has 18 polygons
2026-04-11 04:12:59 +0200: Memory Usage (447776K) : via4_drw has 134 polygons
2026-04-11 04:12:59 +0200: Memory Usage (447776K) : metal5_drw has 4 polygons
2026-04-11 04:12:59 +0200: Memory Usage (447776K) : metal5_filler has 0 polygons
2026-04-11 04:12:59 +0200: Memory Usage (447904K) : metal5_slit has 0 polygons
2026-04-11 04:12:59 +0200: Memory Usage (448032K) : metal5 has 4 polygons
2026-04-11 04:12:59 +0200: Memory Usage (448160K) : metal5_pin has 1 polygons
2026-04-11 04:12:59 +0200: Memory Usage (448288K) : metal5_mask has 0 polygons
2026-04-11 04:12:59 +0200: Memory Usage (448416K) : metal5_nofill has 1 polygons
2026-04-11 04:12:59 +0200: Memory Usage (448416K) : metal5_text has 0 polygons
2026-04-11 04:12:59 +0200: Memory Usage (448544K) : metal5_OPC has 0 polygons
2026-04-11 04:12:59 +0200: Memory Usage (448672K) : metal5_noqrc has 1 polygons
2026-04-11 04:12:59 +0200: Memory Usage (448800K) : metal5_res has 0 polygons
2026-04-11 04:12:59 +0200: Memory Usage (449056K) : metal5_iprobe has 0 polygons
2026-04-11 04:12:59 +0200: Memory Usage (449056K) : metal5_diffprb has 0 polygons
2026-04-11 04:12:59 +0200: Memory Usage (449312K) : radhard_drw has 0 polygons
2026-04-11 04:12:59 +0200: Memory Usage (449440K) : memcap_drw has 0 polygons
2026-04-11 04:12:59 +0200: Memory Usage (449568K) : varicap_drw has 0 polygons
2026-04-11 04:12:59 +0200: Memory Usage (449696K) : intbondvia_drw has 0 polygons
2026-04-11 04:12:59 +0200: Memory Usage (449824K) : intbondmet_drw has 0 polygons
2026-04-11 04:12:59 +0200: Memory Usage (449952K) : devbondvia_drw has 0 polygons
2026-04-11 04:12:59 +0200: Memory Usage (450080K) : devbondmet_drw has 0 polygons
2026-04-11 04:12:59 +0200: Memory Usage (450208K) : devtrench_drw has 0 polygons
2026-04-11 04:12:59 +0200: Memory Usage (450336K) : redist_drw has 0 polygons
2026-04-11 04:12:59 +0200: Memory Usage (450464K) : graphbot_drw has 0 polygons
2026-04-11 04:12:59 +0200: Memory Usage (450592K) : graphtop_drw has 0 polygons
2026-04-11 04:12:59 +0200: Memory Usage (450720K) : antvia1_drw has 0 polygons
2026-04-11 04:12:59 +0200: Memory Usage (450848K) : antmetal2_drw has 0 polygons
2026-04-11 04:12:59 +0200: Memory Usage (450976K) : graphcont_drw has 0 polygons
2026-04-11 04:12:59 +0200: Memory Usage (451104K) : siwg_drw has 0 polygons
2026-04-11 04:12:59 +0200: Memory Usage (451232K) : siwg_filler has 0 polygons
2026-04-11 04:12:59 +0200: Memory Usage (451360K) : siwg_nofill has 0 polygons
2026-04-11 04:12:59 +0200: Memory Usage (451488K) : sigrating_drw has 0 polygons
2026-04-11 04:12:59 +0200: Memory Usage (451616K) : singrating_drw has 0 polygons
2026-04-11 04:12:59 +0200: Memory Usage (451744K) : graphpas_drw has 0 polygons
2026-04-11 04:12:59 +0200: Memory Usage (451872K) : emwind3_drw has 0 polygons
2026-04-11 04:13:00 +0200: Memory Usage (446476K) : emwihv3_drw has 0 polygons
2026-04-11 04:13:00 +0200: Memory Usage (446476K) : redbulay_drw has 0 polygons
2026-04-11 04:13:00 +0200: Memory Usage (446476K) : smos_drw has 0 polygons
2026-04-11 04:13:00 +0200: Memory Usage (446476K) : graphpad_drw has 0 polygons
2026-04-11 04:13:00 +0200: Memory Usage (446476K) : polimide_drw has 0 polygons
2026-04-11 04:13:00 +0200: Memory Usage (446476K) : polimide_pin has 0 polygons
2026-04-11 04:13:00 +0200: Memory Usage (446476K) : recog_drw has 0 polygons
2026-04-11 04:13:00 +0200: Memory Usage (446476K) : recog_pin has 0 polygons
2026-04-11 04:13:00 +0200: Memory Usage (446476K) : recog_esd has 0 polygons
2026-04-11 04:13:00 +0200: Memory Usage (446476K) : recog_diode has 0 polygons
2026-04-11 04:13:00 +0200: Memory Usage (446476K) : recog_tsv has 0 polygons
2026-04-11 04:13:00 +0200: Memory Usage (446476K) : recog_iprobe has 0 polygons
2026-04-11 04:13:00 +0200: Memory Usage (446476K) : recog_diffprb has 0 polygons
2026-04-11 04:13:00 +0200: Memory Usage (446476K) : recog_pillar has 0 polygons
2026-04-11 04:13:00 +0200: Memory Usage (446476K) : recog_sbump has 0 polygons
2026-04-11 04:13:00 +0200: Memory Usage (446476K) : recog_otp has 0 polygons
2026-04-11 04:13:00 +0200: Memory Usage (446476K) : recog_pdiode has 0 polygons
2026-04-11 04:13:00 +0200: Memory Usage (446476K) : recog_mom has 0 polygons
2026-04-11 04:13:00 +0200: Memory Usage (446476K) : recog_pcm has 0 polygons
2026-04-11 04:13:00 +0200: Memory Usage (446476K) : colopen_drw has 0 polygons
2026-04-11 04:13:00 +0200: Memory Usage (446476K) : graphmetal1_drw has 0 polygons
2026-04-11 04:13:00 +0200: Memory Usage (446476K) : graphmetal1_filler has 0 polygons
2026-04-11 04:13:00 +0200: Memory Usage (446476K) : graphmetal1_nofill has 0 polygons
2026-04-11 04:13:00 +0200: Memory Usage (446476K) : graphmetal1_slit has 0 polygons
2026-04-11 04:13:00 +0200: Memory Usage (446476K) : graphmetal1_OPC has 0 polygons
2026-04-11 04:13:00 +0200: Memory Usage (446476K) : graphmet1l_drw has 0 polygons
2026-04-11 04:13:00 +0200: Memory Usage (446476K) : graphmet1l_filler has 0 polygons
2026-04-11 04:13:00 +0200: Memory Usage (446476K) : graphmet1l_nofill has 0 polygons
2026-04-11 04:13:00 +0200: Memory Usage (446476K) : graphmet1l_slit has 0 polygons
2026-04-11 04:13:00 +0200: Memory Usage (446476K) : graphmet1l_OPC has 0 polygons
2026-04-11 04:13:00 +0200: Memory Usage (446476K) : extblock_drw has 0 polygons
2026-04-11 04:13:00 +0200: Memory Usage (446476K) : nldd_drw has 0 polygons
2026-04-11 04:13:00 +0200: Memory Usage (446476K) : pldd_drw has 0 polygons
2026-04-11 04:13:00 +0200: Memory Usage (446476K) : next_drw has 0 polygons
2026-04-11 04:13:00 +0200: Memory Usage (446476K) : pext_drw has 0 polygons
2026-04-11 04:13:00 +0200: Memory Usage (446476K) : nexthv_drw has 0 polygons
2026-04-11 04:13:00 +0200: Memory Usage (446476K) : pexthv_drw has 0 polygons
2026-04-11 04:13:00 +0200: Memory Usage (446476K) : graphgate_drw has 0 polygons
2026-04-11 04:13:00 +0200: Memory Usage (446476K) : sinwg_drw has 0 polygons
2026-04-11 04:13:00 +0200: Memory Usage (446476K) : sinwg_filler has 0 polygons
2026-04-11 04:13:00 +0200: Memory Usage (446476K) : sinwg_nofill has 0 polygons
2026-04-11 04:13:00 +0200: Memory Usage (446476K) : mempad_drw has 0 polygons
2026-04-11 04:13:00 +0200: Memory Usage (446476K) : topvia1_drw has 129 polygons
2026-04-11 04:13:00 +0200: Memory Usage (446476K) : topmetal1_drw has 5 polygons
2026-04-11 04:13:00 +0200: Memory Usage (446476K) : topmetal1_filler has 0 polygons
2026-04-11 04:13:00 +0200: Memory Usage (446476K) : topmetal1_slit has 0 polygons
2026-04-11 04:13:00 +0200: Memory Usage (446476K) : topmetal1 has 5 polygons
2026-04-11 04:13:00 +0200: Memory Usage (446476K) : topmetal1_pin has 1 polygons
2026-04-11 04:13:00 +0200: Memory Usage (446476K) : topmetal1_mask has 0 polygons
2026-04-11 04:13:00 +0200: Memory Usage (446476K) : topmetal1_nofill has 1 polygons
2026-04-11 04:13:00 +0200: Memory Usage (446476K) : topmetal1_text has 0 polygons
2026-04-11 04:13:00 +0200: Memory Usage (446476K) : topmetal1_noqrc has 1 polygons
2026-04-11 04:13:00 +0200: Memory Usage (446476K) : topmetal1_res has 0 polygons
2026-04-11 04:13:00 +0200: Memory Usage (446476K) : topmetal1_iprobe has 0 polygons
2026-04-11 04:13:00 +0200: Memory Usage (446476K) : topmetal1_diffprb has 0 polygons
2026-04-11 04:13:00 +0200: Memory Usage (446476K) : inldpwl_drw has 0 polygons
2026-04-11 04:13:00 +0200: Memory Usage (446476K) : polyres_drw has 0 polygons
2026-04-11 04:13:00 +0200: Memory Usage (446476K) : polyres_pin has 0 polygons
2026-04-11 04:13:00 +0200: Memory Usage (446476K) : vmim_drw has 576 polygons
2026-04-11 04:13:00 +0200: Memory Usage (446476K) : nbulaycut_drw has 0 polygons
2026-04-11 04:13:00 +0200: Memory Usage (446476K) : antmetal1_drw has 0 polygons
2026-04-11 04:13:00 +0200: Memory Usage (446476K) : topvia2_drw has 488 polygons
2026-04-11 04:13:00 +0200: Memory Usage (446476K) : topmetal2_drw has 3 polygons
2026-04-11 04:13:00 +0200: Memory Usage (446476K) : topmetal2_filler has 0 polygons
2026-04-11 04:13:00 +0200: Memory Usage (446476K) : topmetal2_slit has 0 polygons
2026-04-11 04:13:00 +0200: Memory Usage (446476K) : topmetal2 has 3 polygons
2026-04-11 04:13:00 +0200: Memory Usage (446476K) : topmetal2_pin has 0 polygons
2026-04-11 04:13:00 +0200: Memory Usage (446476K) : topmetal2_mask has 0 polygons
2026-04-11 04:13:00 +0200: Memory Usage (446476K) : topmetal2_nofill has 1 polygons
2026-04-11 04:13:00 +0200: Memory Usage (446476K) : topmetal2_text has 0 polygons
2026-04-11 04:13:00 +0200: Memory Usage (446476K) : topmetal2_noqrc has 0 polygons
2026-04-11 04:13:00 +0200: Memory Usage (446476K) : topmetal2_res has 0 polygons
2026-04-11 04:13:00 +0200: Memory Usage (446476K) : topmetal2_iprobe has 0 polygons
2026-04-11 04:13:00 +0200: Memory Usage (446476K) : topmetal2_diffprb has 0 polygons
2026-04-11 04:13:00 +0200: Memory Usage (446476K) : snsring_drw has 0 polygons
2026-04-11 04:13:00 +0200: Memory Usage (446476K) : sensor_drw has 0 polygons
2026-04-11 04:13:00 +0200: Memory Usage (446476K) : snsarms_drw has 0 polygons
2026-04-11 04:13:00 +0200: Memory Usage (446476K) : snscmosvia_drw has 0 polygons
2026-04-11 04:13:00 +0200: Memory Usage (446476K) : colwind_drw has 0 polygons
2026-04-11 04:13:00 +0200: Memory Usage (446476K) : flm_drw has 0 polygons
2026-04-11 04:13:00 +0200: Memory Usage (446476K) : hafniumox_drw has 0 polygons
2026-04-11 04:13:00 +0200: Memory Usage (446476K) : memvia_drw has 0 polygons
2026-04-11 04:13:00 +0200: Memory Usage (446476K) : thinfilmres_drw has 0 polygons
2026-04-11 04:13:00 +0200: Memory Usage (446476K) : rfmem_drw has 0 polygons
2026-04-11 04:13:00 +0200: Memory Usage (446476K) : norcx_drw has 0 polygons
2026-04-11 04:13:00 +0200: Memory Usage (446476K) : norcx_m2m3 has 0 polygons
2026-04-11 04:13:00 +0200: Memory Usage (446476K) : norcx_m2m4 has 0 polygons
2026-04-11 04:13:00 +0200: Memory Usage (446476K) : norcx_m2m5 has 0 polygons
2026-04-11 04:13:00 +0200: Memory Usage (446476K) : norcx_m2tm1 has 0 polygons
2026-04-11 04:13:00 +0200: Memory Usage (446476K) : norcx_m2tm2 has 0 polygons
2026-04-11 04:13:00 +0200: Memory Usage (446476K) : norcx_m3m4 has 0 polygons
2026-04-11 04:13:00 +0200: Memory Usage (446476K) : norcx_m3m5 has 0 polygons
2026-04-11 04:13:00 +0200: Memory Usage (446476K) : norcx_m3tm1 has 0 polygons
2026-04-11 04:13:00 +0200: Memory Usage (446476K) : norcx_m3tm2 has 0 polygons
2026-04-11 04:13:00 +0200: Memory Usage (446476K) : norcx_m4m5 has 0 polygons
2026-04-11 04:13:00 +0200: Memory Usage (446476K) : norcx_m4tm1 has 0 polygons
2026-04-11 04:13:00 +0200: Memory Usage (446476K) : norcx_m4tm2 has 0 polygons
2026-04-11 04:13:00 +0200: Memory Usage (446476K) : norcx_m5tm1 has 0 polygons
2026-04-11 04:13:00 +0200: Memory Usage (446476K) : norcx_m5tm2 has 0 polygons
2026-04-11 04:13:00 +0200: Memory Usage (446476K) : norcx_tm1tm2 has 0 polygons
2026-04-11 04:13:00 +0200: Memory Usage (446476K) : norcx_m1sub has 0 polygons
2026-04-11 04:13:00 +0200: Memory Usage (446476K) : norcx_m2sub has 0 polygons
2026-04-11 04:13:00 +0200: Memory Usage (446476K) : norcx_m3sub has 0 polygons
2026-04-11 04:13:00 +0200: Memory Usage (446476K) : norcx_m4sub has 0 polygons
2026-04-11 04:13:00 +0200: Memory Usage (446476K) : norcx_m5sub has 0 polygons
2026-04-11 04:13:00 +0200: Memory Usage (446476K) : norcx_tm1sub has 0 polygons
2026-04-11 04:13:00 +0200: Memory Usage (446476K) : norcx_tm2sub has 0 polygons
2026-04-11 04:13:00 +0200: Memory Usage (446476K) : snsbotvia_drw has 0 polygons
2026-04-11 04:13:00 +0200: Memory Usage (446476K) : snstopvia_drw has 0 polygons
2026-04-11 04:13:00 +0200: Memory Usage (446476K) : deepvia_drw has 0 polygons
2026-04-11 04:13:00 +0200: Memory Usage (446476K) : fgetch_drw has 0 polygons
2026-04-11 04:13:00 +0200: Memory Usage (446476K) : ctrgat_drw has 0 polygons
2026-04-11 04:13:00 +0200: Memory Usage (446476K) : fgimp_drw has 0 polygons
2026-04-11 04:13:00 +0200: Memory Usage (446476K) : emwihv_drw has 0 polygons
2026-04-11 04:13:00 +0200: Memory Usage (446476K) : lbe_drw has 0 polygons
2026-04-11 04:13:00 +0200: Memory Usage (446476K) : alcustop_drw has 0 polygons
2026-04-11 04:13:00 +0200: Memory Usage (446476K) : nometfiller_drw has 0 polygons
2026-04-11 04:13:00 +0200: Memory Usage (446476K) : prboundary_drw has 0 polygons
2026-04-11 04:13:00 +0200: Memory Usage (446476K) : exchange0_drw has 0 polygons
2026-04-11 04:13:00 +0200: Memory Usage (446476K) : exchange0_pin has 0 polygons
2026-04-11 04:13:00 +0200: Memory Usage (446476K) : exchange0_text has 0 polygons
2026-04-11 04:13:00 +0200: Memory Usage (446476K) : exchange1_drw has 0 polygons
2026-04-11 04:13:00 +0200: Memory Usage (446604K) : exchange1_pin has 0 polygons
2026-04-11 04:13:00 +0200: Memory Usage (446604K) : exchange1_text has 0 polygons
2026-04-11 04:13:00 +0200: Memory Usage (446604K) : exchange2_drw has 0 polygons
2026-04-11 04:13:00 +0200: Memory Usage (446604K) : exchange2_pin has 0 polygons
2026-04-11 04:13:00 +0200: Memory Usage (446604K) : exchange2_text has 0 polygons
2026-04-11 04:13:00 +0200: Memory Usage (446732K) : exchange3_drw has 0 polygons
2026-04-11 04:13:00 +0200: Memory Usage (446860K) : exchange3_pin has 0 polygons
2026-04-11 04:13:00 +0200: Memory Usage (446988K) : exchange3_text has 0 polygons
2026-04-11 04:13:00 +0200: Memory Usage (447116K) : exchange4_drw has 0 polygons
2026-04-11 04:13:00 +0200: Memory Usage (447244K) : exchange4_pin has 0 polygons
2026-04-11 04:13:00 +0200: Memory Usage (447244K) : exchange4_text has 0 polygons
2026-04-11 04:13:00 +0200: Memory Usage (447372K) : isonwell_drw has 0 polygons
2026-04-11 04:13:00 +0200: Memory Usage (447372K) : Total no. of polygons in the design is 5841
2026-04-11 04:13:00 +0200: Memory Usage (447372K) : Starting base layers derivations
2026-04-11 04:13:00 +0200: Memory Usage (447372K) : Starting general LVS derivations
2026-04-11 04:13:00 +0200: Memory Usage (452876K) : Starting MOSFET DERIVATIONS
2026-04-11 04:13:00 +0200: Memory Usage (455052K) : Starting NMOS DERIVATIONS
2026-04-11 04:13:00 +0200: Memory Usage (455180K) : Starting PMOS DERIVATIONS
2026-04-11 04:13:00 +0200: Memory Usage (455436K) : Starting RF-MOSFET DERIVATIONS
2026-04-11 04:13:00 +0200: Memory Usage (455436K) : Starting RF-NMOS DERIVATIONS
2026-04-11 04:13:00 +0200: Memory Usage (455692K) : Starting RF-PMOS DERIVATIONS
2026-04-11 04:13:00 +0200: Memory Usage (455820K) : Starting BJT DERIVATIONS
2026-04-11 04:13:00 +0200: Memory Usage (455820K) : Starting NPN-BJT DERIVATIONS
2026-04-11 04:13:00 +0200: Memory Usage (447508K) : Starting PNP-BJT DERIVATIONS
2026-04-11 04:13:00 +0200: Memory Usage (447508K) : Starting DIODE DERIVATIONS
2026-04-11 04:13:00 +0200: Memory Usage (447508K) : Starting RESISTOR DERIVATIONS
2026-04-11 04:13:00 +0200: Memory Usage (447508K) : Starting CAP DERIVATIONS
2026-04-11 04:13:00 +0200: Memory Usage (448916K) : Starting ESD DERIVATIONS
2026-04-11 04:13:01 +0200: Memory Usage (459156K) : Starting Inductor DERIVATIONS
2026-04-11 04:13:01 +0200: Memory Usage (452204K) : Starting Taps DERIVATIONS
2026-04-11 04:13:01 +0200: Memory Usage (452204K) : Starting SG13G2 LVS connectivity setup
2026-04-11 04:13:01 +0200: Memory Usage (452204K) : Starting SG13G2 LVS connectivity setup (Inter-layer)
2026-04-11 04:13:01 +0200: Memory Usage (452716K) : Starting SG13G2 LVS connectivity setup (Global)
2026-04-11 04:13:01 +0200: Memory Usage (452716K) : Starting LVS MOSFET CONNECTIONS
2026-04-11 04:13:01 +0200: Memory Usage (452716K) : Starting LVS RF-MOSFET CONNECTIONS
2026-04-11 04:13:01 +0200: Memory Usage (452716K) : Starting LVS BJT CONNECTIONS
2026-04-11 04:13:01 +0200: Memory Usage (452716K) : Starting LVS DIODE CONNECTIONS
2026-04-11 04:13:01 +0200: Memory Usage (452716K) : Starting RESISTOR CONNECTIONS
2026-04-11 04:13:01 +0200: Memory Usage (452716K) : Starting LVS CAP CONNECTIONS
2026-04-11 04:13:01 +0200: Memory Usage (452716K) : Starting ESD CONNECTIONS
2026-04-11 04:13:01 +0200: Memory Usage (452716K) : Starting Inductor CONNECTIONS
2026-04-11 04:13:01 +0200: Memory Usage (452716K) : Starting LVS Taps CONNECTIONS
2026-04-11 04:13:01 +0200: Memory Usage (452716K) : Starting SG13G2 LVS DEVICES EXTRACTION
2026-04-11 04:13:01 +0200: Memory Usage (452716K) : Starting MOSFET EXTRACTION
2026-04-11 04:13:01 +0200: Memory Usage (452716K) : Starting NMOS EXTRACTION
2026-04-11 04:13:01 +0200: Memory Usage (452716K) : Extraction of NMOS-LV transistor
2026-04-11 04:13:01 +0200: Memory Usage (453100K) : Extraction of NMOS-HV transistor
2026-04-11 04:13:01 +0200: Memory Usage (453100K) : Starting PMOS EXTRACTION
2026-04-11 04:13:01 +0200: Memory Usage (453100K) : Extraction of PMOS-LV transistor
2026-04-11 04:13:01 +0200: Memory Usage (453100K) : Extraction of PMOS-HV transistor
2026-04-11 04:13:01 +0200: Memory Usage (453100K) : Starting RF-MOSFET EXTRACTION
2026-04-11 04:13:01 +0200: Memory Usage (453100K) : Extraction of RF-NMOS-LV transistor
2026-04-11 04:13:01 +0200: Memory Usage (453100K) : Extraction of RF-NMOS-HV transistor
2026-04-11 04:13:01 +0200: Memory Usage (453100K) : Extraction of RF-PMOS-LV transistor
2026-04-11 04:13:01 +0200: Memory Usage (453100K) : Extraction of RF-PMOS-HV transistor
2026-04-11 04:13:01 +0200: Memory Usage (453100K) : Starting BJT EXTRACTION
2026-04-11 04:13:01 +0200: Memory Usage (453100K) : Starting NPN-BJT EXTRACTION
2026-04-11 04:13:01 +0200: Memory Usage (453100K) : Extraction of npn13G2 BJT transistor
2026-04-11 04:13:01 +0200: Memory Usage (453100K) : Extraction of npn13G2L BJT transistor
2026-04-11 04:13:01 +0200: Memory Usage (453100K) : Extraction of npn13G2V BJT transistor
2026-04-11 04:13:01 +0200: Memory Usage (453100K) : Starting PNP-BJT EXTRACTION
2026-04-11 04:13:01 +0200: Memory Usage (453100K) : Extracting pnpMPA BJT
2026-04-11 04:13:01 +0200: Memory Usage (453100K) : Starting DIODE EXTRACTION
2026-04-11 04:13:01 +0200: Memory Usage (453100K) : Extracting dantenna diode
2026-04-11 04:13:01 +0200: Memory Usage (453100K) : Extracting dpantenna diode
2026-04-11 04:13:01 +0200: Memory Usage (453100K) : Extracting schottky_nbl1 diode
2026-04-11 04:13:01 +0200: Memory Usage (453100K) : Extracting isolbox diode
2026-04-11 04:13:01 +0200: Memory Usage (453100K) : Starting RESISTOR EXTRACTION
2026-04-11 04:13:01 +0200: Memory Usage (453100K) : Extracting rsil resistor
2026-04-11 04:13:01 +0200: Memory Usage (453100K) : Extracting rppd resistor
2026-04-11 04:13:01 +0200: Memory Usage (453100K) : Extracting rhigh resistor
2026-04-11 04:13:01 +0200: Memory Usage (453100K) : Extracting res_metal1 resistor
2026-04-11 04:13:01 +0200: Memory Usage (453228K) : Extracting res_metal2 resistor
2026-04-11 04:13:01 +0200: Memory Usage (453228K) : Extracting res_metal3 resistor
2026-04-11 04:13:01 +0200: Memory Usage (453228K) : Extracting res_metal4 resistor
2026-04-11 04:13:01 +0200: Memory Usage (453228K) : Extracting res_metal5 resistor
2026-04-11 04:13:01 +0200: Memory Usage (453228K) : Extracting res_topmetal1 resistor
2026-04-11 04:13:01 +0200: Memory Usage (453228K) : Extracting res_topmetal2 resistor
2026-04-11 04:13:01 +0200: Memory Usage (453228K) : Starting CAP EXTRACTION
2026-04-11 04:13:01 +0200: Memory Usage (453228K) : Extracting cap_cmim device
2026-04-11 04:13:01 +0200: Memory Usage (453228K) : Extracting rfcmim device
2026-04-11 04:13:01 +0200: Memory Usage (453228K) : Extracting sg13_hv_svaricap varactor
2026-04-11 04:13:01 +0200: Memory Usage (453228K) : Starting ESD EXTRACTION
2026-04-11 04:13:01 +0200: Memory Usage (453228K) : Extracting diodevdd_2kv ESD device
2026-04-11 04:13:01 +0200: Memory Usage (453228K) : Extracting diodevdd_4kv ESD device
2026-04-11 04:13:01 +0200: Memory Usage (453228K) : Extracting diodevss_2kv ESD device
2026-04-11 04:13:01 +0200: Memory Usage (453228K) : Extracting diodevss_4kv ESD device
2026-04-11 04:13:01 +0200: Memory Usage (453228K) : Extracting idiodevdd_2kv ESD device
2026-04-11 04:13:01 +0200: Memory Usage (453228K) : Extracting idiodevdd_4kv ESD device
2026-04-11 04:13:01 +0200: Memory Usage (453228K) : Extracting idiodevss_2kv ESD device
2026-04-11 04:13:01 +0200: Memory Usage (453228K) : Extracting idiodevss_4kv ESD device
2026-04-11 04:13:01 +0200: Memory Usage (453228K) : Extracting nmoscl_2 ESD device
2026-04-11 04:13:01 +0200: Memory Usage (453228K) : Extracting nmoscl_4 ESD device
2026-04-11 04:13:01 +0200: Memory Usage (453228K) : Starting Inductor EXTRACTION
2026-04-11 04:13:01 +0200: Memory Usage (453228K) : Extracting Inductor2 device
2026-04-11 04:13:01 +0200: Memory Usage (453228K) : Extracting Inductor3 device
2026-04-11 04:13:01 +0200: Memory Usage (453228K) : Starting Taps EXTRACTION
2026-04-11 04:13:01 +0200: Memory Usage (453228K) : Extracting ntap1 device
2026-04-11 04:13:01 +0200: Memory Usage (453228K) : Extracting ptap1 device
2026-04-11 04:13:01 +0200: Memory Usage (453228K) : Starting SG13G2 LVS RF MOS Model Mapping
2026-04-11 04:13:01 +0200: Memory Usage (453356K) : [layout_netlist] Apply RF MOS model mapping and rfmode parameter.
2026-04-11 04:13:01 +0200: Memory Usage (453356K) : Starting SG13G2 LVS Options Preparations
2026-04-11 04:13:01 +0200: Memory Usage (453356K) : SG13G2 LVS flow: extraction -> alignment -> option preparation -> comparison.
2026-04-11 04:13:01 +0200: Memory Usage (453356K) : Starting SG13G2 LVS Alignment
2026-04-11 04:13:01 +0200: Memory Usage (453484K) : Starting SG13G2 LVS Simplification
2026-04-11 04:13:01 +0200: Memory Usage (453484K) : [layout_netlist] simplify: ENABLED
2026-04-11 04:13:01 +0200: Memory Usage (453484K) : [layout_netlist] make_top_level_pins: SKIPPED
2026-04-11 04:13:01 +0200: Memory Usage (453484K) : [layout_netlist] combine_devices: SKIPPED
2026-04-11 04:13:01 +0200: Memory Usage (453484K) : [layout_netlist] purge: SKIPPED
2026-04-11 04:13:01 +0200: Memory Usage (453484K) : [layout_netlist] purge_nets: SKIPPED
2026-04-11 04:13:01 +0200: Memory Usage (453484K) : [schematic_netlist] simplify: ENABLED
2026-04-11 04:13:01 +0200: Memory Usage (453484K) : [schematic_netlist] make_top_level_pins: SKIPPED
2026-04-11 04:13:01 +0200: Memory Usage (453484K) : [schematic_netlist] combine_devices: SKIPPED
2026-04-11 04:13:01 +0200: Memory Usage (453484K) : [schematic_netlist] purge: SKIPPED
2026-04-11 04:13:01 +0200: Memory Usage (453484K) : [schematic_netlist] purge_nets: SKIPPED
2026-04-11 04:13:01 +0200: Memory Usage (453484K) : Starting SG13G2 LVS Comparison in strict port mode.
2026-04-11 04:13:01 +0200: Memory Usage (453484K) : flag_missing_ports enabled: missing/mislabeled top-level ports are treated as errors.
2026-04-11 04:13:01 +0200: Memory Usage (453484K) : xxxxxxxxxxxxxxxxxxxxxxxxxxxxxxxxxxxxxxxxxx
2026-04-11 04:13:01 +0200: Memory Usage (453484K) : ERROR : Netlists don't match
2026-04-11 04:13:01 +0200: Memory Usage (453484K) : xxxxxxxxxxxxxxxxxxxxxxxxxxxxxxxxxxxxxxxxxx
2026-04-11 04:13:01 +0200: Memory Usage (453484K) : LVS Total Run time 1.828395 seconds
