# Logfile created on 2026-04-11 04:38:18 +0200 by logger.rb/v1.4.3
2026-04-11 04:38:18 +0200: Memory Usage (429968K) : Starting running SG13G2 Klayout LVS runset on /home/designer/shared/frac-n-pll-vco-unic_cass/layout/LC_VCO.gds
2026-04-11 04:38:18 +0200: Memory Usage (429968K) : Ruby Version for klayout: 3.0.2
2026-04-11 04:38:18 +0200: Memory Usage (431248K) : Loading database to memory is complete.
2026-04-11 04:38:18 +0200: Memory Usage (431248K) : SG13G2 Klayout LVS runset output at: /home/designer/shared/frac-n-pll-vco-unic_cass/lvs_run_LC_VCO_2026_04_11_04_38_15/LC_VCO.lvsdb
2026-04-11 04:38:18 +0200: Memory Usage (431248K) : Evaluate switches.
2026-04-11 04:38:18 +0200: Memory Usage (431248K) : Extracted netlist with net names: true
2026-04-11 04:38:18 +0200: Memory Usage (431248K) : Extracted netlist with comments in details: false
2026-04-11 04:38:18 +0200: Memory Usage (431248K) : Selected NET_ONLY option: false
2026-04-11 04:38:18 +0200: Memory Usage (431248K) : Selected LAYOUT_NETLIST option: (none)
2026-04-11 04:38:18 +0200: Memory Usage (431248K) : Selected IGNORE_TOP_PORTS_MISMATCH option: 
2026-04-11 04:38:18 +0200: Memory Usage (431248K) : Selected IMPLICIT_NETS option: (none)
2026-04-11 04:38:18 +0200: Memory Usage (431248K) : Selected TOP_LVL_PINS option: false
2026-04-11 04:38:18 +0200: Memory Usage (431248K) : Selected COMBINE DEVICES option: false
2026-04-11 04:38:18 +0200: Memory Usage (431248K) : Selected PURGE option: false
2026-04-11 04:38:18 +0200: Memory Usage (431248K) : Selected PURGE_NETS option: false
2026-04-11 04:38:18 +0200: Memory Usage (431248K) : Selected SIMPLIFY option: true
2026-04-11 04:38:18 +0200: Memory Usage (431248K) : Selected SERIES_RES option: true
2026-04-11 04:38:18 +0200: Memory Usage (431248K) : Selected PARALLEL_RES option: true
2026-04-11 04:38:18 +0200: Memory Usage (431248K) : flat  mode is enabled.
2026-04-11 04:38:18 +0200: Memory Usage (432400K) : Netlist file: /home/designer/shared/frac-n-pll-vco-unic_cass/schematic/lc-vco/simulations/LC_VCO.spice
2026-04-11 04:38:18 +0200: Memory Usage (432400K) : LVS extracted netlist at: /home/designer/shared/frac-n-pll-vco-unic_cass/lvs_run_LC_VCO_2026_04_11_04_38_15/LC_VCO_extracted.cir
2026-04-11 04:38:18 +0200: Memory Usage (432400K) : Applying SRAM integration support.
2026-04-11 04:38:18 +0200: Memory Usage (432400K) : Starting SG13G2 LVS runset
2026-04-11 04:38:18 +0200: Memory Usage (432400K) : Read in polygons from layers.
2026-04-11 04:38:18 +0200: Memory Usage (433424K) : activ_drw has 26 polygons
2026-04-11 04:38:18 +0200: Memory Usage (433424K) : activ_filler has 0 polygons
2026-04-11 04:38:18 +0200: Memory Usage (433552K) : activ has 26 polygons
2026-04-11 04:38:18 +0200: Memory Usage (433552K) : activ_pin has 0 polygons
2026-04-11 04:38:18 +0200: Memory Usage (433552K) : activ_mask has 0 polygons
2026-04-11 04:38:18 +0200: Memory Usage (433552K) : activ_nofill has 1 polygons
2026-04-11 04:38:18 +0200: Memory Usage (433552K) : activ_OPC has 0 polygons
2026-04-11 04:38:18 +0200: Memory Usage (433552K) : activ_iOPC has 0 polygons
2026-04-11 04:38:18 +0200: Memory Usage (433552K) : activ_noqrc has 1 polygons
2026-04-11 04:38:18 +0200: Memory Usage (433552K) : biwind_drw has 0 polygons
2026-04-11 04:38:18 +0200: Memory Usage (433552K) : biwind_OPC has 0 polygons
2026-04-11 04:38:18 +0200: Memory Usage (433552K) : gatpoly_drw has 14 polygons
2026-04-11 04:38:18 +0200: Memory Usage (433680K) : gatpoly_filler has 0 polygons
2026-04-11 04:38:18 +0200: Memory Usage (433808K) : gatpoly has 14 polygons
2026-04-11 04:38:18 +0200: Memory Usage (433936K) : gatpoly_pin has 6 polygons
2026-04-11 04:38:18 +0200: Memory Usage (434064K) : gatpoly_nofill has 0 polygons
2026-04-11 04:38:18 +0200: Memory Usage (434192K) : gatpoly_OPC has 0 polygons
2026-04-11 04:38:18 +0200: Memory Usage (434320K) : gatpoly_iOPC has 0 polygons
2026-04-11 04:38:18 +0200: Memory Usage (434448K) : gatpoly_noqrc has 0 polygons
2026-04-11 04:38:18 +0200: Memory Usage (435344K) : cont_drw has 3865 polygons
2026-04-11 04:38:18 +0200: Memory Usage (435344K) : cont_OPC has 0 polygons
2026-04-11 04:38:18 +0200: Memory Usage (435344K) : nsd_drw has 0 polygons
2026-04-11 04:38:18 +0200: Memory Usage (435344K) : nsd_block has 0 polygons
2026-04-11 04:38:18 +0200: Memory Usage (435600K) : metal1_drw has 45 polygons
2026-04-11 04:38:18 +0200: Memory Usage (435600K) : metal1_filler has 0 polygons
2026-04-11 04:38:18 +0200: Memory Usage (435600K) : metal1_slit has 0 polygons
2026-04-11 04:38:18 +0200: Memory Usage (435728K) : metal1 has 45 polygons
2026-04-11 04:38:18 +0200: Memory Usage (435856K) : metal1_pin has 25 polygons
2026-04-11 04:38:18 +0200: Memory Usage (435984K) : metal1_mask has 0 polygons
2026-04-11 04:38:18 +0200: Memory Usage (436112K) : metal1_nofill has 1 polygons
2026-04-11 04:38:18 +0200: Memory Usage (436112K) : metal1_text has 4 polygons
2026-04-11 04:38:18 +0200: Memory Usage (436240K) : metal1_OPC has 0 polygons
2026-04-11 04:38:18 +0200: Memory Usage (436368K) : metal1_noqrc has 1 polygons
2026-04-11 04:38:18 +0200: Memory Usage (436496K) : metal1_res has 0 polygons
2026-04-11 04:38:18 +0200: Memory Usage (436624K) : metal1_iprobe has 0 polygons
2026-04-11 04:38:18 +0200: Memory Usage (436752K) : metal1_diffprb has 0 polygons
2026-04-11 04:38:18 +0200: Memory Usage (436880K) : passiv_drw has 0 polygons
2026-04-11 04:38:18 +0200: Memory Usage (437008K) : passiv_pin has 0 polygons
2026-04-11 04:38:18 +0200: Memory Usage (437136K) : passiv_sbump has 0 polygons
2026-04-11 04:38:18 +0200: Memory Usage (437264K) : passiv_pillar has 0 polygons
2026-04-11 04:38:18 +0200: Memory Usage (437392K) : passiv_pdl has 0 polygons
2026-04-11 04:38:18 +0200: Memory Usage (437520K) : metal2_drw has 13 polygons
2026-04-11 04:38:18 +0200: Memory Usage (437648K) : metal2_filler has 0 polygons
2026-04-11 04:38:18 +0200: Memory Usage (437776K) : metal2_slit has 0 polygons
2026-04-11 04:38:18 +0200: Memory Usage (437904K) : metal2 has 13 polygons
2026-04-11 04:38:18 +0200: Memory Usage (438032K) : metal2_pin has 5 polygons
2026-04-11 04:38:18 +0200: Memory Usage (438160K) : metal2_mask has 0 polygons
2026-04-11 04:38:18 +0200: Memory Usage (438288K) : metal2_nofill has 1 polygons
2026-04-11 04:38:18 +0200: Memory Usage (438416K) : metal2_text has 5 polygons
2026-04-11 04:38:18 +0200: Memory Usage (438544K) : metal2_OPC has 0 polygons
2026-04-11 04:38:18 +0200: Memory Usage (438544K) : metal2_noqrc has 1 polygons
2026-04-11 04:38:18 +0200: Memory Usage (438672K) : metal2_res has 0 polygons
2026-04-11 04:38:18 +0200: Memory Usage (438800K) : metal2_iprobe has 0 polygons
2026-04-11 04:38:18 +0200: Memory Usage (438928K) : metal2_diffprb has 0 polygons
2026-04-11 04:38:18 +0200: Memory Usage (439056K) : baspoly_drw has 0 polygons
2026-04-11 04:38:18 +0200: Memory Usage (439184K) : baspoly_pin has 0 polygons
2026-04-11 04:38:18 +0200: Memory Usage (439312K) : psd_drw has 15 polygons
2026-04-11 04:38:18 +0200: Memory Usage (439440K) : nldb_drw has 0 polygons
2026-04-11 04:38:18 +0200: Memory Usage (439696K) : digibnd_drw has 0 polygons
2026-04-11 04:38:18 +0200: Memory Usage (439824K) : via1_drw has 45 polygons
2026-04-11 04:38:18 +0200: Memory Usage (439952K) : backmetal1_drw has 0 polygons
2026-04-11 04:38:18 +0200: Memory Usage (440080K) : backmetal1_pin has 0 polygons
2026-04-11 04:38:18 +0200: Memory Usage (440208K) : backmetal1_mask has 0 polygons
2026-04-11 04:38:18 +0200: Memory Usage (440208K) : backmetal1_filler has 0 polygons
2026-04-11 04:38:18 +0200: Memory Usage (440336K) : backmetal1_nofill has 0 polygons
2026-04-11 04:38:18 +0200: Memory Usage (440464K) : backmetal1_slit has 0 polygons
2026-04-11 04:38:18 +0200: Memory Usage (440592K) : backmetal1_text has 0 polygons
2026-04-11 04:38:18 +0200: Memory Usage (440720K) : backmetal1_OPC has 0 polygons
2026-04-11 04:38:18 +0200: Memory Usage (440848K) : backmetal1_noqrc has 0 polygons
2026-04-11 04:38:18 +0200: Memory Usage (440976K) : backmetal1_res has 0 polygons
2026-04-11 04:38:18 +0200: Memory Usage (441104K) : backmetal1_iprobe has 0 polygons
2026-04-11 04:38:18 +0200: Memory Usage (441232K) : backmetal1_diffprb has 0 polygons
2026-04-11 04:38:18 +0200: Memory Usage (441360K) : backpassiv_drw has 0 polygons
2026-04-11 04:38:18 +0200: Memory Usage (441488K) : res_drw has 0 polygons
2026-04-11 04:38:18 +0200: Memory Usage (441616K) : sram_drw has 0 polygons
2026-04-11 04:38:18 +0200: Memory Usage (441744K) : trans_drw has 0 polygons
2026-04-11 04:38:18 +0200: Memory Usage (441872K) : ind_drw has 2 polygons
2026-04-11 04:38:18 +0200: Memory Usage (442000K) : ind_pin has 2 polygons
2026-04-11 04:38:18 +0200: Memory Usage (442128K) : ind_text has 0 polygons
2026-04-11 04:38:18 +0200: Memory Usage (442128K) : salblock_drw has 0 polygons
2026-04-11 04:38:18 +0200: Memory Usage (442256K) : via2_drw has 134 polygons
2026-04-11 04:38:18 +0200: Memory Usage (442384K) : metal3_drw has 4 polygons
2026-04-11 04:38:18 +0200: Memory Usage (442512K) : metal3_filler has 0 polygons
2026-04-11 04:38:18 +0200: Memory Usage (442640K) : metal3_slit has 0 polygons
2026-04-11 04:38:18 +0200: Memory Usage (442768K) : metal3 has 4 polygons
2026-04-11 04:38:18 +0200: Memory Usage (442896K) : metal3_pin has 0 polygons
2026-04-11 04:38:18 +0200: Memory Usage (443024K) : metal3_mask has 0 polygons
2026-04-11 04:38:18 +0200: Memory Usage (443152K) : metal3_nofill has 1 polygons
2026-04-11 04:38:18 +0200: Memory Usage (443280K) : metal3_text has 0 polygons
2026-04-11 04:38:18 +0200: Memory Usage (443408K) : metal3_OPC has 0 polygons
2026-04-11 04:38:18 +0200: Memory Usage (443536K) : metal3_noqrc has 1 polygons
2026-04-11 04:38:18 +0200: Memory Usage (443664K) : metal3_res has 0 polygons
2026-04-11 04:38:18 +0200: Memory Usage (443792K) : metal3_iprobe has 0 polygons
2026-04-11 04:38:18 +0200: Memory Usage (443920K) : metal3_diffprb has 0 polygons
2026-04-11 04:38:18 +0200: Memory Usage (443920K) : nwell_drw has 7 polygons
2026-04-11 04:38:18 +0200: Memory Usage (444048K) : nwell_pin has 0 polygons
2026-04-11 04:38:18 +0200: Memory Usage (444048K) : nwell_text has 0 polygons
2026-04-11 04:38:18 +0200: Memory Usage (444176K) : nbulay_drw has 2 polygons
2026-04-11 04:38:18 +0200: Memory Usage (444304K) : nbulay_pin has 0 polygons
2026-04-11 04:38:18 +0200: Memory Usage (444560K) : nbulay_block has 0 polygons
2026-04-11 04:38:18 +0200: Memory Usage (444688K) : emwind_drw has 0 polygons
2026-04-11 04:38:18 +0200: Memory Usage (444816K) : emwind_OPC has 0 polygons
2026-04-11 04:38:18 +0200: Memory Usage (444944K) : deepco_drw has 0 polygons
2026-04-11 04:38:18 +0200: Memory Usage (445072K) : mim_drw has 1 polygons
2026-04-11 04:38:18 +0200: Memory Usage (445200K) : edgeseal_drw has 0 polygons
2026-04-11 04:38:18 +0200: Memory Usage (445328K) : substrate_drw has 7 polygons
2026-04-11 04:38:18 +0200: Memory Usage (445328K) : substrate_text has 0 polygons
2026-04-11 04:38:18 +0200: Memory Usage (445456K) : dfpad_drw has 0 polygons
2026-04-11 04:38:18 +0200: Memory Usage (445584K) : dfpad_pillar has 0 polygons
2026-04-11 04:38:18 +0200: Memory Usage (445712K) : dfpad_sbump has 0 polygons
2026-04-11 04:38:18 +0200: Memory Usage (445840K) : thickgateox_drw has 0 polygons
2026-04-11 04:38:18 +0200: Memory Usage (445968K) : pldb_drw has 0 polygons
2026-04-11 04:38:18 +0200: Memory Usage (446096K) : pwell_drw has 0 polygons
2026-04-11 04:38:18 +0200: Memory Usage (446224K) : pwell_pin has 0 polygons
2026-04-11 04:38:18 +0200: Memory Usage (446352K) : pwell_block has 1 polygons
2026-04-11 04:38:18 +0200: Memory Usage (446480K) : ic_drw has 0 polygons
2026-04-11 04:38:18 +0200: Memory Usage (446608K) : via3_drw has 134 polygons
2026-04-11 04:38:18 +0200: Memory Usage (446864K) : metal4_drw has 4 polygons
2026-04-11 04:38:18 +0200: Memory Usage (446992K) : metal4_filler has 0 polygons
2026-04-11 04:38:18 +0200: Memory Usage (447120K) : metal4_slit has 0 polygons
2026-04-11 04:38:18 +0200: Memory Usage (447248K) : metal4 has 4 polygons
2026-04-11 04:38:18 +0200: Memory Usage (447376K) : metal4_pin has 0 polygons
2026-04-11 04:38:18 +0200: Memory Usage (447504K) : metal4_mask has 0 polygons
2026-04-11 04:38:18 +0200: Memory Usage (447632K) : metal4_nofill has 1 polygons
2026-04-11 04:38:18 +0200: Memory Usage (447632K) : metal4_text has 0 polygons
2026-04-11 04:38:18 +0200: Memory Usage (447760K) : metal4_OPC has 0 polygons
2026-04-11 04:38:18 +0200: Memory Usage (447888K) : metal4_noqrc has 1 polygons
2026-04-11 04:38:18 +0200: Memory Usage (448016K) : metal4_res has 0 polygons
2026-04-11 04:38:18 +0200: Memory Usage (448144K) : metal4_iprobe has 0 polygons
2026-04-11 04:38:18 +0200: Memory Usage (448272K) : metal4_diffprb has 0 polygons
2026-04-11 04:38:18 +0200: Memory Usage (448400K) : heattrans_drw has 99 polygons
2026-04-11 04:38:18 +0200: Memory Usage (448528K) : heatres_drw has 0 polygons
2026-04-11 04:38:18 +0200: Memory Usage (448656K) : fbe_drw has 0 polygons
2026-04-11 04:38:18 +0200: Memory Usage (448784K) : empoly_drw has 0 polygons
2026-04-11 04:38:18 +0200: Memory Usage (448912K) : digisub_drw has 0 polygons
2026-04-11 04:38:18 +0200: Memory Usage (449040K) : text_drw has 18 polygons
2026-04-11 04:38:18 +0200: Memory Usage (449040K) : via4_drw has 134 polygons
2026-04-11 04:38:18 +0200: Memory Usage (449040K) : metal5_drw has 4 polygons
2026-04-11 04:38:18 +0200: Memory Usage (449040K) : metal5_filler has 0 polygons
2026-04-11 04:38:18 +0200: Memory Usage (449168K) : metal5_slit has 0 polygons
2026-04-11 04:38:18 +0200: Memory Usage (449296K) : metal5 has 4 polygons
2026-04-11 04:38:18 +0200: Memory Usage (449424K) : metal5_pin has 1 polygons
2026-04-11 04:38:18 +0200: Memory Usage (449552K) : metal5_mask has 0 polygons
2026-04-11 04:38:18 +0200: Memory Usage (449680K) : metal5_nofill has 1 polygons
2026-04-11 04:38:18 +0200: Memory Usage (449680K) : metal5_text has 0 polygons
2026-04-11 04:38:18 +0200: Memory Usage (449808K) : metal5_OPC has 0 polygons
2026-04-11 04:38:18 +0200: Memory Usage (449936K) : metal5_noqrc has 1 polygons
2026-04-11 04:38:18 +0200: Memory Usage (450064K) : metal5_res has 0 polygons
2026-04-11 04:38:18 +0200: Memory Usage (450192K) : metal5_iprobe has 0 polygons
2026-04-11 04:38:18 +0200: Memory Usage (450320K) : metal5_diffprb has 0 polygons
2026-04-11 04:38:18 +0200: Memory Usage (450448K) : radhard_drw has 0 polygons
2026-04-11 04:38:18 +0200: Memory Usage (450576K) : memcap_drw has 0 polygons
2026-04-11 04:38:18 +0200: Memory Usage (450704K) : varicap_drw has 0 polygons
2026-04-11 04:38:18 +0200: Memory Usage (450960K) : intbondvia_drw has 0 polygons
2026-04-11 04:38:18 +0200: Memory Usage (451088K) : intbondmet_drw has 0 polygons
2026-04-11 04:38:18 +0200: Memory Usage (451216K) : devbondvia_drw has 0 polygons
2026-04-11 04:38:18 +0200: Memory Usage (451344K) : devbondmet_drw has 0 polygons
2026-04-11 04:38:18 +0200: Memory Usage (451472K) : devtrench_drw has 0 polygons
2026-04-11 04:38:18 +0200: Memory Usage (451600K) : redist_drw has 0 polygons
2026-04-11 04:38:18 +0200: Memory Usage (451728K) : graphbot_drw has 0 polygons
2026-04-11 04:38:18 +0200: Memory Usage (451856K) : graphtop_drw has 0 polygons
2026-04-11 04:38:18 +0200: Memory Usage (447520K) : antvia1_drw has 0 polygons
2026-04-11 04:38:18 +0200: Memory Usage (447520K) : antmetal2_drw has 0 polygons
2026-04-11 04:38:18 +0200: Memory Usage (447520K) : graphcont_drw has 0 polygons
2026-04-11 04:38:18 +0200: Memory Usage (447520K) : siwg_drw has 0 polygons
2026-04-11 04:38:18 +0200: Memory Usage (447520K) : siwg_filler has 0 polygons
2026-04-11 04:38:18 +0200: Memory Usage (447520K) : siwg_nofill has 0 polygons
2026-04-11 04:38:18 +0200: Memory Usage (447520K) : sigrating_drw has 0 polygons
2026-04-11 04:38:18 +0200: Memory Usage (447520K) : singrating_drw has 0 polygons
2026-04-11 04:38:18 +0200: Memory Usage (447520K) : graphpas_drw has 0 polygons
2026-04-11 04:38:18 +0200: Memory Usage (447520K) : emwind3_drw has 0 polygons
2026-04-11 04:38:18 +0200: Memory Usage (447520K) : emwihv3_drw has 0 polygons
2026-04-11 04:38:18 +0200: Memory Usage (447520K) : redbulay_drw has 0 polygons
2026-04-11 04:38:18 +0200: Memory Usage (447520K) : smos_drw has 0 polygons
2026-04-11 04:38:18 +0200: Memory Usage (447520K) : graphpad_drw has 0 polygons
2026-04-11 04:38:18 +0200: Memory Usage (447520K) : polimide_drw has 0 polygons
2026-04-11 04:38:18 +0200: Memory Usage (447520K) : polimide_pin has 0 polygons
2026-04-11 04:38:18 +0200: Memory Usage (447520K) : recog_drw has 0 polygons
2026-04-11 04:38:18 +0200: Memory Usage (447520K) : recog_pin has 0 polygons
2026-04-11 04:38:18 +0200: Memory Usage (447520K) : recog_esd has 0 polygons
2026-04-11 04:38:18 +0200: Memory Usage (447520K) : recog_diode has 0 polygons
2026-04-11 04:38:18 +0200: Memory Usage (447520K) : recog_tsv has 0 polygons
2026-04-11 04:38:18 +0200: Memory Usage (447520K) : recog_iprobe has 0 polygons
2026-04-11 04:38:18 +0200: Memory Usage (447520K) : recog_diffprb has 0 polygons
2026-04-11 04:38:18 +0200: Memory Usage (447520K) : recog_pillar has 0 polygons
2026-04-11 04:38:18 +0200: Memory Usage (447520K) : recog_sbump has 0 polygons
2026-04-11 04:38:18 +0200: Memory Usage (447520K) : recog_otp has 0 polygons
2026-04-11 04:38:18 +0200: Memory Usage (447520K) : recog_pdiode has 0 polygons
2026-04-11 04:38:18 +0200: Memory Usage (447520K) : recog_mom has 0 polygons
2026-04-11 04:38:18 +0200: Memory Usage (447520K) : recog_pcm has 0 polygons
2026-04-11 04:38:18 +0200: Memory Usage (447520K) : colopen_drw has 0 polygons
2026-04-11 04:38:18 +0200: Memory Usage (447520K) : graphmetal1_drw has 0 polygons
2026-04-11 04:38:18 +0200: Memory Usage (447520K) : graphmetal1_filler has 0 polygons
2026-04-11 04:38:18 +0200: Memory Usage (447520K) : graphmetal1_nofill has 0 polygons
2026-04-11 04:38:18 +0200: Memory Usage (447520K) : graphmetal1_slit has 0 polygons
2026-04-11 04:38:18 +0200: Memory Usage (447520K) : graphmetal1_OPC has 0 polygons
2026-04-11 04:38:18 +0200: Memory Usage (447520K) : graphmet1l_drw has 0 polygons
2026-04-11 04:38:18 +0200: Memory Usage (447520K) : graphmet1l_filler has 0 polygons
2026-04-11 04:38:18 +0200: Memory Usage (447520K) : graphmet1l_nofill has 0 polygons
2026-04-11 04:38:18 +0200: Memory Usage (447520K) : graphmet1l_slit has 0 polygons
2026-04-11 04:38:18 +0200: Memory Usage (447520K) : graphmet1l_OPC has 0 polygons
2026-04-11 04:38:18 +0200: Memory Usage (447520K) : extblock_drw has 0 polygons
2026-04-11 04:38:18 +0200: Memory Usage (447520K) : nldd_drw has 0 polygons
2026-04-11 04:38:18 +0200: Memory Usage (447520K) : pldd_drw has 0 polygons
2026-04-11 04:38:18 +0200: Memory Usage (447520K) : next_drw has 0 polygons
2026-04-11 04:38:18 +0200: Memory Usage (447520K) : pext_drw has 0 polygons
2026-04-11 04:38:18 +0200: Memory Usage (447520K) : nexthv_drw has 0 polygons
2026-04-11 04:38:18 +0200: Memory Usage (447520K) : pexthv_drw has 0 polygons
2026-04-11 04:38:18 +0200: Memory Usage (447520K) : graphgate_drw has 0 polygons
2026-04-11 04:38:18 +0200: Memory Usage (447520K) : sinwg_drw has 0 polygons
2026-04-11 04:38:18 +0200: Memory Usage (447520K) : sinwg_filler has 0 polygons
2026-04-11 04:38:18 +0200: Memory Usage (447520K) : sinwg_nofill has 0 polygons
2026-04-11 04:38:18 +0200: Memory Usage (447520K) : mempad_drw has 0 polygons
2026-04-11 04:38:18 +0200: Memory Usage (447520K) : topvia1_drw has 129 polygons
2026-04-11 04:38:19 +0200: Memory Usage (447520K) : topmetal1_drw has 5 polygons
2026-04-11 04:38:19 +0200: Memory Usage (447520K) : topmetal1_filler has 0 polygons
2026-04-11 04:38:19 +0200: Memory Usage (447520K) : topmetal1_slit has 0 polygons
2026-04-11 04:38:19 +0200: Memory Usage (447520K) : topmetal1 has 5 polygons
2026-04-11 04:38:19 +0200: Memory Usage (447520K) : topmetal1_pin has 1 polygons
2026-04-11 04:38:19 +0200: Memory Usage (447520K) : topmetal1_mask has 0 polygons
2026-04-11 04:38:19 +0200: Memory Usage (447520K) : topmetal1_nofill has 1 polygons
2026-04-11 04:38:19 +0200: Memory Usage (447520K) : topmetal1_text has 0 polygons
2026-04-11 04:38:19 +0200: Memory Usage (447520K) : topmetal1_noqrc has 1 polygons
2026-04-11 04:38:19 +0200: Memory Usage (447520K) : topmetal1_res has 0 polygons
2026-04-11 04:38:19 +0200: Memory Usage (447520K) : topmetal1_iprobe has 0 polygons
2026-04-11 04:38:19 +0200: Memory Usage (447520K) : topmetal1_diffprb has 0 polygons
2026-04-11 04:38:19 +0200: Memory Usage (447520K) : inldpwl_drw has 0 polygons
2026-04-11 04:38:19 +0200: Memory Usage (447520K) : polyres_drw has 0 polygons
2026-04-11 04:38:19 +0200: Memory Usage (447520K) : polyres_pin has 0 polygons
2026-04-11 04:38:19 +0200: Memory Usage (447520K) : vmim_drw has 576 polygons
2026-04-11 04:38:19 +0200: Memory Usage (447520K) : nbulaycut_drw has 0 polygons
2026-04-11 04:38:19 +0200: Memory Usage (447520K) : antmetal1_drw has 0 polygons
2026-04-11 04:38:19 +0200: Memory Usage (447520K) : topvia2_drw has 488 polygons
2026-04-11 04:38:19 +0200: Memory Usage (447520K) : topmetal2_drw has 3 polygons
2026-04-11 04:38:19 +0200: Memory Usage (447520K) : topmetal2_filler has 0 polygons
2026-04-11 04:38:19 +0200: Memory Usage (447520K) : topmetal2_slit has 0 polygons
2026-04-11 04:38:19 +0200: Memory Usage (447520K) : topmetal2 has 3 polygons
2026-04-11 04:38:19 +0200: Memory Usage (447520K) : topmetal2_pin has 0 polygons
2026-04-11 04:38:19 +0200: Memory Usage (447520K) : topmetal2_mask has 0 polygons
2026-04-11 04:38:19 +0200: Memory Usage (447520K) : topmetal2_nofill has 1 polygons
2026-04-11 04:38:19 +0200: Memory Usage (447520K) : topmetal2_text has 0 polygons
2026-04-11 04:38:19 +0200: Memory Usage (447520K) : topmetal2_noqrc has 0 polygons
2026-04-11 04:38:19 +0200: Memory Usage (447520K) : topmetal2_res has 0 polygons
2026-04-11 04:38:19 +0200: Memory Usage (447520K) : topmetal2_iprobe has 0 polygons
2026-04-11 04:38:19 +0200: Memory Usage (447520K) : topmetal2_diffprb has 0 polygons
2026-04-11 04:38:19 +0200: Memory Usage (447520K) : snsring_drw has 0 polygons
2026-04-11 04:38:19 +0200: Memory Usage (447520K) : sensor_drw has 0 polygons
2026-04-11 04:38:19 +0200: Memory Usage (447520K) : snsarms_drw has 0 polygons
2026-04-11 04:38:19 +0200: Memory Usage (447520K) : snscmosvia_drw has 0 polygons
2026-04-11 04:38:19 +0200: Memory Usage (447520K) : colwind_drw has 0 polygons
2026-04-11 04:38:19 +0200: Memory Usage (447520K) : flm_drw has 0 polygons
2026-04-11 04:38:19 +0200: Memory Usage (447520K) : hafniumox_drw has 0 polygons
2026-04-11 04:38:19 +0200: Memory Usage (447520K) : memvia_drw has 0 polygons
2026-04-11 04:38:19 +0200: Memory Usage (447520K) : thinfilmres_drw has 0 polygons
2026-04-11 04:38:19 +0200: Memory Usage (447520K) : rfmem_drw has 0 polygons
2026-04-11 04:38:19 +0200: Memory Usage (447520K) : norcx_drw has 0 polygons
2026-04-11 04:38:19 +0200: Memory Usage (447520K) : norcx_m2m3 has 0 polygons
2026-04-11 04:38:19 +0200: Memory Usage (447520K) : norcx_m2m4 has 0 polygons
2026-04-11 04:38:19 +0200: Memory Usage (447520K) : norcx_m2m5 has 0 polygons
2026-04-11 04:38:19 +0200: Memory Usage (447520K) : norcx_m2tm1 has 0 polygons
2026-04-11 04:38:19 +0200: Memory Usage (447520K) : norcx_m2tm2 has 0 polygons
2026-04-11 04:38:19 +0200: Memory Usage (447520K) : norcx_m3m4 has 0 polygons
2026-04-11 04:38:19 +0200: Memory Usage (447520K) : norcx_m3m5 has 0 polygons
2026-04-11 04:38:19 +0200: Memory Usage (447520K) : norcx_m3tm1 has 0 polygons
2026-04-11 04:38:19 +0200: Memory Usage (447520K) : norcx_m3tm2 has 0 polygons
2026-04-11 04:38:19 +0200: Memory Usage (447520K) : norcx_m4m5 has 0 polygons
2026-04-11 04:38:19 +0200: Memory Usage (447520K) : norcx_m4tm1 has 0 polygons
2026-04-11 04:38:19 +0200: Memory Usage (447520K) : norcx_m4tm2 has 0 polygons
2026-04-11 04:38:19 +0200: Memory Usage (447520K) : norcx_m5tm1 has 0 polygons
2026-04-11 04:38:19 +0200: Memory Usage (447520K) : norcx_m5tm2 has 0 polygons
2026-04-11 04:38:19 +0200: Memory Usage (447520K) : norcx_tm1tm2 has 0 polygons
2026-04-11 04:38:19 +0200: Memory Usage (447520K) : norcx_m1sub has 0 polygons
2026-04-11 04:38:19 +0200: Memory Usage (447520K) : norcx_m2sub has 0 polygons
2026-04-11 04:38:19 +0200: Memory Usage (447520K) : norcx_m3sub has 0 polygons
2026-04-11 04:38:19 +0200: Memory Usage (447520K) : norcx_m4sub has 0 polygons
2026-04-11 04:38:19 +0200: Memory Usage (447520K) : norcx_m5sub has 0 polygons
2026-04-11 04:38:19 +0200: Memory Usage (447520K) : norcx_tm1sub has 0 polygons
2026-04-11 04:38:19 +0200: Memory Usage (447520K) : norcx_tm2sub has 0 polygons
2026-04-11 04:38:19 +0200: Memory Usage (447520K) : snsbotvia_drw has 0 polygons
2026-04-11 04:38:19 +0200: Memory Usage (447520K) : snstopvia_drw has 0 polygons
2026-04-11 04:38:19 +0200: Memory Usage (447520K) : deepvia_drw has 0 polygons
2026-04-11 04:38:19 +0200: Memory Usage (447648K) : fgetch_drw has 0 polygons
2026-04-11 04:38:19 +0200: Memory Usage (447648K) : ctrgat_drw has 0 polygons
2026-04-11 04:38:19 +0200: Memory Usage (447648K) : fgimp_drw has 0 polygons
2026-04-11 04:38:19 +0200: Memory Usage (447648K) : emwihv_drw has 0 polygons
2026-04-11 04:38:19 +0200: Memory Usage (447776K) : lbe_drw has 0 polygons
2026-04-11 04:38:19 +0200: Memory Usage (447904K) : alcustop_drw has 0 polygons
2026-04-11 04:38:19 +0200: Memory Usage (448032K) : nometfiller_drw has 0 polygons
2026-04-11 04:38:19 +0200: Memory Usage (448160K) : prboundary_drw has 0 polygons
2026-04-11 04:38:19 +0200: Memory Usage (448288K) : exchange0_drw has 0 polygons
2026-04-11 04:38:19 +0200: Memory Usage (448416K) : exchange0_pin has 0 polygons
2026-04-11 04:38:19 +0200: Memory Usage (448544K) : exchange0_text has 0 polygons
2026-04-11 04:38:19 +0200: Memory Usage (448672K) : exchange1_drw has 0 polygons
2026-04-11 04:38:19 +0200: Memory Usage (448800K) : exchange1_pin has 0 polygons
2026-04-11 04:38:19 +0200: Memory Usage (448800K) : exchange1_text has 0 polygons
2026-04-11 04:38:19 +0200: Memory Usage (448928K) : exchange2_drw has 0 polygons
2026-04-11 04:38:19 +0200: Memory Usage (449056K) : exchange2_pin has 0 polygons
2026-04-11 04:38:19 +0200: Memory Usage (449184K) : exchange2_text has 0 polygons
2026-04-11 04:38:19 +0200: Memory Usage (449312K) : exchange3_drw has 0 polygons
2026-04-11 04:38:19 +0200: Memory Usage (449440K) : exchange3_pin has 0 polygons
2026-04-11 04:38:19 +0200: Memory Usage (449440K) : exchange3_text has 0 polygons
2026-04-11 04:38:19 +0200: Memory Usage (449568K) : exchange4_drw has 0 polygons
2026-04-11 04:38:19 +0200: Memory Usage (449696K) : exchange4_pin has 0 polygons
2026-04-11 04:38:19 +0200: Memory Usage (449824K) : exchange4_text has 0 polygons
2026-04-11 04:38:19 +0200: Memory Usage (449952K) : isonwell_drw has 0 polygons
2026-04-11 04:38:19 +0200: Memory Usage (449952K) : Total no. of polygons in the design is 5839
2026-04-11 04:38:19 +0200: Memory Usage (449952K) : Starting base layers derivations
2026-04-11 04:38:19 +0200: Memory Usage (449952K) : Starting general LVS derivations
2026-04-11 04:38:19 +0200: Memory Usage (455584K) : Starting MOSFET DERIVATIONS
2026-04-11 04:38:19 +0200: Memory Usage (457504K) : Starting NMOS DERIVATIONS
2026-04-11 04:38:19 +0200: Memory Usage (457504K) : Starting PMOS DERIVATIONS
2026-04-11 04:38:19 +0200: Memory Usage (457504K) : Starting RF-MOSFET DERIVATIONS
2026-04-11 04:38:19 +0200: Memory Usage (457504K) : Starting RF-NMOS DERIVATIONS
2026-04-11 04:38:19 +0200: Memory Usage (457504K) : Starting RF-PMOS DERIVATIONS
2026-04-11 04:38:19 +0200: Memory Usage (457504K) : Starting BJT DERIVATIONS
2026-04-11 04:38:19 +0200: Memory Usage (457504K) : Starting NPN-BJT DERIVATIONS
2026-04-11 04:38:19 +0200: Memory Usage (457504K) : Starting PNP-BJT DERIVATIONS
2026-04-11 04:38:19 +0200: Memory Usage (457504K) : Starting DIODE DERIVATIONS
2026-04-11 04:38:19 +0200: Memory Usage (457504K) : Starting RESISTOR DERIVATIONS
2026-04-11 04:38:19 +0200: Memory Usage (457504K) : Starting CAP DERIVATIONS
2026-04-11 04:38:19 +0200: Memory Usage (457888K) : Starting ESD DERIVATIONS
2026-04-11 04:38:19 +0200: Memory Usage (460600K) : Starting Inductor DERIVATIONS
2026-04-11 04:38:19 +0200: Memory Usage (460728K) : Starting Taps DERIVATIONS
2026-04-11 04:38:19 +0200: Memory Usage (460728K) : Starting SG13G2 LVS connectivity setup
2026-04-11 04:38:19 +0200: Memory Usage (460728K) : Starting SG13G2 LVS connectivity setup (Inter-layer)
2026-04-11 04:38:19 +0200: Memory Usage (461240K) : Starting SG13G2 LVS connectivity setup (Global)
2026-04-11 04:38:19 +0200: Memory Usage (461240K) : Starting LVS MOSFET CONNECTIONS
2026-04-11 04:38:19 +0200: Memory Usage (461240K) : Starting LVS RF-MOSFET CONNECTIONS
2026-04-11 04:38:19 +0200: Memory Usage (461240K) : Starting LVS BJT CONNECTIONS
2026-04-11 04:38:19 +0200: Memory Usage (461240K) : Starting LVS DIODE CONNECTIONS
2026-04-11 04:38:19 +0200: Memory Usage (461240K) : Starting RESISTOR CONNECTIONS
2026-04-11 04:38:19 +0200: Memory Usage (461240K) : Starting LVS CAP CONNECTIONS
2026-04-11 04:38:20 +0200: Memory Usage (461240K) : Starting ESD CONNECTIONS
2026-04-11 04:38:20 +0200: Memory Usage (461240K) : Starting Inductor CONNECTIONS
2026-04-11 04:38:20 +0200: Memory Usage (461240K) : Starting LVS Taps CONNECTIONS
2026-04-11 04:38:20 +0200: Memory Usage (461240K) : Starting SG13G2 LVS DEVICES EXTRACTION
2026-04-11 04:38:20 +0200: Memory Usage (461240K) : Starting MOSFET EXTRACTION
2026-04-11 04:38:20 +0200: Memory Usage (461240K) : Starting NMOS EXTRACTION
2026-04-11 04:38:20 +0200: Memory Usage (461240K) : Extraction of NMOS-LV transistor
2026-04-11 04:38:20 +0200: Memory Usage (461624K) : Extraction of NMOS-HV transistor
2026-04-11 04:38:20 +0200: Memory Usage (461624K) : Starting PMOS EXTRACTION
2026-04-11 04:38:20 +0200: Memory Usage (461624K) : Extraction of PMOS-LV transistor
2026-04-11 04:38:20 +0200: Memory Usage (461624K) : Extraction of PMOS-HV transistor
2026-04-11 04:38:20 +0200: Memory Usage (461624K) : Starting RF-MOSFET EXTRACTION
2026-04-11 04:38:20 +0200: Memory Usage (461624K) : Extraction of RF-NMOS-LV transistor
2026-04-11 04:38:20 +0200: Memory Usage (461624K) : Extraction of RF-NMOS-HV transistor
2026-04-11 04:38:20 +0200: Memory Usage (461624K) : Extraction of RF-PMOS-LV transistor
2026-04-11 04:38:20 +0200: Memory Usage (461624K) : Extraction of RF-PMOS-HV transistor
2026-04-11 04:38:20 +0200: Memory Usage (461624K) : Starting BJT EXTRACTION
2026-04-11 04:38:20 +0200: Memory Usage (461624K) : Starting NPN-BJT EXTRACTION
2026-04-11 04:38:20 +0200: Memory Usage (461624K) : Extraction of npn13G2 BJT transistor
2026-04-11 04:38:20 +0200: Memory Usage (461624K) : Extraction of npn13G2L BJT transistor
2026-04-11 04:38:20 +0200: Memory Usage (461624K) : Extraction of npn13G2V BJT transistor
2026-04-11 04:38:20 +0200: Memory Usage (461624K) : Starting PNP-BJT EXTRACTION
2026-04-11 04:38:20 +0200: Memory Usage (461624K) : Extracting pnpMPA BJT
2026-04-11 04:38:20 +0200: Memory Usage (461624K) : Starting DIODE EXTRACTION
2026-04-11 04:38:20 +0200: Memory Usage (461624K) : Extracting dantenna diode
2026-04-11 04:38:20 +0200: Memory Usage (461624K) : Extracting dpantenna diode
2026-04-11 04:38:20 +0200: Memory Usage (461624K) : Extracting schottky_nbl1 diode
2026-04-11 04:38:20 +0200: Memory Usage (461624K) : Extracting isolbox diode
2026-04-11 04:38:20 +0200: Memory Usage (461624K) : Starting RESISTOR EXTRACTION
2026-04-11 04:38:20 +0200: Memory Usage (461624K) : Extracting rsil resistor
2026-04-11 04:38:20 +0200: Memory Usage (461624K) : Extracting rppd resistor
2026-04-11 04:38:20 +0200: Memory Usage (461624K) : Extracting rhigh resistor
2026-04-11 04:38:20 +0200: Memory Usage (461624K) : Extracting res_metal1 resistor
2026-04-11 04:38:20 +0200: Memory Usage (461752K) : Extracting res_metal2 resistor
2026-04-11 04:38:20 +0200: Memory Usage (461752K) : Extracting res_metal3 resistor
2026-04-11 04:38:20 +0200: Memory Usage (461752K) : Extracting res_metal4 resistor
2026-04-11 04:38:20 +0200: Memory Usage (461752K) : Extracting res_metal5 resistor
2026-04-11 04:38:20 +0200: Memory Usage (461752K) : Extracting res_topmetal1 resistor
2026-04-11 04:38:20 +0200: Memory Usage (461752K) : Extracting res_topmetal2 resistor
2026-04-11 04:38:20 +0200: Memory Usage (461752K) : Starting CAP EXTRACTION
2026-04-11 04:38:20 +0200: Memory Usage (461752K) : Extracting cap_cmim device
2026-04-11 04:38:20 +0200: Memory Usage (461752K) : Extracting rfcmim device
2026-04-11 04:38:20 +0200: Memory Usage (461752K) : Extracting sg13_hv_svaricap varactor
2026-04-11 04:38:20 +0200: Memory Usage (461752K) : Starting ESD EXTRACTION
2026-04-11 04:38:20 +0200: Memory Usage (461752K) : Extracting diodevdd_2kv ESD device
2026-04-11 04:38:20 +0200: Memory Usage (461752K) : Extracting diodevdd_4kv ESD device
2026-04-11 04:38:20 +0200: Memory Usage (461752K) : Extracting diodevss_2kv ESD device
2026-04-11 04:38:20 +0200: Memory Usage (461752K) : Extracting diodevss_4kv ESD device
2026-04-11 04:38:20 +0200: Memory Usage (461752K) : Extracting idiodevdd_2kv ESD device
2026-04-11 04:38:20 +0200: Memory Usage (461752K) : Extracting idiodevdd_4kv ESD device
2026-04-11 04:38:20 +0200: Memory Usage (461752K) : Extracting idiodevss_2kv ESD device
2026-04-11 04:38:20 +0200: Memory Usage (461752K) : Extracting idiodevss_4kv ESD device
2026-04-11 04:38:20 +0200: Memory Usage (461752K) : Extracting nmoscl_2 ESD device
2026-04-11 04:38:20 +0200: Memory Usage (461752K) : Extracting nmoscl_4 ESD device
2026-04-11 04:38:20 +0200: Memory Usage (461752K) : Starting Inductor EXTRACTION
2026-04-11 04:38:20 +0200: Memory Usage (461752K) : Extracting Inductor2 device
2026-04-11 04:38:20 +0200: Memory Usage (461752K) : Extracting Inductor3 device
2026-04-11 04:38:20 +0200: Memory Usage (461752K) : Starting Taps EXTRACTION
2026-04-11 04:38:20 +0200: Memory Usage (461752K) : Extracting ntap1 device
2026-04-11 04:38:20 +0200: Memory Usage (461752K) : Extracting ptap1 device
2026-04-11 04:38:20 +0200: Memory Usage (461752K) : Starting SG13G2 LVS RF MOS Model Mapping
2026-04-11 04:38:20 +0200: Memory Usage (461752K) : [layout_netlist] Apply RF MOS model mapping and rfmode parameter.
2026-04-11 04:38:20 +0200: Memory Usage (461752K) : Starting SG13G2 LVS Options Preparations
2026-04-11 04:38:20 +0200: Memory Usage (461752K) : SG13G2 LVS flow: extraction -> alignment -> option preparation -> comparison.
2026-04-11 04:38:20 +0200: Memory Usage (461752K) : Starting SG13G2 LVS Alignment
2026-04-11 04:38:20 +0200: Memory Usage (461752K) : Starting SG13G2 LVS Simplification
2026-04-11 04:38:20 +0200: Memory Usage (461752K) : [layout_netlist] simplify: ENABLED
2026-04-11 04:38:20 +0200: Memory Usage (461752K) : [layout_netlist] make_top_level_pins: SKIPPED
2026-04-11 04:38:20 +0200: Memory Usage (461752K) : [layout_netlist] combine_devices: SKIPPED
2026-04-11 04:38:20 +0200: Memory Usage (461752K) : [layout_netlist] purge: SKIPPED
2026-04-11 04:38:20 +0200: Memory Usage (461752K) : [layout_netlist] purge_nets: SKIPPED
2026-04-11 04:38:20 +0200: Memory Usage (461752K) : [schematic_netlist] simplify: ENABLED
2026-04-11 04:38:20 +0200: Memory Usage (461752K) : [schematic_netlist] make_top_level_pins: SKIPPED
2026-04-11 04:38:20 +0200: Memory Usage (461752K) : [schematic_netlist] combine_devices: SKIPPED
2026-04-11 04:38:20 +0200: Memory Usage (461752K) : [schematic_netlist] purge: SKIPPED
2026-04-11 04:38:20 +0200: Memory Usage (461752K) : [schematic_netlist] purge_nets: SKIPPED
2026-04-11 04:38:20 +0200: Memory Usage (461752K) : Starting SG13G2 LVS Comparison in strict port mode.
2026-04-11 04:38:20 +0200: Memory Usage (461752K) : flag_missing_ports enabled: missing/mislabeled top-level ports are treated as errors.
2026-04-11 04:38:20 +0200: Memory Usage (461880K) : xxxxxxxxxxxxxxxxxxxxxxxxxxxxxxxxxxxxxxxxxx
2026-04-11 04:38:20 +0200: Memory Usage (461880K) : ERROR : Netlists don't match
2026-04-11 04:38:20 +0200: Memory Usage (461880K) : xxxxxxxxxxxxxxxxxxxxxxxxxxxxxxxxxxxxxxxxxx
2026-04-11 04:38:20 +0200: Memory Usage (461880K) : LVS Total Run time 1.849475 seconds
