# Logfile created on 2026-04-11 05:10:01 +0200 by logger.rb/v1.4.3
2026-04-11 05:10:01 +0200: Memory Usage (431424K) : Starting running IHP-SG13G2 KLayout DRC runset on /home/designer/shared/frac-n-pll-vco-unic_cass/layout/LC_VCO.gds
2026-04-11 05:10:01 +0200: Memory Usage (431424K) : Ruby Version for klayout: 3.0.2
2026-04-11 05:10:01 +0200: Memory Usage (432832K) : Loading database to memory is complete.
2026-04-11 05:10:01 +0200: Memory Usage (432832K) : IHP-SG13G2 KLayout DRC runset output at: /home/designer/shared/frac-n-pll-vco-unic_cass/drc_run_LC_VCO/LC_VCO_LC_VCO_main.lyrdb
2026-04-11 05:10:01 +0200: Memory Usage (432832K) : Evaluate switches.
2026-04-11 05:10:01 +0200: Memory Usage (432832K) : tables selected: main
2026-04-11 05:10:01 +0200: Memory Usage (432832K) : KLayout will use 1 thread(s) in tiling mode.
2026-04-11 05:10:01 +0200: Memory Usage (432832K) : deep mode is enabled.
2026-04-11 05:10:01 +0200: Memory Usage (432832K) : FEOL enabled: true
2026-04-11 05:10:01 +0200: Memory Usage (432832K) : BEOL enabled: true
2026-04-11 05:10:01 +0200: Memory Usage (432832K) : OFFGRID enabled: true
2026-04-11 05:10:01 +0200: Memory Usage (432832K) : ANGLE enabled: true
2026-04-11 05:10:01 +0200: Memory Usage (432832K) : PIN enabled: true
2026-04-11 05:10:01 +0200: Memory Usage (432832K) : FORBIDDEN enabled: true
2026-04-11 05:10:01 +0200: Memory Usage (432832K) : RECOMMENDED enabled: true
2026-04-11 05:10:01 +0200: Memory Usage (432832K) : PreCheck DRC enabled: false
2026-04-11 05:10:01 +0200: Memory Usage (432832K) : CONNECTIVITY_RULES enabled: true.
2026-04-11 05:10:01 +0200: Memory Usage (432832K) : Read in polygons from layers.
2026-04-11 05:10:01 +0200: Memory Usage (433984K) : activ_drw has 185 polygons
2026-04-11 05:10:01 +0200: Memory Usage (433984K) : activ_pin has 0 polygons
2026-04-11 05:10:01 +0200: Memory Usage (433984K) : activ_mask has 0 polygons
2026-04-11 05:10:01 +0200: Memory Usage (433984K) : activ_filler has 0 polygons
2026-04-11 05:10:01 +0200: Memory Usage (433984K) : activ_nofill has 1 polygons
2026-04-11 05:10:01 +0200: Memory Usage (433984K) : activ_opc has 0 polygons
2026-04-11 05:10:01 +0200: Memory Usage (433984K) : activ_iopc has 0 polygons
2026-04-11 05:10:01 +0200: Memory Usage (433984K) : activ_noqrc has 1 polygons
2026-04-11 05:10:01 +0200: Memory Usage (433984K) : biwind_drw has 0 polygons
2026-04-11 05:10:01 +0200: Memory Usage (433984K) : biwind_opc has 0 polygons
2026-04-11 05:10:01 +0200: Memory Usage (433984K) : pemwind_drw has 0 polygons
2026-04-11 05:10:01 +0200: Memory Usage (433984K) : gatpoly_drw has 153 polygons
2026-04-11 05:10:01 +0200: Memory Usage (433984K) : gatpoly_pin has 6 polygons
2026-04-11 05:10:01 +0200: Memory Usage (433984K) : gatpoly_filler has 0 polygons
2026-04-11 05:10:01 +0200: Memory Usage (433984K) : gatpoly_nofill has 0 polygons
2026-04-11 05:10:01 +0200: Memory Usage (433984K) : gatpoly_opc has 0 polygons
2026-04-11 05:10:01 +0200: Memory Usage (433984K) : gatpoly_iopc has 0 polygons
2026-04-11 05:10:01 +0200: Memory Usage (433984K) : gatpoly_noqrc has 0 polygons
2026-04-11 05:10:01 +0200: Memory Usage (433984K) : cont_drw has 5026 polygons
2026-04-11 05:10:01 +0200: Memory Usage (433984K) : cont_opc has 0 polygons
2026-04-11 05:10:01 +0200: Memory Usage (434112K) : nsd_drw has 0 polygons
2026-04-11 05:10:01 +0200: Memory Usage (434112K) : nsd_block has 0 polygons
2026-04-11 05:10:01 +0200: Memory Usage (434112K) : metal1_drw has 456 polygons
2026-04-11 05:10:01 +0200: Memory Usage (434240K) : metal1_pin has 26 polygons
2026-04-11 05:10:01 +0200: Memory Usage (434240K) : metal1_mask has 0 polygons
2026-04-11 05:10:01 +0200: Memory Usage (434240K) : metal1_filler has 0 polygons
2026-04-11 05:10:01 +0200: Memory Usage (434240K) : metal1_nofill has 1 polygons
2026-04-11 05:10:01 +0200: Memory Usage (434368K) : metal1_slit has 0 polygons
2026-04-11 05:10:01 +0200: Memory Usage (434496K) : metal1_text has 4 polygons
2026-04-11 05:10:01 +0200: Memory Usage (434496K) : metal1_opc has 0 polygons
2026-04-11 05:10:01 +0200: Memory Usage (434624K) : metal1_noqrc has 1 polygons
2026-04-11 05:10:01 +0200: Memory Usage (434624K) : metal1_res has 0 polygons
2026-04-11 05:10:01 +0200: Memory Usage (434624K) : metal1_iprobe has 0 polygons
2026-04-11 05:10:01 +0200: Memory Usage (434752K) : metal1_diffprb has 0 polygons
2026-04-11 05:10:01 +0200: Memory Usage (434752K) : passiv_drw has 0 polygons
2026-04-11 05:10:01 +0200: Memory Usage (434880K) : passiv_pin has 0 polygons
2026-04-11 05:10:01 +0200: Memory Usage (434880K) : passiv_sbump has 0 polygons
2026-04-11 05:10:01 +0200: Memory Usage (434880K) : passiv_pillar has 0 polygons
2026-04-11 05:10:01 +0200: Memory Usage (435008K) : passiv_pdl has 0 polygons
2026-04-11 05:10:01 +0200: Memory Usage (435008K) : metal2_drw has 80 polygons
2026-04-11 05:10:01 +0200: Memory Usage (435136K) : metal2_pin has 5 polygons
2026-04-11 05:10:01 +0200: Memory Usage (435136K) : metal2_mask has 0 polygons
2026-04-11 05:10:01 +0200: Memory Usage (435136K) : metal2_filler has 0 polygons
2026-04-11 05:10:01 +0200: Memory Usage (435264K) : metal2_nofill has 1 polygons
2026-04-11 05:10:01 +0200: Memory Usage (435264K) : metal2_slit has 0 polygons
2026-04-11 05:10:01 +0200: Memory Usage (435392K) : metal2_text has 5 polygons
2026-04-11 05:10:01 +0200: Memory Usage (435392K) : metal2_opc has 0 polygons
2026-04-11 05:10:01 +0200: Memory Usage (435392K) : metal2_noqrc has 1 polygons
2026-04-11 05:10:01 +0200: Memory Usage (435520K) : metal2_res has 0 polygons
2026-04-11 05:10:01 +0200: Memory Usage (435520K) : metal2_iprobe has 0 polygons
2026-04-11 05:10:01 +0200: Memory Usage (435520K) : metal2_diffprb has 0 polygons
2026-04-11 05:10:01 +0200: Memory Usage (435648K) : baspoly_drw has 0 polygons
2026-04-11 05:10:01 +0200: Memory Usage (435648K) : baspoly_pin has 0 polygons
2026-04-11 05:10:01 +0200: Memory Usage (435776K) : psd_drw has 37 polygons
2026-04-11 05:10:01 +0200: Memory Usage (435776K) : nldb_drw has 0 polygons
2026-04-11 05:10:01 +0200: Memory Usage (435776K) : digibnd_drw has 0 polygons
2026-04-11 05:10:01 +0200: Memory Usage (435904K) : via1_drw has 46 polygons
2026-04-11 05:10:01 +0200: Memory Usage (435904K) : backmetal1_drw has 0 polygons
2026-04-11 05:10:01 +0200: Memory Usage (436032K) : backmetal1_pin has 0 polygons
2026-04-11 05:10:01 +0200: Memory Usage (436032K) : backmetal1_mask has 0 polygons
2026-04-11 05:10:01 +0200: Memory Usage (436160K) : backmetal1_filler has 0 polygons
2026-04-11 05:10:01 +0200: Memory Usage (436160K) : backmetal1_nofill has 0 polygons
2026-04-11 05:10:01 +0200: Memory Usage (436160K) : backmetal1_slit has 0 polygons
2026-04-11 05:10:01 +0200: Memory Usage (436288K) : backmetal1_text has 0 polygons
2026-04-11 05:10:01 +0200: Memory Usage (436288K) : backmetal1_opc has 0 polygons
2026-04-11 05:10:01 +0200: Memory Usage (436416K) : backmetal1_noqrc has 0 polygons
2026-04-11 05:10:01 +0200: Memory Usage (436416K) : backmetal1_res has 0 polygons
2026-04-11 05:10:01 +0200: Memory Usage (436416K) : backmetal1_iprobe has 0 polygons
2026-04-11 05:10:01 +0200: Memory Usage (436544K) : backmetal1_diffprb has 0 polygons
2026-04-11 05:10:01 +0200: Memory Usage (436544K) : backpassiv_drw has 0 polygons
2026-04-11 05:10:02 +0200: Memory Usage (436672K) : res_drw has 0 polygons
2026-04-11 05:10:02 +0200: Memory Usage (436672K) : sram_drw has 0 polygons
2026-04-11 05:10:02 +0200: Memory Usage (436672K) : trans_drw has 0 polygons
2026-04-11 05:10:02 +0200: Memory Usage (436672K) : ind_drw has 2 polygons
2026-04-11 05:10:02 +0200: Memory Usage (436672K) : ind_pin has 2 polygons
2026-04-11 05:10:02 +0200: Memory Usage (436800K) : ind_text has 0 polygons
2026-04-11 05:10:02 +0200: Memory Usage (436800K) : salblock_drw has 0 polygons
2026-04-11 05:10:02 +0200: Memory Usage (436928K) : via2_drw has 134 polygons
2026-04-11 05:10:02 +0200: Memory Usage (436928K) : metal3_drw has 12 polygons
2026-04-11 05:10:02 +0200: Memory Usage (437056K) : metal3_pin has 0 polygons
2026-04-11 05:10:02 +0200: Memory Usage (437056K) : metal3_mask has 0 polygons
2026-04-11 05:10:02 +0200: Memory Usage (437184K) : metal3_filler has 0 polygons
2026-04-11 05:10:02 +0200: Memory Usage (437184K) : metal3_nofill has 1 polygons
2026-04-11 05:10:02 +0200: Memory Usage (437184K) : metal3_slit has 0 polygons
2026-04-11 05:10:02 +0200: Memory Usage (437312K) : metal3_text has 0 polygons
2026-04-11 05:10:02 +0200: Memory Usage (437312K) : metal3_opc has 0 polygons
2026-04-11 05:10:02 +0200: Memory Usage (437440K) : metal3_noqrc has 1 polygons
2026-04-11 05:10:02 +0200: Memory Usage (437440K) : metal3_res has 0 polygons
2026-04-11 05:10:02 +0200: Memory Usage (437440K) : metal3_iprobe has 0 polygons
2026-04-11 05:10:02 +0200: Memory Usage (437568K) : metal3_diffprb has 0 polygons
2026-04-11 05:10:02 +0200: Memory Usage (437568K) : nwell_drw has 14 polygons
2026-04-11 05:10:02 +0200: Memory Usage (437696K) : nwell_pin has 0 polygons
2026-04-11 05:10:02 +0200: Memory Usage (437696K) : nbulay_drw has 2 polygons
2026-04-11 05:10:02 +0200: Memory Usage (437696K) : nbulay_pin has 0 polygons
2026-04-11 05:10:02 +0200: Memory Usage (437824K) : nbulay_block has 0 polygons
2026-04-11 05:10:02 +0200: Memory Usage (437824K) : emwind_drw has 0 polygons
2026-04-11 05:10:02 +0200: Memory Usage (437824K) : emwind_opc has 0 polygons
2026-04-11 05:10:02 +0200: Memory Usage (437952K) : deepco_drw has 0 polygons
2026-04-11 05:10:02 +0200: Memory Usage (437952K) : deepco_drw has 0 polygons
2026-04-11 05:10:02 +0200: Memory Usage (437952K) : mim_drw has 1 polygons
2026-04-11 05:10:02 +0200: Memory Usage (438080K) : edgeseal_drw has 0 polygons
2026-04-11 05:10:02 +0200: Memory Usage (438080K) : edgeseal_bound has 0 polygons
2026-04-11 05:10:02 +0200: Memory Usage (438208K) : substrate_drw has 7 polygons
2026-04-11 05:10:02 +0200: Memory Usage (438208K) : substrate_text has 0 polygons
2026-04-11 05:10:02 +0200: Memory Usage (438208K) : dfpad_drw has 0 polygons
2026-04-11 05:10:02 +0200: Memory Usage (438336K) : dfpad_pillar has 0 polygons
2026-04-11 05:10:02 +0200: Memory Usage (438336K) : dfpad_sbump has 0 polygons
2026-04-11 05:10:02 +0200: Memory Usage (438464K) : thickgateox_drw has 0 polygons
2026-04-11 05:10:02 +0200: Memory Usage (438464K) : pldb_drw has 0 polygons
2026-04-11 05:10:02 +0200: Memory Usage (438464K) : pwell_drw has 0 polygons
2026-04-11 05:10:02 +0200: Memory Usage (438592K) : pwell_pin has 0 polygons
2026-04-11 05:10:02 +0200: Memory Usage (438592K) : pwell_block has 1 polygons
2026-04-11 05:10:02 +0200: Memory Usage (438720K) : ic_drw has 0 polygons
2026-04-11 05:10:02 +0200: Memory Usage (438720K) : via3_drw has 134 polygons
2026-04-11 05:10:02 +0200: Memory Usage (438720K) : metal4_drw has 12 polygons
2026-04-11 05:10:02 +0200: Memory Usage (438848K) : metal4_pin has 0 polygons
2026-04-11 05:10:02 +0200: Memory Usage (438848K) : metal4_mask has 0 polygons
2026-04-11 05:10:02 +0200: Memory Usage (438976K) : metal4_filler has 0 polygons
2026-04-11 05:10:02 +0200: Memory Usage (438976K) : metal4_nofill has 1 polygons
2026-04-11 05:10:02 +0200: Memory Usage (438976K) : metal4_slit has 0 polygons
2026-04-11 05:10:02 +0200: Memory Usage (438976K) : metal4_text has 0 polygons
2026-04-11 05:10:02 +0200: Memory Usage (439104K) : metal4_opc has 0 polygons
2026-04-11 05:10:02 +0200: Memory Usage (439104K) : metal4_noqrc has 1 polygons
2026-04-11 05:10:02 +0200: Memory Usage (439232K) : metal4_res has 0 polygons
2026-04-11 05:10:02 +0200: Memory Usage (439232K) : metal4_iprobe has 0 polygons
2026-04-11 05:10:02 +0200: Memory Usage (439232K) : metal4_diffprb has 0 polygons
2026-04-11 05:10:02 +0200: Memory Usage (439360K) : heattrans_drw has 99 polygons
2026-04-11 05:10:02 +0200: Memory Usage (439360K) : heatres_drw has 0 polygons
2026-04-11 05:10:02 +0200: Memory Usage (439488K) : pempoly_drw has 0 polygons
2026-04-11 05:10:02 +0200: Memory Usage (439488K) : fbe_drw has 0 polygons
2026-04-11 05:10:02 +0200: Memory Usage (439488K) : empoly_drw has 0 polygons
2026-04-11 05:10:02 +0200: Memory Usage (439616K) : ldmos_drw has 0 polygons
2026-04-11 05:10:02 +0200: Memory Usage (439616K) : pbiwind_drw has 0 polygons
2026-04-11 05:10:02 +0200: Memory Usage (439744K) : digisub_drw has 0 polygons
2026-04-11 05:10:02 +0200: Memory Usage (439744K) : nodrc_drw has 0 polygons
2026-04-11 05:10:02 +0200: Memory Usage (439744K) : text_drw has 18 polygons
2026-04-11 05:10:02 +0200: Memory Usage (439872K) : via4_drw has 134 polygons
2026-04-11 05:10:02 +0200: Memory Usage (439872K) : metal5_drw has 16 polygons
2026-04-11 05:10:02 +0200: Memory Usage (440000K) : metal5_pin has 2 polygons
2026-04-11 05:10:02 +0200: Memory Usage (440000K) : metal5_mask has 0 polygons
2026-04-11 05:10:02 +0200: Memory Usage (440128K) : metal5_filler has 0 polygons
2026-04-11 05:10:02 +0200: Memory Usage (440128K) : metal5_nofill has 1 polygons
2026-04-11 05:10:02 +0200: Memory Usage (440128K) : metal5_slit has 0 polygons
2026-04-11 05:10:02 +0200: Memory Usage (440256K) : metal5_text has 0 polygons
2026-04-11 05:10:02 +0200: Memory Usage (440256K) : metal5_opc has 0 polygons
2026-04-11 05:10:02 +0200: Memory Usage (440256K) : metal5_noqrc has 1 polygons
2026-04-11 05:10:02 +0200: Memory Usage (440256K) : metal5_res has 0 polygons
2026-04-11 05:10:02 +0200: Memory Usage (440384K) : metal5_iprobe has 0 polygons
2026-04-11 05:10:02 +0200: Memory Usage (440384K) : metal5_diffprb has 0 polygons
2026-04-11 05:10:02 +0200: Memory Usage (440384K) : radhard_drw has 0 polygons
2026-04-11 05:10:02 +0200: Memory Usage (440512K) : memcap_drw has 0 polygons
2026-04-11 05:10:02 +0200: Memory Usage (440512K) : varicap_drw has 0 polygons
2026-04-11 05:10:02 +0200: Memory Usage (440640K) : flash_drw has 0 polygons
2026-04-11 05:10:02 +0200: Memory Usage (440640K) : intbondvia_drw has 0 polygons
2026-04-11 05:10:02 +0200: Memory Usage (440640K) : intbondmet_drw has 0 polygons
2026-04-11 05:10:02 +0200: Memory Usage (440768K) : devbondvia_drw has 0 polygons
2026-04-11 05:10:02 +0200: Memory Usage (440768K) : devbondmet_drw has 0 polygons
2026-04-11 05:10:02 +0200: Memory Usage (440896K) : devtrench_drw has 0 polygons
2026-04-11 05:10:02 +0200: Memory Usage (440896K) : redist_drw has 0 polygons
2026-04-11 05:10:02 +0200: Memory Usage (441024K) : graphbot_drw has 0 polygons
2026-04-11 05:10:02 +0200: Memory Usage (441024K) : graphtop_drw has 0 polygons
2026-04-11 05:10:02 +0200: Memory Usage (441024K) : antvia1_drw has 0 polygons
2026-04-11 05:10:02 +0200: Memory Usage (441152K) : antmetal2_drw has 0 polygons
2026-04-11 05:10:02 +0200: Memory Usage (441152K) : graphcont_drw has 0 polygons
2026-04-11 05:10:02 +0200: Memory Usage (441280K) : siwg_drw has 0 polygons
2026-04-11 05:10:02 +0200: Memory Usage (441280K) : siwg_filler has 0 polygons
2026-04-11 05:10:02 +0200: Memory Usage (441280K) : siwg_nofill has 0 polygons
2026-04-11 05:10:02 +0200: Memory Usage (441408K) : sigrating_drw has 0 polygons
2026-04-11 05:10:02 +0200: Memory Usage (441408K) : singrating_drw has 0 polygons
2026-04-11 05:10:02 +0200: Memory Usage (441536K) : graphpas_drw has 0 polygons
2026-04-11 05:10:02 +0200: Memory Usage (441536K) : emwind3_drw has 0 polygons
2026-04-11 05:10:02 +0200: Memory Usage (441536K) : emwihv3_drw has 0 polygons
2026-04-11 05:10:02 +0200: Memory Usage (441664K) : redbulay_drw has 0 polygons
2026-04-11 05:10:02 +0200: Memory Usage (441664K) : smos_drw has 0 polygons
2026-04-11 05:10:02 +0200: Memory Usage (441792K) : graphpad_drw has 0 polygons
2026-04-11 05:10:02 +0200: Memory Usage (441792K) : polimide_drw has 0 polygons
2026-04-11 05:10:02 +0200: Memory Usage (441792K) : polimide_pin has 0 polygons
2026-04-11 05:10:02 +0200: Memory Usage (441920K) : recog_drw has 0 polygons
2026-04-11 05:10:02 +0200: Memory Usage (441920K) : recog_pin has 0 polygons
2026-04-11 05:10:02 +0200: Memory Usage (442048K) : recog_esd has 0 polygons
2026-04-11 05:10:02 +0200: Memory Usage (442048K) : recog_diode has 0 polygons
2026-04-11 05:10:02 +0200: Memory Usage (442048K) : recog_tsv has 0 polygons
2026-04-11 05:10:02 +0200: Memory Usage (442048K) : recog_iprobe has 0 polygons
2026-04-11 05:10:02 +0200: Memory Usage (442048K) : recog_diffprb has 0 polygons
2026-04-11 05:10:02 +0200: Memory Usage (442048K) : recog_pillar has 0 polygons
2026-04-11 05:10:02 +0200: Memory Usage (442176K) : recog_sbump has 0 polygons
2026-04-11 05:10:02 +0200: Memory Usage (442176K) : recog_otp has 0 polygons
2026-04-11 05:10:02 +0200: Memory Usage (442304K) : recog_pdiode has 0 polygons
2026-04-11 05:10:02 +0200: Memory Usage (442304K) : recog_mom has 0 polygons
2026-04-11 05:10:02 +0200: Memory Usage (442304K) : recog_pcm has 0 polygons
2026-04-11 05:10:02 +0200: Memory Usage (442432K) : colopen_drw has 0 polygons
2026-04-11 05:10:02 +0200: Memory Usage (442432K) : graphmetal1_drw has 0 polygons
2026-04-11 05:10:02 +0200: Memory Usage (442432K) : graphmetal1_filler has 0 polygons
2026-04-11 05:10:02 +0200: Memory Usage (442432K) : graphmetal1_nofill has 0 polygons
2026-04-11 05:10:02 +0200: Memory Usage (442432K) : graphmetal1_slit has 0 polygons
2026-04-11 05:10:02 +0200: Memory Usage (442560K) : graphmetal1_opc has 0 polygons
2026-04-11 05:10:02 +0200: Memory Usage (442560K) : graphmet1l_drw has 0 polygons
2026-04-11 05:10:02 +0200: Memory Usage (442688K) : graphmet1l_filler has 0 polygons
2026-04-11 05:10:02 +0200: Memory Usage (442688K) : graphmet1l_nofill has 0 polygons
2026-04-11 05:10:02 +0200: Memory Usage (442688K) : graphmet1l_slit has 0 polygons
2026-04-11 05:10:02 +0200: Memory Usage (442816K) : graphmet1l_opc has 0 polygons
2026-04-11 05:10:02 +0200: Memory Usage (442816K) : extblock_drw has 0 polygons
2026-04-11 05:10:02 +0200: Memory Usage (442944K) : nldd_drw has 0 polygons
2026-04-11 05:10:02 +0200: Memory Usage (442944K) : pldd_drw has 0 polygons
2026-04-11 05:10:02 +0200: Memory Usage (442944K) : next_drw has 0 polygons
2026-04-11 05:10:02 +0200: Memory Usage (443072K) : pext_drw has 0 polygons
2026-04-11 05:10:02 +0200: Memory Usage (443072K) : nexthv_drw has 0 polygons
2026-04-11 05:10:02 +0200: Memory Usage (443200K) : pexthv_drw has 0 polygons
2026-04-11 05:10:02 +0200: Memory Usage (443200K) : graphgate_drw has 0 polygons
2026-04-11 05:10:02 +0200: Memory Usage (443200K) : sinwg_drw has 0 polygons
2026-04-11 05:10:02 +0200: Memory Usage (443328K) : sinwg_filler has 0 polygons
2026-04-11 05:10:02 +0200: Memory Usage (443328K) : sinwg_nofill has 0 polygons
2026-04-11 05:10:02 +0200: Memory Usage (443456K) : mempad_drw has 0 polygons
2026-04-11 05:10:02 +0200: Memory Usage (443456K) : topvia1_drw has 129 polygons
2026-04-11 05:10:02 +0200: Memory Usage (443584K) : topmetal1_drw has 15 polygons
2026-04-11 05:10:02 +0200: Memory Usage (443584K) : topmetal1_pin has 2 polygons
2026-04-11 05:10:02 +0200: Memory Usage (443584K) : topmetal1_mask has 0 polygons
2026-04-11 05:10:02 +0200: Memory Usage (443712K) : topmetal1_filler has 0 polygons
2026-04-11 05:10:02 +0200: Memory Usage (443712K) : topmetal1_nofill has 1 polygons
2026-04-11 05:10:02 +0200: Memory Usage (443840K) : topmetal1_slit has 0 polygons
2026-04-11 05:10:02 +0200: Memory Usage (443840K) : topmetal1_text has 0 polygons
2026-04-11 05:10:02 +0200: Memory Usage (443840K) : topmetal1_noqrc has 1 polygons
2026-04-11 05:10:02 +0200: Memory Usage (443968K) : topmetal1_res has 0 polygons
2026-04-11 05:10:02 +0200: Memory Usage (443968K) : topmetal1_iprobe has 0 polygons
2026-04-11 05:10:02 +0200: Memory Usage (444096K) : topmetal1_diffprb has 0 polygons
2026-04-11 05:10:02 +0200: Memory Usage (444096K) : inldpwl_drw has 0 polygons
2026-04-11 05:10:02 +0200: Memory Usage (444096K) : polyres_drw has 0 polygons
2026-04-11 05:10:02 +0200: Memory Usage (444224K) : polyres_pin has 0 polygons
2026-04-11 05:10:02 +0200: Memory Usage (444224K) : vmim_drw has 576 polygons
2026-04-11 05:10:02 +0200: Memory Usage (444352K) : nbulaycut_drw has 0 polygons
2026-04-11 05:10:02 +0200: Memory Usage (444352K) : antmetal1_drw has 0 polygons
2026-04-11 05:10:02 +0200: Memory Usage (444480K) : topvia2_drw has 488 polygons
2026-04-11 05:10:02 +0200: Memory Usage (444480K) : topmetal2_drw has 11 polygons
2026-04-11 05:10:02 +0200: Memory Usage (444480K) : topmetal2_pin has 0 polygons
2026-04-11 05:10:02 +0200: Memory Usage (444608K) : topmetal2_mask has 0 polygons
2026-04-11 05:10:02 +0200: Memory Usage (444608K) : topmetal2_filler has 0 polygons
2026-04-11 05:10:02 +0200: Memory Usage (444608K) : topmetal2_nofill has 1 polygons
2026-04-11 05:10:02 +0200: Memory Usage (444608K) : topmetal2_slit has 0 polygons
2026-04-11 05:10:02 +0200: Memory Usage (444608K) : topmetal2_text has 0 polygons
2026-04-11 05:10:02 +0200: Memory Usage (444608K) : topmetal2_noqrc has 0 polygons
2026-04-11 05:10:02 +0200: Memory Usage (444736K) : topmetal2_res has 0 polygons
2026-04-11 05:10:02 +0200: Memory Usage (444736K) : topmetal2_iprobe has 0 polygons
2026-04-11 05:10:02 +0200: Memory Usage (444736K) : topmetal2_diffprb has 0 polygons
2026-04-11 05:10:02 +0200: Memory Usage (444864K) : snsring_drw has 0 polygons
2026-04-11 05:10:02 +0200: Memory Usage (444864K) : sensor_drw has 0 polygons
2026-04-11 05:10:02 +0200: Memory Usage (444992K) : snsarms_drw has 0 polygons
2026-04-11 05:10:02 +0200: Memory Usage (444992K) : snscmosvia_drw has 0 polygons
2026-04-11 05:10:02 +0200: Memory Usage (444992K) : colwind_drw has 0 polygons
2026-04-11 05:10:02 +0200: Memory Usage (445120K) : flm_drw has 0 polygons
2026-04-11 05:10:02 +0200: Memory Usage (445120K) : hafniumox_drw has 0 polygons
2026-04-11 05:10:02 +0200: Memory Usage (445248K) : memvia_drw has 0 polygons
2026-04-11 05:10:02 +0200: Memory Usage (445248K) : thinfilmres_drw has 0 polygons
2026-04-11 05:10:02 +0200: Memory Usage (445248K) : rfmem_drw has 0 polygons
2026-04-11 05:10:02 +0200: Memory Usage (445248K) : norcx_drw has 0 polygons
2026-04-11 05:10:02 +0200: Memory Usage (445248K) : norcx_m2m3 has 0 polygons
2026-04-11 05:10:02 +0200: Memory Usage (445248K) : norcx_m2m4 has 0 polygons
2026-04-11 05:10:02 +0200: Memory Usage (445248K) : norcx_m2m5 has 0 polygons
2026-04-11 05:10:02 +0200: Memory Usage (445248K) : norcx_m2tm1 has 0 polygons
2026-04-11 05:10:02 +0200: Memory Usage (445248K) : norcx_m2tm2 has 0 polygons
2026-04-11 05:10:02 +0200: Memory Usage (445248K) : norcx_m3m4 has 0 polygons
2026-04-11 05:10:02 +0200: Memory Usage (445248K) : norcx_m3m5 has 0 polygons
2026-04-11 05:10:02 +0200: Memory Usage (445248K) : norcx_m3tm1 has 0 polygons
2026-04-11 05:10:02 +0200: Memory Usage (445248K) : norcx_m3tm2 has 0 polygons
2026-04-11 05:10:02 +0200: Memory Usage (445248K) : norcx_m4m5 has 0 polygons
2026-04-11 05:10:02 +0200: Memory Usage (445248K) : norcx_m4tm1 has 0 polygons
2026-04-11 05:10:02 +0200: Memory Usage (445248K) : norcx_m4tm2 has 0 polygons
2026-04-11 05:10:02 +0200: Memory Usage (445248K) : norcx_m5tm1 has 0 polygons
2026-04-11 05:10:02 +0200: Memory Usage (445248K) : norcx_m5tm2 has 0 polygons
2026-04-11 05:10:02 +0200: Memory Usage (445248K) : norcx_tm1tm2 has 0 polygons
2026-04-11 05:10:02 +0200: Memory Usage (445248K) : norcx_m1sub has 0 polygons
2026-04-11 05:10:02 +0200: Memory Usage (445248K) : norcx_m2sub has 0 polygons
2026-04-11 05:10:02 +0200: Memory Usage (445248K) : norcx_m3sub has 0 polygons
2026-04-11 05:10:02 +0200: Memory Usage (445248K) : norcx_m4sub has 0 polygons
2026-04-11 05:10:02 +0200: Memory Usage (445248K) : norcx_m5sub has 0 polygons
2026-04-11 05:10:02 +0200: Memory Usage (445248K) : norcx_tm1sub has 0 polygons
2026-04-11 05:10:02 +0200: Memory Usage (445248K) : norcx_tm2sub has 0 polygons
2026-04-11 05:10:02 +0200: Memory Usage (445248K) : snsbotvia_drw has 0 polygons
2026-04-11 05:10:02 +0200: Memory Usage (445248K) : snstopvia_drw has 0 polygons
2026-04-11 05:10:02 +0200: Memory Usage (445248K) : deepvia_drw has 0 polygons
2026-04-11 05:10:02 +0200: Memory Usage (445248K) : fgetch_drw has 0 polygons
2026-04-11 05:10:02 +0200: Memory Usage (445248K) : ctrgat_drw has 0 polygons
2026-04-11 05:10:02 +0200: Memory Usage (445248K) : fgimp_drw has 0 polygons
2026-04-11 05:10:02 +0200: Memory Usage (445248K) : emwihv_drw has 0 polygons
2026-04-11 05:10:02 +0200: Memory Usage (445248K) : lbe_drw has 0 polygons
2026-04-11 05:10:02 +0200: Memory Usage (445248K) : alcustop_drw has 0 polygons
2026-04-11 05:10:02 +0200: Memory Usage (445248K) : nometfiller_drw has 0 polygons
2026-04-11 05:10:02 +0200: Memory Usage (445248K) : prboundary_drw has 0 polygons
2026-04-11 05:10:02 +0200: Memory Usage (445248K) : exchange0_drw has 0 polygons
2026-04-11 05:10:02 +0200: Memory Usage (445248K) : exchange0_pin has 0 polygons
2026-04-11 05:10:02 +0200: Memory Usage (445248K) : exchange0_text has 0 polygons
2026-04-11 05:10:02 +0200: Memory Usage (445248K) : exchange1_drw has 0 polygons
2026-04-11 05:10:02 +0200: Memory Usage (445248K) : exchange1_pin has 0 polygons
2026-04-11 05:10:02 +0200: Memory Usage (445248K) : exchange1_text has 0 polygons
2026-04-11 05:10:02 +0200: Memory Usage (445248K) : exchange2_drw has 0 polygons
2026-04-11 05:10:02 +0200: Memory Usage (445248K) : exchange2_pin has 0 polygons
2026-04-11 05:10:02 +0200: Memory Usage (445248K) : exchange2_text has 0 polygons
2026-04-11 05:10:02 +0200: Memory Usage (445248K) : exchange3_drw has 0 polygons
2026-04-11 05:10:02 +0200: Memory Usage (445248K) : exchange3_pin has 0 polygons
2026-04-11 05:10:02 +0200: Memory Usage (445248K) : exchange3_text has 0 polygons
2026-04-11 05:10:02 +0200: Memory Usage (445248K) : exchange4_drw has 0 polygons
2026-04-11 05:10:02 +0200: Memory Usage (445248K) : exchange4_pin has 0 polygons
2026-04-11 05:10:02 +0200: Memory Usage (445248K) : exchange4_text has 0 polygons
2026-04-11 05:10:02 +0200: Memory Usage (445248K) : isonwell_drw has 0 polygons
2026-04-11 05:10:02 +0200: Memory Usage (445248K) : Total no. of polygons in the design is 7855
2026-04-11 05:10:02 +0200: Memory Usage (445248K) : Loaded TECH DRC rules values from /opt/pdks/ihp-sg13g2/libs.tech/klayout/python/sg13g2_pycell_lib/sg13g2_tech_mod.json
2026-04-11 05:10:02 +0200: Memory Usage (445248K) : Loaded default DRC rules values from /opt/pdks/ihp-sg13g2/libs.tech/klayout/tech/drc/rule_decks/sg13g2_tech_default.json
2026-04-11 05:10:02 +0200: Memory Usage (445248K) : The following rules values were missing in tech json and default values were used:
2026-04-11 05:10:02 +0200: Memory Usage (445248K) :   - NW_f1_digibnd
2026-04-11 05:10:02 +0200: Memory Usage (445248K) :   - Cnt_c_digibnd
2026-04-11 05:10:02 +0200: Memory Usage (445248K) :   - Cnt_c_sram
2026-04-11 05:10:02 +0200: Memory Usage (445248K) :   - Sdiod_b
2026-04-11 05:10:02 +0200: Memory Usage (445248K) :   - Sdiod_c
2026-04-11 05:10:02 +0200: Memory Usage (446016K) : Total area of the design is 331942.82 um^2.
2026-04-11 05:10:02 +0200: Memory Usage (446016K) : The design dimensions are 631.07 µm * 526.0 µm.
2026-04-11 05:10:02 +0200: Memory Usage (446016K) : Starting general IHP-SG13G2 derivations.
2026-04-11 05:10:02 +0200: Memory Usage (446016K) : Starting Pwell derivations
2026-04-11 05:10:02 +0200: Memory Usage (448064K) : Starting n-Activ derivations
2026-04-11 05:10:02 +0200: Memory Usage (448192K) : Starting p-Activ derivations
2026-04-11 05:10:02 +0200: Memory Usage (448192K) : Starting ptap derivations
2026-04-11 05:10:02 +0200: Memory Usage (448320K) : Starting ntap derivations
2026-04-11 05:10:02 +0200: Memory Usage (448320K) : Starting pact FET derivations
2026-04-11 05:10:02 +0200: Memory Usage (448320K) : Starting nact FET derivations
2026-04-11 05:10:02 +0200: Memory Usage (448448K) : Starting Gate derivations
2026-04-11 05:10:02 +0200: Memory Usage (448448K) : Starting cont/contbar general derivations
2026-04-11 05:10:02 +0200: Memory Usage (448448K) : Starting pad general derivations
2026-04-11 05:10:02 +0200: Memory Usage (448448K) : Starting schottky_nbl general derivations
2026-04-11 05:10:02 +0200: Memory Usage (448448K) : Starting SVaricap general derivations
2026-04-11 05:10:02 +0200: Memory Usage (448576K) : Starting HBT general derivations
2026-04-11 05:10:02 +0200: Memory Usage (448576K) : Starting IHP-SG13G2 DRC connectivity related derivations.
2026-04-11 05:10:02 +0200: Memory Usage (448832K) : Starting IHP-SG13G2 DRC connectivity setup
2026-04-11 05:10:02 +0200: Memory Usage (449088K) : Starting IHP-SG13G2 DRC rules.
2026-04-11 05:10:02 +0200: Memory Usage (449088K) : Running all FEOL rules
2026-04-11 05:10:02 +0200: Memory Usage (449088K) : Running all BEOL rules
2026-04-11 05:10:02 +0200: Memory Usage (449088K) : Running all PIN rules
2026-04-11 05:10:02 +0200: Memory Usage (449088K) : Running all FORBIDDEN rules
2026-04-11 05:10:02 +0200: Memory Usage (449088K) : Starting 5.1 NWell table
2026-04-11 05:10:02 +0200: Memory Usage (449088K) : Executing rule NW.b
2026-04-11 05:10:02 +0200: Memory Usage (449600K) : Executing rule NW.b1
2026-04-11 05:10:02 +0200: Memory Usage (449600K) : Executing rule NW.f1
2026-04-11 05:10:02 +0200: Memory Usage (449600K) : Executing rule NW.f1.digibnd
2026-04-11 05:10:02 +0200: Memory Usage (449600K) : Starting 5.2 PWell:block
2026-04-11 05:10:02 +0200: Memory Usage (449600K) : Executing rule PWB.e
2026-04-11 05:10:02 +0200: Memory Usage (449728K) : Executing rule PWB.e1
2026-04-11 05:10:02 +0200: Memory Usage (449728K) : Executing rule PWB.f
2026-04-11 05:10:02 +0200: Memory Usage (449728K) : Executing rule PWB.f1
2026-04-11 05:10:02 +0200: Memory Usage (449728K) : Starting 5.3 nBuLay table
2026-04-11 05:10:02 +0200: Memory Usage (449728K) : Executing rule NBL.b
2026-04-11 05:10:02 +0200: Memory Usage (449728K) : Executing rule NBL.c
2026-04-11 05:10:02 +0200: Memory Usage (449728K) : Executing rule NBL.d
2026-04-11 05:10:02 +0200: Memory Usage (449728K) : Executing rule NBL.e
2026-04-11 05:10:03 +0200: Memory Usage (449728K) : Executing rule NBL.f
2026-04-11 05:10:03 +0200: Memory Usage (449728K) : Starting 5.5. Activ table
2026-04-11 05:10:03 +0200: Memory Usage (449728K) : Executing rule Act.a
2026-04-11 05:10:03 +0200: Memory Usage (449728K) : Executing rule Act.b
2026-04-11 05:10:03 +0200: Memory Usage (449728K) : Starting 5.6 Activ:filler table
2026-04-11 05:10:03 +0200: Memory Usage (449728K) : Executing rule AFil.c1
2026-04-11 05:10:03 +0200: Memory Usage (449728K) : Executing rule AFil.c
2026-04-11 05:10:03 +0200: Memory Usage (449728K) : Executing rule AFil.d
2026-04-11 05:10:03 +0200: Memory Usage (449728K) : Executing rule AFil.e
2026-04-11 05:10:03 +0200: Memory Usage (449728K) : Executing rule AFil.j
2026-04-11 05:10:03 +0200: Memory Usage (449728K) : Starting 5.7. ThickGateOx table
2026-04-11 05:10:03 +0200: Memory Usage (449728K) : Executing rule TGO.f
2026-04-11 05:10:03 +0200: Memory Usage (449728K) : Starting 5.8. GatPoly table
2026-04-11 05:10:03 +0200: Memory Usage (449728K) : Executing rule Gat.a
2026-04-11 05:10:03 +0200: Memory Usage (449728K) : Executing rule Gat.b
2026-04-11 05:10:03 +0200: Memory Usage (449728K) : Executing rule Gat.d
2026-04-11 05:10:03 +0200: Memory Usage (449728K) : Executing rule Gat.a1
2026-04-11 05:10:03 +0200: Memory Usage (449984K) : Executing rule Gat.a2
2026-04-11 05:10:03 +0200: Memory Usage (449984K) : Executing rule Gat.g
2026-04-11 05:10:03 +0200: Memory Usage (449984K) : Starting 5.9 GatPoly:filler
2026-04-11 05:10:03 +0200: Memory Usage (449984K) : Executing rule GFil.d
2026-04-11 05:10:03 +0200: Memory Usage (449984K) : Executing rule GFil.e
2026-04-11 05:10:03 +0200: Memory Usage (449984K) : Executing rule GFil.i
2026-04-11 05:10:03 +0200: Memory Usage (449984K) : Starting 5.10 pSD table
2026-04-11 05:10:03 +0200: Memory Usage (449984K) : Executing rule pSD.c1
2026-04-11 05:10:03 +0200: Memory Usage (449984K) : Starting 5.14. Cont table
2026-04-11 05:10:03 +0200: Memory Usage (449984K) : Executing rule Cnt.a
2026-04-11 05:10:03 +0200: Memory Usage (449984K) : Executing rule Cnt.b
2026-04-11 05:10:03 +0200: Memory Usage (449984K) : Executing rule Cnt.c
2026-04-11 05:10:03 +0200: Memory Usage (449984K) : Executing rule Cnt.c.digibnd
2026-04-11 05:10:03 +0200: Memory Usage (449984K) : Executing rule Cnt.c.SRAM
2026-04-11 05:10:03 +0200: Memory Usage (449984K) : Executing rule Cnt.d
2026-04-11 05:10:03 +0200: Memory Usage (449984K) : Executing rule Cnt.e
2026-04-11 05:10:03 +0200: Memory Usage (449984K) : Executing rule Cnt.g1
2026-04-11 05:10:03 +0200: Memory Usage (450368K) : Executing rule Cnt.g2
2026-04-11 05:10:03 +0200: Memory Usage (450368K) : Starting 5.15. ContBar table
2026-04-11 05:10:03 +0200: Memory Usage (450368K) : Executing rule CntB.b1
2026-04-11 05:10:03 +0200: Memory Usage (450368K) : Executing rule CntB.h1
2026-04-11 05:10:03 +0200: Memory Usage (450368K) : Starting 6.1.3 NPN Substrate-Tie table
2026-04-11 05:10:03 +0200: Memory Usage (450368K) : Executing rule npn13G2.bR 
2026-04-11 05:10:03 +0200: Memory Usage (450368K) : Executing rule npn13G2L.cR 
2026-04-11 05:10:03 +0200: Memory Usage (450368K) : Executing rule npn13G2V.cR 
2026-04-11 05:10:03 +0200: Memory Usage (450368K) : Starting 6.7 Schottky diode table
2026-04-11 05:10:03 +0200: Memory Usage (450368K) : Executing rule Sdiod.b
2026-04-11 05:10:03 +0200: Memory Usage (450368K) : Executing rule Sdiod.c
2026-04-11 05:10:03 +0200: Memory Usage (450368K) : Executing rule Sdiod.d
2026-04-11 05:10:03 +0200: Memory Usage (450368K) : Executing rule Sdiod.e
2026-04-11 05:10:03 +0200: Memory Usage (450368K) : Starting 7.2 Latch-up table
2026-04-11 05:10:03 +0200: Memory Usage (450368K) : Executing rule LU.b
2026-04-11 05:10:03 +0200: Memory Usage (450368K) : Starting 5.16. Metal1 table
2026-04-11 05:10:03 +0200: Memory Usage (450368K) : Executing rule M1.a
2026-04-11 05:10:03 +0200: Memory Usage (450368K) : Executing rule M1.b
2026-04-11 05:10:03 +0200: Memory Usage (450368K) : Executing rule M1.e
2026-04-11 05:10:03 +0200: Memory Usage (450368K) : Executing rule M1.f
2026-04-11 05:10:03 +0200: Memory Usage (450368K) : Executing rule M1.g
2026-04-11 05:10:03 +0200: Memory Usage (450368K) : Executing rule M1.i
2026-04-11 05:10:03 +0200: Memory Usage (450368K) : Starting 5.17 Metaln table
2026-04-11 05:10:03 +0200: Memory Usage (450368K) : Executing rule M2.a
2026-04-11 05:10:03 +0200: Memory Usage (450368K) : Executing rule M2.b
2026-04-11 05:10:03 +0200: Memory Usage (450368K) : Executing rule M2.e
2026-04-11 05:10:03 +0200: Memory Usage (450368K) : Executing rule M2.f
2026-04-11 05:10:03 +0200: Memory Usage (450368K) : Executing rule M2.g
2026-04-11 05:10:03 +0200: Memory Usage (450368K) : Executing rule M2.i
2026-04-11 05:10:03 +0200: Memory Usage (450368K) : Executing rule M3.a
2026-04-11 05:10:03 +0200: Memory Usage (450368K) : Executing rule M3.b
2026-04-11 05:10:03 +0200: Memory Usage (450368K) : Executing rule M3.e
2026-04-11 05:10:03 +0200: Memory Usage (450368K) : Executing rule M3.f
2026-04-11 05:10:03 +0200: Memory Usage (450368K) : Executing rule M3.g
2026-04-11 05:10:03 +0200: Memory Usage (450368K) : Executing rule M3.i
2026-04-11 05:10:03 +0200: Memory Usage (450368K) : Executing rule M4.a
2026-04-11 05:10:03 +0200: Memory Usage (450368K) : Executing rule M4.b
2026-04-11 05:10:03 +0200: Memory Usage (450368K) : Executing rule M4.e
2026-04-11 05:10:03 +0200: Memory Usage (450368K) : Executing rule M4.f
2026-04-11 05:10:03 +0200: Memory Usage (450368K) : Executing rule M4.g
2026-04-11 05:10:03 +0200: Memory Usage (450368K) : Executing rule M4.i
2026-04-11 05:10:03 +0200: Memory Usage (450368K) : Executing rule M5.a
2026-04-11 05:10:03 +0200: Memory Usage (450368K) : Executing rule M5.b
2026-04-11 05:10:03 +0200: Memory Usage (450368K) : Executing rule M5.e
2026-04-11 05:10:03 +0200: Memory Usage (450368K) : Executing rule M5.f
2026-04-11 05:10:03 +0200: Memory Usage (450368K) : Executing rule M5.g
2026-04-11 05:10:03 +0200: Memory Usage (450368K) : Executing rule M5.i
2026-04-11 05:10:03 +0200: Memory Usage (450368K) : Starting 5.18 Metaln:filler table
2026-04-11 05:10:03 +0200: Memory Usage (450368K) : Executing rule M1Fil.c
2026-04-11 05:10:03 +0200: Memory Usage (450368K) : Executing rule M1Fil.a2
2026-04-11 05:10:03 +0200: Memory Usage (450368K) : Executing rule M2Fil.c
2026-04-11 05:10:03 +0200: Memory Usage (450368K) : Executing rule M2Fil.a2
2026-04-11 05:10:03 +0200: Memory Usage (450368K) : Executing rule M3Fil.c
2026-04-11 05:10:03 +0200: Memory Usage (450368K) : Executing rule M3Fil.a2
2026-04-11 05:10:03 +0200: Memory Usage (450368K) : Executing rule M4Fil.c
2026-04-11 05:10:03 +0200: Memory Usage (450368K) : Executing rule M4Fil.a2
2026-04-11 05:10:03 +0200: Memory Usage (450368K) : Executing rule M5Fil.c
2026-04-11 05:10:03 +0200: Memory Usage (450368K) : Executing rule M5Fil.a2
2026-04-11 05:10:03 +0200: Memory Usage (450368K) : Starting 5.19. Via1 table
2026-04-11 05:10:03 +0200: Memory Usage (450368K) : Starting 5.19. Via1 table derivations
2026-04-11 05:10:03 +0200: Memory Usage (450368K) : Executing rule V1.a
2026-04-11 05:10:03 +0200: Memory Usage (450368K) : Executing rule V1.b
2026-04-11 05:10:03 +0200: Memory Usage (450368K) : Executing rule V1.c
2026-04-11 05:10:03 +0200: Memory Usage (450368K) : Starting 5.20. Vian table
2026-04-11 05:10:03 +0200: Memory Usage (450368K) : Executing rule V2.a
2026-04-11 05:10:03 +0200: Memory Usage (450368K) : Executing rule V2.b
2026-04-11 05:10:03 +0200: Memory Usage (450368K) : Executing rule V2.c
2026-04-11 05:10:03 +0200: Memory Usage (450368K) : Executing rule V3.a
2026-04-11 05:10:04 +0200: Memory Usage (450368K) : Executing rule V3.b
2026-04-11 05:10:04 +0200: Memory Usage (450368K) : Executing rule V3.c
2026-04-11 05:10:04 +0200: Memory Usage (450368K) : Executing rule V4.a
2026-04-11 05:10:04 +0200: Memory Usage (450368K) : Executing rule V4.b
2026-04-11 05:10:04 +0200: Memory Usage (450368K) : Executing rule V4.c
2026-04-11 05:10:04 +0200: Memory Usage (450368K) : Starting 5.21. TopVia1 table
2026-04-11 05:10:04 +0200: Memory Usage (450368K) : Executing rule TV1.a
2026-04-11 05:10:04 +0200: Memory Usage (450368K) : Executing rule TV1.b
2026-04-11 05:10:04 +0200: Memory Usage (450368K) : Executing rule TV1.c
2026-04-11 05:10:04 +0200: Memory Usage (450368K) : Executing rule TV1.d
2026-04-11 05:10:04 +0200: Memory Usage (450368K) : Starting 5.22. TopMetal1 table
2026-04-11 05:10:04 +0200: Memory Usage (450368K) : Executing rule TM1.a
2026-04-11 05:10:04 +0200: Memory Usage (450368K) : Executing rule TM1.b
2026-04-11 05:10:04 +0200: Memory Usage (450368K) : Starting 5.23 TopMetal1:filler table
2026-04-11 05:10:04 +0200: Memory Usage (450368K) : Executing rule TM1Fil.c
2026-04-11 05:10:04 +0200: Memory Usage (450368K) : Executing rule TM1Fil.a1
2026-04-11 05:10:04 +0200: Memory Usage (450368K) : Starting 5.24. TopVia2 table
2026-04-11 05:10:04 +0200: Memory Usage (450368K) : Executing rule TV2.a
2026-04-11 05:10:04 +0200: Memory Usage (450368K) : Executing rule TV2.b
2026-04-11 05:10:04 +0200: Memory Usage (450368K) : Executing rule TV2.c
2026-04-11 05:10:04 +0200: Memory Usage (450496K) : Executing rule TV2.d
2026-04-11 05:10:04 +0200: Memory Usage (450624K) : Starting 5.25. TopMetal2 table
2026-04-11 05:10:04 +0200: Memory Usage (450624K) : Executing rule TM2.a
2026-04-11 05:10:04 +0200: Memory Usage (450624K) : Executing rule TM2.b
2026-04-11 05:10:04 +0200: Memory Usage (450624K) : Executing rule TM2.bR
2026-04-11 05:10:04 +0200: Memory Usage (450624K) : Starting 5.26 TopMetal2:filler table
2026-04-11 05:10:04 +0200: Memory Usage (450624K) : Executing rule TM2Fil.c
2026-04-11 05:10:04 +0200: Memory Usage (450624K) : Executing rule TM2Fil.a1
2026-04-11 05:10:04 +0200: Memory Usage (450624K) : Starting 5.27. Passiv table
2026-04-11 05:10:04 +0200: Memory Usage (450624K) : Executing rule Pas.a
2026-04-11 05:10:04 +0200: Memory Usage (450624K) : Executing rule Pas.b
2026-04-11 05:10:04 +0200: Memory Usage (450624K) : Executing rule Pas.c
2026-04-11 05:10:04 +0200: Memory Usage (450624K) : Starting 6.9.2 Copper Pillar table
2026-04-11 05:10:04 +0200: Memory Usage (450624K) : Executing rule Padc.a
2026-04-11 05:10:04 +0200: Memory Usage (450624K) : Executing rule Padc.b
2026-04-11 05:10:04 +0200: Memory Usage (450624K) : Executing rule Padc.c
2026-04-11 05:10:04 +0200: Memory Usage (450624K) : Executing rule Padb.f
2026-04-11 05:10:04 +0200: Memory Usage (450624K) : Starting 6.9 Pad table
2026-04-11 05:10:04 +0200: Memory Usage (450624K) : Executing rule Pad.m
2026-04-11 05:10:04 +0200: Memory Usage (450624K) : Executing rule Pad.fR_M1
2026-04-11 05:10:04 +0200: Memory Usage (450624K) : Executing rule Pad.fR_M2
2026-04-11 05:10:04 +0200: Memory Usage (450624K) : Executing rule Pad.fR_M3
2026-04-11 05:10:04 +0200: Memory Usage (450624K) : Executing rule Pad.fR_M4
2026-04-11 05:10:04 +0200: Memory Usage (450624K) : Executing rule Pad.fR_M5
2026-04-11 05:10:04 +0200: Memory Usage (450624K) : Executing rule Pad.fR_TM1
2026-04-11 05:10:04 +0200: Memory Usage (450624K) : Executing rule Pad.fR_TM2
2026-04-11 05:10:04 +0200: Memory Usage (450624K) : Executing rule Pad.i
2026-04-11 05:10:04 +0200: Memory Usage (450624K) : Starting 6.9.1 Solder Bump
2026-04-11 05:10:04 +0200: Memory Usage (450624K) : Executing rule Padb.a
2026-04-11 05:10:04 +0200: Memory Usage (450624K) : Executing rule Padb.b
2026-04-11 05:10:04 +0200: Memory Usage (450624K) : Executing rule Padb.c
2026-04-11 05:10:04 +0200: Memory Usage (450624K) : Executing rule Padb.f
2026-04-11 05:10:04 +0200: Memory Usage (450624K) : Executing rule Padb.d
2026-04-11 05:10:04 +0200: Memory Usage (450624K) : Starting 6.10 Sealring table
2026-04-11 05:10:04 +0200: Memory Usage (450624K) : Executing rule Seal.l
2026-04-11 05:10:04 +0200: Memory Usage (450624K) : Executing rule Seal.n
2026-04-11 05:10:04 +0200: Memory Usage (450624K) : Executing rule seal.b_metal1
2026-04-11 05:10:04 +0200: Memory Usage (450624K) : Executing rule seal.b_metal2
2026-04-11 05:10:04 +0200: Memory Usage (450624K) : Executing rule seal.b_metal3
2026-04-11 05:10:04 +0200: Memory Usage (450624K) : Executing rule seal.b_metal4
2026-04-11 05:10:04 +0200: Memory Usage (450624K) : Executing rule seal.b_metal5
2026-04-11 05:10:04 +0200: Memory Usage (450624K) : Executing rule seal.b_topmetal1
2026-04-11 05:10:04 +0200: Memory Usage (450624K) : Executing rule seal.b_topmetal2
2026-04-11 05:10:04 +0200: Memory Usage (450624K) : Executing rule seal.b_activ
2026-04-11 05:10:04 +0200: Memory Usage (450624K) : Executing rule seal.b_psd
2026-04-11 05:10:04 +0200: Memory Usage (450624K) : Executing rule Seal.k
2026-04-11 05:10:04 +0200: Memory Usage (450752K) : Executing rule Seal.m
2026-04-11 05:10:04 +0200: Memory Usage (450880K) : Starting 6.11 MIM table
2026-04-11 05:10:04 +0200: Memory Usage (450880K) : Executing rule MIM.c
2026-04-11 05:10:04 +0200: Memory Usage (451008K) : Executing rule MIM.d
2026-04-11 05:10:04 +0200: Memory Usage (451136K) : Executing rule MIM.gR
2026-04-11 05:10:04 +0200: Memory Usage (451136K) : Starting 7.3 Metal Slits table
2026-04-11 05:10:04 +0200: Memory Usage (451136K) : Executing rule Slt.e1_M1
2026-04-11 05:10:04 +0200: Memory Usage (451264K) : Executing rule Slt.e1_M2
2026-04-11 05:10:04 +0200: Memory Usage (451392K) : Executing rule Slt.e1_M3
2026-04-11 05:10:04 +0200: Memory Usage (451520K) : Executing rule Slt.e1_M4
2026-04-11 05:10:04 +0200: Memory Usage (451648K) : Executing rule Slt.e1_M5
2026-04-11 05:10:04 +0200: Memory Usage (451776K) : Executing rule Slt.e1_TM1
2026-04-11 05:10:04 +0200: Memory Usage (451904K) : Executing rule Slt.e1_TM2
2026-04-11 05:10:04 +0200: Memory Usage (452032K) : Starting 9.1. LBE table
2026-04-11 05:10:04 +0200: Memory Usage (452160K) : Executing rule LBE.a
2026-04-11 05:10:04 +0200: Memory Usage (452288K) : Executing rule LBE.b
2026-04-11 05:10:04 +0200: Memory Usage (452416K) : Executing rule LBE.b1
2026-04-11 05:10:04 +0200: Memory Usage (452544K) : Executing rule LBE.c
2026-04-11 05:10:04 +0200: Memory Usage (452672K) : Executing rule LBE.d
2026-04-11 05:10:04 +0200: Memory Usage (452800K) : Executing rule LBE.h
2026-04-11 05:10:04 +0200: Memory Usage (452800K) : Starting 7.4. PIN table
2026-04-11 05:10:04 +0200: Memory Usage (452800K) : Executing rule Pin.a
2026-04-11 05:10:04 +0200: Memory Usage (452800K) : Executing rule Pin.b
2026-04-11 05:10:04 +0200: Memory Usage (452800K) : Executing rule Pin.e
2026-04-11 05:10:04 +0200: Memory Usage (452800K) : Executing rule Pin.f_M2
2026-04-11 05:10:04 +0200: Memory Usage (452800K) : Executing rule Pin.f_M3
2026-04-11 05:10:04 +0200: Memory Usage (452800K) : Executing rule Pin.f_M4
2026-04-11 05:10:04 +0200: Memory Usage (452800K) : Executing rule Pin.f_M5
2026-04-11 05:10:04 +0200: Memory Usage (452800K) : Executing rule Pin.g
2026-04-11 05:10:04 +0200: Memory Usage (452800K) : Executing rule Pin.h
2026-04-11 05:10:04 +0200: Memory Usage (452800K) : Starting 3.1. offgrid table
2026-04-11 05:10:04 +0200: Memory Usage (452800K) : Executing rule activ_drw_Offgrid
2026-04-11 05:10:04 +0200: Memory Usage (452800K) : Executing rule activ_pin_Offgrid
2026-04-11 05:10:04 +0200: Memory Usage (452928K) : Executing rule activ_mask_Offgrid
2026-04-11 05:10:04 +0200: Memory Usage (452928K) : Executing rule activ_filler_Offgrid
2026-04-11 05:10:04 +0200: Memory Usage (452928K) : Executing rule activ_nofill_Offgrid
2026-04-11 05:10:04 +0200: Memory Usage (452928K) : Executing rule activ_opc_Offgrid
2026-04-11 05:10:04 +0200: Memory Usage (452928K) : Executing rule activ_iopc_Offgrid
2026-04-11 05:10:04 +0200: Memory Usage (452928K) : Executing rule activ_noqrc_Offgrid
2026-04-11 05:10:04 +0200: Memory Usage (452928K) : Executing rule biwind_drw_Offgrid
2026-04-11 05:10:04 +0200: Memory Usage (452928K) : Executing rule biwind_opc_Offgrid
2026-04-11 05:10:04 +0200: Memory Usage (452928K) : Executing rule pemwind_drw_Offgrid
2026-04-11 05:10:04 +0200: Memory Usage (452928K) : Executing rule gatpoly_drw_Offgrid
2026-04-11 05:10:04 +0200: Memory Usage (452928K) : Executing rule gatpoly_pin_Offgrid
2026-04-11 05:10:04 +0200: Memory Usage (452928K) : Executing rule gatpoly_filler_Offgrid
2026-04-11 05:10:04 +0200: Memory Usage (452928K) : Executing rule gatpoly_nofill_Offgrid
2026-04-11 05:10:04 +0200: Memory Usage (452928K) : Executing rule gatpoly_opc_Offgrid
2026-04-11 05:10:04 +0200: Memory Usage (452928K) : Executing rule gatpoly_iopc_Offgrid
2026-04-11 05:10:04 +0200: Memory Usage (452928K) : Executing rule gatpoly_noqrc_Offgrid
2026-04-11 05:10:04 +0200: Memory Usage (452928K) : Executing rule cont_drw_Offgrid
2026-04-11 05:10:04 +0200: Memory Usage (452928K) : Executing rule cont_opc_Offgrid
2026-04-11 05:10:04 +0200: Memory Usage (452928K) : Executing rule nsd_drw_Offgrid
2026-04-11 05:10:04 +0200: Memory Usage (452928K) : Executing rule nsd_block_Offgrid
2026-04-11 05:10:04 +0200: Memory Usage (452928K) : Executing rule metal1_drw_Offgrid
2026-04-11 05:10:04 +0200: Memory Usage (452928K) : Executing rule metal1_pin_Offgrid
2026-04-11 05:10:04 +0200: Memory Usage (452928K) : Executing rule metal1_mask_Offgrid
2026-04-11 05:10:04 +0200: Memory Usage (453184K) : Executing rule metal1_filler_Offgrid
2026-04-11 05:10:04 +0200: Memory Usage (453696K) : Executing rule metal1_nofill_Offgrid
2026-04-11 05:10:04 +0200: Memory Usage (454208K) : Executing rule metal1_slit_Offgrid
2026-04-11 05:10:04 +0200: Memory Usage (454720K) : Executing rule metal1_opc_Offgrid
2026-04-11 05:10:04 +0200: Memory Usage (455232K) : Executing rule metal1_noqrc_Offgrid
2026-04-11 05:10:04 +0200: Memory Usage (455744K) : Executing rule metal1_res_Offgrid
2026-04-11 05:10:04 +0200: Memory Usage (456256K) : Executing rule metal1_iprobe_Offgrid
2026-04-11 05:10:04 +0200: Memory Usage (456640K) : Executing rule metal1_diffprb_Offgrid
2026-04-11 05:10:04 +0200: Memory Usage (457152K) : Executing rule passiv_drw_Offgrid
2026-04-11 05:10:04 +0200: Memory Usage (457664K) : Executing rule passiv_pin_Offgrid
2026-04-11 05:10:04 +0200: Memory Usage (458176K) : Executing rule passiv_pillar_Offgrid
2026-04-11 05:10:04 +0200: Memory Usage (458688K) : Executing rule passiv_sbump_Offgrid
2026-04-11 05:10:04 +0200: Memory Usage (459200K) : Executing rule passiv_pdl_Offgrid
2026-04-11 05:10:04 +0200: Memory Usage (459712K) : Executing rule metal2_drw_Offgrid
2026-04-11 05:10:04 +0200: Memory Usage (460224K) : Executing rule metal2_pin_Offgrid
2026-04-11 05:10:04 +0200: Memory Usage (460736K) : Executing rule metal2_mask_Offgrid
2026-04-11 05:10:04 +0200: Memory Usage (461248K) : Executing rule metal2_filler_Offgrid
2026-04-11 05:10:04 +0200: Memory Usage (461760K) : Executing rule metal2_nofill_Offgrid
2026-04-11 05:10:04 +0200: Memory Usage (462272K) : Executing rule metal2_slit_Offgrid
2026-04-11 05:10:04 +0200: Memory Usage (462784K) : Executing rule metal2_opc_Offgrid
2026-04-11 05:10:04 +0200: Memory Usage (463296K) : Executing rule metal2_noqrc_Offgrid
2026-04-11 05:10:04 +0200: Memory Usage (463808K) : Executing rule metal2_res_Offgrid
2026-04-11 05:10:04 +0200: Memory Usage (464320K) : Executing rule metal2_iprobe_Offgrid
2026-04-11 05:10:04 +0200: Memory Usage (464832K) : Executing rule metal2_diffprb_Offgrid
2026-04-11 05:10:05 +0200: Memory Usage (465216K) : Executing rule baspoly_drw_Offgrid
2026-04-11 05:10:05 +0200: Memory Usage (465216K) : Executing rule baspoly_pin_Offgrid
2026-04-11 05:10:05 +0200: Memory Usage (465216K) : Executing rule psd_drw_Offgrid
2026-04-11 05:10:05 +0200: Memory Usage (465216K) : Executing rule nldb_drw_Offgrid
2026-04-11 05:10:05 +0200: Memory Usage (465216K) : Executing rule via1_drw_Offgrid
2026-04-11 05:10:05 +0200: Memory Usage (465216K) : Executing rule backmetal1_drw_Offgrid
2026-04-11 05:10:05 +0200: Memory Usage (465216K) : Executing rule backmetal1_pin_Offgrid
2026-04-11 05:10:05 +0200: Memory Usage (465216K) : Executing rule backmetal1_mask_Offgrid
2026-04-11 05:10:05 +0200: Memory Usage (465216K) : Executing rule backmetal1_filler_Offgrid
2026-04-11 05:10:05 +0200: Memory Usage (465216K) : Executing rule backmetal1_nofill_Offgrid
2026-04-11 05:10:05 +0200: Memory Usage (465216K) : Executing rule backmetal1_slit_Offgrid
2026-04-11 05:10:05 +0200: Memory Usage (465216K) : Executing rule backmetal1_opc_Offgrid
2026-04-11 05:10:05 +0200: Memory Usage (465216K) : Executing rule backmetal1_noqrc_Offgrid
2026-04-11 05:10:05 +0200: Memory Usage (465216K) : Executing rule backmetal1_res_Offgrid
2026-04-11 05:10:05 +0200: Memory Usage (465216K) : Executing rule backmetal1_iprobe_Offgrid
2026-04-11 05:10:05 +0200: Memory Usage (465216K) : Executing rule backmetal1_diffprb_Offgrid
2026-04-11 05:10:05 +0200: Memory Usage (465216K) : Executing rule backpassiv_drw_Offgrid
2026-04-11 05:10:05 +0200: Memory Usage (465216K) : Executing rule salblock_drw_Offgrid
2026-04-11 05:10:05 +0200: Memory Usage (465216K) : Executing rule via2_drw_Offgrid
2026-04-11 05:10:05 +0200: Memory Usage (465216K) : Executing rule metal3_drw_Offgrid
2026-04-11 05:10:05 +0200: Memory Usage (465216K) : Executing rule metal3_pin_Offgrid
2026-04-11 05:10:05 +0200: Memory Usage (465216K) : Executing rule metal3_mask_Offgrid
2026-04-11 05:10:05 +0200: Memory Usage (465216K) : Executing rule metal3_filler_Offgrid
2026-04-11 05:10:05 +0200: Memory Usage (465216K) : Executing rule metal3_nofill_Offgrid
2026-04-11 05:10:05 +0200: Memory Usage (465216K) : Executing rule metal3_slit_Offgrid
2026-04-11 05:10:05 +0200: Memory Usage (465216K) : Executing rule metal3_opc_Offgrid
2026-04-11 05:10:05 +0200: Memory Usage (465216K) : Executing rule metal3_noqrc_Offgrid
2026-04-11 05:10:05 +0200: Memory Usage (465216K) : Executing rule metal3_res_Offgrid
2026-04-11 05:10:05 +0200: Memory Usage (465216K) : Executing rule metal3_iprobe_Offgrid
2026-04-11 05:10:05 +0200: Memory Usage (465216K) : Executing rule metal3_diffprb_Offgrid
2026-04-11 05:10:05 +0200: Memory Usage (465216K) : Executing rule nwell_drw_Offgrid
2026-04-11 05:10:05 +0200: Memory Usage (465216K) : Executing rule nwell_pin_Offgrid
2026-04-11 05:10:05 +0200: Memory Usage (465216K) : Executing rule nbulay_drw_Offgrid
2026-04-11 05:10:05 +0200: Memory Usage (465216K) : Executing rule nbulay_pin_Offgrid
2026-04-11 05:10:05 +0200: Memory Usage (465216K) : Executing rule nbulay_block_Offgrid
2026-04-11 05:10:05 +0200: Memory Usage (465216K) : Executing rule pwell_drw_Offgrid
2026-04-11 05:10:05 +0200: Memory Usage (465216K) : Executing rule pwell_pin_Offgrid
2026-04-11 05:10:05 +0200: Memory Usage (465216K) : Executing rule pwell_block_Offgrid
2026-04-11 05:10:05 +0200: Memory Usage (465216K) : Executing rule emwind_drw_Offgrid
2026-04-11 05:10:05 +0200: Memory Usage (465216K) : Executing rule emwind_opc_Offgrid
2026-04-11 05:10:05 +0200: Memory Usage (465216K) : Executing rule deepco_drw_Offgrid
2026-04-11 05:10:05 +0200: Memory Usage (465216K) : Executing rule mim_drw_Offgrid
2026-04-11 05:10:05 +0200: Memory Usage (465216K) : Executing rule substrate_drw_Offgrid
2026-04-11 05:10:05 +0200: Memory Usage (465216K) : Executing rule ic_drw_Offgrid
2026-04-11 05:10:05 +0200: Memory Usage (465216K) : Executing rule via3_drw_Offgrid
2026-04-11 05:10:05 +0200: Memory Usage (465216K) : Executing rule pldb_drw_Offgrid
2026-04-11 05:10:05 +0200: Memory Usage (465216K) : Executing rule metal4_drw_Offgrid
2026-04-11 05:10:05 +0200: Memory Usage (465216K) : Executing rule metal4_pin_Offgrid
2026-04-11 05:10:05 +0200: Memory Usage (465216K) : Executing rule metal4_mask_Offgrid
2026-04-11 05:10:05 +0200: Memory Usage (465216K) : Executing rule metal4_filler_Offgrid
2026-04-11 05:10:05 +0200: Memory Usage (465216K) : Executing rule metal4_nofill_Offgrid
2026-04-11 05:10:05 +0200: Memory Usage (465216K) : Executing rule metal4_slit_Offgrid
2026-04-11 05:10:05 +0200: Memory Usage (465216K) : Executing rule metal4_opc_Offgrid
2026-04-11 05:10:05 +0200: Memory Usage (465216K) : Executing rule metal4_noqrc_Offgrid
2026-04-11 05:10:05 +0200: Memory Usage (465216K) : Executing rule metal4_res_Offgrid
2026-04-11 05:10:05 +0200: Memory Usage (465216K) : Executing rule metal4_iprobe_Offgrid
2026-04-11 05:10:05 +0200: Memory Usage (465216K) : Executing rule metal4_diffprb_Offgrid
2026-04-11 05:10:05 +0200: Memory Usage (465216K) : Executing rule via4_drw_Offgrid
2026-04-11 05:10:05 +0200: Memory Usage (465216K) : Executing rule metal5_drw_Offgrid
2026-04-11 05:10:05 +0200: Memory Usage (465216K) : Executing rule metal5_pin_Offgrid
2026-04-11 05:10:05 +0200: Memory Usage (465216K) : Executing rule metal5_mask_Offgrid
2026-04-11 05:10:05 +0200: Memory Usage (465216K) : Executing rule metal5_filler_Offgrid
2026-04-11 05:10:05 +0200: Memory Usage (465216K) : Executing rule metal5_nofill_Offgrid
2026-04-11 05:10:05 +0200: Memory Usage (465216K) : Executing rule metal5_slit_Offgrid
2026-04-11 05:10:05 +0200: Memory Usage (465216K) : Executing rule metal5_opc_Offgrid
2026-04-11 05:10:05 +0200: Memory Usage (465216K) : Executing rule metal5_noqrc_Offgrid
2026-04-11 05:10:05 +0200: Memory Usage (465216K) : Executing rule metal5_res_Offgrid
2026-04-11 05:10:05 +0200: Memory Usage (465216K) : Executing rule metal5_iprobe_Offgrid
2026-04-11 05:10:05 +0200: Memory Usage (465216K) : Executing rule metal5_diffprb_Offgrid
2026-04-11 05:10:05 +0200: Memory Usage (465216K) : Executing rule prboundary_drw_Offgrid
2026-04-11 05:10:05 +0200: Memory Usage (465216K) : Executing rule exchange0_drw_Offgrid
2026-04-11 05:10:05 +0200: Memory Usage (465216K) : Executing rule exchange0_pin_Offgrid
2026-04-11 05:10:05 +0200: Memory Usage (465216K) : Executing rule exchange1_drw_Offgrid
2026-04-11 05:10:05 +0200: Memory Usage (465216K) : Executing rule exchange1_pin_Offgrid
2026-04-11 05:10:05 +0200: Memory Usage (465216K) : Executing rule exchange2_drw_Offgrid
2026-04-11 05:10:05 +0200: Memory Usage (465216K) : Executing rule exchange2_pin_Offgrid
2026-04-11 05:10:05 +0200: Memory Usage (465216K) : Executing rule exchange3_drw_Offgrid
2026-04-11 05:10:05 +0200: Memory Usage (465216K) : Executing rule exchange3_pin_Offgrid
2026-04-11 05:10:05 +0200: Memory Usage (465216K) : Executing rule exchange4_drw_Offgrid
2026-04-11 05:10:05 +0200: Memory Usage (465216K) : Executing rule exchange4_pin_Offgrid
2026-04-11 05:10:05 +0200: Memory Usage (465216K) : Executing rule isonwell_drw_Offgrid
2026-04-11 05:10:05 +0200: Memory Usage (465216K) : Executing rule thickgateox_drw_Offgrid
2026-04-11 05:10:05 +0200: Memory Usage (465216K) : Executing rule pempoly_drw_Offgrid
2026-04-11 05:10:05 +0200: Memory Usage (465216K) : Executing rule fbe_drw_Offgrid
2026-04-11 05:10:05 +0200: Memory Usage (465216K) : Executing rule empoly_drw_Offgrid
2026-04-11 05:10:05 +0200: Memory Usage (465216K) : Executing rule ldmos_drw_Offgrid
2026-04-11 05:10:05 +0200: Memory Usage (465216K) : Executing rule pbiwind_drw_Offgrid
2026-04-11 05:10:05 +0200: Memory Usage (465216K) : Executing rule colopen_drw_Offgrid
2026-04-11 05:10:05 +0200: Memory Usage (465216K) : Executing rule extblock_drw_Offgrid
2026-04-11 05:10:05 +0200: Memory Usage (465216K) : Executing rule nldd_drw_Offgrid
2026-04-11 05:10:05 +0200: Memory Usage (465216K) : Executing rule pldd_drw_Offgrid
2026-04-11 05:10:05 +0200: Memory Usage (465216K) : Executing rule next_drw_Offgrid
2026-04-11 05:10:06 +0200: Memory Usage (465216K) : Executing rule pext_drw_Offgrid
2026-04-11 05:10:06 +0200: Memory Usage (465216K) : Executing rule nexthv_drw_Offgrid
2026-04-11 05:10:06 +0200: Memory Usage (465472K) : Executing rule pexthv_drw_Offgrid
2026-04-11 05:10:06 +0200: Memory Usage (465856K) : Executing rule graphgate_drw_Offgrid
2026-04-11 05:10:06 +0200: Memory Usage (466368K) : Executing rule mempad_drw_Offgrid
2026-04-11 05:10:06 +0200: Memory Usage (466624K) : Executing rule topvia1_drw_Offgrid
2026-04-11 05:10:06 +0200: Memory Usage (466624K) : Executing rule topmetal1_drw_Offgrid
2026-04-11 05:10:06 +0200: Memory Usage (466752K) : Executing rule topmetal1_pin_Offgrid
2026-04-11 05:10:06 +0200: Memory Usage (466752K) : Executing rule topmetal1_mask_Offgrid
2026-04-11 05:10:06 +0200: Memory Usage (466752K) : Executing rule topmetal1_filler_Offgrid
2026-04-11 05:10:06 +0200: Memory Usage (466752K) : Executing rule topmetal1_nofill_Offgrid
2026-04-11 05:10:06 +0200: Memory Usage (466752K) : Executing rule topmetal1_slit_Offgrid
2026-04-11 05:10:06 +0200: Memory Usage (466752K) : Executing rule topmetal1_noqrc_Offgrid
2026-04-11 05:10:06 +0200: Memory Usage (466752K) : Executing rule topmetal1_res_Offgrid
2026-04-11 05:10:06 +0200: Memory Usage (466752K) : Executing rule topmetal1_iprobe_Offgrid
2026-04-11 05:10:06 +0200: Memory Usage (466752K) : Executing rule topmetal1_diffprb_Offgrid
2026-04-11 05:10:06 +0200: Memory Usage (466752K) : Executing rule inldpwl_drw_Offgrid
2026-04-11 05:10:06 +0200: Memory Usage (466752K) : Executing rule polyres_drw_Offgrid
2026-04-11 05:10:06 +0200: Memory Usage (466752K) : Executing rule polyres_pin_Offgrid
2026-04-11 05:10:06 +0200: Memory Usage (466752K) : Executing rule vmim_drw_Offgrid
2026-04-11 05:10:06 +0200: Memory Usage (466752K) : Executing rule nbulaycut_drw_Offgrid
2026-04-11 05:10:06 +0200: Memory Usage (466752K) : Executing rule antmetal1_drw_Offgrid
2026-04-11 05:10:06 +0200: Memory Usage (466752K) : Executing rule topvia2_drw_Offgrid
2026-04-11 05:10:06 +0200: Memory Usage (466752K) : Executing rule topmetal2_drw_Offgrid
2026-04-11 05:10:06 +0200: Memory Usage (466752K) : Executing rule topmetal2_pin_Offgrid
2026-04-11 05:10:06 +0200: Memory Usage (466752K) : Executing rule topmetal2_mask_Offgrid
2026-04-11 05:10:06 +0200: Memory Usage (466752K) : Executing rule topmetal2_filler_Offgrid
2026-04-11 05:10:06 +0200: Memory Usage (466752K) : Executing rule topmetal2_nofill_Offgrid
2026-04-11 05:10:06 +0200: Memory Usage (466752K) : Executing rule topmetal2_slit_Offgrid
2026-04-11 05:10:06 +0200: Memory Usage (466752K) : Executing rule topmetal2_noqrc_Offgrid
2026-04-11 05:10:06 +0200: Memory Usage (466752K) : Executing rule topmetal2_res_Offgrid
2026-04-11 05:10:06 +0200: Memory Usage (466752K) : Executing rule topmetal2_iprobe_Offgrid
2026-04-11 05:10:06 +0200: Memory Usage (466752K) : Executing rule topmetal2_diffprb_Offgrid
2026-04-11 05:10:06 +0200: Memory Usage (466752K) : Executing rule snsring_drw_Offgrid
2026-04-11 05:10:06 +0200: Memory Usage (466752K) : Executing rule sensor_drw_Offgrid
2026-04-11 05:10:06 +0200: Memory Usage (466752K) : Executing rule snsarms_drw_Offgrid
2026-04-11 05:10:06 +0200: Memory Usage (466752K) : Executing rule snscmosvia_drw_Offgrid
2026-04-11 05:10:06 +0200: Memory Usage (466752K) : Executing rule colwind_drw_Offgrid
2026-04-11 05:10:06 +0200: Memory Usage (466752K) : Executing rule flm_drw_Offgrid
2026-04-11 05:10:06 +0200: Memory Usage (466752K) : Executing rule hafniumox_drw_Offgrid
2026-04-11 05:10:06 +0200: Memory Usage (466752K) : Executing rule memvia_drw_Offgrid
2026-04-11 05:10:06 +0200: Memory Usage (466752K) : Executing rule thinfilmres_drw_Offgrid
2026-04-11 05:10:06 +0200: Memory Usage (466752K) : Executing rule rfmem_drw_Offgrid
2026-04-11 05:10:06 +0200: Memory Usage (466752K) : Executing rule snsbotvia_drw_Offgrid
2026-04-11 05:10:06 +0200: Memory Usage (466752K) : Executing rule snstopvia_drw_Offgrid
2026-04-11 05:10:06 +0200: Memory Usage (466752K) : Executing rule deepvia_drw_Offgrid
2026-04-11 05:10:06 +0200: Memory Usage (466752K) : Executing rule fgetch_drw_Offgrid
2026-04-11 05:10:06 +0200: Memory Usage (466752K) : Executing rule ctrgat_drw_Offgrid
2026-04-11 05:10:06 +0200: Memory Usage (466752K) : Executing rule fgimp_drw_Offgrid
2026-04-11 05:10:06 +0200: Memory Usage (466752K) : Executing rule emwihv_drw_Offgrid
2026-04-11 05:10:06 +0200: Memory Usage (466752K) : Executing rule lbe_drw_Offgrid
2026-04-11 05:10:06 +0200: Memory Usage (466752K) : Executing rule alcustop_drw_Offgrid
2026-04-11 05:10:06 +0200: Memory Usage (466752K) : Starting 3.2. angle table
2026-04-11 05:10:06 +0200: Memory Usage (466752K) : Executing rule activ_drw_Acute
2026-04-11 05:10:06 +0200: Memory Usage (466752K) : Executing rule activ_pin_Acute
2026-04-11 05:10:06 +0200: Memory Usage (466752K) : Executing rule activ_mask_Acute
2026-04-11 05:10:06 +0200: Memory Usage (466752K) : Executing rule activ_filler_Acute
2026-04-11 05:10:06 +0200: Memory Usage (466752K) : Executing rule activ_nofill_Acute
2026-04-11 05:10:06 +0200: Memory Usage (466752K) : Executing rule activ_opc_Acute
2026-04-11 05:10:06 +0200: Memory Usage (466752K) : Executing rule activ_iopc_Acute
2026-04-11 05:10:06 +0200: Memory Usage (466752K) : Executing rule activ_noqrc_Acute
2026-04-11 05:10:06 +0200: Memory Usage (466880K) : Executing rule biwind_drw_Acute
2026-04-11 05:10:06 +0200: Memory Usage (467392K) : Executing rule biwind_opc_Acute
2026-04-11 05:10:06 +0200: Memory Usage (467392K) : Executing rule pemwind_drw_Acute
2026-04-11 05:10:06 +0200: Memory Usage (467392K) : Executing rule gatpoly_drw_Acute
2026-04-11 05:10:06 +0200: Memory Usage (467392K) : Executing rule gatpoly_pin_Acute
2026-04-11 05:10:06 +0200: Memory Usage (467392K) : Executing rule gatpoly_filler_Acute
2026-04-11 05:10:06 +0200: Memory Usage (467392K) : Executing rule gatpoly_nofill_Acute
2026-04-11 05:10:06 +0200: Memory Usage (467392K) : Executing rule gatpoly_opc_Acute
2026-04-11 05:10:06 +0200: Memory Usage (467392K) : Executing rule gatpoly_iopc_Acute
2026-04-11 05:10:06 +0200: Memory Usage (467392K) : Executing rule gatpoly_noqrc_Acute
2026-04-11 05:10:06 +0200: Memory Usage (467392K) : Executing rule cont_drw_Acute
2026-04-11 05:10:06 +0200: Memory Usage (467776K) : Executing rule cont_opc_Acute
2026-04-11 05:10:06 +0200: Memory Usage (467776K) : Executing rule nsd_drw_Acute
2026-04-11 05:10:06 +0200: Memory Usage (467776K) : Executing rule nsd_block_Acute
2026-04-11 05:10:06 +0200: Memory Usage (467776K) : Executing rule metal1_drw_Acute
2026-04-11 05:10:06 +0200: Memory Usage (467776K) : Executing rule metal1_pin_Acute
2026-04-11 05:10:06 +0200: Memory Usage (467776K) : Executing rule metal1_mask_Acute
2026-04-11 05:10:06 +0200: Memory Usage (467776K) : Executing rule metal1_filler_Acute
2026-04-11 05:10:06 +0200: Memory Usage (467776K) : Executing rule metal1_nofill_Acute
2026-04-11 05:10:06 +0200: Memory Usage (467776K) : Executing rule metal1_slit_Acute
2026-04-11 05:10:06 +0200: Memory Usage (467776K) : Executing rule metal1_opc_Acute
2026-04-11 05:10:06 +0200: Memory Usage (467776K) : Executing rule metal1_noqrc_Acute
2026-04-11 05:10:06 +0200: Memory Usage (467776K) : Executing rule metal1_res_Acute
2026-04-11 05:10:06 +0200: Memory Usage (467776K) : Executing rule metal1_iprobe_Acute
2026-04-11 05:10:06 +0200: Memory Usage (467776K) : Executing rule metal1_diffprb_Acute
2026-04-11 05:10:06 +0200: Memory Usage (467776K) : Executing rule passiv_drw_Acute
2026-04-11 05:10:06 +0200: Memory Usage (467776K) : Executing rule passiv_pin_Acute
2026-04-11 05:10:06 +0200: Memory Usage (467776K) : Executing rule passiv_pillar_Acute
2026-04-11 05:10:06 +0200: Memory Usage (467776K) : Executing rule passiv_sbump_Acute
2026-04-11 05:10:06 +0200: Memory Usage (467776K) : Executing rule passiv_pdl_Acute
2026-04-11 05:10:06 +0200: Memory Usage (467776K) : Executing rule metal2_drw_Acute
2026-04-11 05:10:06 +0200: Memory Usage (467776K) : Executing rule metal2_pin_Acute
2026-04-11 05:10:06 +0200: Memory Usage (467776K) : Executing rule metal2_mask_Acute
2026-04-11 05:10:06 +0200: Memory Usage (467776K) : Executing rule metal2_filler_Acute
2026-04-11 05:10:06 +0200: Memory Usage (467776K) : Executing rule metal2_nofill_Acute
2026-04-11 05:10:06 +0200: Memory Usage (467776K) : Executing rule metal2_slit_Acute
2026-04-11 05:10:06 +0200: Memory Usage (467776K) : Executing rule metal2_opc_Acute
2026-04-11 05:10:06 +0200: Memory Usage (467776K) : Executing rule metal2_noqrc_Acute
2026-04-11 05:10:06 +0200: Memory Usage (467776K) : Executing rule metal2_res_Acute
2026-04-11 05:10:06 +0200: Memory Usage (467776K) : Executing rule metal2_iprobe_Acute
2026-04-11 05:10:06 +0200: Memory Usage (467776K) : Executing rule metal2_diffprb_Acute
2026-04-11 05:10:06 +0200: Memory Usage (467776K) : Executing rule baspoly_drw_Acute
2026-04-11 05:10:06 +0200: Memory Usage (467776K) : Executing rule baspoly_pin_Acute
2026-04-11 05:10:06 +0200: Memory Usage (467776K) : Executing rule psd_drw_Acute
2026-04-11 05:10:06 +0200: Memory Usage (467776K) : Executing rule nldb_drw_Acute
2026-04-11 05:10:06 +0200: Memory Usage (467776K) : Executing rule via1_drw_Acute
2026-04-11 05:10:06 +0200: Memory Usage (467776K) : Executing rule backmetal1_drw_Acute
2026-04-11 05:10:07 +0200: Memory Usage (467776K) : Executing rule backmetal1_pin_Acute
2026-04-11 05:10:07 +0200: Memory Usage (467776K) : Executing rule backmetal1_mask_Acute
2026-04-11 05:10:07 +0200: Memory Usage (467776K) : Executing rule backmetal1_filler_Acute
2026-04-11 05:10:07 +0200: Memory Usage (467776K) : Executing rule backmetal1_nofill_Acute
2026-04-11 05:10:07 +0200: Memory Usage (467776K) : Executing rule backmetal1_slit_Acute
2026-04-11 05:10:07 +0200: Memory Usage (467776K) : Executing rule backmetal1_opc_Acute
2026-04-11 05:10:07 +0200: Memory Usage (467776K) : Executing rule backmetal1_noqrc_Acute
2026-04-11 05:10:07 +0200: Memory Usage (467776K) : Executing rule backmetal1_res_Acute
2026-04-11 05:10:07 +0200: Memory Usage (467776K) : Executing rule backmetal1_iprobe_Acute
2026-04-11 05:10:07 +0200: Memory Usage (467776K) : Executing rule backmetal1_diffprb_Acute
2026-04-11 05:10:07 +0200: Memory Usage (467776K) : Executing rule backpassiv_drw_Acute
2026-04-11 05:10:07 +0200: Memory Usage (467776K) : Executing rule salblock_drw_Acute
2026-04-11 05:10:07 +0200: Memory Usage (467776K) : Executing rule via2_drw_Acute
2026-04-11 05:10:07 +0200: Memory Usage (467776K) : Executing rule metal3_drw_Acute
2026-04-11 05:10:07 +0200: Memory Usage (467776K) : Executing rule metal3_pin_Acute
2026-04-11 05:10:07 +0200: Memory Usage (467776K) : Executing rule metal3_mask_Acute
2026-04-11 05:10:07 +0200: Memory Usage (467776K) : Executing rule metal3_filler_Acute
2026-04-11 05:10:07 +0200: Memory Usage (467776K) : Executing rule metal3_nofill_Acute
2026-04-11 05:10:07 +0200: Memory Usage (467776K) : Executing rule metal3_slit_Acute
2026-04-11 05:10:07 +0200: Memory Usage (467776K) : Executing rule metal3_opc_Acute
2026-04-11 05:10:07 +0200: Memory Usage (467776K) : Executing rule metal3_noqrc_Acute
2026-04-11 05:10:07 +0200: Memory Usage (467776K) : Executing rule metal3_res_Acute
2026-04-11 05:10:07 +0200: Memory Usage (467776K) : Executing rule metal3_iprobe_Acute
2026-04-11 05:10:07 +0200: Memory Usage (467776K) : Executing rule metal3_diffprb_Acute
2026-04-11 05:10:07 +0200: Memory Usage (467776K) : Executing rule nwell_drw_Acute
2026-04-11 05:10:07 +0200: Memory Usage (467776K) : Executing rule nwell_pin_Acute
2026-04-11 05:10:07 +0200: Memory Usage (467776K) : Executing rule nbulay_drw_Acute
2026-04-11 05:10:07 +0200: Memory Usage (467776K) : Executing rule nbulay_pin_Acute
2026-04-11 05:10:07 +0200: Memory Usage (467776K) : Executing rule nbulay_block_Acute
2026-04-11 05:10:07 +0200: Memory Usage (467776K) : Executing rule pwell_drw_Acute
2026-04-11 05:10:07 +0200: Memory Usage (467776K) : Executing rule pwell_pin_Acute
2026-04-11 05:10:07 +0200: Memory Usage (467776K) : Executing rule pwell_block_Acute
2026-04-11 05:10:07 +0200: Memory Usage (467776K) : Executing rule emwind_drw_Acute
2026-04-11 05:10:07 +0200: Memory Usage (467776K) : Executing rule emwind_opc_Acute
2026-04-11 05:10:07 +0200: Memory Usage (467776K) : Executing rule deepco_drw_Acute
2026-04-11 05:10:07 +0200: Memory Usage (467776K) : Executing rule mim_drw_Acute
2026-04-11 05:10:07 +0200: Memory Usage (467776K) : Executing rule substrate_drw_Acute
2026-04-11 05:10:07 +0200: Memory Usage (467776K) : Executing rule ic_drw_Acute
2026-04-11 05:10:07 +0200: Memory Usage (467776K) : Executing rule via3_drw_Acute
2026-04-11 05:10:07 +0200: Memory Usage (467776K) : Executing rule pldb_drw_Acute
2026-04-11 05:10:07 +0200: Memory Usage (467776K) : Executing rule metal4_drw_Acute
2026-04-11 05:10:07 +0200: Memory Usage (467776K) : Executing rule metal4_pin_Acute
2026-04-11 05:10:07 +0200: Memory Usage (467776K) : Executing rule metal4_mask_Acute
2026-04-11 05:10:07 +0200: Memory Usage (467776K) : Executing rule metal4_filler_Acute
2026-04-11 05:10:07 +0200: Memory Usage (467776K) : Executing rule metal4_nofill_Acute
2026-04-11 05:10:07 +0200: Memory Usage (467776K) : Executing rule metal4_slit_Acute
2026-04-11 05:10:07 +0200: Memory Usage (467776K) : Executing rule metal4_opc_Acute
2026-04-11 05:10:07 +0200: Memory Usage (467776K) : Executing rule metal4_noqrc_Acute
2026-04-11 05:10:07 +0200: Memory Usage (467776K) : Executing rule metal4_res_Acute
2026-04-11 05:10:07 +0200: Memory Usage (467776K) : Executing rule metal4_iprobe_Acute
2026-04-11 05:10:07 +0200: Memory Usage (467776K) : Executing rule metal4_diffprb_Acute
2026-04-11 05:10:07 +0200: Memory Usage (467776K) : Executing rule via4_drw_Acute
2026-04-11 05:10:07 +0200: Memory Usage (467776K) : Executing rule metal5_drw_Acute
2026-04-11 05:10:07 +0200: Memory Usage (467776K) : Executing rule metal5_pin_Acute
2026-04-11 05:10:07 +0200: Memory Usage (467776K) : Executing rule metal5_mask_Acute
2026-04-11 05:10:07 +0200: Memory Usage (467776K) : Executing rule metal5_filler_Acute
2026-04-11 05:10:07 +0200: Memory Usage (467776K) : Executing rule metal5_nofill_Acute
2026-04-11 05:10:07 +0200: Memory Usage (467776K) : Executing rule metal5_slit_Acute
2026-04-11 05:10:07 +0200: Memory Usage (467776K) : Executing rule metal5_opc_Acute
2026-04-11 05:10:07 +0200: Memory Usage (467776K) : Executing rule metal5_noqrc_Acute
2026-04-11 05:10:07 +0200: Memory Usage (467776K) : Executing rule metal5_res_Acute
2026-04-11 05:10:07 +0200: Memory Usage (467776K) : Executing rule metal5_iprobe_Acute
2026-04-11 05:10:07 +0200: Memory Usage (467776K) : Executing rule metal5_diffprb_Acute
2026-04-11 05:10:07 +0200: Memory Usage (467776K) : Executing rule prboundary_drw_Acute
2026-04-11 05:10:07 +0200: Memory Usage (467776K) : Executing rule exchange0_drw_Acute
2026-04-11 05:10:07 +0200: Memory Usage (467776K) : Executing rule exchange0_pin_Acute
2026-04-11 05:10:07 +0200: Memory Usage (467776K) : Executing rule exchange1_drw_Acute
2026-04-11 05:10:07 +0200: Memory Usage (467776K) : Executing rule exchange1_pin_Acute
2026-04-11 05:10:07 +0200: Memory Usage (467776K) : Executing rule exchange2_drw_Acute
2026-04-11 05:10:07 +0200: Memory Usage (467776K) : Executing rule exchange2_pin_Acute
2026-04-11 05:10:07 +0200: Memory Usage (467776K) : Executing rule exchange3_drw_Acute
2026-04-11 05:10:07 +0200: Memory Usage (467776K) : Executing rule exchange3_pin_Acute
2026-04-11 05:10:07 +0200: Memory Usage (467776K) : Executing rule exchange4_drw_Acute
2026-04-11 05:10:07 +0200: Memory Usage (467776K) : Executing rule exchange4_pin_Acute
2026-04-11 05:10:07 +0200: Memory Usage (467776K) : Executing rule isonwell_drw_Acute
2026-04-11 05:10:07 +0200: Memory Usage (467776K) : Executing rule thickgateox_drw_Acute
2026-04-11 05:10:07 +0200: Memory Usage (467776K) : Executing rule pempoly_drw_Acute
2026-04-11 05:10:07 +0200: Memory Usage (467776K) : Executing rule fbe_drw_Acute
2026-04-11 05:10:07 +0200: Memory Usage (467776K) : Executing rule empoly_drw_Acute
2026-04-11 05:10:07 +0200: Memory Usage (467776K) : Executing rule ldmos_drw_Acute
2026-04-11 05:10:07 +0200: Memory Usage (467776K) : Executing rule pbiwind_drw_Acute
2026-04-11 05:10:07 +0200: Memory Usage (467776K) : Executing rule colopen_drw_Acute
2026-04-11 05:10:07 +0200: Memory Usage (467776K) : Executing rule extblock_drw_Acute
2026-04-11 05:10:07 +0200: Memory Usage (467776K) : Executing rule nldd_drw_Acute
2026-04-11 05:10:07 +0200: Memory Usage (467776K) : Executing rule pldd_drw_Acute
2026-04-11 05:10:07 +0200: Memory Usage (467776K) : Executing rule next_drw_Acute
2026-04-11 05:10:08 +0200: Memory Usage (467776K) : Executing rule pext_drw_Acute
2026-04-11 05:10:08 +0200: Memory Usage (467776K) : Executing rule nexthv_drw_Acute
2026-04-11 05:10:08 +0200: Memory Usage (467776K) : Executing rule pexthv_drw_Acute
2026-04-11 05:10:08 +0200: Memory Usage (467776K) : Executing rule graphgate_drw_Acute
2026-04-11 05:10:08 +0200: Memory Usage (467776K) : Executing rule mempad_drw_Acute
2026-04-11 05:10:08 +0200: Memory Usage (467776K) : Executing rule topvia1_drw_Acute
2026-04-11 05:10:08 +0200: Memory Usage (467776K) : Executing rule topmetal1_drw_Acute
2026-04-11 05:10:08 +0200: Memory Usage (467776K) : Executing rule topmetal1_pin_Acute
2026-04-11 05:10:08 +0200: Memory Usage (467776K) : Executing rule topmetal1_mask_Acute
2026-04-11 05:10:08 +0200: Memory Usage (467776K) : Executing rule topmetal1_filler_Acute
2026-04-11 05:10:08 +0200: Memory Usage (467776K) : Executing rule topmetal1_nofill_Acute
2026-04-11 05:10:08 +0200: Memory Usage (467776K) : Executing rule topmetal1_slit_Acute
2026-04-11 05:10:08 +0200: Memory Usage (467776K) : Executing rule topmetal1_noqrc_Acute
2026-04-11 05:10:08 +0200: Memory Usage (467776K) : Executing rule topmetal1_res_Acute
2026-04-11 05:10:08 +0200: Memory Usage (467776K) : Executing rule topmetal1_iprobe_Acute
2026-04-11 05:10:08 +0200: Memory Usage (467776K) : Executing rule topmetal1_diffprb_Acute
2026-04-11 05:10:08 +0200: Memory Usage (467776K) : Executing rule inldpwl_drw_Acute
2026-04-11 05:10:08 +0200: Memory Usage (467776K) : Executing rule polyres_drw_Acute
2026-04-11 05:10:08 +0200: Memory Usage (467776K) : Executing rule polyres_pin_Acute
2026-04-11 05:10:08 +0200: Memory Usage (467776K) : Executing rule vmim_drw_Acute
2026-04-11 05:10:08 +0200: Memory Usage (467776K) : Executing rule nbulaycut_drw_Acute
2026-04-11 05:10:08 +0200: Memory Usage (467776K) : Executing rule antmetal1_drw_Acute
2026-04-11 05:10:08 +0200: Memory Usage (467776K) : Executing rule topvia2_drw_Acute
2026-04-11 05:10:08 +0200: Memory Usage (467776K) : Executing rule topmetal2_drw_Acute
2026-04-11 05:10:08 +0200: Memory Usage (467776K) : Executing rule topmetal2_pin_Acute
2026-04-11 05:10:08 +0200: Memory Usage (467776K) : Executing rule topmetal2_mask_Acute
2026-04-11 05:10:08 +0200: Memory Usage (467776K) : Executing rule topmetal2_filler_Acute
2026-04-11 05:10:08 +0200: Memory Usage (467776K) : Executing rule topmetal2_nofill_Acute
2026-04-11 05:10:08 +0200: Memory Usage (467776K) : Executing rule topmetal2_slit_Acute
2026-04-11 05:10:08 +0200: Memory Usage (467776K) : Executing rule topmetal2_noqrc_Acute
2026-04-11 05:10:08 +0200: Memory Usage (467776K) : Executing rule topmetal2_res_Acute
2026-04-11 05:10:08 +0200: Memory Usage (467776K) : Executing rule topmetal2_iprobe_Acute
2026-04-11 05:10:08 +0200: Memory Usage (467776K) : Executing rule topmetal2_diffprb_Acute
2026-04-11 05:10:08 +0200: Memory Usage (467776K) : Executing rule snsring_drw_Acute
2026-04-11 05:10:08 +0200: Memory Usage (467776K) : Executing rule sensor_drw_Acute
2026-04-11 05:10:08 +0200: Memory Usage (467776K) : Executing rule snsarms_drw_Acute
2026-04-11 05:10:08 +0200: Memory Usage (467776K) : Executing rule snscmosvia_drw_Acute
2026-04-11 05:10:08 +0200: Memory Usage (467776K) : Executing rule colwind_drw_Acute
2026-04-11 05:10:08 +0200: Memory Usage (467776K) : Executing rule flm_drw_Acute
2026-04-11 05:10:08 +0200: Memory Usage (467776K) : Executing rule hafniumox_drw_Acute
2026-04-11 05:10:08 +0200: Memory Usage (467776K) : Executing rule memvia_drw_Acute
2026-04-11 05:10:08 +0200: Memory Usage (467776K) : Executing rule thinfilmres_drw_Acute
2026-04-11 05:10:08 +0200: Memory Usage (467776K) : Executing rule rfmem_drw_Acute
2026-04-11 05:10:08 +0200: Memory Usage (467776K) : Executing rule snsbotvia_drw_Acute
2026-04-11 05:10:08 +0200: Memory Usage (467776K) : Executing rule snstopvia_drw_Acute
2026-04-11 05:10:08 +0200: Memory Usage (467776K) : Executing rule deepvia_drw_Acute
2026-04-11 05:10:08 +0200: Memory Usage (467776K) : Executing rule fgetch_drw_Acute
2026-04-11 05:10:08 +0200: Memory Usage (467776K) : Executing rule ctrgat_drw_Acute
2026-04-11 05:10:08 +0200: Memory Usage (467776K) : Executing rule fgimp_drw_Acute
2026-04-11 05:10:08 +0200: Memory Usage (467776K) : Executing rule emwihv_drw_Acute
2026-04-11 05:10:08 +0200: Memory Usage (467776K) : Executing rule lbe_drw_Acute
2026-04-11 05:10:08 +0200: Memory Usage (467776K) : Executing rule alcustop_drw_Acute
2026-04-11 05:10:08 +0200: Memory Usage (467776K) : Executing rule cont_drw_Angle90
2026-04-11 05:10:08 +0200: Memory Usage (469256K) : Executing rule via1_drw_Angle90
2026-04-11 05:10:08 +0200: Memory Usage (469256K) : Executing rule via2_drw_Angle90
2026-04-11 05:10:08 +0200: Memory Usage (469256K) : Executing rule via3_drw_Angle90
2026-04-11 05:10:08 +0200: Memory Usage (469256K) : Executing rule via4_drw_Angle90
2026-04-11 05:10:08 +0200: Memory Usage (469256K) : Executing rule vmim_drw_Angle90
2026-04-11 05:10:08 +0200: Memory Usage (469256K) : Executing rule topvia1_drw_Angle90
2026-04-11 05:10:08 +0200: Memory Usage (469256K) : Executing rule topvia2_drw_Angle90
2026-04-11 05:10:08 +0200: Memory Usage (469256K) : Executing rule gatpoly_drw_Angle45
2026-04-11 05:10:08 +0200: Memory Usage (469256K) : Executing rule activ_drw_Angle45
2026-04-11 05:10:08 +0200: Memory Usage (469256K) : Executing rule metal1_drw_Angle45
2026-04-11 05:10:08 +0200: Memory Usage (469384K) : Executing rule metal2_drw_Angle45
2026-04-11 05:10:08 +0200: Memory Usage (469384K) : Executing rule metal3_drw_Angle45
2026-04-11 05:10:08 +0200: Memory Usage (469384K) : Executing rule metal4_drw_Angle45
2026-04-11 05:10:08 +0200: Memory Usage (469384K) : Executing rule metal5_drw_Angle45
2026-04-11 05:10:08 +0200: Memory Usage (469384K) : Executing rule topmetal1_drw_Angle45
2026-04-11 05:10:08 +0200: Memory Usage (469384K) : Executing rule topmetal2_drw_Angle45
2026-04-11 05:10:08 +0200: Memory Usage (469384K) : Starting 3.2. FORBIDDEN table
2026-04-11 05:10:08 +0200: Memory Usage (469384K) : Executing rule forbidden.biwind
2026-04-11 05:10:08 +0200: Memory Usage (469384K) : Executing rule forbidden.pemwind
2026-04-11 05:10:08 +0200: Memory Usage (469384K) : Executing rule forbidden.baspoly
2026-04-11 05:10:08 +0200: Memory Usage (469384K) : Executing rule forbidden.deepco
2026-04-11 05:10:08 +0200: Memory Usage (469384K) : Executing rule forbidden.pempoly
2026-04-11 05:10:08 +0200: Memory Usage (469384K) : Executing rule forbidden.empoly
2026-04-11 05:10:08 +0200: Memory Usage (469384K) : Executing rule forbidden.ldmos
2026-04-11 05:10:08 +0200: Memory Usage (469384K) : Executing rule forbidden.pbiwind
2026-04-11 05:10:08 +0200: Memory Usage (469384K) : Executing rule forbidden.nodrc
2026-04-11 05:10:08 +0200: Memory Usage (469384K) : Executing rule forbidden.flash
2026-04-11 05:10:08 +0200: Memory Usage (469384K) : Executing rule forbidden.colwind
2026-04-11 05:10:08 +0200: Memory Usage (469384K) : KLayout DRC run for tables 'main' completed in 7.13 seconds
